{"name": "输入错误验证码密码修改失败", "status": "broken", "statusDetails": {"message": "selenium.common.exceptions.NoSuchElementException: Message: no such element: Unable to locate element: {\"method\":\"css selector\",\"selector\":\".r_text\"}\n  (Session info: chrome=101.0.4951.54)\nStacktrace:\nBacktrace:\n\tOrdinal0 [0x00A27413+2389011]\n\tOrdinal0 [0x009B9F61+1941345]\n\tOrdinal0 [0x008AC658+837208]\n\tOrdinal0 [0x008D91DD+1020381]\n\tOrdinal0 [0x008D949B+1021083]\n\tOrdinal0 [0x00906032+1204274]\n\tOrdinal0 [0x008F4194+1130900]\n\tOrdinal0 [0x00904302+1196802]\n\tOrdinal0 [0x008F3F66+1130342]\n\tOrdinal0 [0x008CE546+976198]\n\tOrdinal0 [0x008CF456+980054]\n\tGetHandleVerifier [0x00BD9632+1727522]\n\tGetHandleVerifier [0x00C8BA4D+2457661]\n\tGetHandleVerifier [0x00ABEB81+569713]\n\tGetHandleVerifier [0x00ABDD76+566118]\n\tOrdinal0 [0x009C0B2B+1968939]\n\tOrdinal0 [0x009C5988+1989000]\n\tOrdinal0 [0x009C5A75+1989237]\n\tOrdinal0 [0x009CECB1+2026673]\n\tBaseThreadInitThunk [0x753A6739+25]\n\tRtlGetFullPathName_UEx [0x77058FEF+1215]\n\tRtlGetFullPathName_UEx [0x77058FBD+1165]", "trace": "self = <test_main.Test_Main object at 0x0000013C3DEBEF40>\ndriver = <selenium.webdriver.chrome.webdriver.WebDriver (session=\"eeaae31250d5c4b4c8480299db4e3e21\")>\nParameter = {'assert_way': 'xpath=/html/body/div[2]/span/div/div/div/span', 'case_no': '138', 'casename': '输入错误验证码密码修改失败', 'data': 'new_password=a123456', ...}\n\n    @allure.feature('修改密码')\n    @pytest.mark.parametrize('Parameter', case_infos['change_password'], ids=casename_infos['change_password'])\n    def test_change_password(self, driver, Parameter):\n        allure.dynamic.title(Parameter['casename'])\n>       Change_Password().change_password(driver, Parameter)\n\ntest_main.py:51: \n_ _ _ _ _ _ _ _ _ _ _ _ _ _ _ _ _ _ _ _ _ _ _ _ _ _ _ _ _ _ _ _ _ _ _ _ _ _ _ _\n..\\mode\\change_passwod.py:24: in change_password\n    self.login_to_change_password(driver, useraccount, 'a123456')\n..\\mode\\change_passwod.py:135: in login_to_change_password\n    driver.find_element(by='class name', value='r_text').click()  # 点击头像\nD:\\python\\lib\\site-packages\\selenium\\webdriver\\remote\\webdriver.py:1244: in find_element\n    return self.execute(Command.FIND_ELEMENT, {\nD:\\python\\lib\\site-packages\\selenium\\webdriver\\remote\\webdriver.py:424: in execute\n    self.error_handler.check_response(response)\n_ _ _ _ _ _ _ _ _ _ _ _ _ _ _ _ _ _ _ _ _ _ _ _ _ _ _ _ _ _ _ _ _ _ _ _ _ _ _ _\n\nself = <selenium.webdriver.remote.errorhandler.ErrorHandler object at 0x0000013C3D399CD0>\nresponse = {'status': 404, 'value': '{\"value\":{\"error\":\"no such element\",\"message\":\"no such element: Unable to locate element: {\\...unk [0x753A6739+25]\\\\n\\\\tRtlGetFullPathName_UEx [0x77058FEF+1215]\\\\n\\\\tRtlGetFullPathName_UEx [0x77058FBD+1165]\\\\n\"}}'}\n\n    def check_response(self, response: Dict[str, Any]) -> None:\n        \"\"\"\n        Checks that a JSON response from the WebDriver does not have an error.\n    \n        :Args:\n         - response - The JSON response from the WebDriver server as a dictionary\n           object.\n    \n        :Raises: If the response contains an error message.\n        \"\"\"\n        status = response.get('status', None)\n        if not status or status == ErrorCode.SUCCESS:\n            return\n        value = None\n        message = response.get(\"message\", \"\")\n        screen: str = response.get(\"screen\", \"\")\n        stacktrace = None\n        if isinstance(status, int):\n            value_json = response.get('value', None)\n            if value_json and isinstance(value_json, str):\n                import json\n                try:\n                    value = json.loads(value_json)\n                    if len(value.keys()) == 1:\n                        value = value['value']\n                    status = value.get('error', None)\n                    if not status:\n                        status = value.get(\"status\", ErrorCode.UNKNOWN_ERROR)\n                        message = value.get(\"value\") or value.get(\"message\")\n                        if not isinstance(message, str):\n                            value = message\n                            message = message.get('message')\n                    else:\n                        message = value.get('message', None)\n                except ValueError:\n                    pass\n    \n        exception_class: Type[WebDriverException]\n        if status in ErrorCode.NO_SUCH_ELEMENT:\n            exception_class = NoSuchElementException\n        elif status in ErrorCode.NO_SUCH_FRAME:\n            exception_class = NoSuchFrameException\n        elif status in ErrorCode.NO_SUCH_SHADOW_ROOT:\n            exception_class = NoSuchShadowRootException\n        elif status in ErrorCode.NO_SUCH_WINDOW:\n            exception_class = NoSuchWindowException\n        elif status in ErrorCode.STALE_ELEMENT_REFERENCE:\n            exception_class = StaleElementReferenceException\n        elif status in ErrorCode.ELEMENT_NOT_VISIBLE:\n            exception_class = ElementNotVisibleException\n        elif status in ErrorCode.INVALID_ELEMENT_STATE:\n            exception_class = InvalidElementStateException\n        elif status in ErrorCode.INVALID_SELECTOR \\\n                or status in ErrorCode.INVALID_XPATH_SELECTOR \\\n                or status in ErrorCode.INVALID_XPATH_SELECTOR_RETURN_TYPER:\n            exception_class = InvalidSelectorException\n        elif status in ErrorCode.ELEMENT_IS_NOT_SELECTABLE:\n            exception_class = ElementNotSelectableException\n        elif status in ErrorCode.ELEMENT_NOT_INTERACTABLE:\n            exception_class = ElementNotInteractableException\n        elif status in ErrorCode.INVALID_COOKIE_DOMAIN:\n            exception_class = InvalidCookieDomainException\n        elif status in ErrorCode.UNABLE_TO_SET_COOKIE:\n            exception_class = UnableToSetCookieException\n        elif status in ErrorCode.TIMEOUT:\n            exception_class = TimeoutException\n        elif status in ErrorCode.SCRIPT_TIMEOUT:\n            exception_class = TimeoutException\n        elif status in ErrorCode.UNKNOWN_ERROR:\n            exception_class = WebDriverException\n        elif status in ErrorCode.UNEXPECTED_ALERT_OPEN:\n            exception_class = UnexpectedAlertPresentException\n        elif status in ErrorCode.NO_ALERT_OPEN:\n            exception_class = NoAlertPresentException\n        elif status in ErrorCode.IME_NOT_AVAILABLE:\n            exception_class = ImeNotAvailableException\n        elif status in ErrorCode.IME_ENGINE_ACTIVATION_FAILED:\n            exception_class = ImeActivationFailedException\n        elif status in ErrorCode.MOVE_TARGET_OUT_OF_BOUNDS:\n            exception_class = MoveTargetOutOfBoundsException\n        elif status in ErrorCode.JAVASCRIPT_ERROR:\n            exception_class = JavascriptException\n        elif status in ErrorCode.SESSION_NOT_CREATED:\n            exception_class = SessionNotCreatedException\n        elif status in ErrorCode.INVALID_ARGUMENT:\n            exception_class = InvalidArgumentException\n        elif status in ErrorCode.NO_SUCH_COOKIE:\n            exception_class = NoSuchCookieException\n        elif status in ErrorCode.UNABLE_TO_CAPTURE_SCREEN:\n            exception_class = ScreenshotException\n        elif status in ErrorCode.ELEMENT_CLICK_INTERCEPTED:\n            exception_class = ElementClickInterceptedException\n        elif status in ErrorCode.INSECURE_CERTIFICATE:\n            exception_class = InsecureCertificateException\n        elif status in ErrorCode.INVALID_COORDINATES:\n            exception_class = InvalidCoordinatesException\n        elif status in ErrorCode.INVALID_SESSION_ID:\n            exception_class = InvalidSessionIdException\n        elif status in ErrorCode.UNKNOWN_METHOD:\n            exception_class = UnknownMethodException\n        else:\n            exception_class = WebDriverException\n        if not value:\n            value = response['value']\n        if isinstance(value, str):\n            raise exception_class(value)\n        if message == \"\" and 'message' in value:\n            message = value['message']\n    \n        screen = None  # type: ignore[assignment]\n        if 'screen' in value:\n            screen = value['screen']\n    \n        stacktrace = None\n        st_value = value.get('stackTrace') or value.get('stacktrace')\n        if st_value:\n            if isinstance(st_value, str):\n                stacktrace = st_value.split('\\n')\n            else:\n                stacktrace = []\n                try:\n                    for frame in st_value:\n                        line = self._value_or_default(frame, 'lineNumber', '')\n                        file = self._value_or_default(frame, 'fileName', '<anonymous>')\n                        if line:\n                            file = \"%s:%s\" % (file, line)\n                        meth = self._value_or_default(frame, 'methodName', '<anonymous>')\n                        if 'className' in frame:\n                            meth = \"%s.%s\" % (frame['className'], meth)\n                        msg = \"    at %s (%s)\"\n                        msg = msg % (meth, file)\n                        stacktrace.append(msg)\n                except TypeError:\n                    pass\n        if exception_class == UnexpectedAlertPresentException:\n            alert_text = None\n            if 'data' in value:\n                alert_text = value['data'].get('text')\n            elif 'alert' in value:\n                alert_text = value['alert'].get('text')\n            raise exception_class(message, screen, stacktrace, alert_text)  # type: ignore[call-arg]  # mypy is not smart enough here\n>       raise exception_class(message, screen, stacktrace)\nE       selenium.common.exceptions.NoSuchElementException: Message: no such element: Unable to locate element: {\"method\":\"css selector\",\"selector\":\".r_text\"}\nE         (Session info: chrome=101.0.4951.54)\nE       Stacktrace:\nE       Backtrace:\nE       \tOrdinal0 [0x00A27413+2389011]\nE       \tOrdinal0 [0x009B9F61+1941345]\nE       \tOrdinal0 [0x008AC658+837208]\nE       \tOrdinal0 [0x008D91DD+1020381]\nE       \tOrdinal0 [0x008D949B+1021083]\nE       \tOrdinal0 [0x00906032+1204274]\nE       \tOrdinal0 [0x008F4194+1130900]\nE       \tOrdinal0 [0x00904302+1196802]\nE       \tOrdinal0 [0x008F3F66+1130342]\nE       \tOrdinal0 [0x008CE546+976198]\nE       \tOrdinal0 [0x008CF456+980054]\nE       \tGetHandleVerifier [0x00BD9632+1727522]\nE       \tGetHandleVerifier [0x00C8BA4D+2457661]\nE       \tGetHandleVerifier [0x00ABEB81+569713]\nE       \tGetHandleVerifier [0x00ABDD76+566118]\nE       \tOrdinal0 [0x009C0B2B+1968939]\nE       \tOrdinal0 [0x009C5988+1989000]\nE       \tOrdinal0 [0x009C5A75+1989237]\nE       \tOrdinal0 [0x009CECB1+2026673]\nE       \tBaseThreadInitThunk [0x753A6739+25]\nE       \tRtlGetFullPathName_UEx [0x77058FEF+1215]\nE       \tRtlGetFullPathName_UEx [0x77058FBD+1165]\n\nD:\\python\\lib\\site-packages\\selenium\\webdriver\\remote\\errorhandler.py:247: NoSuchElementException"}, "steps": [{"name": "添加失败截图...", "status": "passed", "attachments": [{"name": "失败截图", "source": "a8d748ca-81db-40cc-904d-8bfdc760f526-attachment.png", "type": "image/png"}], "start": 1652860338406, "stop": 1652860338617}], "attachments": [{"name": "stdout", "source": "48e87411-ea8f-438f-843d-74534c10e868-attachment.txt", "type": "text/plain"}], "parameters": [{"name": "Parameter", "value": "{'case_no': '138', 'casename': '输入错误验证码密码修改失败', 'mode': '修改密码', 'data': 'new_password=a123456', 'assert_way': 'xpath=/html/body/div[2]/span/div/div/div/span', 'result': 'Verification code error'}"}], "start": 1652860330800, "stop": 1652860338368, "uuid": "85294c6d-d1af-47d2-a069-c273e3b1d2b0", "historyId": "c4c56046e86ec8b61bb6eed1adc90da5", "testCaseId": "fc1d17feb2bf42f1144a2f2a59b78795", "fullName": "test_main.Test_Main#test_change_password", "labels": [{"name": "feature", "value": "修改密码"}, {"name": "suite", "value": "test_main"}, {"name": "subSuite", "value": "Test_Main"}, {"name": "host", "value": "DESKTOP-NB3FDE0"}, {"name": "thread", "value": "23480-MainThread"}, {"name": "framework", "value": "pytest"}, {"name": "language", "value": "cpython3"}, {"name": "package", "value": "test_main"}]}