{"name": "领取优惠卷回退页面再次领取失败", "status": "broken", "statusDetails": {"message": "selenium.common.exceptions.NoSuchElementException: Message: no such element: Unable to locate element: {\"method\":\"xpath\",\"selector\":\"//*[@id=\"app\"]/div/div[1]/div[5]/img\"}\n  (Session info: chrome=100.0.4896.127)\nStacktrace:\nBacktrace:\n\tOrdinal0 [0x00927413+2389011]\n\tOrdinal0 [0x008B9F61+1941345]\n\tOrdinal0 [0x007AC658+837208]\n\tOrdinal0 [0x007D91DD+1020381]\n\tOrdinal0 [0x007D949B+1021083]\n\tOrdinal0 [0x00806032+1204274]\n\tOrdinal0 [0x007F4194+1130900]\n\tOrdinal0 [0x00804302+1196802]\n\tOrdinal0 [0x007F3F66+1130342]\n\tOrdinal0 [0x007CE546+976198]\n\tOrdinal0 [0x007CF456+980054]\n\tGetHandleVerifier [0x00AD9632+1727522]\n\tGetHandleVerifier [0x00B8BA4D+2457661]\n\tGetHandleVerifier [0x009BEB81+569713]\n\tGetHandleVerifier [0x009BDD76+566118]\n\tOrdinal0 [0x008C0B2B+1968939]\n\tOrdinal0 [0x008C5988+1989000]\n\tOrdinal0 [0x008C5A75+1989237]\n\tOrdinal0 [0x008CECB1+2026673]\n\tBaseThreadInitThunk [0x75906739+25]\n\tRtlGetFullPathName_UEx [0x77408E7F+1215]\n\tRtlGetFullPathName_UEx [0x77408E4D+1165]", "trace": "self = <test_main.Test_Main object at 0x000001D955892370>\nParameter = {'assert_way': 'xpath=/html/body/div[1]/div/div[2]/div[2]/div/div[1]/div[1]/div/p', 'case_no': '33', 'casename': '领取优惠卷回退页面再次领取失败', 'data': 'useraccount=a883774917@163.com\\npassword=a123456', ...}\ndriver = <selenium.webdriver.chrome.webdriver.WebDriver (session=\"b93df9bf9fed55af28b9b9fc5d059e9f\")>\n\n    \n    @allure.feature('注册')\n    @pytest.mark.parametrize('Parameter', case_infos['registe'], ids=casename_infos['registe'])\n    def test_regist(self, Parameter, driver):\n>       allure.dynamic.title(Parameter['casename'])  # 测试用例名称\n\ntest_main.py:36: \n_ _ _ _ _ _ _ _ _ _ _ _ _ _ _ _ _ _ _ _ _ _ _ _ _ _ _ _ _ _ _ _ _ _ _ _ _ _ _ _\n..\\mode\\register.py:110: in regist\n    driver.find_element(by='xpath', value='//*[@id=\"app\"]/div/div[1]/div[5]/img').click()  # 点击礼物箱\nD:\\python\\lib\\site-packages\\selenium\\webdriver\\remote\\webdriver.py:1244: in find_element\n    return self.execute(Command.FIND_ELEMENT, {\nD:\\python\\lib\\site-packages\\selenium\\webdriver\\remote\\webdriver.py:424: in execute\n    self.error_handler.check_response(response)\n_ _ _ _ _ _ _ _ _ _ _ _ _ _ _ _ _ _ _ _ _ _ _ _ _ _ _ _ _ _ _ _ _ _ _ _ _ _ _ _\n\nself = <selenium.webdriver.remote.errorhandler.ErrorHandler object at 0x000001D9556F2C70>\nresponse = {'status': 404, 'value': '{\"value\":{\"error\":\"no such element\",\"message\":\"no such element: Unable to locate element: {\\...unk [0x75906739+25]\\\\n\\\\tRtlGetFullPathName_UEx [0x77408E7F+1215]\\\\n\\\\tRtlGetFullPathName_UEx [0x77408E4D+1165]\\\\n\"}}'}\n\n    def check_response(self, response: Dict[str, Any]) -> None:\n        \"\"\"\n        Checks that a JSON response from the WebDriver does not have an error.\n    \n        :Args:\n         - response - The JSON response from the WebDriver server as a dictionary\n           object.\n    \n        :Raises: If the response contains an error message.\n        \"\"\"\n        status = response.get('status', None)\n        if not status or status == ErrorCode.SUCCESS:\n            return\n        value = None\n        message = response.get(\"message\", \"\")\n        screen: str = response.get(\"screen\", \"\")\n        stacktrace = None\n        if isinstance(status, int):\n            value_json = response.get('value', None)\n            if value_json and isinstance(value_json, str):\n                import json\n                try:\n                    value = json.loads(value_json)\n                    if len(value.keys()) == 1:\n                        value = value['value']\n                    status = value.get('error', None)\n                    if not status:\n                        status = value.get(\"status\", ErrorCode.UNKNOWN_ERROR)\n                        message = value.get(\"value\") or value.get(\"message\")\n                        if not isinstance(message, str):\n                            value = message\n                            message = message.get('message')\n                    else:\n                        message = value.get('message', None)\n                except ValueError:\n                    pass\n    \n        exception_class: Type[WebDriverException]\n        if status in ErrorCode.NO_SUCH_ELEMENT:\n            exception_class = NoSuchElementException\n        elif status in ErrorCode.NO_SUCH_FRAME:\n            exception_class = NoSuchFrameException\n        elif status in ErrorCode.NO_SUCH_SHADOW_ROOT:\n            exception_class = NoSuchShadowRootException\n        elif status in ErrorCode.NO_SUCH_WINDOW:\n            exception_class = NoSuchWindowException\n        elif status in ErrorCode.STALE_ELEMENT_REFERENCE:\n            exception_class = StaleElementReferenceException\n        elif status in ErrorCode.ELEMENT_NOT_VISIBLE:\n            exception_class = ElementNotVisibleException\n        elif status in ErrorCode.INVALID_ELEMENT_STATE:\n            exception_class = InvalidElementStateException\n        elif status in ErrorCode.INVALID_SELECTOR \\\n                or status in ErrorCode.INVALID_XPATH_SELECTOR \\\n                or status in ErrorCode.INVALID_XPATH_SELECTOR_RETURN_TYPER:\n            exception_class = InvalidSelectorException\n        elif status in ErrorCode.ELEMENT_IS_NOT_SELECTABLE:\n            exception_class = ElementNotSelectableException\n        elif status in ErrorCode.ELEMENT_NOT_INTERACTABLE:\n            exception_class = ElementNotInteractableException\n        elif status in ErrorCode.INVALID_COOKIE_DOMAIN:\n            exception_class = InvalidCookieDomainException\n        elif status in ErrorCode.UNABLE_TO_SET_COOKIE:\n            exception_class = UnableToSetCookieException\n        elif status in ErrorCode.TIMEOUT:\n            exception_class = TimeoutException\n        elif status in ErrorCode.SCRIPT_TIMEOUT:\n            exception_class = TimeoutException\n        elif status in ErrorCode.UNKNOWN_ERROR:\n            exception_class = WebDriverException\n        elif status in ErrorCode.UNEXPECTED_ALERT_OPEN:\n            exception_class = UnexpectedAlertPresentException\n        elif status in ErrorCode.NO_ALERT_OPEN:\n            exception_class = NoAlertPresentException\n        elif status in ErrorCode.IME_NOT_AVAILABLE:\n            exception_class = ImeNotAvailableException\n        elif status in ErrorCode.IME_ENGINE_ACTIVATION_FAILED:\n            exception_class = ImeActivationFailedException\n        elif status in ErrorCode.MOVE_TARGET_OUT_OF_BOUNDS:\n            exception_class = MoveTargetOutOfBoundsException\n        elif status in ErrorCode.JAVASCRIPT_ERROR:\n            exception_class = JavascriptException\n        elif status in ErrorCode.SESSION_NOT_CREATED:\n            exception_class = SessionNotCreatedException\n        elif status in ErrorCode.INVALID_ARGUMENT:\n            exception_class = InvalidArgumentException\n        elif status in ErrorCode.NO_SUCH_COOKIE:\n            exception_class = NoSuchCookieException\n        elif status in ErrorCode.UNABLE_TO_CAPTURE_SCREEN:\n            exception_class = ScreenshotException\n        elif status in ErrorCode.ELEMENT_CLICK_INTERCEPTED:\n            exception_class = ElementClickInterceptedException\n        elif status in ErrorCode.INSECURE_CERTIFICATE:\n            exception_class = InsecureCertificateException\n        elif status in ErrorCode.INVALID_COORDINATES:\n            exception_class = InvalidCoordinatesException\n        elif status in ErrorCode.INVALID_SESSION_ID:\n            exception_class = InvalidSessionIdException\n        elif status in ErrorCode.UNKNOWN_METHOD:\n            exception_class = UnknownMethodException\n        else:\n            exception_class = WebDriverException\n        if not value:\n            value = response['value']\n        if isinstance(value, str):\n            raise exception_class(value)\n        if message == \"\" and 'message' in value:\n            message = value['message']\n    \n        screen = None  # type: ignore[assignment]\n        if 'screen' in value:\n            screen = value['screen']\n    \n        stacktrace = None\n        st_value = value.get('stackTrace') or value.get('stacktrace')\n        if st_value:\n            if isinstance(st_value, str):\n                stacktrace = st_value.split('\\n')\n            else:\n                stacktrace = []\n                try:\n                    for frame in st_value:\n                        line = self._value_or_default(frame, 'lineNumber', '')\n                        file = self._value_or_default(frame, 'fileName', '<anonymous>')\n                        if line:\n                            file = \"%s:%s\" % (file, line)\n                        meth = self._value_or_default(frame, 'methodName', '<anonymous>')\n                        if 'className' in frame:\n                            meth = \"%s.%s\" % (frame['className'], meth)\n                        msg = \"    at %s (%s)\"\n                        msg = msg % (meth, file)\n                        stacktrace.append(msg)\n                except TypeError:\n                    pass\n        if exception_class == UnexpectedAlertPresentException:\n            alert_text = None\n            if 'data' in value:\n                alert_text = value['data'].get('text')\n            elif 'alert' in value:\n                alert_text = value['alert'].get('text')\n            raise exception_class(message, screen, stacktrace, alert_text)  # type: ignore[call-arg]  # mypy is not smart enough here\n>       raise exception_class(message, screen, stacktrace)\nE       selenium.common.exceptions.NoSuchElementException: Message: no such element: Unable to locate element: {\"method\":\"xpath\",\"selector\":\"//*[@id=\"app\"]/div/div[1]/div[5]/img\"}\nE         (Session info: chrome=100.0.4896.127)\nE       Stacktrace:\nE       Backtrace:\nE       \tOrdinal0 [0x00927413+2389011]\nE       \tOrdinal0 [0x008B9F61+1941345]\nE       \tOrdinal0 [0x007AC658+837208]\nE       \tOrdinal0 [0x007D91DD+1020381]\nE       \tOrdinal0 [0x007D949B+1021083]\nE       \tOrdinal0 [0x00806032+1204274]\nE       \tOrdinal0 [0x007F4194+1130900]\nE       \tOrdinal0 [0x00804302+1196802]\nE       \tOrdinal0 [0x007F3F66+1130342]\nE       \tOrdinal0 [0x007CE546+976198]\nE       \tOrdinal0 [0x007CF456+980054]\nE       \tGetHandleVerifier [0x00AD9632+1727522]\nE       \tGetHandleVerifier [0x00B8BA4D+2457661]\nE       \tGetHandleVerifier [0x009BEB81+569713]\nE       \tGetHandleVerifier [0x009BDD76+566118]\nE       \tOrdinal0 [0x008C0B2B+1968939]\nE       \tOrdinal0 [0x008C5988+1989000]\nE       \tOrdinal0 [0x008C5A75+1989237]\nE       \tOrdinal0 [0x008CECB1+2026673]\nE       \tBaseThreadInitThunk [0x75906739+25]\nE       \tRtlGetFullPathName_UEx [0x77408E7F+1215]\nE       \tRtlGetFullPathName_UEx [0x77408E4D+1165]\n\nD:\\python\\lib\\site-packages\\selenium\\webdriver\\remote\\errorhandler.py:247: NoSuchElementException"}, "steps": [{"name": "添加失败截图...", "status": "passed", "attachments": [{"name": "失败截图", "source": "ce210b14-88df-497e-a9aa-933a3dda294d-attachment.png", "type": "image/png"}], "start": 1651037214831, "stop": 1651037215005}], "attachments": [{"name": "stdout", "source": "6ebbd8da-8991-4c76-b98b-6a7fb731872e-attachment.txt", "type": "text/plain"}], "parameters": [{"name": "Parameter", "value": "{'case_no': '33', 'casename': '领取优惠卷回退页面再次领取失败', 'mode': '注册', 'data': 'useraccount=a883774917@163.com\\npassword=a123456', 'assert_way': 'xpath=/html/body/div[1]/div/div[2]/div[2]/div/div[1]/div[1]/div/p', 'result': 'My discount coupon (4)'}"}], "start": 1651037176028, "stop": 1651037214768, "uuid": "ca4f283d-d9b5-4146-9587-1a938f6a6f1f", "historyId": "8b85d62c1f3c1e7f48e41fe32251ac52", "testCaseId": "91efbca2877ad29cfc72c696a08d59d8", "fullName": "test_main.Test_Main#test_regist", "labels": [{"name": "feature", "value": "注册"}, {"name": "suite", "value": "test_main"}, {"name": "subSuite", "value": "Test_Main"}, {"name": "host", "value": "DESKTOP-NB3FDE0"}, {"name": "thread", "value": "21748-MainThread"}, {"name": "framework", "value": "pytest"}, {"name": "language", "value": "cpython3"}, {"name": "package", "value": "test_main"}]}