{"name": "输入6位字母+数字密码更改成功", "status": "broken", "statusDetails": {"message": "selenium.common.exceptions.NoSuchElementException: Message: no such element: Unable to locate element: {\"method\":\"css selector\",\"selector\":\"#app > div > div.global-header > div > div.menu-content > div.menu-right.flex > div:nth-child(1)\"}\n  (Session info: MicrosoftEdge=100.0.1185.50)\nStacktrace:\nBacktrace:\n\tMicrosoft::Applications::Events::EventProperties::unpack [0x00007FF6CD461922+25346]\n\tMicrosoft::Applications::Events::time_ticks_t::time_ticks_t [0x00007FF6CD39E982+515794]\n\tOrdinal0 [0x00007FF6CCEB0BC5+658373]\n\tOrdinal0 [0x00007FF6CCEEB992+899474]\n\tOrdinal0 [0x00007FF6CCEEBC68+900200]\n\tOrdinal0 [0x00007FF6CCF1D937+1104183]\n\tOrdinal0 [0x00007FF6CCF06C7F+1010815]\n\tOrdinal0 [0x00007FF6CCF1B034+1093684]\n\tOrdinal0 [0x00007FF6CCF06A53+1010259]\n\tOrdinal0 [0x00007FF6CCEDDB47+842567]\n\tOrdinal0 [0x00007FF6CCEDF018+847896]\n\tMicrosoft::Applications::Events::EventProperty::to_string [0x00007FF6CD06F1C8+827304]\n\tMicrosoft::Applications::Events::EventProperty::EventProperty [0x00007FF6CD159389+34681]\n\tMicrosoft::Applications::Events::EventProperty::EventProperty [0x00007FF6CD15C562+47442]\n\tMicrosoft::Applications::Events::EventProperty::to_string [0x00007FF6CCFAC6D6+29878]\n\tMicrosoft::Applications::Events::time_ticks_t::time_ticks_t [0x00007FF6CD3A5971+544449]\n\tMicrosoft::Applications::Events::time_ticks_t::time_ticks_t [0x00007FF6CD3AA974+564932]\n\tMicrosoft::Applications::Events::time_ticks_t::time_ticks_t [0x00007FF6CD3AAACD+565277]\n\tMicrosoft::Applications::Events::time_ticks_t::time_ticks_t [0x00007FF6CD3B48BE+605710]\n\tBaseThreadInitThunk [0x00007FFB3F2854E0+16]\n\tRtlUserThreadStart [0x00007FFB4090485B+43]", "trace": "self = <test_main.Test_Main object at 0x000002BB85591A60>\ndriver = <selenium.webdriver.edge.webdriver.WebDriver (session=\"9e9209432ad47cd07eb8a747d74aa299\")>\nParameter = {'assert_way': 'css selector=#app > div > div.global-header > div > div.menu-content > div.menu-right.flex > div:nth-c...n', 'case_no': '46', 'casename': '输入6位字母+数字密码更改成功', 'data': 'useraccount=a979172251@163.com\\nnewpassword=a123456', ...}\n\n    @allure.feature('忘记密码')\n    @pytest.mark.parametrize('Parameter', case_infos['forget'], ids=casename_infos['forget'])\n    def test_forget_password(self,driver,Parameter):\n        allure.dynamic.title(Parameter['casename'])\n>       Forget_Password().forget_password(driver,Parameter)\n\ntest_main.py:44: \n_ _ _ _ _ _ _ _ _ _ _ _ _ _ _ _ _ _ _ _ _ _ _ _ _ _ _ _ _ _ _ _ _ _ _ _ _ _ _ _\n..\\mode\\forget_password.py:105: in forget_password\n    driver.find_element(by='css selector',\nD:\\python\\lib\\site-packages\\selenium\\webdriver\\remote\\webdriver.py:1244: in find_element\n    return self.execute(Command.FIND_ELEMENT, {\nD:\\python\\lib\\site-packages\\selenium\\webdriver\\remote\\webdriver.py:424: in execute\n    self.error_handler.check_response(response)\n_ _ _ _ _ _ _ _ _ _ _ _ _ _ _ _ _ _ _ _ _ _ _ _ _ _ _ _ _ _ _ _ _ _ _ _ _ _ _ _\n\nself = <selenium.webdriver.remote.errorhandler.ErrorHandler object at 0x000002BB84B89D60>\nresponse = {'status': 404, 'value': '{\"value\":{\"error\":\"no such element\",\"message\":\"no such element: Unable to locate element: {\\...3B48BE+605710]\\\\n\\\\tBaseThreadInitThunk [0x00007FFB3F2854E0+16]\\\\n\\\\tRtlUserThreadStart [0x00007FFB4090485B+43]\\\\n\"}}'}\n\n    def check_response(self, response: Dict[str, Any]) -> None:\n        \"\"\"\n        Checks that a JSON response from the WebDriver does not have an error.\n    \n        :Args:\n         - response - The JSON response from the WebDriver server as a dictionary\n           object.\n    \n        :Raises: If the response contains an error message.\n        \"\"\"\n        status = response.get('status', None)\n        if not status or status == ErrorCode.SUCCESS:\n            return\n        value = None\n        message = response.get(\"message\", \"\")\n        screen: str = response.get(\"screen\", \"\")\n        stacktrace = None\n        if isinstance(status, int):\n            value_json = response.get('value', None)\n            if value_json and isinstance(value_json, str):\n                import json\n                try:\n                    value = json.loads(value_json)\n                    if len(value.keys()) == 1:\n                        value = value['value']\n                    status = value.get('error', None)\n                    if not status:\n                        status = value.get(\"status\", ErrorCode.UNKNOWN_ERROR)\n                        message = value.get(\"value\") or value.get(\"message\")\n                        if not isinstance(message, str):\n                            value = message\n                            message = message.get('message')\n                    else:\n                        message = value.get('message', None)\n                except ValueError:\n                    pass\n    \n        exception_class: Type[WebDriverException]\n        if status in ErrorCode.NO_SUCH_ELEMENT:\n            exception_class = NoSuchElementException\n        elif status in ErrorCode.NO_SUCH_FRAME:\n            exception_class = NoSuchFrameException\n        elif status in ErrorCode.NO_SUCH_SHADOW_ROOT:\n            exception_class = NoSuchShadowRootException\n        elif status in ErrorCode.NO_SUCH_WINDOW:\n            exception_class = NoSuchWindowException\n        elif status in ErrorCode.STALE_ELEMENT_REFERENCE:\n            exception_class = StaleElementReferenceException\n        elif status in ErrorCode.ELEMENT_NOT_VISIBLE:\n            exception_class = ElementNotVisibleException\n        elif status in ErrorCode.INVALID_ELEMENT_STATE:\n            exception_class = InvalidElementStateException\n        elif status in ErrorCode.INVALID_SELECTOR \\\n                or status in ErrorCode.INVALID_XPATH_SELECTOR \\\n                or status in ErrorCode.INVALID_XPATH_SELECTOR_RETURN_TYPER:\n            exception_class = InvalidSelectorException\n        elif status in ErrorCode.ELEMENT_IS_NOT_SELECTABLE:\n            exception_class = ElementNotSelectableException\n        elif status in ErrorCode.ELEMENT_NOT_INTERACTABLE:\n            exception_class = ElementNotInteractableException\n        elif status in ErrorCode.INVALID_COOKIE_DOMAIN:\n            exception_class = InvalidCookieDomainException\n        elif status in ErrorCode.UNABLE_TO_SET_COOKIE:\n            exception_class = UnableToSetCookieException\n        elif status in ErrorCode.TIMEOUT:\n            exception_class = TimeoutException\n        elif status in ErrorCode.SCRIPT_TIMEOUT:\n            exception_class = TimeoutException\n        elif status in ErrorCode.UNKNOWN_ERROR:\n            exception_class = WebDriverException\n        elif status in ErrorCode.UNEXPECTED_ALERT_OPEN:\n            exception_class = UnexpectedAlertPresentException\n        elif status in ErrorCode.NO_ALERT_OPEN:\n            exception_class = NoAlertPresentException\n        elif status in ErrorCode.IME_NOT_AVAILABLE:\n            exception_class = ImeNotAvailableException\n        elif status in ErrorCode.IME_ENGINE_ACTIVATION_FAILED:\n            exception_class = ImeActivationFailedException\n        elif status in ErrorCode.MOVE_TARGET_OUT_OF_BOUNDS:\n            exception_class = MoveTargetOutOfBoundsException\n        elif status in ErrorCode.JAVASCRIPT_ERROR:\n            exception_class = JavascriptException\n        elif status in ErrorCode.SESSION_NOT_CREATED:\n            exception_class = SessionNotCreatedException\n        elif status in ErrorCode.INVALID_ARGUMENT:\n            exception_class = InvalidArgumentException\n        elif status in ErrorCode.NO_SUCH_COOKIE:\n            exception_class = NoSuchCookieException\n        elif status in ErrorCode.UNABLE_TO_CAPTURE_SCREEN:\n            exception_class = ScreenshotException\n        elif status in ErrorCode.ELEMENT_CLICK_INTERCEPTED:\n            exception_class = ElementClickInterceptedException\n        elif status in ErrorCode.INSECURE_CERTIFICATE:\n            exception_class = InsecureCertificateException\n        elif status in ErrorCode.INVALID_COORDINATES:\n            exception_class = InvalidCoordinatesException\n        elif status in ErrorCode.INVALID_SESSION_ID:\n            exception_class = InvalidSessionIdException\n        elif status in ErrorCode.UNKNOWN_METHOD:\n            exception_class = UnknownMethodException\n        else:\n            exception_class = WebDriverException\n        if not value:\n            value = response['value']\n        if isinstance(value, str):\n            raise exception_class(value)\n        if message == \"\" and 'message' in value:\n            message = value['message']\n    \n        screen = None  # type: ignore[assignment]\n        if 'screen' in value:\n            screen = value['screen']\n    \n        stacktrace = None\n        st_value = value.get('stackTrace') or value.get('stacktrace')\n        if st_value:\n            if isinstance(st_value, str):\n                stacktrace = st_value.split('\\n')\n            else:\n                stacktrace = []\n                try:\n                    for frame in st_value:\n                        line = self._value_or_default(frame, 'lineNumber', '')\n                        file = self._value_or_default(frame, 'fileName', '<anonymous>')\n                        if line:\n                            file = \"%s:%s\" % (file, line)\n                        meth = self._value_or_default(frame, 'methodName', '<anonymous>')\n                        if 'className' in frame:\n                            meth = \"%s.%s\" % (frame['className'], meth)\n                        msg = \"    at %s (%s)\"\n                        msg = msg % (meth, file)\n                        stacktrace.append(msg)\n                except TypeError:\n                    pass\n        if exception_class == UnexpectedAlertPresentException:\n            alert_text = None\n            if 'data' in value:\n                alert_text = value['data'].get('text')\n            elif 'alert' in value:\n                alert_text = value['alert'].get('text')\n            raise exception_class(message, screen, stacktrace, alert_text)  # type: ignore[call-arg]  # mypy is not smart enough here\n>       raise exception_class(message, screen, stacktrace)\nE       selenium.common.exceptions.NoSuchElementException: Message: no such element: Unable to locate element: {\"method\":\"css selector\",\"selector\":\"#app > div > div.global-header > div > div.menu-content > div.menu-right.flex > div:nth-child(1)\"}\nE         (Session info: MicrosoftEdge=100.0.1185.50)\nE       Stacktrace:\nE       Backtrace:\nE       \tMicrosoft::Applications::Events::EventProperties::unpack [0x00007FF6CD461922+25346]\nE       \tMicrosoft::Applications::Events::time_ticks_t::time_ticks_t [0x00007FF6CD39E982+515794]\nE       \tOrdinal0 [0x00007FF6CCEB0BC5+658373]\nE       \tOrdinal0 [0x00007FF6CCEEB992+899474]\nE       \tOrdinal0 [0x00007FF6CCEEBC68+900200]\nE       \tOrdinal0 [0x00007FF6CCF1D937+1104183]\nE       \tOrdinal0 [0x00007FF6CCF06C7F+1010815]\nE       \tOrdinal0 [0x00007FF6CCF1B034+1093684]\nE       \tOrdinal0 [0x00007FF6CCF06A53+1010259]\nE       \tOrdinal0 [0x00007FF6CCEDDB47+842567]\nE       \tOrdinal0 [0x00007FF6CCEDF018+847896]\nE       \tMicrosoft::Applications::Events::EventProperty::to_string [0x00007FF6CD06F1C8+827304]\nE       \tMicrosoft::Applications::Events::EventProperty::EventProperty [0x00007FF6CD159389+34681]\nE       \tMicrosoft::Applications::Events::EventProperty::EventProperty [0x00007FF6CD15C562+47442]\nE       \tMicrosoft::Applications::Events::EventProperty::to_string [0x00007FF6CCFAC6D6+29878]\nE       \tMicrosoft::Applications::Events::time_ticks_t::time_ticks_t [0x00007FF6CD3A5971+544449]\nE       \tMicrosoft::Applications::Events::time_ticks_t::time_ticks_t [0x00007FF6CD3AA974+564932]\nE       \tMicrosoft::Applications::Events::time_ticks_t::time_ticks_t [0x00007FF6CD3AAACD+565277]\nE       \tMicrosoft::Applications::Events::time_ticks_t::time_ticks_t [0x00007FF6CD3B48BE+605710]\nE       \tBaseThreadInitThunk [0x00007FFB3F2854E0+16]\nE       \tRtlUserThreadStart [0x00007FFB4090485B+43]\n\nD:\\python\\lib\\site-packages\\selenium\\webdriver\\remote\\errorhandler.py:247: NoSuchElementException"}, "steps": [{"name": "添加失败截图...", "status": "passed", "attachments": [{"name": "失败截图", "source": "feaedc60-d6f1-4a4f-8734-9e49e6e56391-attachment.png", "type": "image/png"}], "start": 1651220111760, "stop": 1651220112184}], "attachments": [{"name": "stdout", "source": "1e1a5b90-c3bd-4a9c-bcc1-c98dc826dfa8-attachment.txt", "type": "text/plain"}], "parameters": [{"name": "Parameter", "value": "{'case_no': '46', 'casename': '输入6位字母+数字密码更改成功', 'mode': '忘记密码', 'data': 'useraccount=a979172251@163.com\\nnewpassword=a123456', 'assert_way': 'css selector=#app > div > div.global-header > div > div.menu-content > div.menu-right.flex > div:nth-child(1) > span', 'result': 'Login'}"}], "start": 1651220016656, "stop": 1651220111720, "uuid": "fab4efa5-55e1-4d82-81b0-b633cb4e2ac7", "historyId": "3d0974d276d01ef9e62c44adf3a7cba4", "testCaseId": "3e25532389de30843ad6030ef356ae8b", "fullName": "test_main.Test_Main#test_forget_password", "labels": [{"name": "feature", "value": "忘记密码"}, {"name": "suite", "value": "test_main"}, {"name": "subSuite", "value": "Test_Main"}, {"name": "host", "value": "DESKTOP-NB3FDE0"}, {"name": "thread", "value": "14900-MainThread"}, {"name": "framework", "value": "pytest"}, {"name": "language", "value": "cpython3"}, {"name": "package", "value": "test_main"}]}