{
  "uid" : "2c06538d9735ba5",
  "name" : "使用过期验证码验证失败",
  "fullName" : "test_main.Test_Main#test_regist",
  "historyId" : "bd466ecba8567bea303211a5e7e4c51e",
  "time" : {
    "start" : 1650519916075,
    "stop" : 1650519936370,
    "duration" : 20295
  },
  "status" : "broken",
  "statusMessage" : "selenium.common.exceptions.NoSuchElementException: Message: no such element: Unable to locate element: {\"method\":\"xpath\",\"selector\":\"/html/body/div[3]/span/div/div/div/span\"}\n  (Session info: chrome=100.0.4896.127)\nStacktrace:\nBacktrace:\n\tOrdinal0 [0x007F7413+2389011]\n\tOrdinal0 [0x00789F61+1941345]\n\tOrdinal0 [0x0067C658+837208]\n\tOrdinal0 [0x006A91DD+1020381]\n\tOrdinal0 [0x006A949B+1021083]\n\tOrdinal0 [0x006D6032+1204274]\n\tOrdinal0 [0x006C4194+1130900]\n\tOrdinal0 [0x006D4302+1196802]\n\tOrdinal0 [0x006C3F66+1130342]\n\tOrdinal0 [0x0069E546+976198]\n\tOrdinal0 [0x0069F456+980054]\n\tGetHandleVerifier [0x009A9632+1727522]\n\tGetHandleVerifier [0x00A5BA4D+2457661]\n\tGetHandleVerifier [0x0088EB81+569713]\n\tGetHandleVerifier [0x0088DD76+566118]\n\tOrdinal0 [0x00790B2B+1968939]\n\tOrdinal0 [0x00795988+1989000]\n\tOrdinal0 [0x00795A75+1989237]\n\tOrdinal0 [0x0079ECB1+2026673]\n\tBaseThreadInitThunk [0x75906739+25]\n\tRtlGetFullPathName_UEx [0x77408E7F+1215]\n\tRtlGetFullPathName_UEx [0x77408E4D+1165]",
  "statusTrace" : "self = <test_main.Test_Main object at 0x000001C669256370>\nParameter = {'assert_way': 'xpath=/html/body/div[3]/span/div/div/div/span', 'case_no': '12', 'casename': '使用过期验证码验证失败', 'data': 'useraccount=a883774917@163.com', ...}\ndriver = <selenium.webdriver.chrome.webdriver.WebDriver (session=\"7919d4ddc9f352fb78ac4e0214aa5e99\")>\n\n    @allure.feature('注册')\n    @pytest.mark.parametrize('Parameter',case_infos['registe'],ids=casename_infos['registe'])\n    def test_regist(self,Parameter,driver):\n        allure.dynamic.title(Parameter['casename'])  # 测试用例名称\n>       Regist().regist(Parameter,driver)\n\ntest_main.py:39: \n_ _ _ _ _ _ _ _ _ _ _ _ _ _ _ _ _ _ _ _ _ _ _ _ _ _ _ _ _ _ _ _ _ _ _ _ _ _ _ _\n..\\mode\\register.py:61: in regist\n    text = driver.find_element(by=f\"{assert_way.split('=', 1)[0]}\",\nD:\\python\\lib\\site-packages\\selenium\\webdriver\\remote\\webdriver.py:1244: in find_element\n    return self.execute(Command.FIND_ELEMENT, {\nD:\\python\\lib\\site-packages\\selenium\\webdriver\\remote\\webdriver.py:424: in execute\n    self.error_handler.check_response(response)\n_ _ _ _ _ _ _ _ _ _ _ _ _ _ _ _ _ _ _ _ _ _ _ _ _ _ _ _ _ _ _ _ _ _ _ _ _ _ _ _\n\nself = <selenium.webdriver.remote.errorhandler.ErrorHandler object at 0x000001C66914E250>\nresponse = {'status': 404, 'value': '{\"value\":{\"error\":\"no such element\",\"message\":\"no such element: Unable to locate element: {\\...unk [0x75906739+25]\\\\n\\\\tRtlGetFullPathName_UEx [0x77408E7F+1215]\\\\n\\\\tRtlGetFullPathName_UEx [0x77408E4D+1165]\\\\n\"}}'}\n\n    def check_response(self, response: Dict[str, Any]) -> None:\n        \"\"\"\n        Checks that a JSON response from the WebDriver does not have an error.\n    \n        :Args:\n         - response - The JSON response from the WebDriver server as a dictionary\n           object.\n    \n        :Raises: If the response contains an error message.\n        \"\"\"\n        status = response.get('status', None)\n        if not status or status == ErrorCode.SUCCESS:\n            return\n        value = None\n        message = response.get(\"message\", \"\")\n        screen: str = response.get(\"screen\", \"\")\n        stacktrace = None\n        if isinstance(status, int):\n            value_json = response.get('value', None)\n            if value_json and isinstance(value_json, str):\n                import json\n                try:\n                    value = json.loads(value_json)\n                    if len(value.keys()) == 1:\n                        value = value['value']\n                    status = value.get('error', None)\n                    if not status:\n                        status = value.get(\"status\", ErrorCode.UNKNOWN_ERROR)\n                        message = value.get(\"value\") or value.get(\"message\")\n                        if not isinstance(message, str):\n                            value = message\n                            message = message.get('message')\n                    else:\n                        message = value.get('message', None)\n                except ValueError:\n                    pass\n    \n        exception_class: Type[WebDriverException]\n        if status in ErrorCode.NO_SUCH_ELEMENT:\n            exception_class = NoSuchElementException\n        elif status in ErrorCode.NO_SUCH_FRAME:\n            exception_class = NoSuchFrameException\n        elif status in ErrorCode.NO_SUCH_SHADOW_ROOT:\n            exception_class = NoSuchShadowRootException\n        elif status in ErrorCode.NO_SUCH_WINDOW:\n            exception_class = NoSuchWindowException\n        elif status in ErrorCode.STALE_ELEMENT_REFERENCE:\n            exception_class = StaleElementReferenceException\n        elif status in ErrorCode.ELEMENT_NOT_VISIBLE:\n            exception_class = ElementNotVisibleException\n        elif status in ErrorCode.INVALID_ELEMENT_STATE:\n            exception_class = InvalidElementStateException\n        elif status in ErrorCode.INVALID_SELECTOR \\\n                or status in ErrorCode.INVALID_XPATH_SELECTOR \\\n                or status in ErrorCode.INVALID_XPATH_SELECTOR_RETURN_TYPER:\n            exception_class = InvalidSelectorException\n        elif status in ErrorCode.ELEMENT_IS_NOT_SELECTABLE:\n            exception_class = ElementNotSelectableException\n        elif status in ErrorCode.ELEMENT_NOT_INTERACTABLE:\n            exception_class = ElementNotInteractableException\n        elif status in ErrorCode.INVALID_COOKIE_DOMAIN:\n            exception_class = InvalidCookieDomainException\n        elif status in ErrorCode.UNABLE_TO_SET_COOKIE:\n            exception_class = UnableToSetCookieException\n        elif status in ErrorCode.TIMEOUT:\n            exception_class = TimeoutException\n        elif status in ErrorCode.SCRIPT_TIMEOUT:\n            exception_class = TimeoutException\n        elif status in ErrorCode.UNKNOWN_ERROR:\n            exception_class = WebDriverException\n        elif status in ErrorCode.UNEXPECTED_ALERT_OPEN:\n            exception_class = UnexpectedAlertPresentException\n        elif status in ErrorCode.NO_ALERT_OPEN:\n            exception_class = NoAlertPresentException\n        elif status in ErrorCode.IME_NOT_AVAILABLE:\n            exception_class = ImeNotAvailableException\n        elif status in ErrorCode.IME_ENGINE_ACTIVATION_FAILED:\n            exception_class = ImeActivationFailedException\n        elif status in ErrorCode.MOVE_TARGET_OUT_OF_BOUNDS:\n            exception_class = MoveTargetOutOfBoundsException\n        elif status in ErrorCode.JAVASCRIPT_ERROR:\n            exception_class = JavascriptException\n        elif status in ErrorCode.SESSION_NOT_CREATED:\n            exception_class = SessionNotCreatedException\n        elif status in ErrorCode.INVALID_ARGUMENT:\n            exception_class = InvalidArgumentException\n        elif status in ErrorCode.NO_SUCH_COOKIE:\n            exception_class = NoSuchCookieException\n        elif status in ErrorCode.UNABLE_TO_CAPTURE_SCREEN:\n            exception_class = ScreenshotException\n        elif status in ErrorCode.ELEMENT_CLICK_INTERCEPTED:\n            exception_class = ElementClickInterceptedException\n        elif status in ErrorCode.INSECURE_CERTIFICATE:\n            exception_class = InsecureCertificateException\n        elif status in ErrorCode.INVALID_COORDINATES:\n            exception_class = InvalidCoordinatesException\n        elif status in ErrorCode.INVALID_SESSION_ID:\n            exception_class = InvalidSessionIdException\n        elif status in ErrorCode.UNKNOWN_METHOD:\n            exception_class = UnknownMethodException\n        else:\n            exception_class = WebDriverException\n        if not value:\n            value = response['value']\n        if isinstance(value, str):\n            raise exception_class(value)\n        if message == \"\" and 'message' in value:\n            message = value['message']\n    \n        screen = None  # type: ignore[assignment]\n        if 'screen' in value:\n            screen = value['screen']\n    \n        stacktrace = None\n        st_value = value.get('stackTrace') or value.get('stacktrace')\n        if st_value:\n            if isinstance(st_value, str):\n                stacktrace = st_value.split('\\n')\n            else:\n                stacktrace = []\n                try:\n                    for frame in st_value:\n                        line = self._value_or_default(frame, 'lineNumber', '')\n                        file = self._value_or_default(frame, 'fileName', '<anonymous>')\n                        if line:\n                            file = \"%s:%s\" % (file, line)\n                        meth = self._value_or_default(frame, 'methodName', '<anonymous>')\n                        if 'className' in frame:\n                            meth = \"%s.%s\" % (frame['className'], meth)\n                        msg = \"    at %s (%s)\"\n                        msg = msg % (meth, file)\n                        stacktrace.append(msg)\n                except TypeError:\n                    pass\n        if exception_class == UnexpectedAlertPresentException:\n            alert_text = None\n            if 'data' in value:\n                alert_text = value['data'].get('text')\n            elif 'alert' in value:\n                alert_text = value['alert'].get('text')\n            raise exception_class(message, screen, stacktrace, alert_text)  # type: ignore[call-arg]  # mypy is not smart enough here\n>       raise exception_class(message, screen, stacktrace)\nE       selenium.common.exceptions.NoSuchElementException: Message: no such element: Unable to locate element: {\"method\":\"xpath\",\"selector\":\"/html/body/div[3]/span/div/div/div/span\"}\nE         (Session info: chrome=100.0.4896.127)\nE       Stacktrace:\nE       Backtrace:\nE       \tOrdinal0 [0x007F7413+2389011]\nE       \tOrdinal0 [0x00789F61+1941345]\nE       \tOrdinal0 [0x0067C658+837208]\nE       \tOrdinal0 [0x006A91DD+1020381]\nE       \tOrdinal0 [0x006A949B+1021083]\nE       \tOrdinal0 [0x006D6032+1204274]\nE       \tOrdinal0 [0x006C4194+1130900]\nE       \tOrdinal0 [0x006D4302+1196802]\nE       \tOrdinal0 [0x006C3F66+1130342]\nE       \tOrdinal0 [0x0069E546+976198]\nE       \tOrdinal0 [0x0069F456+980054]\nE       \tGetHandleVerifier [0x009A9632+1727522]\nE       \tGetHandleVerifier [0x00A5BA4D+2457661]\nE       \tGetHandleVerifier [0x0088EB81+569713]\nE       \tGetHandleVerifier [0x0088DD76+566118]\nE       \tOrdinal0 [0x00790B2B+1968939]\nE       \tOrdinal0 [0x00795988+1989000]\nE       \tOrdinal0 [0x00795A75+1989237]\nE       \tOrdinal0 [0x0079ECB1+2026673]\nE       \tBaseThreadInitThunk [0x75906739+25]\nE       \tRtlGetFullPathName_UEx [0x77408E7F+1215]\nE       \tRtlGetFullPathName_UEx [0x77408E4D+1165]\n\nD:\\python\\lib\\site-packages\\selenium\\webdriver\\remote\\errorhandler.py:247: NoSuchElementException",
  "flaky" : false,
  "newFailed" : false,
  "newBroken" : false,
  "newPassed" : false,
  "retriesCount" : 0,
  "retriesStatusChange" : false,
  "beforeStages" : [ {
    "name" : "driver",
    "time" : {
      "start" : 1650519838348,
      "stop" : 1650519840342,
      "duration" : 1994
    },
    "status" : "passed",
    "steps" : [ ],
    "attachments" : [ ],
    "parameters" : [ ],
    "hasContent" : false,
    "stepsCount" : 0,
    "attachmentsCount" : 0,
    "shouldDisplayMessage" : false
  }, {
    "name" : "_Class__pytest_setup_class",
    "time" : {
      "start" : 1650519840343,
      "stop" : 1650519840343,
      "duration" : 0
    },
    "status" : "passed",
    "steps" : [ ],
    "attachments" : [ ],
    "parameters" : [ ],
    "hasContent" : false,
    "stepsCount" : 0,
    "attachmentsCount" : 0,
    "shouldDisplayMessage" : false
  } ],
  "testStage" : {
    "status" : "broken",
    "statusMessage" : "selenium.common.exceptions.NoSuchElementException: Message: no such element: Unable to locate element: {\"method\":\"xpath\",\"selector\":\"/html/body/div[3]/span/div/div/div/span\"}\n  (Session info: chrome=100.0.4896.127)\nStacktrace:\nBacktrace:\n\tOrdinal0 [0x007F7413+2389011]\n\tOrdinal0 [0x00789F61+1941345]\n\tOrdinal0 [0x0067C658+837208]\n\tOrdinal0 [0x006A91DD+1020381]\n\tOrdinal0 [0x006A949B+1021083]\n\tOrdinal0 [0x006D6032+1204274]\n\tOrdinal0 [0x006C4194+1130900]\n\tOrdinal0 [0x006D4302+1196802]\n\tOrdinal0 [0x006C3F66+1130342]\n\tOrdinal0 [0x0069E546+976198]\n\tOrdinal0 [0x0069F456+980054]\n\tGetHandleVerifier [0x009A9632+1727522]\n\tGetHandleVerifier [0x00A5BA4D+2457661]\n\tGetHandleVerifier [0x0088EB81+569713]\n\tGetHandleVerifier [0x0088DD76+566118]\n\tOrdinal0 [0x00790B2B+1968939]\n\tOrdinal0 [0x00795988+1989000]\n\tOrdinal0 [0x00795A75+1989237]\n\tOrdinal0 [0x0079ECB1+2026673]\n\tBaseThreadInitThunk [0x75906739+25]\n\tRtlGetFullPathName_UEx [0x77408E7F+1215]\n\tRtlGetFullPathName_UEx [0x77408E4D+1165]",
    "statusTrace" : "self = <test_main.Test_Main object at 0x000001C669256370>\nParameter = {'assert_way': 'xpath=/html/body/div[3]/span/div/div/div/span', 'case_no': '12', 'casename': '使用过期验证码验证失败', 'data': 'useraccount=a883774917@163.com', ...}\ndriver = <selenium.webdriver.chrome.webdriver.WebDriver (session=\"7919d4ddc9f352fb78ac4e0214aa5e99\")>\n\n    @allure.feature('注册')\n    @pytest.mark.parametrize('Parameter',case_infos['registe'],ids=casename_infos['registe'])\n    def test_regist(self,Parameter,driver):\n        allure.dynamic.title(Parameter['casename'])  # 测试用例名称\n>       Regist().regist(Parameter,driver)\n\ntest_main.py:39: \n_ _ _ _ _ _ _ _ _ _ _ _ _ _ _ _ _ _ _ _ _ _ _ _ _ _ _ _ _ _ _ _ _ _ _ _ _ _ _ _\n..\\mode\\register.py:61: in regist\n    text = driver.find_element(by=f\"{assert_way.split('=', 1)[0]}\",\nD:\\python\\lib\\site-packages\\selenium\\webdriver\\remote\\webdriver.py:1244: in find_element\n    return self.execute(Command.FIND_ELEMENT, {\nD:\\python\\lib\\site-packages\\selenium\\webdriver\\remote\\webdriver.py:424: in execute\n    self.error_handler.check_response(response)\n_ _ _ _ _ _ _ _ _ _ _ _ _ _ _ _ _ _ _ _ _ _ _ _ _ _ _ _ _ _ _ _ _ _ _ _ _ _ _ _\n\nself = <selenium.webdriver.remote.errorhandler.ErrorHandler object at 0x000001C66914E250>\nresponse = {'status': 404, 'value': '{\"value\":{\"error\":\"no such element\",\"message\":\"no such element: Unable to locate element: {\\...unk [0x75906739+25]\\\\n\\\\tRtlGetFullPathName_UEx [0x77408E7F+1215]\\\\n\\\\tRtlGetFullPathName_UEx [0x77408E4D+1165]\\\\n\"}}'}\n\n    def check_response(self, response: Dict[str, Any]) -> None:\n        \"\"\"\n        Checks that a JSON response from the WebDriver does not have an error.\n    \n        :Args:\n         - response - The JSON response from the WebDriver server as a dictionary\n           object.\n    \n        :Raises: If the response contains an error message.\n        \"\"\"\n        status = response.get('status', None)\n        if not status or status == ErrorCode.SUCCESS:\n            return\n        value = None\n        message = response.get(\"message\", \"\")\n        screen: str = response.get(\"screen\", \"\")\n        stacktrace = None\n        if isinstance(status, int):\n            value_json = response.get('value', None)\n            if value_json and isinstance(value_json, str):\n                import json\n                try:\n                    value = json.loads(value_json)\n                    if len(value.keys()) == 1:\n                        value = value['value']\n                    status = value.get('error', None)\n                    if not status:\n                        status = value.get(\"status\", ErrorCode.UNKNOWN_ERROR)\n                        message = value.get(\"value\") or value.get(\"message\")\n                        if not isinstance(message, str):\n                            value = message\n                            message = message.get('message')\n                    else:\n                        message = value.get('message', None)\n                except ValueError:\n                    pass\n    \n        exception_class: Type[WebDriverException]\n        if status in ErrorCode.NO_SUCH_ELEMENT:\n            exception_class = NoSuchElementException\n        elif status in ErrorCode.NO_SUCH_FRAME:\n            exception_class = NoSuchFrameException\n        elif status in ErrorCode.NO_SUCH_SHADOW_ROOT:\n            exception_class = NoSuchShadowRootException\n        elif status in ErrorCode.NO_SUCH_WINDOW:\n            exception_class = NoSuchWindowException\n        elif status in ErrorCode.STALE_ELEMENT_REFERENCE:\n            exception_class = StaleElementReferenceException\n        elif status in ErrorCode.ELEMENT_NOT_VISIBLE:\n            exception_class = ElementNotVisibleException\n        elif status in ErrorCode.INVALID_ELEMENT_STATE:\n            exception_class = InvalidElementStateException\n        elif status in ErrorCode.INVALID_SELECTOR \\\n                or status in ErrorCode.INVALID_XPATH_SELECTOR \\\n                or status in ErrorCode.INVALID_XPATH_SELECTOR_RETURN_TYPER:\n            exception_class = InvalidSelectorException\n        elif status in ErrorCode.ELEMENT_IS_NOT_SELECTABLE:\n            exception_class = ElementNotSelectableException\n        elif status in ErrorCode.ELEMENT_NOT_INTERACTABLE:\n            exception_class = ElementNotInteractableException\n        elif status in ErrorCode.INVALID_COOKIE_DOMAIN:\n            exception_class = InvalidCookieDomainException\n        elif status in ErrorCode.UNABLE_TO_SET_COOKIE:\n            exception_class = UnableToSetCookieException\n        elif status in ErrorCode.TIMEOUT:\n            exception_class = TimeoutException\n        elif status in ErrorCode.SCRIPT_TIMEOUT:\n            exception_class = TimeoutException\n        elif status in ErrorCode.UNKNOWN_ERROR:\n            exception_class = WebDriverException\n        elif status in ErrorCode.UNEXPECTED_ALERT_OPEN:\n            exception_class = UnexpectedAlertPresentException\n        elif status in ErrorCode.NO_ALERT_OPEN:\n            exception_class = NoAlertPresentException\n        elif status in ErrorCode.IME_NOT_AVAILABLE:\n            exception_class = ImeNotAvailableException\n        elif status in ErrorCode.IME_ENGINE_ACTIVATION_FAILED:\n            exception_class = ImeActivationFailedException\n        elif status in ErrorCode.MOVE_TARGET_OUT_OF_BOUNDS:\n            exception_class = MoveTargetOutOfBoundsException\n        elif status in ErrorCode.JAVASCRIPT_ERROR:\n            exception_class = JavascriptException\n        elif status in ErrorCode.SESSION_NOT_CREATED:\n            exception_class = SessionNotCreatedException\n        elif status in ErrorCode.INVALID_ARGUMENT:\n            exception_class = InvalidArgumentException\n        elif status in ErrorCode.NO_SUCH_COOKIE:\n            exception_class = NoSuchCookieException\n        elif status in ErrorCode.UNABLE_TO_CAPTURE_SCREEN:\n            exception_class = ScreenshotException\n        elif status in ErrorCode.ELEMENT_CLICK_INTERCEPTED:\n            exception_class = ElementClickInterceptedException\n        elif status in ErrorCode.INSECURE_CERTIFICATE:\n            exception_class = InsecureCertificateException\n        elif status in ErrorCode.INVALID_COORDINATES:\n            exception_class = InvalidCoordinatesException\n        elif status in ErrorCode.INVALID_SESSION_ID:\n            exception_class = InvalidSessionIdException\n        elif status in ErrorCode.UNKNOWN_METHOD:\n            exception_class = UnknownMethodException\n        else:\n            exception_class = WebDriverException\n        if not value:\n            value = response['value']\n        if isinstance(value, str):\n            raise exception_class(value)\n        if message == \"\" and 'message' in value:\n            message = value['message']\n    \n        screen = None  # type: ignore[assignment]\n        if 'screen' in value:\n            screen = value['screen']\n    \n        stacktrace = None\n        st_value = value.get('stackTrace') or value.get('stacktrace')\n        if st_value:\n            if isinstance(st_value, str):\n                stacktrace = st_value.split('\\n')\n            else:\n                stacktrace = []\n                try:\n                    for frame in st_value:\n                        line = self._value_or_default(frame, 'lineNumber', '')\n                        file = self._value_or_default(frame, 'fileName', '<anonymous>')\n                        if line:\n                            file = \"%s:%s\" % (file, line)\n                        meth = self._value_or_default(frame, 'methodName', '<anonymous>')\n                        if 'className' in frame:\n                            meth = \"%s.%s\" % (frame['className'], meth)\n                        msg = \"    at %s (%s)\"\n                        msg = msg % (meth, file)\n                        stacktrace.append(msg)\n                except TypeError:\n                    pass\n        if exception_class == UnexpectedAlertPresentException:\n            alert_text = None\n            if 'data' in value:\n                alert_text = value['data'].get('text')\n            elif 'alert' in value:\n                alert_text = value['alert'].get('text')\n            raise exception_class(message, screen, stacktrace, alert_text)  # type: ignore[call-arg]  # mypy is not smart enough here\n>       raise exception_class(message, screen, stacktrace)\nE       selenium.common.exceptions.NoSuchElementException: Message: no such element: Unable to locate element: {\"method\":\"xpath\",\"selector\":\"/html/body/div[3]/span/div/div/div/span\"}\nE         (Session info: chrome=100.0.4896.127)\nE       Stacktrace:\nE       Backtrace:\nE       \tOrdinal0 [0x007F7413+2389011]\nE       \tOrdinal0 [0x00789F61+1941345]\nE       \tOrdinal0 [0x0067C658+837208]\nE       \tOrdinal0 [0x006A91DD+1020381]\nE       \tOrdinal0 [0x006A949B+1021083]\nE       \tOrdinal0 [0x006D6032+1204274]\nE       \tOrdinal0 [0x006C4194+1130900]\nE       \tOrdinal0 [0x006D4302+1196802]\nE       \tOrdinal0 [0x006C3F66+1130342]\nE       \tOrdinal0 [0x0069E546+976198]\nE       \tOrdinal0 [0x0069F456+980054]\nE       \tGetHandleVerifier [0x009A9632+1727522]\nE       \tGetHandleVerifier [0x00A5BA4D+2457661]\nE       \tGetHandleVerifier [0x0088EB81+569713]\nE       \tGetHandleVerifier [0x0088DD76+566118]\nE       \tOrdinal0 [0x00790B2B+1968939]\nE       \tOrdinal0 [0x00795988+1989000]\nE       \tOrdinal0 [0x00795A75+1989237]\nE       \tOrdinal0 [0x0079ECB1+2026673]\nE       \tBaseThreadInitThunk [0x75906739+25]\nE       \tRtlGetFullPathName_UEx [0x77408E7F+1215]\nE       \tRtlGetFullPathName_UEx [0x77408E4D+1165]\n\nD:\\python\\lib\\site-packages\\selenium\\webdriver\\remote\\errorhandler.py:247: NoSuchElementException",
    "steps" : [ {
      "name" : "添加失败截图...",
      "time" : {
        "start" : 1650519936608,
        "stop" : 1650519936745,
        "duration" : 137
      },
      "status" : "passed",
      "steps" : [ ],
      "attachments" : [ {
        "uid" : "9e411f7880473e99",
        "name" : "失败截图",
        "source" : "9e411f7880473e99.png",
        "type" : "image/png",
        "size" : 51118
      } ],
      "parameters" : [ ],
      "hasContent" : true,
      "stepsCount" : 0,
      "attachmentsCount" : 1,
      "shouldDisplayMessage" : false
    } ],
    "attachments" : [ {
      "uid" : "c5e36b39c6f5e65c",
      "name" : "stdout",
      "source" : "c5e36b39c6f5e65c.txt",
      "type" : "text/plain",
      "size" : 76
    } ],
    "parameters" : [ ],
    "hasContent" : true,
    "stepsCount" : 1,
    "attachmentsCount" : 2,
    "shouldDisplayMessage" : true
  },
  "afterStages" : [ {
    "name" : "_Class__pytest_setup_class::0",
    "time" : {
      "start" : 1650520752838,
      "stop" : 1650520752838,
      "duration" : 0
    },
    "status" : "passed",
    "steps" : [ ],
    "attachments" : [ ],
    "parameters" : [ ],
    "hasContent" : false,
    "stepsCount" : 0,
    "attachmentsCount" : 0,
    "shouldDisplayMessage" : false
  }, {
    "name" : "driver::0",
    "time" : {
      "start" : 1650520752840,
      "stop" : 1650520753060,
      "duration" : 220
    },
    "status" : "passed",
    "steps" : [ ],
    "attachments" : [ ],
    "parameters" : [ ],
    "hasContent" : false,
    "stepsCount" : 0,
    "attachmentsCount" : 0,
    "shouldDisplayMessage" : false
  } ],
  "labels" : [ {
    "name" : "feature",
    "value" : "注册"
  }, {
    "name" : "suite",
    "value" : "test_main"
  }, {
    "name" : "subSuite",
    "value" : "Test_Main"
  }, {
    "name" : "host",
    "value" : "DESKTOP-NB3FDE0"
  }, {
    "name" : "thread",
    "value" : "17060-MainThread"
  }, {
    "name" : "framework",
    "value" : "pytest"
  }, {
    "name" : "language",
    "value" : "cpython3"
  }, {
    "name" : "package",
    "value" : "test_main"
  }, {
    "name" : "resultFormat",
    "value" : "allure2"
  } ],
  "parameters" : [ {
    "name" : "Parameter",
    "value" : "{'case_no': '12', 'casename': '使用过期验证码验证失败', 'mode': '注册', 'data': 'useraccount=a883774917@163.com', 'assert_way': 'xpath=/html/body/div[3]/span/div/div/div/span', 'result': 'Verification code error！'}"
  } ],
  "links" : [ ],
  "hidden" : false,
  "retry" : false,
  "extra" : {
    "severity" : "normal",
    "retries" : [ ],
    "categories" : [ {
      "name" : "Test defects",
      "matchedStatuses" : [ ],
      "flaky" : false
    } ],
    "history" : {
      "statistic" : {
        "failed" : 0,
        "broken" : 8,
        "skipped" : 0,
        "passed" : 7,
        "unknown" : 0,
        "total" : 15
      },
      "items" : [ {
        "uid" : "9a55498f365779b2",
        "reportUrl" : "http://localhost:8080/job/okmarts_ui_test/23/allure/#testresult/9a55498f365779b2",
        "status" : "broken",
        "statusDetails" : "selenium.common.exceptions.NoSuchElementException: Message: no such element: Unable to locate element: {\"method\":\"css selector\",\"selector\":\"[id=\"_mail_component_147_147\"]\"}\n  (Session info: MicrosoftEdge=100.0.1185.44)\nStacktrace:\nBacktrace:\n\tMicrosoft::Applications::Events::EventProperties::unpack [0x00007FF724221922+25346]\n\tMicrosoft::Applications::Events::time_ticks_t::time_ticks_t [0x00007FF72415E982+515794]\n\tOrdinal0 [0x00007FF723C70BC5+658373]\n\tOrdinal0 [0x00007FF723CAB992+899474]\n\tOrdinal0 [0x00007FF723CABC68+900200]\n\tOrdinal0 [0x00007FF723CDD937+1104183]\n\tOrdinal0 [0x00007FF723CC6C7F+1010815]\n\tOrdinal0 [0x00007FF723CDB034+1093684]\n\tOrdinal0 [0x00007FF723CC6A53+1010259]\n\tOrdinal0 [0x00007FF723C9DB47+842567]\n\tOrdinal0 [0x00007FF723C9F018+847896]\n\tMicrosoft::Applications::Events::EventProperty::to_string [0x00007FF723E2F1C8+827304]\n\tMicrosoft::Applications::Events::EventProperty::EventProperty [0x00007FF723F19389+34681]\n\tMicrosoft::Applications::Events::EventProperty::EventProperty [0x00007FF723F1C562+47442]\n\tMicrosoft::Applications::Events::EventProperty::to_string [0x00007FF723D6C6D6+29878]\n\tMicrosoft::Applications::Events::time_ticks_t::time_ticks_t [0x00007FF724165971+544449]\n\tMicrosoft::Applications::Events::time_ticks_t::time_ticks_t [0x00007FF72416A974+564932]\n\tMicrosoft::Applications::Events::time_ticks_t::time_ticks_t [0x00007FF72416AACD+565277]\n\tMicrosoft::Applications::Events::time_ticks_t::time_ticks_t [0x00007FF7241748BE+605710]\n\tBaseThreadInitThunk [0x00007FFB3F2854E0+16]\n\tRtlUserThreadStart [0x00007FFB4090485B+43]",
        "time" : {
          "start" : 1650519003439,
          "stop" : 1650519015266,
          "duration" : 11827
        }
      }, {
        "uid" : "c2b69f6f8dd6a3e5",
        "reportUrl" : "http://localhost:8080/job/okmarts_ui_test/22/allure/#testresult/c2b69f6f8dd6a3e5",
        "status" : "passed",
        "time" : {
          "start" : 1650517565631,
          "stop" : 1650517585627,
          "duration" : 19996
        }
      }, {
        "uid" : "69951f9aeec69aea",
        "reportUrl" : "http://localhost:8080/job/okmarts_ui_test/21/allure/#testresult/69951f9aeec69aea",
        "status" : "broken",
        "statusDetails" : "selenium.common.exceptions.NoSuchElementException: Message: no such element: Unable to locate element: {\"method\":\"css selector\",\"selector\":\"[id=\"_mail_component_147_147\"]\"}\n  (Session info: MicrosoftEdge=100.0.1185.44)\nStacktrace:\nBacktrace:\n\tMicrosoft::Applications::Events::EventProperties::unpack [0x00007FF724221922+25346]\n\tMicrosoft::Applications::Events::time_ticks_t::time_ticks_t [0x00007FF72415E982+515794]\n\tOrdinal0 [0x00007FF723C70BC5+658373]\n\tOrdinal0 [0x00007FF723CAB992+899474]\n\tOrdinal0 [0x00007FF723CABC68+900200]\n\tOrdinal0 [0x00007FF723CDD937+1104183]\n\tOrdinal0 [0x00007FF723CC6C7F+1010815]\n\tOrdinal0 [0x00007FF723CDB034+1093684]\n\tOrdinal0 [0x00007FF723CC6A53+1010259]\n\tOrdinal0 [0x00007FF723C9DB47+842567]\n\tOrdinal0 [0x00007FF723C9F018+847896]\n\tMicrosoft::Applications::Events::EventProperty::to_string [0x00007FF723E2F1C8+827304]\n\tMicrosoft::Applications::Events::EventProperty::EventProperty [0x00007FF723F19389+34681]\n\tMicrosoft::Applications::Events::EventProperty::EventProperty [0x00007FF723F1C562+47442]\n\tMicrosoft::Applications::Events::EventProperty::to_string [0x00007FF723D6C6D6+29878]\n\tMicrosoft::Applications::Events::time_ticks_t::time_ticks_t [0x00007FF724165971+544449]\n\tMicrosoft::Applications::Events::time_ticks_t::time_ticks_t [0x00007FF72416A974+564932]\n\tMicrosoft::Applications::Events::time_ticks_t::time_ticks_t [0x00007FF72416AACD+565277]\n\tMicrosoft::Applications::Events::time_ticks_t::time_ticks_t [0x00007FF7241748BE+605710]\n\tBaseThreadInitThunk [0x00007FFB3F2854E0+16]\n\tRtlUserThreadStart [0x00007FFB4090485B+43]",
        "time" : {
          "start" : 1650511046106,
          "stop" : 1650511058008,
          "duration" : 11902
        }
      }, {
        "uid" : "f4351be59832ff58",
        "reportUrl" : "http://localhost:8080/job/okmarts_ui_test/20/allure/#testresult/f4351be59832ff58",
        "status" : "broken",
        "statusDetails" : "IndexError: string index out of range",
        "time" : {
          "start" : 1650506763365,
          "stop" : 1650506781138,
          "duration" : 17773
        }
      }, {
        "uid" : "80dfcf89d9bf4eff",
        "reportUrl" : "http://localhost:8080/job/okmarts_ui_test/19/allure/#testresult/80dfcf89d9bf4eff",
        "status" : "passed",
        "time" : {
          "start" : 1650506337532,
          "stop" : 1650506356604,
          "duration" : 19072
        }
      }, {
        "uid" : "fa6bd29dc54f4c4b",
        "reportUrl" : "http://localhost:8080/job/okmarts_ui_test/18/allure/#testresult/fa6bd29dc54f4c4b",
        "status" : "passed",
        "time" : {
          "start" : 1650449300041,
          "stop" : 1650449321901,
          "duration" : 21860
        }
      }, {
        "uid" : "29671548e23779ca",
        "reportUrl" : "http://localhost:8080/job/okmarts_ui_test/17/allure/#testresult/29671548e23779ca",
        "status" : "passed",
        "time" : {
          "start" : 1650448810539,
          "stop" : 1650448832291,
          "duration" : 21752
        }
      }, {
        "uid" : "c36e31271384c210",
        "reportUrl" : "http://localhost:8080/job/okmarts_ui_test/16/allure/#testresult/c36e31271384c210",
        "status" : "broken",
        "statusDetails" : "selenium.common.exceptions.NoSuchElementException: Message: no such element: Unable to locate element: {\"method\":\"css selector\",\"selector\":\"[id=\"_mail_component_147_147\"]\"}\n  (Session info: MicrosoftEdge=100.0.1185.44)\nStacktrace:\nBacktrace:\n\tMicrosoft::Applications::Events::EventProperties::unpack [0x00007FF7F5AD1922+25346]\n\tMicrosoft::Applications::Events::time_ticks_t::time_ticks_t [0x00007FF7F5A0E982+515794]\n\tOrdinal0 [0x00007FF7F5520BC5+658373]\n\tOrdinal0 [0x00007FF7F555B992+899474]\n\tOrdinal0 [0x00007FF7F555BC68+900200]\n\tOrdinal0 [0x00007FF7F558D937+1104183]\n\tOrdinal0 [0x00007FF7F5576C7F+1010815]\n\tOrdinal0 [0x00007FF7F558B034+1093684]\n\tOrdinal0 [0x00007FF7F5576A53+1010259]\n\tOrdinal0 [0x00007FF7F554DB47+842567]\n\tOrdinal0 [0x00007FF7F554F018+847896]\n\tMicrosoft::Applications::Events::EventProperty::to_string [0x00007FF7F56DF1C8+827304]\n\tMicrosoft::Applications::Events::EventProperty::EventProperty [0x00007FF7F57C9389+34681]\n\tMicrosoft::Applications::Events::EventProperty::EventProperty [0x00007FF7F57CC562+47442]\n\tMicrosoft::Applications::Events::EventProperty::to_string [0x00007FF7F561C6D6+29878]\n\tMicrosoft::Applications::Events::time_ticks_t::time_ticks_t [0x00007FF7F5A15971+544449]\n\tMicrosoft::Applications::Events::time_ticks_t::time_ticks_t [0x00007FF7F5A1A974+564932]\n\tMicrosoft::Applications::Events::time_ticks_t::time_ticks_t [0x00007FF7F5A1AACD+565277]\n\tMicrosoft::Applications::Events::time_ticks_t::time_ticks_t [0x00007FF7F5A248BE+605710]\n\tBaseThreadInitThunk [0x00007FF86A5054E0+16]\n\tRtlUserThreadStart [0x00007FF86BFC485B+43]",
        "time" : {
          "start" : 1650448599815,
          "stop" : 1650448612754,
          "duration" : 12939
        }
      }, {
        "uid" : "29335283c3139612",
        "reportUrl" : "http://localhost:8080/job/okmarts_ui_test/15/allure/#testresult/29335283c3139612",
        "status" : "passed",
        "time" : {
          "start" : 1650447762099,
          "stop" : 1650447785800,
          "duration" : 23701
        }
      }, {
        "uid" : "7e4a218fc9a39d4a",
        "reportUrl" : "http://localhost:8080/job/okmarts_ui_test/14/allure/#testresult/7e4a218fc9a39d4a",
        "status" : "passed",
        "time" : {
          "start" : 1650445622289,
          "stop" : 1650445678561,
          "duration" : 56272
        }
      }, {
        "uid" : "ae16366c1dbb0da5",
        "reportUrl" : "http://localhost:8080/job/okmarts_ui_test/13/allure/#testresult/ae16366c1dbb0da5",
        "status" : "passed",
        "time" : {
          "start" : 1650445354357,
          "stop" : 1650445375778,
          "duration" : 21421
        }
      }, {
        "uid" : "bc98254b065d86f",
        "reportUrl" : "http://localhost:8080/job/okmarts_ui_test/12/allure/#testresult/bc98254b065d86f",
        "status" : "broken",
        "statusDetails" : "selenium.common.exceptions.NoSuchElementException: Message: no such element: Unable to locate element: {\"method\":\"css selector\",\"selector\":\".ant-col.ant-col-5\"}\n  (Session info: chrome=100.0.4896.127)\nStacktrace:\nBacktrace:\n\tOrdinal0 [0x00A07413+2389011]\n\tOrdinal0 [0x00999F61+1941345]\n\tOrdinal0 [0x0088C658+837208]\n\tOrdinal0 [0x008B91DD+1020381]\n\tOrdinal0 [0x008B949B+1021083]\n\tOrdinal0 [0x008E6032+1204274]\n\tOrdinal0 [0x008D4194+1130900]\n\tOrdinal0 [0x008E4302+1196802]\n\tOrdinal0 [0x008D3F66+1130342]\n\tOrdinal0 [0x008AE546+976198]\n\tOrdinal0 [0x008AF456+980054]\n\tGetHandleVerifier [0x00BB9632+1727522]\n\tGetHandleVerifier [0x00C6BA4D+2457661]\n\tGetHandleVerifier [0x00A9EB81+569713]\n\tGetHandleVerifier [0x00A9DD76+566118]\n\tOrdinal0 [0x009A0B2B+1968939]\n\tOrdinal0 [0x009A5988+1989000]\n\tOrdinal0 [0x009A5A75+1989237]\n\tOrdinal0 [0x009AECB1+2026673]\n\tBaseThreadInitThunk [0x75AB6739+25]\n\tRtlGetFullPathName_UEx [0x77398E7F+1215]\n\tRtlGetFullPathName_UEx [0x77398E4D+1165]",
        "time" : {
          "start" : 1650442919909,
          "stop" : 1650442943572,
          "duration" : 23663
        }
      }, {
        "uid" : "e15bda1c981e9793",
        "reportUrl" : "http://localhost:8080/job/okmarts_ui_test/11/allure/#testresult/e15bda1c981e9793",
        "status" : "broken",
        "statusDetails" : "selenium.common.exceptions.NoSuchElementException: Message: no such element: Unable to locate element: {\"method\":\"css selector\",\"selector\":\".ant-col.ant-col-5\"}\n  (Session info: chrome=100.0.4896.127)\nStacktrace:\nBacktrace:\n\tOrdinal0 [0x00A07413+2389011]\n\tOrdinal0 [0x00999F61+1941345]\n\tOrdinal0 [0x0088C658+837208]\n\tOrdinal0 [0x008B91DD+1020381]\n\tOrdinal0 [0x008B949B+1021083]\n\tOrdinal0 [0x008E6032+1204274]\n\tOrdinal0 [0x008D4194+1130900]\n\tOrdinal0 [0x008E4302+1196802]\n\tOrdinal0 [0x008D3F66+1130342]\n\tOrdinal0 [0x008AE546+976198]\n\tOrdinal0 [0x008AF456+980054]\n\tGetHandleVerifier [0x00BB9632+1727522]\n\tGetHandleVerifier [0x00C6BA4D+2457661]\n\tGetHandleVerifier [0x00A9EB81+569713]\n\tGetHandleVerifier [0x00A9DD76+566118]\n\tOrdinal0 [0x009A0B2B+1968939]\n\tOrdinal0 [0x009A5988+1989000]\n\tOrdinal0 [0x009A5A75+1989237]\n\tOrdinal0 [0x009AECB1+2026673]\n\tBaseThreadInitThunk [0x75AB6739+25]\n\tRtlGetFullPathName_UEx [0x77398E7F+1215]\n\tRtlGetFullPathName_UEx [0x77398E4D+1165]",
        "time" : {
          "start" : 1650442207548,
          "stop" : 1650442230702,
          "duration" : 23154
        }
      }, {
        "uid" : "cd34ea0a365313e2",
        "reportUrl" : "http://localhost:8080/job/okmarts_ui_test/10/allure/#testresult/cd34ea0a365313e2",
        "status" : "broken",
        "statusDetails" : "selenium.common.exceptions.NoSuchElementException: Message: no such element: Unable to locate element: {\"method\":\"css selector\",\"selector\":\".ant-col.ant-col-5\"}\n  (Session info: chrome=100.0.4896.127)\nStacktrace:\nBacktrace:\n\tOrdinal0 [0x00A07413+2389011]\n\tOrdinal0 [0x00999F61+1941345]\n\tOrdinal0 [0x0088C658+837208]\n\tOrdinal0 [0x008B91DD+1020381]\n\tOrdinal0 [0x008B949B+1021083]\n\tOrdinal0 [0x008E6032+1204274]\n\tOrdinal0 [0x008D4194+1130900]\n\tOrdinal0 [0x008E4302+1196802]\n\tOrdinal0 [0x008D3F66+1130342]\n\tOrdinal0 [0x008AE546+976198]\n\tOrdinal0 [0x008AF456+980054]\n\tGetHandleVerifier [0x00BB9632+1727522]\n\tGetHandleVerifier [0x00C6BA4D+2457661]\n\tGetHandleVerifier [0x00A9EB81+569713]\n\tGetHandleVerifier [0x00A9DD76+566118]\n\tOrdinal0 [0x009A0B2B+1968939]\n\tOrdinal0 [0x009A5988+1989000]\n\tOrdinal0 [0x009A5A75+1989237]\n\tOrdinal0 [0x009AECB1+2026673]\n\tBaseThreadInitThunk [0x75AB6739+25]\n\tRtlGetFullPathName_UEx [0x77398E7F+1215]\n\tRtlGetFullPathName_UEx [0x77398E4D+1165]",
        "time" : {
          "start" : 1650438071426,
          "stop" : 1650438102504,
          "duration" : 31078
        }
      } ]
    },
    "tags" : [ ]
  },
  "source" : "2c06538d9735ba5.json",
  "parameterValues" : [ "{'case_no': '12', 'casename': '使用过期验证码验证失败', 'mode': '注册', 'data': 'useraccount=a883774917@163.com', 'assert_way': 'xpath=/html/body/div[3]/span/div/div/div/span', 'result': 'Verification code error！'}" ]
}