{
  "uid" : "34b7758fe52ba060",
  "name" : "输入6位字母+数字密码更改成功",
  "fullName" : "test_main.Test_Main#test_forget_password",
  "historyId" : "3d0974d276d01ef9e62c44adf3a7cba4",
  "time" : {
    "start" : 1650936049731,
    "stop" : 1650936162172,
    "duration" : 112441
  },
  "status" : "broken",
  "statusMessage" : "selenium.common.exceptions.TimeoutException: Message: \nStacktrace:\nBacktrace:\n\tOrdinal0 [0x00F27413+2389011]\n\tOrdinal0 [0x00EB9F61+1941345]\n\tOrdinal0 [0x00DAC658+837208]\n\tOrdinal0 [0x00DD91DD+1020381]\n\tOrdinal0 [0x00DD949B+1021083]\n\tOrdinal0 [0x00E06032+1204274]\n\tOrdinal0 [0x00DF4194+1130900]\n\tOrdinal0 [0x00E04302+1196802]\n\tOrdinal0 [0x00DF3F66+1130342]\n\tOrdinal0 [0x00DCE546+976198]\n\tOrdinal0 [0x00DCF456+980054]\n\tGetHandleVerifier [0x010D9632+1727522]\n\tGetHandleVerifier [0x0118BA4D+2457661]\n\tGetHandleVerifier [0x00FBEB81+569713]\n\tGetHandleVerifier [0x00FBDD76+566118]\n\tOrdinal0 [0x00EC0B2B+1968939]\n\tOrdinal0 [0x00EC5988+1989000]\n\tOrdinal0 [0x00EC5A75+1989237]\n\tOrdinal0 [0x00ECECB1+2026673]\n\tBaseThreadInitThunk [0x75906739+25]\n\tRtlGetFullPathName_UEx [0x77408E7F+1215]\n\tRtlGetFullPathName_UEx [0x77408E4D+1165]",
  "statusTrace" : "self = <test_main.Test_Main object at 0x000001C484503730>\ndriver = <selenium.webdriver.chrome.webdriver.WebDriver (session=\"226d56cace6127b393c0d9ae04f993e7\")>\nParameter = {'assert_way': 'css selector=#app > div > div.global-header > div > div.menu-content > div.menu-right.flex > div:nth-c...n', 'case_no': '46', 'casename': '输入6位字母+数字密码更改成功', 'data': 'useraccount=a979172251@163.com\\nnewpassword=a123456', ...}\n\n    @allure.feature('忘记密码')\n    @pytest.mark.parametrize('Parameter', case_infos['forget'], ids=casename_infos['forget'])\n    def test_forget_password(self,driver,Parameter):\n        allure.dynamic.title(Parameter['casename'])\n>       Forget_Password().forget_password(driver,Parameter)\n\ntest_main.py:40: \n_ _ _ _ _ _ _ _ _ _ _ _ _ _ _ _ _ _ _ _ _ _ _ _ _ _ _ _ _ _ _ _ _ _ _ _ _ _ _ _\n..\\mode\\forget_password.py:99: in forget_password\n    WebDriverWait(driver, 30, 0.2).until(lambda x: x.find_element_by_xpath(\n_ _ _ _ _ _ _ _ _ _ _ _ _ _ _ _ _ _ _ _ _ _ _ _ _ _ _ _ _ _ _ _ _ _ _ _ _ _ _ _\n\nself = <selenium.webdriver.support.wait.WebDriverWait (session=\"226d56cace6127b393c0d9ae04f993e7\")>\nmethod = <function Forget_Password.forget_password.<locals>.<lambda> at 0x000001C483C8FCA0>\nmessage = ''\n\n    def until(self, method, message=''):\n        \"\"\"Calls the method provided with the driver as an argument until the \\\n        return value does not evaluate to ``False``.\n    \n        :param method: callable(WebDriver)\n        :param message: optional message for :exc:`TimeoutException`\n        :returns: the result of the last call to `method`\n        :raises: :exc:`selenium.common.exceptions.TimeoutException` if timeout occurs\n        \"\"\"\n        screen = None\n        stacktrace = None\n    \n        end_time = time.time() + self._timeout\n        while True:\n            try:\n                value = method(self._driver)\n                if value:\n                    return value\n            except InvalidSelectorException as e:\n                raise e\n            except self._ignored_exceptions as exc:\n                screen = getattr(exc, 'screen', None)\n                stacktrace = getattr(exc, 'stacktrace', None)\n            time.sleep(self._poll)\n            if time.time() > end_time:\n                break\n>       raise TimeoutException(message, screen, stacktrace)\nE       selenium.common.exceptions.TimeoutException: Message: \nE       Stacktrace:\nE       Backtrace:\nE       \tOrdinal0 [0x00F27413+2389011]\nE       \tOrdinal0 [0x00EB9F61+1941345]\nE       \tOrdinal0 [0x00DAC658+837208]\nE       \tOrdinal0 [0x00DD91DD+1020381]\nE       \tOrdinal0 [0x00DD949B+1021083]\nE       \tOrdinal0 [0x00E06032+1204274]\nE       \tOrdinal0 [0x00DF4194+1130900]\nE       \tOrdinal0 [0x00E04302+1196802]\nE       \tOrdinal0 [0x00DF3F66+1130342]\nE       \tOrdinal0 [0x00DCE546+976198]\nE       \tOrdinal0 [0x00DCF456+980054]\nE       \tGetHandleVerifier [0x010D9632+1727522]\nE       \tGetHandleVerifier [0x0118BA4D+2457661]\nE       \tGetHandleVerifier [0x00FBEB81+569713]\nE       \tGetHandleVerifier [0x00FBDD76+566118]\nE       \tOrdinal0 [0x00EC0B2B+1968939]\nE       \tOrdinal0 [0x00EC5988+1989000]\nE       \tOrdinal0 [0x00EC5A75+1989237]\nE       \tOrdinal0 [0x00ECECB1+2026673]\nE       \tBaseThreadInitThunk [0x75906739+25]\nE       \tRtlGetFullPathName_UEx [0x77408E7F+1215]\nE       \tRtlGetFullPathName_UEx [0x77408E4D+1165]\n\nD:\\python\\lib\\site-packages\\selenium\\webdriver\\support\\wait.py:89: TimeoutException",
  "flaky" : false,
  "newFailed" : false,
  "newBroken" : false,
  "newPassed" : false,
  "retriesCount" : 0,
  "retriesStatusChange" : false,
  "beforeStages" : [ {
    "name" : "driver",
    "time" : {
      "start" : 1650934635879,
      "stop" : 1650934638069,
      "duration" : 2190
    },
    "status" : "passed",
    "steps" : [ ],
    "attachments" : [ ],
    "parameters" : [ ],
    "hasContent" : false,
    "stepsCount" : 0,
    "shouldDisplayMessage" : false,
    "attachmentsCount" : 0
  }, {
    "name" : "_Class__pytest_setup_class",
    "time" : {
      "start" : 1650934638069,
      "stop" : 1650934638069,
      "duration" : 0
    },
    "status" : "passed",
    "steps" : [ ],
    "attachments" : [ ],
    "parameters" : [ ],
    "hasContent" : false,
    "stepsCount" : 0,
    "shouldDisplayMessage" : false,
    "attachmentsCount" : 0
  } ],
  "testStage" : {
    "status" : "broken",
    "statusMessage" : "selenium.common.exceptions.TimeoutException: Message: \nStacktrace:\nBacktrace:\n\tOrdinal0 [0x00F27413+2389011]\n\tOrdinal0 [0x00EB9F61+1941345]\n\tOrdinal0 [0x00DAC658+837208]\n\tOrdinal0 [0x00DD91DD+1020381]\n\tOrdinal0 [0x00DD949B+1021083]\n\tOrdinal0 [0x00E06032+1204274]\n\tOrdinal0 [0x00DF4194+1130900]\n\tOrdinal0 [0x00E04302+1196802]\n\tOrdinal0 [0x00DF3F66+1130342]\n\tOrdinal0 [0x00DCE546+976198]\n\tOrdinal0 [0x00DCF456+980054]\n\tGetHandleVerifier [0x010D9632+1727522]\n\tGetHandleVerifier [0x0118BA4D+2457661]\n\tGetHandleVerifier [0x00FBEB81+569713]\n\tGetHandleVerifier [0x00FBDD76+566118]\n\tOrdinal0 [0x00EC0B2B+1968939]\n\tOrdinal0 [0x00EC5988+1989000]\n\tOrdinal0 [0x00EC5A75+1989237]\n\tOrdinal0 [0x00ECECB1+2026673]\n\tBaseThreadInitThunk [0x75906739+25]\n\tRtlGetFullPathName_UEx [0x77408E7F+1215]\n\tRtlGetFullPathName_UEx [0x77408E4D+1165]",
    "statusTrace" : "self = <test_main.Test_Main object at 0x000001C484503730>\ndriver = <selenium.webdriver.chrome.webdriver.WebDriver (session=\"226d56cace6127b393c0d9ae04f993e7\")>\nParameter = {'assert_way': 'css selector=#app > div > div.global-header > div > div.menu-content > div.menu-right.flex > div:nth-c...n', 'case_no': '46', 'casename': '输入6位字母+数字密码更改成功', 'data': 'useraccount=a979172251@163.com\\nnewpassword=a123456', ...}\n\n    @allure.feature('忘记密码')\n    @pytest.mark.parametrize('Parameter', case_infos['forget'], ids=casename_infos['forget'])\n    def test_forget_password(self,driver,Parameter):\n        allure.dynamic.title(Parameter['casename'])\n>       Forget_Password().forget_password(driver,Parameter)\n\ntest_main.py:40: \n_ _ _ _ _ _ _ _ _ _ _ _ _ _ _ _ _ _ _ _ _ _ _ _ _ _ _ _ _ _ _ _ _ _ _ _ _ _ _ _\n..\\mode\\forget_password.py:99: in forget_password\n    WebDriverWait(driver, 30, 0.2).until(lambda x: x.find_element_by_xpath(\n_ _ _ _ _ _ _ _ _ _ _ _ _ _ _ _ _ _ _ _ _ _ _ _ _ _ _ _ _ _ _ _ _ _ _ _ _ _ _ _\n\nself = <selenium.webdriver.support.wait.WebDriverWait (session=\"226d56cace6127b393c0d9ae04f993e7\")>\nmethod = <function Forget_Password.forget_password.<locals>.<lambda> at 0x000001C483C8FCA0>\nmessage = ''\n\n    def until(self, method, message=''):\n        \"\"\"Calls the method provided with the driver as an argument until the \\\n        return value does not evaluate to ``False``.\n    \n        :param method: callable(WebDriver)\n        :param message: optional message for :exc:`TimeoutException`\n        :returns: the result of the last call to `method`\n        :raises: :exc:`selenium.common.exceptions.TimeoutException` if timeout occurs\n        \"\"\"\n        screen = None\n        stacktrace = None\n    \n        end_time = time.time() + self._timeout\n        while True:\n            try:\n                value = method(self._driver)\n                if value:\n                    return value\n            except InvalidSelectorException as e:\n                raise e\n            except self._ignored_exceptions as exc:\n                screen = getattr(exc, 'screen', None)\n                stacktrace = getattr(exc, 'stacktrace', None)\n            time.sleep(self._poll)\n            if time.time() > end_time:\n                break\n>       raise TimeoutException(message, screen, stacktrace)\nE       selenium.common.exceptions.TimeoutException: Message: \nE       Stacktrace:\nE       Backtrace:\nE       \tOrdinal0 [0x00F27413+2389011]\nE       \tOrdinal0 [0x00EB9F61+1941345]\nE       \tOrdinal0 [0x00DAC658+837208]\nE       \tOrdinal0 [0x00DD91DD+1020381]\nE       \tOrdinal0 [0x00DD949B+1021083]\nE       \tOrdinal0 [0x00E06032+1204274]\nE       \tOrdinal0 [0x00DF4194+1130900]\nE       \tOrdinal0 [0x00E04302+1196802]\nE       \tOrdinal0 [0x00DF3F66+1130342]\nE       \tOrdinal0 [0x00DCE546+976198]\nE       \tOrdinal0 [0x00DCF456+980054]\nE       \tGetHandleVerifier [0x010D9632+1727522]\nE       \tGetHandleVerifier [0x0118BA4D+2457661]\nE       \tGetHandleVerifier [0x00FBEB81+569713]\nE       \tGetHandleVerifier [0x00FBDD76+566118]\nE       \tOrdinal0 [0x00EC0B2B+1968939]\nE       \tOrdinal0 [0x00EC5988+1989000]\nE       \tOrdinal0 [0x00EC5A75+1989237]\nE       \tOrdinal0 [0x00ECECB1+2026673]\nE       \tBaseThreadInitThunk [0x75906739+25]\nE       \tRtlGetFullPathName_UEx [0x77408E7F+1215]\nE       \tRtlGetFullPathName_UEx [0x77408E4D+1165]\n\nD:\\python\\lib\\site-packages\\selenium\\webdriver\\support\\wait.py:89: TimeoutException",
    "steps" : [ {
      "name" : "添加失败截图...",
      "time" : {
        "start" : 1650936162192,
        "stop" : 1650936162662,
        "duration" : 470
      },
      "status" : "passed",
      "steps" : [ ],
      "attachments" : [ {
        "uid" : "1424afa38af9760f",
        "name" : "失败截图",
        "source" : "1424afa38af9760f.png",
        "type" : "image/png",
        "size" : 54129
      } ],
      "parameters" : [ ],
      "hasContent" : true,
      "stepsCount" : 0,
      "shouldDisplayMessage" : false,
      "attachmentsCount" : 1
    } ],
    "attachments" : [ {
      "uid" : "a9dadf4e308f3a6f",
      "name" : "stdout",
      "source" : "a9dadf4e308f3a6f.txt",
      "type" : "text/plain",
      "size" : 96
    } ],
    "parameters" : [ ],
    "hasContent" : true,
    "stepsCount" : 1,
    "shouldDisplayMessage" : true,
    "attachmentsCount" : 2
  },
  "afterStages" : [ {
    "name" : "_Class__pytest_setup_class::0",
    "time" : {
      "start" : 1650936455050,
      "stop" : 1650936455249,
      "duration" : 199
    },
    "status" : "passed",
    "steps" : [ ],
    "attachments" : [ ],
    "parameters" : [ ],
    "hasContent" : false,
    "stepsCount" : 0,
    "shouldDisplayMessage" : false,
    "attachmentsCount" : 0
  }, {
    "name" : "driver::0",
    "time" : {
      "start" : 1650936455251,
      "stop" : 1650936455251,
      "duration" : 0
    },
    "status" : "passed",
    "steps" : [ ],
    "attachments" : [ ],
    "parameters" : [ ],
    "hasContent" : false,
    "stepsCount" : 0,
    "shouldDisplayMessage" : false,
    "attachmentsCount" : 0
  } ],
  "labels" : [ {
    "name" : "feature",
    "value" : "忘记密码"
  }, {
    "name" : "suite",
    "value" : "test_main"
  }, {
    "name" : "subSuite",
    "value" : "Test_Main"
  }, {
    "name" : "host",
    "value" : "DESKTOP-NB3FDE0"
  }, {
    "name" : "thread",
    "value" : "8436-MainThread"
  }, {
    "name" : "framework",
    "value" : "pytest"
  }, {
    "name" : "language",
    "value" : "cpython3"
  }, {
    "name" : "package",
    "value" : "test_main"
  }, {
    "name" : "resultFormat",
    "value" : "allure2"
  } ],
  "parameters" : [ {
    "name" : "Parameter",
    "value" : "{'case_no': '46', 'casename': '输入6位字母+数字密码更改成功', 'mode': '忘记密码', 'data': 'useraccount=a979172251@163.com\\nnewpassword=a123456', 'assert_way': 'css selector=#app > div > div.global-header > div > div.menu-content > div.menu-right.flex > div:nth-child(1) > span', 'result': 'Login'}"
  } ],
  "links" : [ ],
  "hidden" : false,
  "retry" : false,
  "extra" : {
    "severity" : "normal",
    "retries" : [ ],
    "categories" : [ {
      "name" : "Test defects",
      "matchedStatuses" : [ ],
      "flaky" : false
    } ],
    "history" : {
      "statistic" : {
        "failed" : 0,
        "broken" : 5,
        "skipped" : 0,
        "passed" : 0,
        "unknown" : 0,
        "total" : 5
      },
      "items" : [ {
        "uid" : "8336f4067f5b2c58",
        "reportUrl" : "http://localhost:8080/job/okmarts_ui_test/38/allure/#testresult/8336f4067f5b2c58",
        "status" : "broken",
        "statusDetails" : "selenium.common.exceptions.TimeoutException: Message: \nStacktrace:\nBacktrace:\n\tOrdinal0 [0x01127413+2389011]\n\tOrdinal0 [0x010B9F61+1941345]\n\tOrdinal0 [0x00FAC658+837208]\n\tOrdinal0 [0x00FD91DD+1020381]\n\tOrdinal0 [0x00FD949B+1021083]\n\tOrdinal0 [0x01006032+1204274]\n\tOrdinal0 [0x00FF4194+1130900]\n\tOrdinal0 [0x01004302+1196802]\n\tOrdinal0 [0x00FF3F66+1130342]\n\tOrdinal0 [0x00FCE546+976198]\n\tOrdinal0 [0x00FCF456+980054]\n\tGetHandleVerifier [0x012D9632+1727522]\n\tGetHandleVerifier [0x0138BA4D+2457661]\n\tGetHandleVerifier [0x011BEB81+569713]\n\tGetHandleVerifier [0x011BDD76+566118]\n\tOrdinal0 [0x010C0B2B+1968939]\n\tOrdinal0 [0x010C5988+1989000]\n\tOrdinal0 [0x010C5A75+1989237]\n\tOrdinal0 [0x010CECB1+2026673]\n\tBaseThreadInitThunk [0x75906739+25]\n\tRtlGetFullPathName_UEx [0x77408E7F+1215]\n\tRtlGetFullPathName_UEx [0x77408E4D+1165]",
        "time" : {
          "start" : 1650869652035,
          "stop" : 1650869765185,
          "duration" : 113150
        }
      }, {
        "uid" : "cb66e4c187ec456f",
        "reportUrl" : "http://localhost:8080/job/okmarts_ui_test/37/allure/#testresult/cb66e4c187ec456f",
        "status" : "broken",
        "statusDetails" : "selenium.common.exceptions.NoSuchElementException: Message: no such element: Unable to locate element: {\"method\":\"xpath\",\"selector\":\"//*[@id=\"app\"]/div/div[1]/div/div[2]/div[3]/div[1]/span\"}\n  (Session info: chrome=100.0.4896.127)\nStacktrace:\nBacktrace:\n\tOrdinal0 [0x01127413+2389011]\n\tOrdinal0 [0x010B9F61+1941345]\n\tOrdinal0 [0x00FAC658+837208]\n\tOrdinal0 [0x00FD91DD+1020381]\n\tOrdinal0 [0x00FD949B+1021083]\n\tOrdinal0 [0x01006032+1204274]\n\tOrdinal0 [0x00FF4194+1130900]\n\tOrdinal0 [0x01004302+1196802]\n\tOrdinal0 [0x00FF3F66+1130342]\n\tOrdinal0 [0x00FCE546+976198]\n\tOrdinal0 [0x00FCF456+980054]\n\tGetHandleVerifier [0x012D9632+1727522]\n\tGetHandleVerifier [0x0138BA4D+2457661]\n\tGetHandleVerifier [0x011BEB81+569713]\n\tGetHandleVerifier [0x011BDD76+566118]\n\tOrdinal0 [0x010C0B2B+1968939]\n\tOrdinal0 [0x010C5988+1989000]\n\tOrdinal0 [0x010C5A75+1989237]\n\tOrdinal0 [0x010CECB1+2026673]\n\tBaseThreadInitThunk [0x75906739+25]\n\tRtlGetFullPathName_UEx [0x77408E7F+1215]\n\tRtlGetFullPathName_UEx [0x77408E4D+1165]",
        "time" : {
          "start" : 1650867065535,
          "stop" : 1650867153046,
          "duration" : 87511
        }
      }, {
        "uid" : "f1c6518acfcbdb7",
        "reportUrl" : "http://localhost:8080/job/okmarts_ui_test/36/allure/#testresult/f1c6518acfcbdb7",
        "status" : "broken",
        "statusDetails" : "selenium.common.exceptions.NoSuchElementException: Message: no such element: Unable to locate element: {\"method\":\"xpath\",\"selector\":\"//*[@id=\"app\"]/div/div[1]/div/div[2]/div[3]/div[1]/span\"}\n  (Session info: chrome=100.0.4896.127)\nStacktrace:\nBacktrace:\n\tOrdinal0 [0x01127413+2389011]\n\tOrdinal0 [0x010B9F61+1941345]\n\tOrdinal0 [0x00FAC658+837208]\n\tOrdinal0 [0x00FD91DD+1020381]\n\tOrdinal0 [0x00FD949B+1021083]\n\tOrdinal0 [0x01006032+1204274]\n\tOrdinal0 [0x00FF4194+1130900]\n\tOrdinal0 [0x01004302+1196802]\n\tOrdinal0 [0x00FF3F66+1130342]\n\tOrdinal0 [0x00FCE546+976198]\n\tOrdinal0 [0x00FCF456+980054]\n\tGetHandleVerifier [0x012D9632+1727522]\n\tGetHandleVerifier [0x0138BA4D+2457661]\n\tGetHandleVerifier [0x011BEB81+569713]\n\tGetHandleVerifier [0x011BDD76+566118]\n\tOrdinal0 [0x010C0B2B+1968939]\n\tOrdinal0 [0x010C5988+1989000]\n\tOrdinal0 [0x010C5A75+1989237]\n\tOrdinal0 [0x010CECB1+2026673]\n\tBaseThreadInitThunk [0x75906739+25]\n\tRtlGetFullPathName_UEx [0x77408E7F+1215]\n\tRtlGetFullPathName_UEx [0x77408E4D+1165]",
        "time" : {
          "start" : 1650858969031,
          "stop" : 1650859058547,
          "duration" : 89516
        }
      }, {
        "uid" : "4f579c62312eda6d",
        "reportUrl" : "http://localhost:8080/job/okmarts_ui_test/34/allure/#testresult/4f579c62312eda6d",
        "status" : "broken",
        "statusDetails" : "selenium.common.exceptions.NoSuchElementException: Message: no such element: Unable to locate element: {\"method\":\"xpath\",\"selector\":\"//*[@id=\"app\"]/div/div[1]/div/div[2]/div[3]/div[1]/span\"}\n  (Session info: chrome=100.0.4896.127)\nStacktrace:\nBacktrace:\n\tOrdinal0 [0x01127413+2389011]\n\tOrdinal0 [0x010B9F61+1941345]\n\tOrdinal0 [0x00FAC658+837208]\n\tOrdinal0 [0x00FD91DD+1020381]\n\tOrdinal0 [0x00FD949B+1021083]\n\tOrdinal0 [0x01006032+1204274]\n\tOrdinal0 [0x00FF4194+1130900]\n\tOrdinal0 [0x01004302+1196802]\n\tOrdinal0 [0x00FF3F66+1130342]\n\tOrdinal0 [0x00FCE546+976198]\n\tOrdinal0 [0x00FCF456+980054]\n\tGetHandleVerifier [0x012D9632+1727522]\n\tGetHandleVerifier [0x0138BA4D+2457661]\n\tGetHandleVerifier [0x011BEB81+569713]\n\tGetHandleVerifier [0x011BDD76+566118]\n\tOrdinal0 [0x010C0B2B+1968939]\n\tOrdinal0 [0x010C5988+1989000]\n\tOrdinal0 [0x010C5A75+1989237]\n\tOrdinal0 [0x010CECB1+2026673]\n\tBaseThreadInitThunk [0x75906739+25]\n\tRtlGetFullPathName_UEx [0x77408E7F+1215]\n\tRtlGetFullPathName_UEx [0x77408E4D+1165]",
        "time" : {
          "start" : 1650855346428,
          "stop" : 1650855434526,
          "duration" : 88098
        }
      } ]
    },
    "tags" : [ ]
  },
  "source" : "34b7758fe52ba060.json",
  "parameterValues" : [ "{'case_no': '46', 'casename': '输入6位字母+数字密码更改成功', 'mode': '忘记密码', 'data': 'useraccount=a979172251@163.com\\nnewpassword=a123456', 'assert_way': 'css selector=#app > div > div.global-header > div > div.menu-content > div.menu-right.flex > div:nth-child(1) > span', 'result': 'Login'}" ]
}