{
  "uid" : "365c0c22f91cd9bf",
  "name" : "不进行验证注册失败",
  "fullName" : "test_main.Test_Main#test_regist",
  "historyId" : "14971ccdbbb35a3a2adea61b84f9bef0",
  "time" : {
    "start" : 1651737938979,
    "stop" : 1651737955448,
    "duration" : 16469
  },
  "status" : "broken",
  "statusMessage" : "selenium.common.exceptions.SessionNotCreatedException: Message: session not created: This version of MSEdgeDriver only supports MSEdge version 99\nCurrent browser version is 101.0.1210.32 with binary path C:\\Program Files (x86)\\Microsoft\\Edge\\Application\\msedge.exe\nStacktrace:\nBacktrace:\n\tMicrosoft::Applications::Events::EventProperties::unpack [0x00007FF68FE51922+25346]\n\tMicrosoft::Applications::Events::time_ticks_t::time_ticks_t [0x00007FF68FD8E982+515794]\n\tOrdinal0 [0x00007FF68F8A0BC5+658373]\n\tOrdinal0 [0x00007FF68F8CB5E0+832992]\n\tOrdinal0 [0x00007FF68F8C6B7E+813950]\n\tOrdinal0 [0x00007FF68F8C24EE+795886]\n\tOrdinal0 [0x00007FF68F8FC366+1033062]\n\tOrdinal0 [0x00007FF68F8F6A53+1010259]\n\tOrdinal0 [0x00007FF68F8CDB47+842567]\n\tOrdinal0 [0x00007FF68F8CF018+847896]\n\tMicrosoft::Applications::Events::EventProperty::to_string [0x00007FF68FA5F1C8+827304]\n\tMicrosoft::Applications::Events::EventProperty::EventProperty [0x00007FF68FB49389+34681]\n\tMicrosoft::Applications::Events::EventProperty::EventProperty [0x00007FF68FB4C562+47442]\n\tMicrosoft::Applications::Events::EventProperty::to_string [0x00007FF68F99C6D6+29878]\n\tMicrosoft::Applications::Events::time_ticks_t::time_ticks_t [0x00007FF68FD95971+544449]\n\tMicrosoft::Applications::Events::time_ticks_t::time_ticks_t [0x00007FF68FD9A974+564932]\n\tMicrosoft::Applications::Events::time_ticks_t::time_ticks_t [0x00007FF68FD9AACD+565277]\n\tMicrosoft::Applications::Events::time_ticks_t::time_ticks_t [0x00007FF68FDA48BE+605710]\n\tBaseThreadInitThunk [0x00007FFB3F2854E0+16]\n\tRtlUserThreadStart [0x00007FFB4090485B+43]",
  "statusTrace" : "self = <test_main.Test_Main object at 0x0000019A42EB23D0>\nParameter = {'assert_way': 'css selector=body > div.ant-message > span > div > div > div > span', 'case_no': '34', 'casename': '不进行验证注册失败', 'data': 'useraccount=a883774917@163.com\\npassword=a123456', ...}\ndriver = <selenium.webdriver.chrome.webdriver.WebDriver (session=\"393be1dc5d8969509f153a9f15ae2e9e\")>\n\n    @allure.feature('注册')\n    @pytest.mark.parametrize('Parameter', case_infos['registe'], ids=casename_infos['registe'])\n    def test_regist(self, Parameter, driver):\n        allure.dynamic.title(Parameter['casename'])  # 测试用例名称\n>       Regist().regist(Parameter, driver)\n\ntest_main.py:39: \n_ _ _ _ _ _ _ _ _ _ _ _ _ _ _ _ _ _ _ _ _ _ _ _ _ _ _ _ _ _ _ _ _ _ _ _ _ _ _ _\n..\\mode\\register.py:134: in regist\n    code = Get_Code().wangyi(username=useraccount, password='Qwe3541118', name='hydraulic', no=1)  # 获取验证码\n..\\mode\\get_code.py:57: in __init__\n    self.dr = webdriver.Edge()  # 打开另一个浏览器\nD:\\python\\lib\\site-packages\\selenium\\webdriver\\edge\\webdriver.py:62: in __init__\n    super(WebDriver, self).__init__(DesiredCapabilities.EDGE['browserName'], \"ms\",\nD:\\python\\lib\\site-packages\\selenium\\webdriver\\chromium\\webdriver.py:93: in __init__\n    RemoteWebDriver.__init__(\nD:\\python\\lib\\site-packages\\selenium\\webdriver\\remote\\webdriver.py:268: in __init__\n    self.start_session(capabilities, browser_profile)\nD:\\python\\lib\\site-packages\\selenium\\webdriver\\remote\\webdriver.py:359: in start_session\n    response = self.execute(Command.NEW_SESSION, parameters)\nD:\\python\\lib\\site-packages\\selenium\\webdriver\\remote\\webdriver.py:424: in execute\n    self.error_handler.check_response(response)\n_ _ _ _ _ _ _ _ _ _ _ _ _ _ _ _ _ _ _ _ _ _ _ _ _ _ _ _ _ _ _ _ _ _ _ _ _ _ _ _\n\nself = <selenium.webdriver.remote.errorhandler.ErrorHandler object at 0x0000019A42F431C0>\nresponse = {'status': 500, 'value': '{\"value\":{\"error\":\"session not created\",\"message\":\"session not created: This version of MSEd...DA48BE+605710]\\\\n\\\\tBaseThreadInitThunk [0x00007FFB3F2854E0+16]\\\\n\\\\tRtlUserThreadStart [0x00007FFB4090485B+43]\\\\n\"}}'}\n\n    def check_response(self, response: Dict[str, Any]) -> None:\n        \"\"\"\n        Checks that a JSON response from the WebDriver does not have an error.\n    \n        :Args:\n         - response - The JSON response from the WebDriver server as a dictionary\n           object.\n    \n        :Raises: If the response contains an error message.\n        \"\"\"\n        status = response.get('status', None)\n        if not status or status == ErrorCode.SUCCESS:\n            return\n        value = None\n        message = response.get(\"message\", \"\")\n        screen: str = response.get(\"screen\", \"\")\n        stacktrace = None\n        if isinstance(status, int):\n            value_json = response.get('value', None)\n            if value_json and isinstance(value_json, str):\n                import json\n                try:\n                    value = json.loads(value_json)\n                    if len(value.keys()) == 1:\n                        value = value['value']\n                    status = value.get('error', None)\n                    if not status:\n                        status = value.get(\"status\", ErrorCode.UNKNOWN_ERROR)\n                        message = value.get(\"value\") or value.get(\"message\")\n                        if not isinstance(message, str):\n                            value = message\n                            message = message.get('message')\n                    else:\n                        message = value.get('message', None)\n                except ValueError:\n                    pass\n    \n        exception_class: Type[WebDriverException]\n        if status in ErrorCode.NO_SUCH_ELEMENT:\n            exception_class = NoSuchElementException\n        elif status in ErrorCode.NO_SUCH_FRAME:\n            exception_class = NoSuchFrameException\n        elif status in ErrorCode.NO_SUCH_SHADOW_ROOT:\n            exception_class = NoSuchShadowRootException\n        elif status in ErrorCode.NO_SUCH_WINDOW:\n            exception_class = NoSuchWindowException\n        elif status in ErrorCode.STALE_ELEMENT_REFERENCE:\n            exception_class = StaleElementReferenceException\n        elif status in ErrorCode.ELEMENT_NOT_VISIBLE:\n            exception_class = ElementNotVisibleException\n        elif status in ErrorCode.INVALID_ELEMENT_STATE:\n            exception_class = InvalidElementStateException\n        elif status in ErrorCode.INVALID_SELECTOR \\\n                or status in ErrorCode.INVALID_XPATH_SELECTOR \\\n                or status in ErrorCode.INVALID_XPATH_SELECTOR_RETURN_TYPER:\n            exception_class = InvalidSelectorException\n        elif status in ErrorCode.ELEMENT_IS_NOT_SELECTABLE:\n            exception_class = ElementNotSelectableException\n        elif status in ErrorCode.ELEMENT_NOT_INTERACTABLE:\n            exception_class = ElementNotInteractableException\n        elif status in ErrorCode.INVALID_COOKIE_DOMAIN:\n            exception_class = InvalidCookieDomainException\n        elif status in ErrorCode.UNABLE_TO_SET_COOKIE:\n            exception_class = UnableToSetCookieException\n        elif status in ErrorCode.TIMEOUT:\n            exception_class = TimeoutException\n        elif status in ErrorCode.SCRIPT_TIMEOUT:\n            exception_class = TimeoutException\n        elif status in ErrorCode.UNKNOWN_ERROR:\n            exception_class = WebDriverException\n        elif status in ErrorCode.UNEXPECTED_ALERT_OPEN:\n            exception_class = UnexpectedAlertPresentException\n        elif status in ErrorCode.NO_ALERT_OPEN:\n            exception_class = NoAlertPresentException\n        elif status in ErrorCode.IME_NOT_AVAILABLE:\n            exception_class = ImeNotAvailableException\n        elif status in ErrorCode.IME_ENGINE_ACTIVATION_FAILED:\n            exception_class = ImeActivationFailedException\n        elif status in ErrorCode.MOVE_TARGET_OUT_OF_BOUNDS:\n            exception_class = MoveTargetOutOfBoundsException\n        elif status in ErrorCode.JAVASCRIPT_ERROR:\n            exception_class = JavascriptException\n        elif status in ErrorCode.SESSION_NOT_CREATED:\n            exception_class = SessionNotCreatedException\n        elif status in ErrorCode.INVALID_ARGUMENT:\n            exception_class = InvalidArgumentException\n        elif status in ErrorCode.NO_SUCH_COOKIE:\n            exception_class = NoSuchCookieException\n        elif status in ErrorCode.UNABLE_TO_CAPTURE_SCREEN:\n            exception_class = ScreenshotException\n        elif status in ErrorCode.ELEMENT_CLICK_INTERCEPTED:\n            exception_class = ElementClickInterceptedException\n        elif status in ErrorCode.INSECURE_CERTIFICATE:\n            exception_class = InsecureCertificateException\n        elif status in ErrorCode.INVALID_COORDINATES:\n            exception_class = InvalidCoordinatesException\n        elif status in ErrorCode.INVALID_SESSION_ID:\n            exception_class = InvalidSessionIdException\n        elif status in ErrorCode.UNKNOWN_METHOD:\n            exception_class = UnknownMethodException\n        else:\n            exception_class = WebDriverException\n        if not value:\n            value = response['value']\n        if isinstance(value, str):\n            raise exception_class(value)\n        if message == \"\" and 'message' in value:\n            message = value['message']\n    \n        screen = None  # type: ignore[assignment]\n        if 'screen' in value:\n            screen = value['screen']\n    \n        stacktrace = None\n        st_value = value.get('stackTrace') or value.get('stacktrace')\n        if st_value:\n            if isinstance(st_value, str):\n                stacktrace = st_value.split('\\n')\n            else:\n                stacktrace = []\n                try:\n                    for frame in st_value:\n                        line = self._value_or_default(frame, 'lineNumber', '')\n                        file = self._value_or_default(frame, 'fileName', '<anonymous>')\n                        if line:\n                            file = \"%s:%s\" % (file, line)\n                        meth = self._value_or_default(frame, 'methodName', '<anonymous>')\n                        if 'className' in frame:\n                            meth = \"%s.%s\" % (frame['className'], meth)\n                        msg = \"    at %s (%s)\"\n                        msg = msg % (meth, file)\n                        stacktrace.append(msg)\n                except TypeError:\n                    pass\n        if exception_class == UnexpectedAlertPresentException:\n            alert_text = None\n            if 'data' in value:\n                alert_text = value['data'].get('text')\n            elif 'alert' in value:\n                alert_text = value['alert'].get('text')\n            raise exception_class(message, screen, stacktrace, alert_text)  # type: ignore[call-arg]  # mypy is not smart enough here\n>       raise exception_class(message, screen, stacktrace)\nE       selenium.common.exceptions.SessionNotCreatedException: Message: session not created: This version of MSEdgeDriver only supports MSEdge version 99\nE       Current browser version is 101.0.1210.32 with binary path C:\\Program Files (x86)\\Microsoft\\Edge\\Application\\msedge.exe\nE       Stacktrace:\nE       Backtrace:\nE       \tMicrosoft::Applications::Events::EventProperties::unpack [0x00007FF68FE51922+25346]\nE       \tMicrosoft::Applications::Events::time_ticks_t::time_ticks_t [0x00007FF68FD8E982+515794]\nE       \tOrdinal0 [0x00007FF68F8A0BC5+658373]\nE       \tOrdinal0 [0x00007FF68F8CB5E0+832992]\nE       \tOrdinal0 [0x00007FF68F8C6B7E+813950]\nE       \tOrdinal0 [0x00007FF68F8C24EE+795886]\nE       \tOrdinal0 [0x00007FF68F8FC366+1033062]\nE       \tOrdinal0 [0x00007FF68F8F6A53+1010259]\nE       \tOrdinal0 [0x00007FF68F8CDB47+842567]\nE       \tOrdinal0 [0x00007FF68F8CF018+847896]\nE       \tMicrosoft::Applications::Events::EventProperty::to_string [0x00007FF68FA5F1C8+827304]\nE       \tMicrosoft::Applications::Events::EventProperty::EventProperty [0x00007FF68FB49389+34681]\nE       \tMicrosoft::Applications::Events::EventProperty::EventProperty [0x00007FF68FB4C562+47442]\nE       \tMicrosoft::Applications::Events::EventProperty::to_string [0x00007FF68F99C6D6+29878]\nE       \tMicrosoft::Applications::Events::time_ticks_t::time_ticks_t [0x00007FF68FD95971+544449]\nE       \tMicrosoft::Applications::Events::time_ticks_t::time_ticks_t [0x00007FF68FD9A974+564932]\nE       \tMicrosoft::Applications::Events::time_ticks_t::time_ticks_t [0x00007FF68FD9AACD+565277]\nE       \tMicrosoft::Applications::Events::time_ticks_t::time_ticks_t [0x00007FF68FDA48BE+605710]\nE       \tBaseThreadInitThunk [0x00007FFB3F2854E0+16]\nE       \tRtlUserThreadStart [0x00007FFB4090485B+43]\n\nD:\\python\\lib\\site-packages\\selenium\\webdriver\\remote\\errorhandler.py:247: SessionNotCreatedException",
  "flaky" : false,
  "newFailed" : false,
  "newBroken" : true,
  "newPassed" : false,
  "retriesCount" : 0,
  "retriesStatusChange" : false,
  "beforeStages" : [ {
    "name" : "driver",
    "time" : {
      "start" : 1651737471434,
      "stop" : 1651737473198,
      "duration" : 1764
    },
    "status" : "passed",
    "steps" : [ ],
    "attachments" : [ ],
    "parameters" : [ ],
    "attachmentsCount" : 0,
    "shouldDisplayMessage" : false,
    "stepsCount" : 0,
    "hasContent" : false
  }, {
    "name" : "_Class__pytest_setup_class",
    "time" : {
      "start" : 1651737473198,
      "stop" : 1651737473199,
      "duration" : 1
    },
    "status" : "passed",
    "steps" : [ ],
    "attachments" : [ ],
    "parameters" : [ ],
    "attachmentsCount" : 0,
    "shouldDisplayMessage" : false,
    "stepsCount" : 0,
    "hasContent" : false
  } ],
  "testStage" : {
    "status" : "broken",
    "statusMessage" : "selenium.common.exceptions.SessionNotCreatedException: Message: session not created: This version of MSEdgeDriver only supports MSEdge version 99\nCurrent browser version is 101.0.1210.32 with binary path C:\\Program Files (x86)\\Microsoft\\Edge\\Application\\msedge.exe\nStacktrace:\nBacktrace:\n\tMicrosoft::Applications::Events::EventProperties::unpack [0x00007FF68FE51922+25346]\n\tMicrosoft::Applications::Events::time_ticks_t::time_ticks_t [0x00007FF68FD8E982+515794]\n\tOrdinal0 [0x00007FF68F8A0BC5+658373]\n\tOrdinal0 [0x00007FF68F8CB5E0+832992]\n\tOrdinal0 [0x00007FF68F8C6B7E+813950]\n\tOrdinal0 [0x00007FF68F8C24EE+795886]\n\tOrdinal0 [0x00007FF68F8FC366+1033062]\n\tOrdinal0 [0x00007FF68F8F6A53+1010259]\n\tOrdinal0 [0x00007FF68F8CDB47+842567]\n\tOrdinal0 [0x00007FF68F8CF018+847896]\n\tMicrosoft::Applications::Events::EventProperty::to_string [0x00007FF68FA5F1C8+827304]\n\tMicrosoft::Applications::Events::EventProperty::EventProperty [0x00007FF68FB49389+34681]\n\tMicrosoft::Applications::Events::EventProperty::EventProperty [0x00007FF68FB4C562+47442]\n\tMicrosoft::Applications::Events::EventProperty::to_string [0x00007FF68F99C6D6+29878]\n\tMicrosoft::Applications::Events::time_ticks_t::time_ticks_t [0x00007FF68FD95971+544449]\n\tMicrosoft::Applications::Events::time_ticks_t::time_ticks_t [0x00007FF68FD9A974+564932]\n\tMicrosoft::Applications::Events::time_ticks_t::time_ticks_t [0x00007FF68FD9AACD+565277]\n\tMicrosoft::Applications::Events::time_ticks_t::time_ticks_t [0x00007FF68FDA48BE+605710]\n\tBaseThreadInitThunk [0x00007FFB3F2854E0+16]\n\tRtlUserThreadStart [0x00007FFB4090485B+43]",
    "statusTrace" : "self = <test_main.Test_Main object at 0x0000019A42EB23D0>\nParameter = {'assert_way': 'css selector=body > div.ant-message > span > div > div > div > span', 'case_no': '34', 'casename': '不进行验证注册失败', 'data': 'useraccount=a883774917@163.com\\npassword=a123456', ...}\ndriver = <selenium.webdriver.chrome.webdriver.WebDriver (session=\"393be1dc5d8969509f153a9f15ae2e9e\")>\n\n    @allure.feature('注册')\n    @pytest.mark.parametrize('Parameter', case_infos['registe'], ids=casename_infos['registe'])\n    def test_regist(self, Parameter, driver):\n        allure.dynamic.title(Parameter['casename'])  # 测试用例名称\n>       Regist().regist(Parameter, driver)\n\ntest_main.py:39: \n_ _ _ _ _ _ _ _ _ _ _ _ _ _ _ _ _ _ _ _ _ _ _ _ _ _ _ _ _ _ _ _ _ _ _ _ _ _ _ _\n..\\mode\\register.py:134: in regist\n    code = Get_Code().wangyi(username=useraccount, password='Qwe3541118', name='hydraulic', no=1)  # 获取验证码\n..\\mode\\get_code.py:57: in __init__\n    self.dr = webdriver.Edge()  # 打开另一个浏览器\nD:\\python\\lib\\site-packages\\selenium\\webdriver\\edge\\webdriver.py:62: in __init__\n    super(WebDriver, self).__init__(DesiredCapabilities.EDGE['browserName'], \"ms\",\nD:\\python\\lib\\site-packages\\selenium\\webdriver\\chromium\\webdriver.py:93: in __init__\n    RemoteWebDriver.__init__(\nD:\\python\\lib\\site-packages\\selenium\\webdriver\\remote\\webdriver.py:268: in __init__\n    self.start_session(capabilities, browser_profile)\nD:\\python\\lib\\site-packages\\selenium\\webdriver\\remote\\webdriver.py:359: in start_session\n    response = self.execute(Command.NEW_SESSION, parameters)\nD:\\python\\lib\\site-packages\\selenium\\webdriver\\remote\\webdriver.py:424: in execute\n    self.error_handler.check_response(response)\n_ _ _ _ _ _ _ _ _ _ _ _ _ _ _ _ _ _ _ _ _ _ _ _ _ _ _ _ _ _ _ _ _ _ _ _ _ _ _ _\n\nself = <selenium.webdriver.remote.errorhandler.ErrorHandler object at 0x0000019A42F431C0>\nresponse = {'status': 500, 'value': '{\"value\":{\"error\":\"session not created\",\"message\":\"session not created: This version of MSEd...DA48BE+605710]\\\\n\\\\tBaseThreadInitThunk [0x00007FFB3F2854E0+16]\\\\n\\\\tRtlUserThreadStart [0x00007FFB4090485B+43]\\\\n\"}}'}\n\n    def check_response(self, response: Dict[str, Any]) -> None:\n        \"\"\"\n        Checks that a JSON response from the WebDriver does not have an error.\n    \n        :Args:\n         - response - The JSON response from the WebDriver server as a dictionary\n           object.\n    \n        :Raises: If the response contains an error message.\n        \"\"\"\n        status = response.get('status', None)\n        if not status or status == ErrorCode.SUCCESS:\n            return\n        value = None\n        message = response.get(\"message\", \"\")\n        screen: str = response.get(\"screen\", \"\")\n        stacktrace = None\n        if isinstance(status, int):\n            value_json = response.get('value', None)\n            if value_json and isinstance(value_json, str):\n                import json\n                try:\n                    value = json.loads(value_json)\n                    if len(value.keys()) == 1:\n                        value = value['value']\n                    status = value.get('error', None)\n                    if not status:\n                        status = value.get(\"status\", ErrorCode.UNKNOWN_ERROR)\n                        message = value.get(\"value\") or value.get(\"message\")\n                        if not isinstance(message, str):\n                            value = message\n                            message = message.get('message')\n                    else:\n                        message = value.get('message', None)\n                except ValueError:\n                    pass\n    \n        exception_class: Type[WebDriverException]\n        if status in ErrorCode.NO_SUCH_ELEMENT:\n            exception_class = NoSuchElementException\n        elif status in ErrorCode.NO_SUCH_FRAME:\n            exception_class = NoSuchFrameException\n        elif status in ErrorCode.NO_SUCH_SHADOW_ROOT:\n            exception_class = NoSuchShadowRootException\n        elif status in ErrorCode.NO_SUCH_WINDOW:\n            exception_class = NoSuchWindowException\n        elif status in ErrorCode.STALE_ELEMENT_REFERENCE:\n            exception_class = StaleElementReferenceException\n        elif status in ErrorCode.ELEMENT_NOT_VISIBLE:\n            exception_class = ElementNotVisibleException\n        elif status in ErrorCode.INVALID_ELEMENT_STATE:\n            exception_class = InvalidElementStateException\n        elif status in ErrorCode.INVALID_SELECTOR \\\n                or status in ErrorCode.INVALID_XPATH_SELECTOR \\\n                or status in ErrorCode.INVALID_XPATH_SELECTOR_RETURN_TYPER:\n            exception_class = InvalidSelectorException\n        elif status in ErrorCode.ELEMENT_IS_NOT_SELECTABLE:\n            exception_class = ElementNotSelectableException\n        elif status in ErrorCode.ELEMENT_NOT_INTERACTABLE:\n            exception_class = ElementNotInteractableException\n        elif status in ErrorCode.INVALID_COOKIE_DOMAIN:\n            exception_class = InvalidCookieDomainException\n        elif status in ErrorCode.UNABLE_TO_SET_COOKIE:\n            exception_class = UnableToSetCookieException\n        elif status in ErrorCode.TIMEOUT:\n            exception_class = TimeoutException\n        elif status in ErrorCode.SCRIPT_TIMEOUT:\n            exception_class = TimeoutException\n        elif status in ErrorCode.UNKNOWN_ERROR:\n            exception_class = WebDriverException\n        elif status in ErrorCode.UNEXPECTED_ALERT_OPEN:\n            exception_class = UnexpectedAlertPresentException\n        elif status in ErrorCode.NO_ALERT_OPEN:\n            exception_class = NoAlertPresentException\n        elif status in ErrorCode.IME_NOT_AVAILABLE:\n            exception_class = ImeNotAvailableException\n        elif status in ErrorCode.IME_ENGINE_ACTIVATION_FAILED:\n            exception_class = ImeActivationFailedException\n        elif status in ErrorCode.MOVE_TARGET_OUT_OF_BOUNDS:\n            exception_class = MoveTargetOutOfBoundsException\n        elif status in ErrorCode.JAVASCRIPT_ERROR:\n            exception_class = JavascriptException\n        elif status in ErrorCode.SESSION_NOT_CREATED:\n            exception_class = SessionNotCreatedException\n        elif status in ErrorCode.INVALID_ARGUMENT:\n            exception_class = InvalidArgumentException\n        elif status in ErrorCode.NO_SUCH_COOKIE:\n            exception_class = NoSuchCookieException\n        elif status in ErrorCode.UNABLE_TO_CAPTURE_SCREEN:\n            exception_class = ScreenshotException\n        elif status in ErrorCode.ELEMENT_CLICK_INTERCEPTED:\n            exception_class = ElementClickInterceptedException\n        elif status in ErrorCode.INSECURE_CERTIFICATE:\n            exception_class = InsecureCertificateException\n        elif status in ErrorCode.INVALID_COORDINATES:\n            exception_class = InvalidCoordinatesException\n        elif status in ErrorCode.INVALID_SESSION_ID:\n            exception_class = InvalidSessionIdException\n        elif status in ErrorCode.UNKNOWN_METHOD:\n            exception_class = UnknownMethodException\n        else:\n            exception_class = WebDriverException\n        if not value:\n            value = response['value']\n        if isinstance(value, str):\n            raise exception_class(value)\n        if message == \"\" and 'message' in value:\n            message = value['message']\n    \n        screen = None  # type: ignore[assignment]\n        if 'screen' in value:\n            screen = value['screen']\n    \n        stacktrace = None\n        st_value = value.get('stackTrace') or value.get('stacktrace')\n        if st_value:\n            if isinstance(st_value, str):\n                stacktrace = st_value.split('\\n')\n            else:\n                stacktrace = []\n                try:\n                    for frame in st_value:\n                        line = self._value_or_default(frame, 'lineNumber', '')\n                        file = self._value_or_default(frame, 'fileName', '<anonymous>')\n                        if line:\n                            file = \"%s:%s\" % (file, line)\n                        meth = self._value_or_default(frame, 'methodName', '<anonymous>')\n                        if 'className' in frame:\n                            meth = \"%s.%s\" % (frame['className'], meth)\n                        msg = \"    at %s (%s)\"\n                        msg = msg % (meth, file)\n                        stacktrace.append(msg)\n                except TypeError:\n                    pass\n        if exception_class == UnexpectedAlertPresentException:\n            alert_text = None\n            if 'data' in value:\n                alert_text = value['data'].get('text')\n            elif 'alert' in value:\n                alert_text = value['alert'].get('text')\n            raise exception_class(message, screen, stacktrace, alert_text)  # type: ignore[call-arg]  # mypy is not smart enough here\n>       raise exception_class(message, screen, stacktrace)\nE       selenium.common.exceptions.SessionNotCreatedException: Message: session not created: This version of MSEdgeDriver only supports MSEdge version 99\nE       Current browser version is 101.0.1210.32 with binary path C:\\Program Files (x86)\\Microsoft\\Edge\\Application\\msedge.exe\nE       Stacktrace:\nE       Backtrace:\nE       \tMicrosoft::Applications::Events::EventProperties::unpack [0x00007FF68FE51922+25346]\nE       \tMicrosoft::Applications::Events::time_ticks_t::time_ticks_t [0x00007FF68FD8E982+515794]\nE       \tOrdinal0 [0x00007FF68F8A0BC5+658373]\nE       \tOrdinal0 [0x00007FF68F8CB5E0+832992]\nE       \tOrdinal0 [0x00007FF68F8C6B7E+813950]\nE       \tOrdinal0 [0x00007FF68F8C24EE+795886]\nE       \tOrdinal0 [0x00007FF68F8FC366+1033062]\nE       \tOrdinal0 [0x00007FF68F8F6A53+1010259]\nE       \tOrdinal0 [0x00007FF68F8CDB47+842567]\nE       \tOrdinal0 [0x00007FF68F8CF018+847896]\nE       \tMicrosoft::Applications::Events::EventProperty::to_string [0x00007FF68FA5F1C8+827304]\nE       \tMicrosoft::Applications::Events::EventProperty::EventProperty [0x00007FF68FB49389+34681]\nE       \tMicrosoft::Applications::Events::EventProperty::EventProperty [0x00007FF68FB4C562+47442]\nE       \tMicrosoft::Applications::Events::EventProperty::to_string [0x00007FF68F99C6D6+29878]\nE       \tMicrosoft::Applications::Events::time_ticks_t::time_ticks_t [0x00007FF68FD95971+544449]\nE       \tMicrosoft::Applications::Events::time_ticks_t::time_ticks_t [0x00007FF68FD9A974+564932]\nE       \tMicrosoft::Applications::Events::time_ticks_t::time_ticks_t [0x00007FF68FD9AACD+565277]\nE       \tMicrosoft::Applications::Events::time_ticks_t::time_ticks_t [0x00007FF68FDA48BE+605710]\nE       \tBaseThreadInitThunk [0x00007FFB3F2854E0+16]\nE       \tRtlUserThreadStart [0x00007FFB4090485B+43]\n\nD:\\python\\lib\\site-packages\\selenium\\webdriver\\remote\\errorhandler.py:247: SessionNotCreatedException",
    "steps" : [ {
      "name" : "添加失败截图...",
      "time" : {
        "start" : 1651737955494,
        "stop" : 1651737955616,
        "duration" : 122
      },
      "status" : "passed",
      "steps" : [ ],
      "attachments" : [ {
        "uid" : "c6b7b65bf4d16632",
        "name" : "失败截图",
        "source" : "c6b7b65bf4d16632.png",
        "type" : "image/png",
        "size" : 46129
      } ],
      "parameters" : [ ],
      "attachmentsCount" : 1,
      "shouldDisplayMessage" : false,
      "stepsCount" : 0,
      "hasContent" : true
    } ],
    "attachments" : [ {
      "uid" : "cd7f8eb0fe5a5c1a",
      "name" : "stdout",
      "source" : "cd7f8eb0fe5a5c1a.txt",
      "type" : "text/plain",
      "size" : 27
    } ],
    "parameters" : [ ],
    "attachmentsCount" : 2,
    "shouldDisplayMessage" : true,
    "stepsCount" : 1,
    "hasContent" : true
  },
  "afterStages" : [ {
    "name" : "_Class__pytest_setup_class::0",
    "time" : {
      "start" : 1651739721148,
      "stop" : 1651739721616,
      "duration" : 468
    },
    "status" : "passed",
    "steps" : [ ],
    "attachments" : [ ],
    "parameters" : [ ],
    "attachmentsCount" : 0,
    "shouldDisplayMessage" : false,
    "stepsCount" : 0,
    "hasContent" : false
  }, {
    "name" : "driver::0",
    "time" : {
      "start" : 1651739721619,
      "stop" : 1651739721619,
      "duration" : 0
    },
    "status" : "passed",
    "steps" : [ ],
    "attachments" : [ ],
    "parameters" : [ ],
    "attachmentsCount" : 0,
    "shouldDisplayMessage" : false,
    "stepsCount" : 0,
    "hasContent" : false
  } ],
  "labels" : [ {
    "name" : "feature",
    "value" : "注册"
  }, {
    "name" : "suite",
    "value" : "test_main"
  }, {
    "name" : "subSuite",
    "value" : "Test_Main"
  }, {
    "name" : "host",
    "value" : "DESKTOP-NB3FDE0"
  }, {
    "name" : "thread",
    "value" : "23944-MainThread"
  }, {
    "name" : "framework",
    "value" : "pytest"
  }, {
    "name" : "language",
    "value" : "cpython3"
  }, {
    "name" : "package",
    "value" : "test_main"
  }, {
    "name" : "resultFormat",
    "value" : "allure2"
  } ],
  "parameters" : [ {
    "name" : "Parameter",
    "value" : "{'case_no': '34', 'casename': '不进行验证注册失败', 'mode': '注册', 'data': 'useraccount=a883774917@163.com\\npassword=a123456', 'assert_way': 'css selector=body > div.ant-message > span > div > div > div > span', 'result': 'Please press the slider and drag to the far right'}"
  } ],
  "links" : [ ],
  "hidden" : false,
  "retry" : false,
  "extra" : {
    "severity" : "normal",
    "retries" : [ ],
    "categories" : [ {
      "name" : "Test defects",
      "matchedStatuses" : [ ],
      "flaky" : false
    } ],
    "history" : {
      "statistic" : {
        "failed" : 0,
        "broken" : 9,
        "skipped" : 0,
        "passed" : 10,
        "unknown" : 0,
        "total" : 19
      },
      "items" : [ {
        "uid" : "e639ed87355a016a",
        "reportUrl" : "http://localhost:8080/job/okmarts_ui_test/50/allure/#testresult/e639ed87355a016a",
        "status" : "passed",
        "time" : {
          "start" : 1651219496609,
          "stop" : 1651219531883,
          "duration" : 35274
        }
      }, {
        "uid" : "560bf2e911cf843e",
        "reportUrl" : "http://localhost:8080/job/okmarts_ui_test/49/allure/#testresult/560bf2e911cf843e",
        "status" : "passed",
        "time" : {
          "start" : 1651200817397,
          "stop" : 1651200852312,
          "duration" : 34915
        }
      }, {
        "uid" : "278a8e80f9b6b472",
        "reportUrl" : "http://localhost:8080/job/okmarts_ui_test/48/allure/#testresult/278a8e80f9b6b472",
        "status" : "passed",
        "time" : {
          "start" : 1651195050300,
          "stop" : 1651195086281,
          "duration" : 35981
        }
      }, {
        "uid" : "dd50f16ed3e1ff71",
        "reportUrl" : "http://localhost:8080/job/okmarts_ui_test/47/allure/#testresult/dd50f16ed3e1ff71",
        "status" : "passed",
        "time" : {
          "start" : 1651051897097,
          "stop" : 1651051932317,
          "duration" : 35220
        }
      }, {
        "uid" : "b55ea1874eeb4134",
        "reportUrl" : "http://localhost:8080/job/okmarts_ui_test/46/allure/#testresult/b55ea1874eeb4134",
        "status" : "broken",
        "statusDetails" : "selenium.common.exceptions.NoSuchElementException: Message: no such element: Unable to locate element: {\"method\":\"css selector\",\"selector\":\"[id=\"_mail_component_147_147\"]\"}\n  (Session info: MicrosoftEdge=100.0.1185.50)\nStacktrace:\nBacktrace:\n\tMicrosoft::Applications::Events::EventProperties::unpack [0x00007FF722171922+25346]\n\tMicrosoft::Applications::Events::time_ticks_t::time_ticks_t [0x00007FF7220AE982+515794]\n\tOrdinal0 [0x00007FF721BC0BC5+658373]\n\tOrdinal0 [0x00007FF721BFB992+899474]\n\tOrdinal0 [0x00007FF721BFBC68+900200]\n\tOrdinal0 [0x00007FF721C2D937+1104183]\n\tOrdinal0 [0x00007FF721C16C7F+1010815]\n\tOrdinal0 [0x00007FF721C2B034+1093684]\n\tOrdinal0 [0x00007FF721C16A53+1010259]\n\tOrdinal0 [0x00007FF721BEDB47+842567]\n\tOrdinal0 [0x00007FF721BEF018+847896]\n\tMicrosoft::Applications::Events::EventProperty::to_string [0x00007FF721D7F1C8+827304]\n\tMicrosoft::Applications::Events::EventProperty::EventProperty [0x00007FF721E69389+34681]\n\tMicrosoft::Applications::Events::EventProperty::EventProperty [0x00007FF721E6C562+47442]\n\tMicrosoft::Applications::Events::EventProperty::to_string [0x00007FF721CBC6D6+29878]\n\tMicrosoft::Applications::Events::time_ticks_t::time_ticks_t [0x00007FF7220B5971+544449]\n\tMicrosoft::Applications::Events::time_ticks_t::time_ticks_t [0x00007FF7220BA974+564932]\n\tMicrosoft::Applications::Events::time_ticks_t::time_ticks_t [0x00007FF7220BAACD+565277]\n\tMicrosoft::Applications::Events::time_ticks_t::time_ticks_t [0x00007FF7220C48BE+605710]\n\tBaseThreadInitThunk [0x00007FFB3F2854E0+16]\n\tRtlUserThreadStart [0x00007FFB4090485B+43]",
        "time" : {
          "start" : 1651037215013,
          "stop" : 1651037238043,
          "duration" : 23030
        }
      }, {
        "uid" : "76255bbbcb735d9f",
        "reportUrl" : "http://localhost:8080/job/okmarts_ui_test/45/allure/#testresult/76255bbbcb735d9f",
        "status" : "passed",
        "time" : {
          "start" : 1651033366111,
          "stop" : 1651033399042,
          "duration" : 32931
        }
      }, {
        "uid" : "6b398d2486f60562",
        "reportUrl" : "http://localhost:8080/job/okmarts_ui_test/43/allure/#testresult/6b398d2486f60562",
        "status" : "passed",
        "time" : {
          "start" : 1651022120452,
          "stop" : 1651022155073,
          "duration" : 34621
        }
      }, {
        "uid" : "72dfd1ca864cb6b6",
        "reportUrl" : "http://localhost:8080/job/okmarts_ui_test/42/allure/#testresult/72dfd1ca864cb6b6",
        "status" : "passed",
        "time" : {
          "start" : 1650960536355,
          "stop" : 1650960569850,
          "duration" : 33495
        }
      }, {
        "uid" : "3d5b91ec9ef4c332",
        "reportUrl" : "http://localhost:8080/job/okmarts_ui_test/41/allure/#testresult/3d5b91ec9ef4c332",
        "status" : "passed",
        "time" : {
          "start" : 1650957178040,
          "stop" : 1650957212923,
          "duration" : 34883
        }
      }, {
        "uid" : "8058959c9c4e660e",
        "reportUrl" : "http://localhost:8080/job/okmarts_ui_test/40/allure/#testresult/8058959c9c4e660e",
        "status" : "passed",
        "time" : {
          "start" : 1650951393422,
          "stop" : 1650951428501,
          "duration" : 35079
        }
      }, {
        "uid" : "9726549242ad99e2",
        "reportUrl" : "http://localhost:8080/job/okmarts_ui_test/39/allure/#testresult/9726549242ad99e2",
        "status" : "broken",
        "statusDetails" : "selenium.common.exceptions.NoSuchElementException: Message: no such element: Unable to locate element: {\"method\":\"css selector\",\"selector\":\"body > div.ant-message > span > div > div > div > span\"}\n  (Session info: chrome=100.0.4896.127)\nStacktrace:\nBacktrace:\n\tOrdinal0 [0x00F27413+2389011]\n\tOrdinal0 [0x00EB9F61+1941345]\n\tOrdinal0 [0x00DAC658+837208]\n\tOrdinal0 [0x00DD91DD+1020381]\n\tOrdinal0 [0x00DD949B+1021083]\n\tOrdinal0 [0x00E06032+1204274]\n\tOrdinal0 [0x00DF4194+1130900]\n\tOrdinal0 [0x00E04302+1196802]\n\tOrdinal0 [0x00DF3F66+1130342]\n\tOrdinal0 [0x00DCE546+976198]\n\tOrdinal0 [0x00DCF456+980054]\n\tGetHandleVerifier [0x010D9632+1727522]\n\tGetHandleVerifier [0x0118BA4D+2457661]\n\tGetHandleVerifier [0x00FBEB81+569713]\n\tGetHandleVerifier [0x00FBDD76+566118]\n\tOrdinal0 [0x00EC0B2B+1968939]\n\tOrdinal0 [0x00EC5988+1989000]\n\tOrdinal0 [0x00EC5A75+1989237]\n\tOrdinal0 [0x00ECECB1+2026673]\n\tBaseThreadInitThunk [0x75906739+25]\n\tRtlGetFullPathName_UEx [0x77408E7F+1215]\n\tRtlGetFullPathName_UEx [0x77408E4D+1165]",
        "time" : {
          "start" : 1650935577179,
          "stop" : 1650935608795,
          "duration" : 31616
        }
      }, {
        "uid" : "1c5b9c4d9e91f805",
        "reportUrl" : "http://localhost:8080/job/okmarts_ui_test/38/allure/#testresult/1c5b9c4d9e91f805",
        "status" : "broken",
        "statusDetails" : "selenium.common.exceptions.NoSuchElementException: Message: no such element: Unable to locate element: {\"method\":\"css selector\",\"selector\":\"body > div.ant-message > span > div > div > div > span\"}\n  (Session info: chrome=100.0.4896.127)\nStacktrace:\nBacktrace:\n\tOrdinal0 [0x01127413+2389011]\n\tOrdinal0 [0x010B9F61+1941345]\n\tOrdinal0 [0x00FAC658+837208]\n\tOrdinal0 [0x00FD91DD+1020381]\n\tOrdinal0 [0x00FD949B+1021083]\n\tOrdinal0 [0x01006032+1204274]\n\tOrdinal0 [0x00FF4194+1130900]\n\tOrdinal0 [0x01004302+1196802]\n\tOrdinal0 [0x00FF3F66+1130342]\n\tOrdinal0 [0x00FCE546+976198]\n\tOrdinal0 [0x00FCF456+980054]\n\tGetHandleVerifier [0x012D9632+1727522]\n\tGetHandleVerifier [0x0138BA4D+2457661]\n\tGetHandleVerifier [0x011BEB81+569713]\n\tGetHandleVerifier [0x011BDD76+566118]\n\tOrdinal0 [0x010C0B2B+1968939]\n\tOrdinal0 [0x010C5988+1989000]\n\tOrdinal0 [0x010C5A75+1989237]\n\tOrdinal0 [0x010CECB1+2026673]\n\tBaseThreadInitThunk [0x75906739+25]\n\tRtlGetFullPathName_UEx [0x77408E7F+1215]\n\tRtlGetFullPathName_UEx [0x77408E4D+1165]",
        "time" : {
          "start" : 1650869158210,
          "stop" : 1650869195687,
          "duration" : 37477
        }
      }, {
        "uid" : "f055d3a3a6f33fbf",
        "reportUrl" : "http://localhost:8080/job/okmarts_ui_test/37/allure/#testresult/f055d3a3a6f33fbf",
        "status" : "broken",
        "statusDetails" : "selenium.common.exceptions.NoSuchElementException: Message: no such element: Unable to locate element: {\"method\":\"xpath\",\"selector\":\"//*[@id=\"app\"]/div/div[1]/div[2]/form/div[3]/div/div/span/div/a\"}\n  (Session info: chrome=100.0.4896.127)\nStacktrace:\nBacktrace:\n\tOrdinal0 [0x01127413+2389011]\n\tOrdinal0 [0x010B9F61+1941345]\n\tOrdinal0 [0x00FAC658+837208]\n\tOrdinal0 [0x00FD91DD+1020381]\n\tOrdinal0 [0x00FD949B+1021083]\n\tOrdinal0 [0x01006032+1204274]\n\tOrdinal0 [0x00FF4194+1130900]\n\tOrdinal0 [0x01004302+1196802]\n\tOrdinal0 [0x00FF3F66+1130342]\n\tOrdinal0 [0x00FCE546+976198]\n\tOrdinal0 [0x00FCF456+980054]\n\tGetHandleVerifier [0x012D9632+1727522]\n\tGetHandleVerifier [0x0138BA4D+2457661]\n\tGetHandleVerifier [0x011BEB81+569713]\n\tGetHandleVerifier [0x011BDD76+566118]\n\tOrdinal0 [0x010C0B2B+1968939]\n\tOrdinal0 [0x010C5988+1989000]\n\tOrdinal0 [0x010C5A75+1989237]\n\tOrdinal0 [0x010CECB1+2026673]\n\tBaseThreadInitThunk [0x75906739+25]\n\tRtlGetFullPathName_UEx [0x77408E7F+1215]\n\tRtlGetFullPathName_UEx [0x77408E4D+1165]",
        "time" : {
          "start" : 1650866593381,
          "stop" : 1650866626619,
          "duration" : 33238
        }
      }, {
        "uid" : "15945665ec51b95",
        "reportUrl" : "http://localhost:8080/job/okmarts_ui_test/36/allure/#testresult/15945665ec51b95",
        "status" : "passed",
        "time" : {
          "start" : 1650858452855,
          "stop" : 1650858499327,
          "duration" : 46472
        }
      }, {
        "uid" : "d1785c6fe610d22a",
        "reportUrl" : "http://localhost:8080/job/okmarts_ui_test/34/allure/#testresult/d1785c6fe610d22a",
        "status" : "broken",
        "statusDetails" : "selenium.common.exceptions.InvalidSelectorException: Message: invalid selector: No selector specified\n  (Session info: chrome=100.0.4896.127)\nStacktrace:\nBacktrace:\n\tOrdinal0 [0x01127413+2389011]\n\tOrdinal0 [0x010B9F61+1941345]\n\tOrdinal0 [0x00FAC658+837208]\n\tOrdinal0 [0x00FAF064+847972]\n\tOrdinal0 [0x00FAEF22+847650]\n\tOrdinal0 [0x00FAF1B0+848304]\n\tOrdinal0 [0x00FD8EF2+1019634]\n\tOrdinal0 [0x00FD949B+1021083]\n\tOrdinal0 [0x01006032+1204274]\n\tOrdinal0 [0x00FF4194+1130900]\n\tOrdinal0 [0x01004302+1196802]\n\tOrdinal0 [0x00FF3F66+1130342]\n\tOrdinal0 [0x00FCE546+976198]\n\tOrdinal0 [0x00FCF456+980054]\n\tGetHandleVerifier [0x012D9632+1727522]\n\tGetHandleVerifier [0x0138BA4D+2457661]\n\tGetHandleVerifier [0x011BEB81+569713]\n\tGetHandleVerifier [0x011BDD76+566118]\n\tOrdinal0 [0x010C0B2B+1968939]\n\tOrdinal0 [0x010C5988+1989000]\n\tOrdinal0 [0x010C5A75+1989237]\n\tOrdinal0 [0x010CECB1+2026673]\n\tBaseThreadInitThunk [0x75906739+25]\n\tRtlGetFullPathName_UEx [0x77408E7F+1215]\n\tRtlGetFullPathName_UEx [0x77408E4D+1165]",
        "time" : {
          "start" : 1650854856447,
          "stop" : 1650854893674,
          "duration" : 37227
        }
      }, {
        "uid" : "d7984721b2bd372d",
        "reportUrl" : "http://localhost:8080/job/okmarts_ui_test/33/allure/#testresult/d7984721b2bd372d",
        "status" : "broken",
        "statusDetails" : "selenium.common.exceptions.InvalidSelectorException: Message: invalid selector: No selector specified\n  (Session info: chrome=100.0.4896.127)\nStacktrace:\nBacktrace:\n\tOrdinal0 [0x01127413+2389011]\n\tOrdinal0 [0x010B9F61+1941345]\n\tOrdinal0 [0x00FAC658+837208]\n\tOrdinal0 [0x00FAF064+847972]\n\tOrdinal0 [0x00FAEF22+847650]\n\tOrdinal0 [0x00FAF1B0+848304]\n\tOrdinal0 [0x00FD8EF2+1019634]\n\tOrdinal0 [0x00FD949B+1021083]\n\tOrdinal0 [0x01006032+1204274]\n\tOrdinal0 [0x00FF4194+1130900]\n\tOrdinal0 [0x01004302+1196802]\n\tOrdinal0 [0x00FF3F66+1130342]\n\tOrdinal0 [0x00FCE546+976198]\n\tOrdinal0 [0x00FCF456+980054]\n\tGetHandleVerifier [0x012D9632+1727522]\n\tGetHandleVerifier [0x0138BA4D+2457661]\n\tGetHandleVerifier [0x011BEB81+569713]\n\tGetHandleVerifier [0x011BDD76+566118]\n\tOrdinal0 [0x010C0B2B+1968939]\n\tOrdinal0 [0x010C5988+1989000]\n\tOrdinal0 [0x010C5A75+1989237]\n\tOrdinal0 [0x010CECB1+2026673]\n\tBaseThreadInitThunk [0x75906739+25]\n\tRtlGetFullPathName_UEx [0x77408E7F+1215]\n\tRtlGetFullPathName_UEx [0x77408E4D+1165]",
        "time" : {
          "start" : 1650852613318,
          "stop" : 1650852650071,
          "duration" : 36753
        }
      }, {
        "uid" : "a9942affc8b6895d",
        "reportUrl" : "http://localhost:8080/job/okmarts_ui_test/32/allure/#testresult/a9942affc8b6895d",
        "status" : "broken",
        "statusDetails" : "selenium.common.exceptions.InvalidSelectorException: Message: invalid selector: No selector specified\n  (Session info: chrome=100.0.4896.127)\nStacktrace:\nBacktrace:\n\tOrdinal0 [0x002E7413+2389011]\n\tOrdinal0 [0x00279F61+1941345]\n\tOrdinal0 [0x0016C658+837208]\n\tOrdinal0 [0x0016F064+847972]\n\tOrdinal0 [0x0016EF22+847650]\n\tOrdinal0 [0x0016F1B0+848304]\n\tOrdinal0 [0x00198EF2+1019634]\n\tOrdinal0 [0x0019949B+1021083]\n\tOrdinal0 [0x001C6032+1204274]\n\tOrdinal0 [0x001B4194+1130900]\n\tOrdinal0 [0x001C4302+1196802]\n\tOrdinal0 [0x001B3F66+1130342]\n\tOrdinal0 [0x0018E546+976198]\n\tOrdinal0 [0x0018F456+980054]\n\tGetHandleVerifier [0x00499632+1727522]\n\tGetHandleVerifier [0x0054BA4D+2457661]\n\tGetHandleVerifier [0x0037EB81+569713]\n\tGetHandleVerifier [0x0037DD76+566118]\n\tOrdinal0 [0x00280B2B+1968939]\n\tOrdinal0 [0x00285988+1989000]\n\tOrdinal0 [0x00285A75+1989237]\n\tOrdinal0 [0x0028ECB1+2026673]\n\tBaseThreadInitThunk [0x75906739+25]\n\tRtlGetFullPathName_UEx [0x77408E7F+1215]\n\tRtlGetFullPathName_UEx [0x77408E4D+1165]\n\t(No symbol) [0x00000000]",
        "time" : {
          "start" : 1650789526260,
          "stop" : 1650789565508,
          "duration" : 39248
        }
      }, {
        "uid" : "ec77dcd9ab95a433",
        "reportUrl" : "http://localhost:8080/job/okmarts_ui_test/31/allure/#testresult/ec77dcd9ab95a433",
        "status" : "broken",
        "statusDetails" : "selenium.common.exceptions.NoSuchElementException: Message: no such element: Unable to locate element: {\"method\":\"xpath\",\"selector\":\"/html/body/div[2]/span/div/div/div/span\"}\n  (Session info: chrome=100.0.4896.127)\nStacktrace:\nBacktrace:\n\tOrdinal0 [0x00477413+2389011]\n\tOrdinal0 [0x00409F61+1941345]\n\tOrdinal0 [0x002FC658+837208]\n\tOrdinal0 [0x003291DD+1020381]\n\tOrdinal0 [0x0032949B+1021083]\n\tOrdinal0 [0x00356032+1204274]\n\tOrdinal0 [0x00344194+1130900]\n\tOrdinal0 [0x00354302+1196802]\n\tOrdinal0 [0x00343F66+1130342]\n\tOrdinal0 [0x0031E546+976198]\n\tOrdinal0 [0x0031F456+980054]\n\tGetHandleVerifier [0x00629632+1727522]\n\tGetHandleVerifier [0x006DBA4D+2457661]\n\tGetHandleVerifier [0x0050EB81+569713]\n\tGetHandleVerifier [0x0050DD76+566118]\n\tOrdinal0 [0x00410B2B+1968939]\n\tOrdinal0 [0x00415988+1989000]\n\tOrdinal0 [0x00415A75+1989237]\n\tOrdinal0 [0x0041ECB1+2026673]\n\tBaseThreadInitThunk [0x75906739+25]\n\tRtlGetFullPathName_UEx [0x77408E7F+1215]\n\tRtlGetFullPathName_UEx [0x77408E4D+1165]",
        "time" : {
          "start" : 1650785846023,
          "stop" : 1650785882546,
          "duration" : 36523
        }
      } ]
    },
    "tags" : [ ]
  },
  "source" : "365c0c22f91cd9bf.json",
  "parameterValues" : [ "{'case_no': '34', 'casename': '不进行验证注册失败', 'mode': '注册', 'data': 'useraccount=a883774917@163.com\\npassword=a123456', 'assert_way': 'css selector=body > div.ant-message > span > div > div > div > span', 'result': 'Please press the slider and drag to the far right'}" ]
}