{
  "uid" : "53eb97604e6dc6",
  "name" : "输入修改过的密码更改失败",
  "fullName" : "test_main.Test_Main#test_forget_password",
  "historyId" : "de5eaaba4d1cfeb506549e97ca8e53b2",
  "time" : {
    "start" : 1651738373159,
    "stop" : 1651738442601,
    "duration" : 69442
  },
  "status" : "broken",
  "statusMessage" : "selenium.common.exceptions.SessionNotCreatedException: Message: session not created: This version of MSEdgeDriver only supports MSEdge version 99\nCurrent browser version is 101.0.1210.32 with binary path C:\\Program Files (x86)\\Microsoft\\Edge\\Application\\msedge.exe\nStacktrace:\nBacktrace:\n\tMicrosoft::Applications::Events::EventProperties::unpack [0x00007FF656ED1922+25346]\n\tMicrosoft::Applications::Events::time_ticks_t::time_ticks_t [0x00007FF656E0E982+515794]\n\tOrdinal0 [0x00007FF656920BC5+658373]\n\tOrdinal0 [0x00007FF65694B5E0+832992]\n\tOrdinal0 [0x00007FF656946B7E+813950]\n\tOrdinal0 [0x00007FF6569424EE+795886]\n\tOrdinal0 [0x00007FF65697C366+1033062]\n\tOrdinal0 [0x00007FF656976A53+1010259]\n\tOrdinal0 [0x00007FF65694DB47+842567]\n\tOrdinal0 [0x00007FF65694F018+847896]\n\tMicrosoft::Applications::Events::EventProperty::to_string [0x00007FF656ADF1C8+827304]\n\tMicrosoft::Applications::Events::EventProperty::EventProperty [0x00007FF656BC9389+34681]\n\tMicrosoft::Applications::Events::EventProperty::EventProperty [0x00007FF656BCC562+47442]\n\tMicrosoft::Applications::Events::EventProperty::to_string [0x00007FF656A1C6D6+29878]\n\tMicrosoft::Applications::Events::time_ticks_t::time_ticks_t [0x00007FF656E15971+544449]\n\tMicrosoft::Applications::Events::time_ticks_t::time_ticks_t [0x00007FF656E1A974+564932]\n\tMicrosoft::Applications::Events::time_ticks_t::time_ticks_t [0x00007FF656E1AACD+565277]\n\tMicrosoft::Applications::Events::time_ticks_t::time_ticks_t [0x00007FF656E248BE+605710]\n\tBaseThreadInitThunk [0x00007FFB3F2854E0+16]\n\tRtlUserThreadStart [0x00007FFB4090485B+43]",
  "statusTrace" : "self = <test_main.Test_Main object at 0x0000019A42F175E0>\ndriver = <selenium.webdriver.chrome.webdriver.WebDriver (session=\"393be1dc5d8969509f153a9f15ae2e9e\")>\nParameter = {'assert_way': 'css selector=#app > div > div.global-header > div > div.menu-content > div.menu-right.flex > div:nth-c...span', 'case_no': '50', 'casename': '输入修改过的密码更改失败', 'data': 'useraccount=a979172251@163.com\\nnewpassword=a123456', ...}\n\n    @allure.feature('忘记密码')\n    @pytest.mark.parametrize('Parameter', case_infos['forget'], ids=casename_infos['forget'])\n    def test_forget_password(self,driver,Parameter):\n        allure.dynamic.title(Parameter['casename'])\n>       Forget_Password().forget_password(driver,Parameter)\n\ntest_main.py:45: \n_ _ _ _ _ _ _ _ _ _ _ _ _ _ _ _ _ _ _ _ _ _ _ _ _ _ _ _ _ _ _ _ _ _ _ _ _ _ _ _\n..\\mode\\forget_password.py:99: in forget_password\n    code = Get_Code().wangyi(username=userAccount, password='Qwe3541118', name='hydraulic', no=1)  # 获取验证码\n..\\mode\\get_code.py:57: in __init__\n    self.dr = webdriver.Edge()  # 打开另一个浏览器\nD:\\python\\lib\\site-packages\\selenium\\webdriver\\edge\\webdriver.py:62: in __init__\n    super(WebDriver, self).__init__(DesiredCapabilities.EDGE['browserName'], \"ms\",\nD:\\python\\lib\\site-packages\\selenium\\webdriver\\chromium\\webdriver.py:93: in __init__\n    RemoteWebDriver.__init__(\nD:\\python\\lib\\site-packages\\selenium\\webdriver\\remote\\webdriver.py:268: in __init__\n    self.start_session(capabilities, browser_profile)\nD:\\python\\lib\\site-packages\\selenium\\webdriver\\remote\\webdriver.py:359: in start_session\n    response = self.execute(Command.NEW_SESSION, parameters)\nD:\\python\\lib\\site-packages\\selenium\\webdriver\\remote\\webdriver.py:424: in execute\n    self.error_handler.check_response(response)\n_ _ _ _ _ _ _ _ _ _ _ _ _ _ _ _ _ _ _ _ _ _ _ _ _ _ _ _ _ _ _ _ _ _ _ _ _ _ _ _\n\nself = <selenium.webdriver.remote.errorhandler.ErrorHandler object at 0x0000019A4322AB80>\nresponse = {'status': 500, 'value': '{\"value\":{\"error\":\"session not created\",\"message\":\"session not created: This version of MSEd...E248BE+605710]\\\\n\\\\tBaseThreadInitThunk [0x00007FFB3F2854E0+16]\\\\n\\\\tRtlUserThreadStart [0x00007FFB4090485B+43]\\\\n\"}}'}\n\n    def check_response(self, response: Dict[str, Any]) -> None:\n        \"\"\"\n        Checks that a JSON response from the WebDriver does not have an error.\n    \n        :Args:\n         - response - The JSON response from the WebDriver server as a dictionary\n           object.\n    \n        :Raises: If the response contains an error message.\n        \"\"\"\n        status = response.get('status', None)\n        if not status or status == ErrorCode.SUCCESS:\n            return\n        value = None\n        message = response.get(\"message\", \"\")\n        screen: str = response.get(\"screen\", \"\")\n        stacktrace = None\n        if isinstance(status, int):\n            value_json = response.get('value', None)\n            if value_json and isinstance(value_json, str):\n                import json\n                try:\n                    value = json.loads(value_json)\n                    if len(value.keys()) == 1:\n                        value = value['value']\n                    status = value.get('error', None)\n                    if not status:\n                        status = value.get(\"status\", ErrorCode.UNKNOWN_ERROR)\n                        message = value.get(\"value\") or value.get(\"message\")\n                        if not isinstance(message, str):\n                            value = message\n                            message = message.get('message')\n                    else:\n                        message = value.get('message', None)\n                except ValueError:\n                    pass\n    \n        exception_class: Type[WebDriverException]\n        if status in ErrorCode.NO_SUCH_ELEMENT:\n            exception_class = NoSuchElementException\n        elif status in ErrorCode.NO_SUCH_FRAME:\n            exception_class = NoSuchFrameException\n        elif status in ErrorCode.NO_SUCH_SHADOW_ROOT:\n            exception_class = NoSuchShadowRootException\n        elif status in ErrorCode.NO_SUCH_WINDOW:\n            exception_class = NoSuchWindowException\n        elif status in ErrorCode.STALE_ELEMENT_REFERENCE:\n            exception_class = StaleElementReferenceException\n        elif status in ErrorCode.ELEMENT_NOT_VISIBLE:\n            exception_class = ElementNotVisibleException\n        elif status in ErrorCode.INVALID_ELEMENT_STATE:\n            exception_class = InvalidElementStateException\n        elif status in ErrorCode.INVALID_SELECTOR \\\n                or status in ErrorCode.INVALID_XPATH_SELECTOR \\\n                or status in ErrorCode.INVALID_XPATH_SELECTOR_RETURN_TYPER:\n            exception_class = InvalidSelectorException\n        elif status in ErrorCode.ELEMENT_IS_NOT_SELECTABLE:\n            exception_class = ElementNotSelectableException\n        elif status in ErrorCode.ELEMENT_NOT_INTERACTABLE:\n            exception_class = ElementNotInteractableException\n        elif status in ErrorCode.INVALID_COOKIE_DOMAIN:\n            exception_class = InvalidCookieDomainException\n        elif status in ErrorCode.UNABLE_TO_SET_COOKIE:\n            exception_class = UnableToSetCookieException\n        elif status in ErrorCode.TIMEOUT:\n            exception_class = TimeoutException\n        elif status in ErrorCode.SCRIPT_TIMEOUT:\n            exception_class = TimeoutException\n        elif status in ErrorCode.UNKNOWN_ERROR:\n            exception_class = WebDriverException\n        elif status in ErrorCode.UNEXPECTED_ALERT_OPEN:\n            exception_class = UnexpectedAlertPresentException\n        elif status in ErrorCode.NO_ALERT_OPEN:\n            exception_class = NoAlertPresentException\n        elif status in ErrorCode.IME_NOT_AVAILABLE:\n            exception_class = ImeNotAvailableException\n        elif status in ErrorCode.IME_ENGINE_ACTIVATION_FAILED:\n            exception_class = ImeActivationFailedException\n        elif status in ErrorCode.MOVE_TARGET_OUT_OF_BOUNDS:\n            exception_class = MoveTargetOutOfBoundsException\n        elif status in ErrorCode.JAVASCRIPT_ERROR:\n            exception_class = JavascriptException\n        elif status in ErrorCode.SESSION_NOT_CREATED:\n            exception_class = SessionNotCreatedException\n        elif status in ErrorCode.INVALID_ARGUMENT:\n            exception_class = InvalidArgumentException\n        elif status in ErrorCode.NO_SUCH_COOKIE:\n            exception_class = NoSuchCookieException\n        elif status in ErrorCode.UNABLE_TO_CAPTURE_SCREEN:\n            exception_class = ScreenshotException\n        elif status in ErrorCode.ELEMENT_CLICK_INTERCEPTED:\n            exception_class = ElementClickInterceptedException\n        elif status in ErrorCode.INSECURE_CERTIFICATE:\n            exception_class = InsecureCertificateException\n        elif status in ErrorCode.INVALID_COORDINATES:\n            exception_class = InvalidCoordinatesException\n        elif status in ErrorCode.INVALID_SESSION_ID:\n            exception_class = InvalidSessionIdException\n        elif status in ErrorCode.UNKNOWN_METHOD:\n            exception_class = UnknownMethodException\n        else:\n            exception_class = WebDriverException\n        if not value:\n            value = response['value']\n        if isinstance(value, str):\n            raise exception_class(value)\n        if message == \"\" and 'message' in value:\n            message = value['message']\n    \n        screen = None  # type: ignore[assignment]\n        if 'screen' in value:\n            screen = value['screen']\n    \n        stacktrace = None\n        st_value = value.get('stackTrace') or value.get('stacktrace')\n        if st_value:\n            if isinstance(st_value, str):\n                stacktrace = st_value.split('\\n')\n            else:\n                stacktrace = []\n                try:\n                    for frame in st_value:\n                        line = self._value_or_default(frame, 'lineNumber', '')\n                        file = self._value_or_default(frame, 'fileName', '<anonymous>')\n                        if line:\n                            file = \"%s:%s\" % (file, line)\n                        meth = self._value_or_default(frame, 'methodName', '<anonymous>')\n                        if 'className' in frame:\n                            meth = \"%s.%s\" % (frame['className'], meth)\n                        msg = \"    at %s (%s)\"\n                        msg = msg % (meth, file)\n                        stacktrace.append(msg)\n                except TypeError:\n                    pass\n        if exception_class == UnexpectedAlertPresentException:\n            alert_text = None\n            if 'data' in value:\n                alert_text = value['data'].get('text')\n            elif 'alert' in value:\n                alert_text = value['alert'].get('text')\n            raise exception_class(message, screen, stacktrace, alert_text)  # type: ignore[call-arg]  # mypy is not smart enough here\n>       raise exception_class(message, screen, stacktrace)\nE       selenium.common.exceptions.SessionNotCreatedException: Message: session not created: This version of MSEdgeDriver only supports MSEdge version 99\nE       Current browser version is 101.0.1210.32 with binary path C:\\Program Files (x86)\\Microsoft\\Edge\\Application\\msedge.exe\nE       Stacktrace:\nE       Backtrace:\nE       \tMicrosoft::Applications::Events::EventProperties::unpack [0x00007FF656ED1922+25346]\nE       \tMicrosoft::Applications::Events::time_ticks_t::time_ticks_t [0x00007FF656E0E982+515794]\nE       \tOrdinal0 [0x00007FF656920BC5+658373]\nE       \tOrdinal0 [0x00007FF65694B5E0+832992]\nE       \tOrdinal0 [0x00007FF656946B7E+813950]\nE       \tOrdinal0 [0x00007FF6569424EE+795886]\nE       \tOrdinal0 [0x00007FF65697C366+1033062]\nE       \tOrdinal0 [0x00007FF656976A53+1010259]\nE       \tOrdinal0 [0x00007FF65694DB47+842567]\nE       \tOrdinal0 [0x00007FF65694F018+847896]\nE       \tMicrosoft::Applications::Events::EventProperty::to_string [0x00007FF656ADF1C8+827304]\nE       \tMicrosoft::Applications::Events::EventProperty::EventProperty [0x00007FF656BC9389+34681]\nE       \tMicrosoft::Applications::Events::EventProperty::EventProperty [0x00007FF656BCC562+47442]\nE       \tMicrosoft::Applications::Events::EventProperty::to_string [0x00007FF656A1C6D6+29878]\nE       \tMicrosoft::Applications::Events::time_ticks_t::time_ticks_t [0x00007FF656E15971+544449]\nE       \tMicrosoft::Applications::Events::time_ticks_t::time_ticks_t [0x00007FF656E1A974+564932]\nE       \tMicrosoft::Applications::Events::time_ticks_t::time_ticks_t [0x00007FF656E1AACD+565277]\nE       \tMicrosoft::Applications::Events::time_ticks_t::time_ticks_t [0x00007FF656E248BE+605710]\nE       \tBaseThreadInitThunk [0x00007FFB3F2854E0+16]\nE       \tRtlUserThreadStart [0x00007FFB4090485B+43]\n\nD:\\python\\lib\\site-packages\\selenium\\webdriver\\remote\\errorhandler.py:247: SessionNotCreatedException",
  "flaky" : false,
  "newFailed" : false,
  "newBroken" : true,
  "newPassed" : false,
  "retriesCount" : 0,
  "retriesStatusChange" : false,
  "beforeStages" : [ {
    "name" : "driver",
    "time" : {
      "start" : 1651737471434,
      "stop" : 1651737473198,
      "duration" : 1764
    },
    "status" : "passed",
    "steps" : [ ],
    "attachments" : [ ],
    "parameters" : [ ],
    "attachmentsCount" : 0,
    "shouldDisplayMessage" : false,
    "stepsCount" : 0,
    "hasContent" : false
  }, {
    "name" : "_Class__pytest_setup_class",
    "time" : {
      "start" : 1651737473198,
      "stop" : 1651737473199,
      "duration" : 1
    },
    "status" : "passed",
    "steps" : [ ],
    "attachments" : [ ],
    "parameters" : [ ],
    "attachmentsCount" : 0,
    "shouldDisplayMessage" : false,
    "stepsCount" : 0,
    "hasContent" : false
  } ],
  "testStage" : {
    "status" : "broken",
    "statusMessage" : "selenium.common.exceptions.SessionNotCreatedException: Message: session not created: This version of MSEdgeDriver only supports MSEdge version 99\nCurrent browser version is 101.0.1210.32 with binary path C:\\Program Files (x86)\\Microsoft\\Edge\\Application\\msedge.exe\nStacktrace:\nBacktrace:\n\tMicrosoft::Applications::Events::EventProperties::unpack [0x00007FF656ED1922+25346]\n\tMicrosoft::Applications::Events::time_ticks_t::time_ticks_t [0x00007FF656E0E982+515794]\n\tOrdinal0 [0x00007FF656920BC5+658373]\n\tOrdinal0 [0x00007FF65694B5E0+832992]\n\tOrdinal0 [0x00007FF656946B7E+813950]\n\tOrdinal0 [0x00007FF6569424EE+795886]\n\tOrdinal0 [0x00007FF65697C366+1033062]\n\tOrdinal0 [0x00007FF656976A53+1010259]\n\tOrdinal0 [0x00007FF65694DB47+842567]\n\tOrdinal0 [0x00007FF65694F018+847896]\n\tMicrosoft::Applications::Events::EventProperty::to_string [0x00007FF656ADF1C8+827304]\n\tMicrosoft::Applications::Events::EventProperty::EventProperty [0x00007FF656BC9389+34681]\n\tMicrosoft::Applications::Events::EventProperty::EventProperty [0x00007FF656BCC562+47442]\n\tMicrosoft::Applications::Events::EventProperty::to_string [0x00007FF656A1C6D6+29878]\n\tMicrosoft::Applications::Events::time_ticks_t::time_ticks_t [0x00007FF656E15971+544449]\n\tMicrosoft::Applications::Events::time_ticks_t::time_ticks_t [0x00007FF656E1A974+564932]\n\tMicrosoft::Applications::Events::time_ticks_t::time_ticks_t [0x00007FF656E1AACD+565277]\n\tMicrosoft::Applications::Events::time_ticks_t::time_ticks_t [0x00007FF656E248BE+605710]\n\tBaseThreadInitThunk [0x00007FFB3F2854E0+16]\n\tRtlUserThreadStart [0x00007FFB4090485B+43]",
    "statusTrace" : "self = <test_main.Test_Main object at 0x0000019A42F175E0>\ndriver = <selenium.webdriver.chrome.webdriver.WebDriver (session=\"393be1dc5d8969509f153a9f15ae2e9e\")>\nParameter = {'assert_way': 'css selector=#app > div > div.global-header > div > div.menu-content > div.menu-right.flex > div:nth-c...span', 'case_no': '50', 'casename': '输入修改过的密码更改失败', 'data': 'useraccount=a979172251@163.com\\nnewpassword=a123456', ...}\n\n    @allure.feature('忘记密码')\n    @pytest.mark.parametrize('Parameter', case_infos['forget'], ids=casename_infos['forget'])\n    def test_forget_password(self,driver,Parameter):\n        allure.dynamic.title(Parameter['casename'])\n>       Forget_Password().forget_password(driver,Parameter)\n\ntest_main.py:45: \n_ _ _ _ _ _ _ _ _ _ _ _ _ _ _ _ _ _ _ _ _ _ _ _ _ _ _ _ _ _ _ _ _ _ _ _ _ _ _ _\n..\\mode\\forget_password.py:99: in forget_password\n    code = Get_Code().wangyi(username=userAccount, password='Qwe3541118', name='hydraulic', no=1)  # 获取验证码\n..\\mode\\get_code.py:57: in __init__\n    self.dr = webdriver.Edge()  # 打开另一个浏览器\nD:\\python\\lib\\site-packages\\selenium\\webdriver\\edge\\webdriver.py:62: in __init__\n    super(WebDriver, self).__init__(DesiredCapabilities.EDGE['browserName'], \"ms\",\nD:\\python\\lib\\site-packages\\selenium\\webdriver\\chromium\\webdriver.py:93: in __init__\n    RemoteWebDriver.__init__(\nD:\\python\\lib\\site-packages\\selenium\\webdriver\\remote\\webdriver.py:268: in __init__\n    self.start_session(capabilities, browser_profile)\nD:\\python\\lib\\site-packages\\selenium\\webdriver\\remote\\webdriver.py:359: in start_session\n    response = self.execute(Command.NEW_SESSION, parameters)\nD:\\python\\lib\\site-packages\\selenium\\webdriver\\remote\\webdriver.py:424: in execute\n    self.error_handler.check_response(response)\n_ _ _ _ _ _ _ _ _ _ _ _ _ _ _ _ _ _ _ _ _ _ _ _ _ _ _ _ _ _ _ _ _ _ _ _ _ _ _ _\n\nself = <selenium.webdriver.remote.errorhandler.ErrorHandler object at 0x0000019A4322AB80>\nresponse = {'status': 500, 'value': '{\"value\":{\"error\":\"session not created\",\"message\":\"session not created: This version of MSEd...E248BE+605710]\\\\n\\\\tBaseThreadInitThunk [0x00007FFB3F2854E0+16]\\\\n\\\\tRtlUserThreadStart [0x00007FFB4090485B+43]\\\\n\"}}'}\n\n    def check_response(self, response: Dict[str, Any]) -> None:\n        \"\"\"\n        Checks that a JSON response from the WebDriver does not have an error.\n    \n        :Args:\n         - response - The JSON response from the WebDriver server as a dictionary\n           object.\n    \n        :Raises: If the response contains an error message.\n        \"\"\"\n        status = response.get('status', None)\n        if not status or status == ErrorCode.SUCCESS:\n            return\n        value = None\n        message = response.get(\"message\", \"\")\n        screen: str = response.get(\"screen\", \"\")\n        stacktrace = None\n        if isinstance(status, int):\n            value_json = response.get('value', None)\n            if value_json and isinstance(value_json, str):\n                import json\n                try:\n                    value = json.loads(value_json)\n                    if len(value.keys()) == 1:\n                        value = value['value']\n                    status = value.get('error', None)\n                    if not status:\n                        status = value.get(\"status\", ErrorCode.UNKNOWN_ERROR)\n                        message = value.get(\"value\") or value.get(\"message\")\n                        if not isinstance(message, str):\n                            value = message\n                            message = message.get('message')\n                    else:\n                        message = value.get('message', None)\n                except ValueError:\n                    pass\n    \n        exception_class: Type[WebDriverException]\n        if status in ErrorCode.NO_SUCH_ELEMENT:\n            exception_class = NoSuchElementException\n        elif status in ErrorCode.NO_SUCH_FRAME:\n            exception_class = NoSuchFrameException\n        elif status in ErrorCode.NO_SUCH_SHADOW_ROOT:\n            exception_class = NoSuchShadowRootException\n        elif status in ErrorCode.NO_SUCH_WINDOW:\n            exception_class = NoSuchWindowException\n        elif status in ErrorCode.STALE_ELEMENT_REFERENCE:\n            exception_class = StaleElementReferenceException\n        elif status in ErrorCode.ELEMENT_NOT_VISIBLE:\n            exception_class = ElementNotVisibleException\n        elif status in ErrorCode.INVALID_ELEMENT_STATE:\n            exception_class = InvalidElementStateException\n        elif status in ErrorCode.INVALID_SELECTOR \\\n                or status in ErrorCode.INVALID_XPATH_SELECTOR \\\n                or status in ErrorCode.INVALID_XPATH_SELECTOR_RETURN_TYPER:\n            exception_class = InvalidSelectorException\n        elif status in ErrorCode.ELEMENT_IS_NOT_SELECTABLE:\n            exception_class = ElementNotSelectableException\n        elif status in ErrorCode.ELEMENT_NOT_INTERACTABLE:\n            exception_class = ElementNotInteractableException\n        elif status in ErrorCode.INVALID_COOKIE_DOMAIN:\n            exception_class = InvalidCookieDomainException\n        elif status in ErrorCode.UNABLE_TO_SET_COOKIE:\n            exception_class = UnableToSetCookieException\n        elif status in ErrorCode.TIMEOUT:\n            exception_class = TimeoutException\n        elif status in ErrorCode.SCRIPT_TIMEOUT:\n            exception_class = TimeoutException\n        elif status in ErrorCode.UNKNOWN_ERROR:\n            exception_class = WebDriverException\n        elif status in ErrorCode.UNEXPECTED_ALERT_OPEN:\n            exception_class = UnexpectedAlertPresentException\n        elif status in ErrorCode.NO_ALERT_OPEN:\n            exception_class = NoAlertPresentException\n        elif status in ErrorCode.IME_NOT_AVAILABLE:\n            exception_class = ImeNotAvailableException\n        elif status in ErrorCode.IME_ENGINE_ACTIVATION_FAILED:\n            exception_class = ImeActivationFailedException\n        elif status in ErrorCode.MOVE_TARGET_OUT_OF_BOUNDS:\n            exception_class = MoveTargetOutOfBoundsException\n        elif status in ErrorCode.JAVASCRIPT_ERROR:\n            exception_class = JavascriptException\n        elif status in ErrorCode.SESSION_NOT_CREATED:\n            exception_class = SessionNotCreatedException\n        elif status in ErrorCode.INVALID_ARGUMENT:\n            exception_class = InvalidArgumentException\n        elif status in ErrorCode.NO_SUCH_COOKIE:\n            exception_class = NoSuchCookieException\n        elif status in ErrorCode.UNABLE_TO_CAPTURE_SCREEN:\n            exception_class = ScreenshotException\n        elif status in ErrorCode.ELEMENT_CLICK_INTERCEPTED:\n            exception_class = ElementClickInterceptedException\n        elif status in ErrorCode.INSECURE_CERTIFICATE:\n            exception_class = InsecureCertificateException\n        elif status in ErrorCode.INVALID_COORDINATES:\n            exception_class = InvalidCoordinatesException\n        elif status in ErrorCode.INVALID_SESSION_ID:\n            exception_class = InvalidSessionIdException\n        elif status in ErrorCode.UNKNOWN_METHOD:\n            exception_class = UnknownMethodException\n        else:\n            exception_class = WebDriverException\n        if not value:\n            value = response['value']\n        if isinstance(value, str):\n            raise exception_class(value)\n        if message == \"\" and 'message' in value:\n            message = value['message']\n    \n        screen = None  # type: ignore[assignment]\n        if 'screen' in value:\n            screen = value['screen']\n    \n        stacktrace = None\n        st_value = value.get('stackTrace') or value.get('stacktrace')\n        if st_value:\n            if isinstance(st_value, str):\n                stacktrace = st_value.split('\\n')\n            else:\n                stacktrace = []\n                try:\n                    for frame in st_value:\n                        line = self._value_or_default(frame, 'lineNumber', '')\n                        file = self._value_or_default(frame, 'fileName', '<anonymous>')\n                        if line:\n                            file = \"%s:%s\" % (file, line)\n                        meth = self._value_or_default(frame, 'methodName', '<anonymous>')\n                        if 'className' in frame:\n                            meth = \"%s.%s\" % (frame['className'], meth)\n                        msg = \"    at %s (%s)\"\n                        msg = msg % (meth, file)\n                        stacktrace.append(msg)\n                except TypeError:\n                    pass\n        if exception_class == UnexpectedAlertPresentException:\n            alert_text = None\n            if 'data' in value:\n                alert_text = value['data'].get('text')\n            elif 'alert' in value:\n                alert_text = value['alert'].get('text')\n            raise exception_class(message, screen, stacktrace, alert_text)  # type: ignore[call-arg]  # mypy is not smart enough here\n>       raise exception_class(message, screen, stacktrace)\nE       selenium.common.exceptions.SessionNotCreatedException: Message: session not created: This version of MSEdgeDriver only supports MSEdge version 99\nE       Current browser version is 101.0.1210.32 with binary path C:\\Program Files (x86)\\Microsoft\\Edge\\Application\\msedge.exe\nE       Stacktrace:\nE       Backtrace:\nE       \tMicrosoft::Applications::Events::EventProperties::unpack [0x00007FF656ED1922+25346]\nE       \tMicrosoft::Applications::Events::time_ticks_t::time_ticks_t [0x00007FF656E0E982+515794]\nE       \tOrdinal0 [0x00007FF656920BC5+658373]\nE       \tOrdinal0 [0x00007FF65694B5E0+832992]\nE       \tOrdinal0 [0x00007FF656946B7E+813950]\nE       \tOrdinal0 [0x00007FF6569424EE+795886]\nE       \tOrdinal0 [0x00007FF65697C366+1033062]\nE       \tOrdinal0 [0x00007FF656976A53+1010259]\nE       \tOrdinal0 [0x00007FF65694DB47+842567]\nE       \tOrdinal0 [0x00007FF65694F018+847896]\nE       \tMicrosoft::Applications::Events::EventProperty::to_string [0x00007FF656ADF1C8+827304]\nE       \tMicrosoft::Applications::Events::EventProperty::EventProperty [0x00007FF656BC9389+34681]\nE       \tMicrosoft::Applications::Events::EventProperty::EventProperty [0x00007FF656BCC562+47442]\nE       \tMicrosoft::Applications::Events::EventProperty::to_string [0x00007FF656A1C6D6+29878]\nE       \tMicrosoft::Applications::Events::time_ticks_t::time_ticks_t [0x00007FF656E15971+544449]\nE       \tMicrosoft::Applications::Events::time_ticks_t::time_ticks_t [0x00007FF656E1A974+564932]\nE       \tMicrosoft::Applications::Events::time_ticks_t::time_ticks_t [0x00007FF656E1AACD+565277]\nE       \tMicrosoft::Applications::Events::time_ticks_t::time_ticks_t [0x00007FF656E248BE+605710]\nE       \tBaseThreadInitThunk [0x00007FFB3F2854E0+16]\nE       \tRtlUserThreadStart [0x00007FFB4090485B+43]\n\nD:\\python\\lib\\site-packages\\selenium\\webdriver\\remote\\errorhandler.py:247: SessionNotCreatedException",
    "steps" : [ {
      "name" : "添加失败截图...",
      "time" : {
        "start" : 1651738442658,
        "stop" : 1651738442799,
        "duration" : 141
      },
      "status" : "passed",
      "steps" : [ ],
      "attachments" : [ {
        "uid" : "d0131b8e3950cf1a",
        "name" : "失败截图",
        "source" : "d0131b8e3950cf1a.png",
        "type" : "image/png",
        "size" : 54931
      } ],
      "parameters" : [ ],
      "attachmentsCount" : 1,
      "shouldDisplayMessage" : false,
      "stepsCount" : 0,
      "hasContent" : true
    } ],
    "attachments" : [ {
      "uid" : "656ff054497f3753",
      "name" : "stdout",
      "source" : "656ff054497f3753.txt",
      "type" : "text/plain",
      "size" : 97
    } ],
    "parameters" : [ ],
    "attachmentsCount" : 2,
    "shouldDisplayMessage" : true,
    "stepsCount" : 1,
    "hasContent" : true
  },
  "afterStages" : [ {
    "name" : "_Class__pytest_setup_class::0",
    "time" : {
      "start" : 1651739721148,
      "stop" : 1651739721616,
      "duration" : 468
    },
    "status" : "passed",
    "steps" : [ ],
    "attachments" : [ ],
    "parameters" : [ ],
    "attachmentsCount" : 0,
    "shouldDisplayMessage" : false,
    "stepsCount" : 0,
    "hasContent" : false
  }, {
    "name" : "driver::0",
    "time" : {
      "start" : 1651739721619,
      "stop" : 1651739721619,
      "duration" : 0
    },
    "status" : "passed",
    "steps" : [ ],
    "attachments" : [ ],
    "parameters" : [ ],
    "attachmentsCount" : 0,
    "shouldDisplayMessage" : false,
    "stepsCount" : 0,
    "hasContent" : false
  } ],
  "labels" : [ {
    "name" : "feature",
    "value" : "忘记密码"
  }, {
    "name" : "suite",
    "value" : "test_main"
  }, {
    "name" : "subSuite",
    "value" : "Test_Main"
  }, {
    "name" : "host",
    "value" : "DESKTOP-NB3FDE0"
  }, {
    "name" : "thread",
    "value" : "23944-MainThread"
  }, {
    "name" : "framework",
    "value" : "pytest"
  }, {
    "name" : "language",
    "value" : "cpython3"
  }, {
    "name" : "package",
    "value" : "test_main"
  }, {
    "name" : "resultFormat",
    "value" : "allure2"
  } ],
  "parameters" : [ {
    "name" : "Parameter",
    "value" : "{'case_no': '50', 'casename': '输入修改过的密码更改失败', 'mode': '忘记密码', 'data': 'useraccount=a979172251@163.com\\nnewpassword=a123456', 'assert_way': 'css selector=#app > div > div.global-header > div > div.menu-content > div.menu-right.flex > div:nth-child(1) > span', 'result': 'Login'}"
  } ],
  "links" : [ ],
  "hidden" : false,
  "retry" : false,
  "extra" : {
    "severity" : "normal",
    "retries" : [ ],
    "categories" : [ {
      "name" : "Test defects",
      "matchedStatuses" : [ ],
      "flaky" : false
    } ],
    "history" : {
      "statistic" : {
        "failed" : 0,
        "broken" : 6,
        "skipped" : 0,
        "passed" : 6,
        "unknown" : 0,
        "total" : 12
      },
      "items" : [ {
        "uid" : "b540bb8ec7bee8d7",
        "reportUrl" : "http://localhost:8080/job/okmarts_ui_test/50/allure/#testresult/b540bb8ec7bee8d7",
        "status" : "passed",
        "time" : {
          "start" : 1651220262473,
          "stop" : 1651220315694,
          "duration" : 53221
        }
      }, {
        "uid" : "f2ebf3843baa278b",
        "reportUrl" : "http://localhost:8080/job/okmarts_ui_test/49/allure/#testresult/f2ebf3843baa278b",
        "status" : "passed",
        "time" : {
          "start" : 1651201491859,
          "stop" : 1651201540771,
          "duration" : 48912
        }
      }, {
        "uid" : "d57524c7579b7857",
        "reportUrl" : "http://localhost:8080/job/okmarts_ui_test/48/allure/#testresult/d57524c7579b7857",
        "status" : "broken",
        "statusDetails" : "selenium.common.exceptions.NoSuchElementException: Message: no such element: Unable to locate element: {\"method\":\"css selector\",\"selector\":\"#app > div > div.global-header > div > div.menu-content > div.menu-right.flex > div:nth-child(1)\"}\n  (Session info: MicrosoftEdge=100.0.1185.50)\nStacktrace:\nBacktrace:\n\tMicrosoft::Applications::Events::EventProperties::unpack [0x00007FF6CD461922+25346]\n\tMicrosoft::Applications::Events::time_ticks_t::time_ticks_t [0x00007FF6CD39E982+515794]\n\tOrdinal0 [0x00007FF6CCEB0BC5+658373]\n\tOrdinal0 [0x00007FF6CCEEB992+899474]\n\tOrdinal0 [0x00007FF6CCEEBC68+900200]\n\tOrdinal0 [0x00007FF6CCF1D937+1104183]\n\tOrdinal0 [0x00007FF6CCF06C7F+1010815]\n\tOrdinal0 [0x00007FF6CCF1B034+1093684]\n\tOrdinal0 [0x00007FF6CCF06A53+1010259]\n\tOrdinal0 [0x00007FF6CCEDDB47+842567]\n\tOrdinal0 [0x00007FF6CCEDF018+847896]\n\tMicrosoft::Applications::Events::EventProperty::to_string [0x00007FF6CD06F1C8+827304]\n\tMicrosoft::Applications::Events::EventProperty::EventProperty [0x00007FF6CD159389+34681]\n\tMicrosoft::Applications::Events::EventProperty::EventProperty [0x00007FF6CD15C562+47442]\n\tMicrosoft::Applications::Events::EventProperty::to_string [0x00007FF6CCFAC6D6+29878]\n\tMicrosoft::Applications::Events::time_ticks_t::time_ticks_t [0x00007FF6CD3A5971+544449]\n\tMicrosoft::Applications::Events::time_ticks_t::time_ticks_t [0x00007FF6CD3AA974+564932]\n\tMicrosoft::Applications::Events::time_ticks_t::time_ticks_t [0x00007FF6CD3AAACD+565277]\n\tMicrosoft::Applications::Events::time_ticks_t::time_ticks_t [0x00007FF6CD3B48BE+605710]\n\tBaseThreadInitThunk [0x00007FFB3F2854E0+16]\n\tRtlUserThreadStart [0x00007FFB4090485B+43]",
        "time" : {
          "start" : 1651195765327,
          "stop" : 1651195859570,
          "duration" : 94243
        }
      }, {
        "uid" : "34c693523a9590f9",
        "reportUrl" : "http://localhost:8080/job/okmarts_ui_test/47/allure/#testresult/34c693523a9590f9",
        "status" : "passed",
        "time" : {
          "start" : 1651052627011,
          "stop" : 1651052672039,
          "duration" : 45028
        }
      }, {
        "uid" : "4275f4f2d636cac3",
        "reportUrl" : "http://localhost:8080/job/okmarts_ui_test/46/allure/#testresult/4275f4f2d636cac3",
        "status" : "passed",
        "time" : {
          "start" : 1651037824664,
          "stop" : 1651037869890,
          "duration" : 45226
        }
      }, {
        "uid" : "c30bbb2369224fab",
        "reportUrl" : "http://localhost:8080/job/okmarts_ui_test/45/allure/#testresult/c30bbb2369224fab",
        "status" : "passed",
        "time" : {
          "start" : 1651033957103,
          "stop" : 1651033999843,
          "duration" : 42740
        }
      }, {
        "uid" : "5ca9cdba71e9e20d",
        "reportUrl" : "http://localhost:8080/job/okmarts_ui_test/43/allure/#testresult/5ca9cdba71e9e20d",
        "status" : "broken",
        "statusDetails" : "selenium.common.exceptions.TimeoutException: Message: \nStacktrace:\nBacktrace:\n\tOrdinal0 [0x00B27413+2389011]\n\tOrdinal0 [0x00AB9F61+1941345]\n\tOrdinal0 [0x009AC658+837208]\n\tOrdinal0 [0x009D91DD+1020381]\n\tOrdinal0 [0x009D949B+1021083]\n\tOrdinal0 [0x00A06032+1204274]\n\tOrdinal0 [0x009F4194+1130900]\n\tOrdinal0 [0x00A04302+1196802]\n\tOrdinal0 [0x009F3F66+1130342]\n\tOrdinal0 [0x009CE546+976198]\n\tOrdinal0 [0x009CF456+980054]\n\tGetHandleVerifier [0x00CD9632+1727522]\n\tGetHandleVerifier [0x00D8BA4D+2457661]\n\tGetHandleVerifier [0x00BBEB81+569713]\n\tGetHandleVerifier [0x00BBDD76+566118]\n\tOrdinal0 [0x00AC0B2B+1968939]\n\tOrdinal0 [0x00AC5988+1989000]\n\tOrdinal0 [0x00AC5A75+1989237]\n\tOrdinal0 [0x00ACECB1+2026673]\n\tBaseThreadInitThunk [0x75906739+25]\n\tRtlGetFullPathName_UEx [0x77408E7F+1215]\n\tRtlGetFullPathName_UEx [0x77408E4D+1165]",
        "time" : {
          "start" : 1651023122241,
          "stop" : 1651023223006,
          "duration" : 100765
        }
      }, {
        "uid" : "b92145af85dd0ef1",
        "reportUrl" : "http://localhost:8080/job/okmarts_ui_test/42/allure/#testresult/b92145af85dd0ef1",
        "status" : "broken",
        "statusDetails" : "selenium.common.exceptions.TimeoutException: Message: \nStacktrace:\nBacktrace:\n\tOrdinal0 [0x005E7413+2389011]\n\tOrdinal0 [0x00579F61+1941345]\n\tOrdinal0 [0x0046C658+837208]\n\tOrdinal0 [0x004991DD+1020381]\n\tOrdinal0 [0x0049949B+1021083]\n\tOrdinal0 [0x004C6032+1204274]\n\tOrdinal0 [0x004B4194+1130900]\n\tOrdinal0 [0x004C4302+1196802]\n\tOrdinal0 [0x004B3F66+1130342]\n\tOrdinal0 [0x0048E546+976198]\n\tOrdinal0 [0x0048F456+980054]\n\tGetHandleVerifier [0x00799632+1727522]\n\tGetHandleVerifier [0x0084BA4D+2457661]\n\tGetHandleVerifier [0x0067EB81+569713]\n\tGetHandleVerifier [0x0067DD76+566118]\n\tOrdinal0 [0x00580B2B+1968939]\n\tOrdinal0 [0x00585988+1989000]\n\tOrdinal0 [0x00585A75+1989237]\n\tOrdinal0 [0x0058ECB1+2026673]\n\tBaseThreadInitThunk [0x75906739+25]\n\tRtlGetFullPathName_UEx [0x77408E7F+1215]\n\tRtlGetFullPathName_UEx [0x77408E4D+1165]",
        "time" : {
          "start" : 1650961313682,
          "stop" : 1650961415993,
          "duration" : 102311
        }
      }, {
        "uid" : "281af6fa3e24fe13",
        "reportUrl" : "http://localhost:8080/job/okmarts_ui_test/41/allure/#testresult/281af6fa3e24fe13",
        "status" : "broken",
        "statusDetails" : "selenium.common.exceptions.NoSuchElementException: Message: no such element: Unable to locate element: {\"method\":\"css selector\",\"selector\":\"[id=\"_mail_component_147_147\"]\"}\n  (Session info: MicrosoftEdge=100.0.1185.50)\nStacktrace:\nBacktrace:\n\tMicrosoft::Applications::Events::EventProperties::unpack [0x00007FF604A71922+25346]\n\tMicrosoft::Applications::Events::time_ticks_t::time_ticks_t [0x00007FF6049AE982+515794]\n\tOrdinal0 [0x00007FF6044C0BC5+658373]\n\tOrdinal0 [0x00007FF6044FB992+899474]\n\tOrdinal0 [0x00007FF6044FBC68+900200]\n\tOrdinal0 [0x00007FF60452D937+1104183]\n\tOrdinal0 [0x00007FF604516C7F+1010815]\n\tOrdinal0 [0x00007FF60452B034+1093684]\n\tOrdinal0 [0x00007FF604516A53+1010259]\n\tOrdinal0 [0x00007FF6044EDB47+842567]\n\tOrdinal0 [0x00007FF6044EF018+847896]\n\tMicrosoft::Applications::Events::EventProperty::to_string [0x00007FF60467F1C8+827304]\n\tMicrosoft::Applications::Events::EventProperty::EventProperty [0x00007FF604769389+34681]\n\tMicrosoft::Applications::Events::EventProperty::EventProperty [0x00007FF60476C562+47442]\n\tMicrosoft::Applications::Events::EventProperty::to_string [0x00007FF6045BC6D6+29878]\n\tMicrosoft::Applications::Events::time_ticks_t::time_ticks_t [0x00007FF6049B5971+544449]\n\tMicrosoft::Applications::Events::time_ticks_t::time_ticks_t [0x00007FF6049BA974+564932]\n\tMicrosoft::Applications::Events::time_ticks_t::time_ticks_t [0x00007FF6049BAACD+565277]\n\tMicrosoft::Applications::Events::time_ticks_t::time_ticks_t [0x00007FF6049C48BE+605710]\n\tBaseThreadInitThunk [0x00007FFB3F2854E0+16]\n\tRtlUserThreadStart [0x00007FFB4090485B+43]",
        "time" : {
          "start" : 1650957929077,
          "stop" : 1650958005870,
          "duration" : 76793
        }
      }, {
        "uid" : "8a7a42b1b8c17d58",
        "reportUrl" : "http://localhost:8080/job/okmarts_ui_test/40/allure/#testresult/8a7a42b1b8c17d58",
        "status" : "passed",
        "time" : {
          "start" : 1650951899357,
          "stop" : 1650951943589,
          "duration" : 44232
        }
      }, {
        "uid" : "1a45a66410e3022",
        "reportUrl" : "http://localhost:8080/job/okmarts_ui_test/39/allure/#testresult/1a45a66410e3022",
        "status" : "broken",
        "statusDetails" : "selenium.common.exceptions.NoSuchElementException: Message: no such element: Unable to locate element: {\"method\":\"css selector\",\"selector\":\"[id=\"_mail_component_147_147\"]\"}\n  (Session info: MicrosoftEdge=100.0.1185.50)\nStacktrace:\nBacktrace:\n\tMicrosoft::Applications::Events::EventProperties::unpack [0x00007FF6F0401922+25346]\n\tMicrosoft::Applications::Events::time_ticks_t::time_ticks_t [0x00007FF6F033E982+515794]\n\tOrdinal0 [0x00007FF6EFE50BC5+658373]\n\tOrdinal0 [0x00007FF6EFE8B992+899474]\n\tOrdinal0 [0x00007FF6EFE8BC68+900200]\n\tOrdinal0 [0x00007FF6EFEBD937+1104183]\n\tOrdinal0 [0x00007FF6EFEA6C7F+1010815]\n\tOrdinal0 [0x00007FF6EFEBB034+1093684]\n\tOrdinal0 [0x00007FF6EFEA6A53+1010259]\n\tOrdinal0 [0x00007FF6EFE7DB47+842567]\n\tOrdinal0 [0x00007FF6EFE7F018+847896]\n\tMicrosoft::Applications::Events::EventProperty::to_string [0x00007FF6F000F1C8+827304]\n\tMicrosoft::Applications::Events::EventProperty::EventProperty [0x00007FF6F00F9389+34681]\n\tMicrosoft::Applications::Events::EventProperty::EventProperty [0x00007FF6F00FC562+47442]\n\tMicrosoft::Applications::Events::EventProperty::to_string [0x00007FF6EFF4C6D6+29878]\n\tMicrosoft::Applications::Events::time_ticks_t::time_ticks_t [0x00007FF6F0345971+544449]\n\tMicrosoft::Applications::Events::time_ticks_t::time_ticks_t [0x00007FF6F034A974+564932]\n\tMicrosoft::Applications::Events::time_ticks_t::time_ticks_t [0x00007FF6F034AACD+565277]\n\tMicrosoft::Applications::Events::time_ticks_t::time_ticks_t [0x00007FF6F03548BE+605710]\n\tBaseThreadInitThunk [0x00007FFB3F2854E0+16]\n\tRtlUserThreadStart [0x00007FFB4090485B+43]",
        "time" : {
          "start" : 1650936314891,
          "stop" : 1650936391307,
          "duration" : 76416
        }
      } ]
    },
    "tags" : [ ]
  },
  "source" : "53eb97604e6dc6.json",
  "parameterValues" : [ "{'case_no': '50', 'casename': '输入修改过的密码更改失败', 'mode': '忘记密码', 'data': 'useraccount=a979172251@163.com\\nnewpassword=a123456', 'assert_way': 'css selector=#app > div > div.global-header > div > div.menu-content > div.menu-right.flex > div:nth-child(1) > span', 'result': 'Login'}" ]
}