{
  "uid" : "5d27397020375f93",
  "name" : "领取优惠卷回退页面再次领取失败",
  "fullName" : "test_main.Test_Main#test_regist",
  "historyId" : "8b85d62c1f3c1e7f48e41fe32251ac52",
  "time" : {
    "start" : 1650935529154,
    "stop" : 1650935576944,
    "duration" : 47790
  },
  "status" : "broken",
  "statusMessage" : "selenium.common.exceptions.NoSuchElementException: Message: no such element: Unable to locate element: {\"method\":\"css selector\",\"selector\":\"#app > div > div.global-header > div > div.menu-content > div.menu-right.flex > div:nth-child(1) > span > p\"}\n  (Session info: chrome=100.0.4896.127)\nStacktrace:\nBacktrace:\n\tOrdinal0 [0x00F27413+2389011]\n\tOrdinal0 [0x00EB9F61+1941345]\n\tOrdinal0 [0x00DAC658+837208]\n\tOrdinal0 [0x00DD91DD+1020381]\n\tOrdinal0 [0x00DD949B+1021083]\n\tOrdinal0 [0x00E06032+1204274]\n\tOrdinal0 [0x00DF4194+1130900]\n\tOrdinal0 [0x00E04302+1196802]\n\tOrdinal0 [0x00DF3F66+1130342]\n\tOrdinal0 [0x00DCE546+976198]\n\tOrdinal0 [0x00DCF456+980054]\n\tGetHandleVerifier [0x010D9632+1727522]\n\tGetHandleVerifier [0x0118BA4D+2457661]\n\tGetHandleVerifier [0x00FBEB81+569713]\n\tGetHandleVerifier [0x00FBDD76+566118]\n\tOrdinal0 [0x00EC0B2B+1968939]\n\tOrdinal0 [0x00EC5988+1989000]\n\tOrdinal0 [0x00EC5A75+1989237]\n\tOrdinal0 [0x00ECECB1+2026673]\n\tBaseThreadInitThunk [0x75906739+25]\n\tRtlGetFullPathName_UEx [0x77408E7F+1215]\n\tRtlGetFullPathName_UEx [0x77408E4D+1165]",
  "statusTrace" : "self = <test_main.Test_Main object at 0x000001C483C5B1F0>\nParameter = {'assert_way': 'xpath=/html/body/div[1]/div/div[2]/div[2]/div/div[1]/div[1]/div/p', 'case_no': '33', 'casename': '领取优惠卷回退页面再次领取失败', 'data': 'useraccount=a883774917@163.com\\npassword=a123456', ...}\ndriver = <selenium.webdriver.chrome.webdriver.WebDriver (session=\"226d56cace6127b393c0d9ae04f993e7\")>\n\n    @allure.feature('注册')\n    @pytest.mark.parametrize('Parameter', case_infos['registe'], ids=casename_infos['registe'])\n    def test_regist(self, Parameter, driver):\n        allure.dynamic.title(Parameter['casename'])  # 测试用例名称\n>       Regist().regist(Parameter, driver)\n\ntest_main.py:34: \n_ _ _ _ _ _ _ _ _ _ _ _ _ _ _ _ _ _ _ _ _ _ _ _ _ _ _ _ _ _ _ _ _ _ _ _ _ _ _ _\n..\\mode\\register.py:119: in regist\n    driver.find_element(by='css selector', value='#app > div > div.global-header > div > div.menu-content > div.menu-right.flex > div:nth-child(1) > span > p').click()\nD:\\python\\lib\\site-packages\\selenium\\webdriver\\remote\\webdriver.py:1244: in find_element\n    return self.execute(Command.FIND_ELEMENT, {\nD:\\python\\lib\\site-packages\\selenium\\webdriver\\remote\\webdriver.py:424: in execute\n    self.error_handler.check_response(response)\n_ _ _ _ _ _ _ _ _ _ _ _ _ _ _ _ _ _ _ _ _ _ _ _ _ _ _ _ _ _ _ _ _ _ _ _ _ _ _ _\n\nself = <selenium.webdriver.remote.errorhandler.ErrorHandler object at 0x000001C4839F9CD0>\nresponse = {'status': 404, 'value': '{\"value\":{\"error\":\"no such element\",\"message\":\"no such element: Unable to locate element: {\\...unk [0x75906739+25]\\\\n\\\\tRtlGetFullPathName_UEx [0x77408E7F+1215]\\\\n\\\\tRtlGetFullPathName_UEx [0x77408E4D+1165]\\\\n\"}}'}\n\n    def check_response(self, response: Dict[str, Any]) -> None:\n        \"\"\"\n        Checks that a JSON response from the WebDriver does not have an error.\n    \n        :Args:\n         - response - The JSON response from the WebDriver server as a dictionary\n           object.\n    \n        :Raises: If the response contains an error message.\n        \"\"\"\n        status = response.get('status', None)\n        if not status or status == ErrorCode.SUCCESS:\n            return\n        value = None\n        message = response.get(\"message\", \"\")\n        screen: str = response.get(\"screen\", \"\")\n        stacktrace = None\n        if isinstance(status, int):\n            value_json = response.get('value', None)\n            if value_json and isinstance(value_json, str):\n                import json\n                try:\n                    value = json.loads(value_json)\n                    if len(value.keys()) == 1:\n                        value = value['value']\n                    status = value.get('error', None)\n                    if not status:\n                        status = value.get(\"status\", ErrorCode.UNKNOWN_ERROR)\n                        message = value.get(\"value\") or value.get(\"message\")\n                        if not isinstance(message, str):\n                            value = message\n                            message = message.get('message')\n                    else:\n                        message = value.get('message', None)\n                except ValueError:\n                    pass\n    \n        exception_class: Type[WebDriverException]\n        if status in ErrorCode.NO_SUCH_ELEMENT:\n            exception_class = NoSuchElementException\n        elif status in ErrorCode.NO_SUCH_FRAME:\n            exception_class = NoSuchFrameException\n        elif status in ErrorCode.NO_SUCH_SHADOW_ROOT:\n            exception_class = NoSuchShadowRootException\n        elif status in ErrorCode.NO_SUCH_WINDOW:\n            exception_class = NoSuchWindowException\n        elif status in ErrorCode.STALE_ELEMENT_REFERENCE:\n            exception_class = StaleElementReferenceException\n        elif status in ErrorCode.ELEMENT_NOT_VISIBLE:\n            exception_class = ElementNotVisibleException\n        elif status in ErrorCode.INVALID_ELEMENT_STATE:\n            exception_class = InvalidElementStateException\n        elif status in ErrorCode.INVALID_SELECTOR \\\n                or status in ErrorCode.INVALID_XPATH_SELECTOR \\\n                or status in ErrorCode.INVALID_XPATH_SELECTOR_RETURN_TYPER:\n            exception_class = InvalidSelectorException\n        elif status in ErrorCode.ELEMENT_IS_NOT_SELECTABLE:\n            exception_class = ElementNotSelectableException\n        elif status in ErrorCode.ELEMENT_NOT_INTERACTABLE:\n            exception_class = ElementNotInteractableException\n        elif status in ErrorCode.INVALID_COOKIE_DOMAIN:\n            exception_class = InvalidCookieDomainException\n        elif status in ErrorCode.UNABLE_TO_SET_COOKIE:\n            exception_class = UnableToSetCookieException\n        elif status in ErrorCode.TIMEOUT:\n            exception_class = TimeoutException\n        elif status in ErrorCode.SCRIPT_TIMEOUT:\n            exception_class = TimeoutException\n        elif status in ErrorCode.UNKNOWN_ERROR:\n            exception_class = WebDriverException\n        elif status in ErrorCode.UNEXPECTED_ALERT_OPEN:\n            exception_class = UnexpectedAlertPresentException\n        elif status in ErrorCode.NO_ALERT_OPEN:\n            exception_class = NoAlertPresentException\n        elif status in ErrorCode.IME_NOT_AVAILABLE:\n            exception_class = ImeNotAvailableException\n        elif status in ErrorCode.IME_ENGINE_ACTIVATION_FAILED:\n            exception_class = ImeActivationFailedException\n        elif status in ErrorCode.MOVE_TARGET_OUT_OF_BOUNDS:\n            exception_class = MoveTargetOutOfBoundsException\n        elif status in ErrorCode.JAVASCRIPT_ERROR:\n            exception_class = JavascriptException\n        elif status in ErrorCode.SESSION_NOT_CREATED:\n            exception_class = SessionNotCreatedException\n        elif status in ErrorCode.INVALID_ARGUMENT:\n            exception_class = InvalidArgumentException\n        elif status in ErrorCode.NO_SUCH_COOKIE:\n            exception_class = NoSuchCookieException\n        elif status in ErrorCode.UNABLE_TO_CAPTURE_SCREEN:\n            exception_class = ScreenshotException\n        elif status in ErrorCode.ELEMENT_CLICK_INTERCEPTED:\n            exception_class = ElementClickInterceptedException\n        elif status in ErrorCode.INSECURE_CERTIFICATE:\n            exception_class = InsecureCertificateException\n        elif status in ErrorCode.INVALID_COORDINATES:\n            exception_class = InvalidCoordinatesException\n        elif status in ErrorCode.INVALID_SESSION_ID:\n            exception_class = InvalidSessionIdException\n        elif status in ErrorCode.UNKNOWN_METHOD:\n            exception_class = UnknownMethodException\n        else:\n            exception_class = WebDriverException\n        if not value:\n            value = response['value']\n        if isinstance(value, str):\n            raise exception_class(value)\n        if message == \"\" and 'message' in value:\n            message = value['message']\n    \n        screen = None  # type: ignore[assignment]\n        if 'screen' in value:\n            screen = value['screen']\n    \n        stacktrace = None\n        st_value = value.get('stackTrace') or value.get('stacktrace')\n        if st_value:\n            if isinstance(st_value, str):\n                stacktrace = st_value.split('\\n')\n            else:\n                stacktrace = []\n                try:\n                    for frame in st_value:\n                        line = self._value_or_default(frame, 'lineNumber', '')\n                        file = self._value_or_default(frame, 'fileName', '<anonymous>')\n                        if line:\n                            file = \"%s:%s\" % (file, line)\n                        meth = self._value_or_default(frame, 'methodName', '<anonymous>')\n                        if 'className' in frame:\n                            meth = \"%s.%s\" % (frame['className'], meth)\n                        msg = \"    at %s (%s)\"\n                        msg = msg % (meth, file)\n                        stacktrace.append(msg)\n                except TypeError:\n                    pass\n        if exception_class == UnexpectedAlertPresentException:\n            alert_text = None\n            if 'data' in value:\n                alert_text = value['data'].get('text')\n            elif 'alert' in value:\n                alert_text = value['alert'].get('text')\n            raise exception_class(message, screen, stacktrace, alert_text)  # type: ignore[call-arg]  # mypy is not smart enough here\n>       raise exception_class(message, screen, stacktrace)\nE       selenium.common.exceptions.NoSuchElementException: Message: no such element: Unable to locate element: {\"method\":\"css selector\",\"selector\":\"#app > div > div.global-header > div > div.menu-content > div.menu-right.flex > div:nth-child(1) > span > p\"}\nE         (Session info: chrome=100.0.4896.127)\nE       Stacktrace:\nE       Backtrace:\nE       \tOrdinal0 [0x00F27413+2389011]\nE       \tOrdinal0 [0x00EB9F61+1941345]\nE       \tOrdinal0 [0x00DAC658+837208]\nE       \tOrdinal0 [0x00DD91DD+1020381]\nE       \tOrdinal0 [0x00DD949B+1021083]\nE       \tOrdinal0 [0x00E06032+1204274]\nE       \tOrdinal0 [0x00DF4194+1130900]\nE       \tOrdinal0 [0x00E04302+1196802]\nE       \tOrdinal0 [0x00DF3F66+1130342]\nE       \tOrdinal0 [0x00DCE546+976198]\nE       \tOrdinal0 [0x00DCF456+980054]\nE       \tGetHandleVerifier [0x010D9632+1727522]\nE       \tGetHandleVerifier [0x0118BA4D+2457661]\nE       \tGetHandleVerifier [0x00FBEB81+569713]\nE       \tGetHandleVerifier [0x00FBDD76+566118]\nE       \tOrdinal0 [0x00EC0B2B+1968939]\nE       \tOrdinal0 [0x00EC5988+1989000]\nE       \tOrdinal0 [0x00EC5A75+1989237]\nE       \tOrdinal0 [0x00ECECB1+2026673]\nE       \tBaseThreadInitThunk [0x75906739+25]\nE       \tRtlGetFullPathName_UEx [0x77408E7F+1215]\nE       \tRtlGetFullPathName_UEx [0x77408E4D+1165]\n\nD:\\python\\lib\\site-packages\\selenium\\webdriver\\remote\\errorhandler.py:247: NoSuchElementException",
  "flaky" : false,
  "newFailed" : false,
  "newBroken" : false,
  "newPassed" : false,
  "retriesCount" : 0,
  "retriesStatusChange" : false,
  "beforeStages" : [ {
    "name" : "driver",
    "time" : {
      "start" : 1650934635879,
      "stop" : 1650934638069,
      "duration" : 2190
    },
    "status" : "passed",
    "steps" : [ ],
    "attachments" : [ ],
    "parameters" : [ ],
    "hasContent" : false,
    "stepsCount" : 0,
    "shouldDisplayMessage" : false,
    "attachmentsCount" : 0
  }, {
    "name" : "_Class__pytest_setup_class",
    "time" : {
      "start" : 1650934638069,
      "stop" : 1650934638069,
      "duration" : 0
    },
    "status" : "passed",
    "steps" : [ ],
    "attachments" : [ ],
    "parameters" : [ ],
    "hasContent" : false,
    "stepsCount" : 0,
    "shouldDisplayMessage" : false,
    "attachmentsCount" : 0
  } ],
  "testStage" : {
    "status" : "broken",
    "statusMessage" : "selenium.common.exceptions.NoSuchElementException: Message: no such element: Unable to locate element: {\"method\":\"css selector\",\"selector\":\"#app > div > div.global-header > div > div.menu-content > div.menu-right.flex > div:nth-child(1) > span > p\"}\n  (Session info: chrome=100.0.4896.127)\nStacktrace:\nBacktrace:\n\tOrdinal0 [0x00F27413+2389011]\n\tOrdinal0 [0x00EB9F61+1941345]\n\tOrdinal0 [0x00DAC658+837208]\n\tOrdinal0 [0x00DD91DD+1020381]\n\tOrdinal0 [0x00DD949B+1021083]\n\tOrdinal0 [0x00E06032+1204274]\n\tOrdinal0 [0x00DF4194+1130900]\n\tOrdinal0 [0x00E04302+1196802]\n\tOrdinal0 [0x00DF3F66+1130342]\n\tOrdinal0 [0x00DCE546+976198]\n\tOrdinal0 [0x00DCF456+980054]\n\tGetHandleVerifier [0x010D9632+1727522]\n\tGetHandleVerifier [0x0118BA4D+2457661]\n\tGetHandleVerifier [0x00FBEB81+569713]\n\tGetHandleVerifier [0x00FBDD76+566118]\n\tOrdinal0 [0x00EC0B2B+1968939]\n\tOrdinal0 [0x00EC5988+1989000]\n\tOrdinal0 [0x00EC5A75+1989237]\n\tOrdinal0 [0x00ECECB1+2026673]\n\tBaseThreadInitThunk [0x75906739+25]\n\tRtlGetFullPathName_UEx [0x77408E7F+1215]\n\tRtlGetFullPathName_UEx [0x77408E4D+1165]",
    "statusTrace" : "self = <test_main.Test_Main object at 0x000001C483C5B1F0>\nParameter = {'assert_way': 'xpath=/html/body/div[1]/div/div[2]/div[2]/div/div[1]/div[1]/div/p', 'case_no': '33', 'casename': '领取优惠卷回退页面再次领取失败', 'data': 'useraccount=a883774917@163.com\\npassword=a123456', ...}\ndriver = <selenium.webdriver.chrome.webdriver.WebDriver (session=\"226d56cace6127b393c0d9ae04f993e7\")>\n\n    @allure.feature('注册')\n    @pytest.mark.parametrize('Parameter', case_infos['registe'], ids=casename_infos['registe'])\n    def test_regist(self, Parameter, driver):\n        allure.dynamic.title(Parameter['casename'])  # 测试用例名称\n>       Regist().regist(Parameter, driver)\n\ntest_main.py:34: \n_ _ _ _ _ _ _ _ _ _ _ _ _ _ _ _ _ _ _ _ _ _ _ _ _ _ _ _ _ _ _ _ _ _ _ _ _ _ _ _\n..\\mode\\register.py:119: in regist\n    driver.find_element(by='css selector', value='#app > div > div.global-header > div > div.menu-content > div.menu-right.flex > div:nth-child(1) > span > p').click()\nD:\\python\\lib\\site-packages\\selenium\\webdriver\\remote\\webdriver.py:1244: in find_element\n    return self.execute(Command.FIND_ELEMENT, {\nD:\\python\\lib\\site-packages\\selenium\\webdriver\\remote\\webdriver.py:424: in execute\n    self.error_handler.check_response(response)\n_ _ _ _ _ _ _ _ _ _ _ _ _ _ _ _ _ _ _ _ _ _ _ _ _ _ _ _ _ _ _ _ _ _ _ _ _ _ _ _\n\nself = <selenium.webdriver.remote.errorhandler.ErrorHandler object at 0x000001C4839F9CD0>\nresponse = {'status': 404, 'value': '{\"value\":{\"error\":\"no such element\",\"message\":\"no such element: Unable to locate element: {\\...unk [0x75906739+25]\\\\n\\\\tRtlGetFullPathName_UEx [0x77408E7F+1215]\\\\n\\\\tRtlGetFullPathName_UEx [0x77408E4D+1165]\\\\n\"}}'}\n\n    def check_response(self, response: Dict[str, Any]) -> None:\n        \"\"\"\n        Checks that a JSON response from the WebDriver does not have an error.\n    \n        :Args:\n         - response - The JSON response from the WebDriver server as a dictionary\n           object.\n    \n        :Raises: If the response contains an error message.\n        \"\"\"\n        status = response.get('status', None)\n        if not status or status == ErrorCode.SUCCESS:\n            return\n        value = None\n        message = response.get(\"message\", \"\")\n        screen: str = response.get(\"screen\", \"\")\n        stacktrace = None\n        if isinstance(status, int):\n            value_json = response.get('value', None)\n            if value_json and isinstance(value_json, str):\n                import json\n                try:\n                    value = json.loads(value_json)\n                    if len(value.keys()) == 1:\n                        value = value['value']\n                    status = value.get('error', None)\n                    if not status:\n                        status = value.get(\"status\", ErrorCode.UNKNOWN_ERROR)\n                        message = value.get(\"value\") or value.get(\"message\")\n                        if not isinstance(message, str):\n                            value = message\n                            message = message.get('message')\n                    else:\n                        message = value.get('message', None)\n                except ValueError:\n                    pass\n    \n        exception_class: Type[WebDriverException]\n        if status in ErrorCode.NO_SUCH_ELEMENT:\n            exception_class = NoSuchElementException\n        elif status in ErrorCode.NO_SUCH_FRAME:\n            exception_class = NoSuchFrameException\n        elif status in ErrorCode.NO_SUCH_SHADOW_ROOT:\n            exception_class = NoSuchShadowRootException\n        elif status in ErrorCode.NO_SUCH_WINDOW:\n            exception_class = NoSuchWindowException\n        elif status in ErrorCode.STALE_ELEMENT_REFERENCE:\n            exception_class = StaleElementReferenceException\n        elif status in ErrorCode.ELEMENT_NOT_VISIBLE:\n            exception_class = ElementNotVisibleException\n        elif status in ErrorCode.INVALID_ELEMENT_STATE:\n            exception_class = InvalidElementStateException\n        elif status in ErrorCode.INVALID_SELECTOR \\\n                or status in ErrorCode.INVALID_XPATH_SELECTOR \\\n                or status in ErrorCode.INVALID_XPATH_SELECTOR_RETURN_TYPER:\n            exception_class = InvalidSelectorException\n        elif status in ErrorCode.ELEMENT_IS_NOT_SELECTABLE:\n            exception_class = ElementNotSelectableException\n        elif status in ErrorCode.ELEMENT_NOT_INTERACTABLE:\n            exception_class = ElementNotInteractableException\n        elif status in ErrorCode.INVALID_COOKIE_DOMAIN:\n            exception_class = InvalidCookieDomainException\n        elif status in ErrorCode.UNABLE_TO_SET_COOKIE:\n            exception_class = UnableToSetCookieException\n        elif status in ErrorCode.TIMEOUT:\n            exception_class = TimeoutException\n        elif status in ErrorCode.SCRIPT_TIMEOUT:\n            exception_class = TimeoutException\n        elif status in ErrorCode.UNKNOWN_ERROR:\n            exception_class = WebDriverException\n        elif status in ErrorCode.UNEXPECTED_ALERT_OPEN:\n            exception_class = UnexpectedAlertPresentException\n        elif status in ErrorCode.NO_ALERT_OPEN:\n            exception_class = NoAlertPresentException\n        elif status in ErrorCode.IME_NOT_AVAILABLE:\n            exception_class = ImeNotAvailableException\n        elif status in ErrorCode.IME_ENGINE_ACTIVATION_FAILED:\n            exception_class = ImeActivationFailedException\n        elif status in ErrorCode.MOVE_TARGET_OUT_OF_BOUNDS:\n            exception_class = MoveTargetOutOfBoundsException\n        elif status in ErrorCode.JAVASCRIPT_ERROR:\n            exception_class = JavascriptException\n        elif status in ErrorCode.SESSION_NOT_CREATED:\n            exception_class = SessionNotCreatedException\n        elif status in ErrorCode.INVALID_ARGUMENT:\n            exception_class = InvalidArgumentException\n        elif status in ErrorCode.NO_SUCH_COOKIE:\n            exception_class = NoSuchCookieException\n        elif status in ErrorCode.UNABLE_TO_CAPTURE_SCREEN:\n            exception_class = ScreenshotException\n        elif status in ErrorCode.ELEMENT_CLICK_INTERCEPTED:\n            exception_class = ElementClickInterceptedException\n        elif status in ErrorCode.INSECURE_CERTIFICATE:\n            exception_class = InsecureCertificateException\n        elif status in ErrorCode.INVALID_COORDINATES:\n            exception_class = InvalidCoordinatesException\n        elif status in ErrorCode.INVALID_SESSION_ID:\n            exception_class = InvalidSessionIdException\n        elif status in ErrorCode.UNKNOWN_METHOD:\n            exception_class = UnknownMethodException\n        else:\n            exception_class = WebDriverException\n        if not value:\n            value = response['value']\n        if isinstance(value, str):\n            raise exception_class(value)\n        if message == \"\" and 'message' in value:\n            message = value['message']\n    \n        screen = None  # type: ignore[assignment]\n        if 'screen' in value:\n            screen = value['screen']\n    \n        stacktrace = None\n        st_value = value.get('stackTrace') or value.get('stacktrace')\n        if st_value:\n            if isinstance(st_value, str):\n                stacktrace = st_value.split('\\n')\n            else:\n                stacktrace = []\n                try:\n                    for frame in st_value:\n                        line = self._value_or_default(frame, 'lineNumber', '')\n                        file = self._value_or_default(frame, 'fileName', '<anonymous>')\n                        if line:\n                            file = \"%s:%s\" % (file, line)\n                        meth = self._value_or_default(frame, 'methodName', '<anonymous>')\n                        if 'className' in frame:\n                            meth = \"%s.%s\" % (frame['className'], meth)\n                        msg = \"    at %s (%s)\"\n                        msg = msg % (meth, file)\n                        stacktrace.append(msg)\n                except TypeError:\n                    pass\n        if exception_class == UnexpectedAlertPresentException:\n            alert_text = None\n            if 'data' in value:\n                alert_text = value['data'].get('text')\n            elif 'alert' in value:\n                alert_text = value['alert'].get('text')\n            raise exception_class(message, screen, stacktrace, alert_text)  # type: ignore[call-arg]  # mypy is not smart enough here\n>       raise exception_class(message, screen, stacktrace)\nE       selenium.common.exceptions.NoSuchElementException: Message: no such element: Unable to locate element: {\"method\":\"css selector\",\"selector\":\"#app > div > div.global-header > div > div.menu-content > div.menu-right.flex > div:nth-child(1) > span > p\"}\nE         (Session info: chrome=100.0.4896.127)\nE       Stacktrace:\nE       Backtrace:\nE       \tOrdinal0 [0x00F27413+2389011]\nE       \tOrdinal0 [0x00EB9F61+1941345]\nE       \tOrdinal0 [0x00DAC658+837208]\nE       \tOrdinal0 [0x00DD91DD+1020381]\nE       \tOrdinal0 [0x00DD949B+1021083]\nE       \tOrdinal0 [0x00E06032+1204274]\nE       \tOrdinal0 [0x00DF4194+1130900]\nE       \tOrdinal0 [0x00E04302+1196802]\nE       \tOrdinal0 [0x00DF3F66+1130342]\nE       \tOrdinal0 [0x00DCE546+976198]\nE       \tOrdinal0 [0x00DCF456+980054]\nE       \tGetHandleVerifier [0x010D9632+1727522]\nE       \tGetHandleVerifier [0x0118BA4D+2457661]\nE       \tGetHandleVerifier [0x00FBEB81+569713]\nE       \tGetHandleVerifier [0x00FBDD76+566118]\nE       \tOrdinal0 [0x00EC0B2B+1968939]\nE       \tOrdinal0 [0x00EC5988+1989000]\nE       \tOrdinal0 [0x00EC5A75+1989237]\nE       \tOrdinal0 [0x00ECECB1+2026673]\nE       \tBaseThreadInitThunk [0x75906739+25]\nE       \tRtlGetFullPathName_UEx [0x77408E7F+1215]\nE       \tRtlGetFullPathName_UEx [0x77408E4D+1165]\n\nD:\\python\\lib\\site-packages\\selenium\\webdriver\\remote\\errorhandler.py:247: NoSuchElementException",
    "steps" : [ {
      "name" : "添加失败截图...",
      "time" : {
        "start" : 1650935576988,
        "stop" : 1650935577176,
        "duration" : 188
      },
      "status" : "passed",
      "steps" : [ ],
      "attachments" : [ {
        "uid" : "6db439521aa54a47",
        "name" : "失败截图",
        "source" : "6db439521aa54a47.png",
        "type" : "image/png",
        "size" : 255717
      } ],
      "parameters" : [ ],
      "hasContent" : true,
      "stepsCount" : 0,
      "shouldDisplayMessage" : false,
      "attachmentsCount" : 1
    } ],
    "attachments" : [ {
      "uid" : "e8455518957022db",
      "name" : "stdout",
      "source" : "e8455518957022db.txt",
      "type" : "text/plain",
      "size" : 49
    } ],
    "parameters" : [ ],
    "hasContent" : true,
    "stepsCount" : 1,
    "shouldDisplayMessage" : true,
    "attachmentsCount" : 2
  },
  "afterStages" : [ {
    "name" : "_Class__pytest_setup_class::0",
    "time" : {
      "start" : 1650936455050,
      "stop" : 1650936455249,
      "duration" : 199
    },
    "status" : "passed",
    "steps" : [ ],
    "attachments" : [ ],
    "parameters" : [ ],
    "hasContent" : false,
    "stepsCount" : 0,
    "shouldDisplayMessage" : false,
    "attachmentsCount" : 0
  }, {
    "name" : "driver::0",
    "time" : {
      "start" : 1650936455251,
      "stop" : 1650936455251,
      "duration" : 0
    },
    "status" : "passed",
    "steps" : [ ],
    "attachments" : [ ],
    "parameters" : [ ],
    "hasContent" : false,
    "stepsCount" : 0,
    "shouldDisplayMessage" : false,
    "attachmentsCount" : 0
  } ],
  "labels" : [ {
    "name" : "feature",
    "value" : "注册"
  }, {
    "name" : "suite",
    "value" : "test_main"
  }, {
    "name" : "subSuite",
    "value" : "Test_Main"
  }, {
    "name" : "host",
    "value" : "DESKTOP-NB3FDE0"
  }, {
    "name" : "thread",
    "value" : "8436-MainThread"
  }, {
    "name" : "framework",
    "value" : "pytest"
  }, {
    "name" : "language",
    "value" : "cpython3"
  }, {
    "name" : "package",
    "value" : "test_main"
  }, {
    "name" : "resultFormat",
    "value" : "allure2"
  } ],
  "parameters" : [ {
    "name" : "Parameter",
    "value" : "{'case_no': '33', 'casename': '领取优惠卷回退页面再次领取失败', 'mode': '注册', 'data': 'useraccount=a883774917@163.com\\npassword=a123456', 'assert_way': 'xpath=/html/body/div[1]/div/div[2]/div[2]/div/div[1]/div[1]/div/p', 'result': 'My discount coupon (4)'}"
  } ],
  "links" : [ ],
  "hidden" : false,
  "retry" : false,
  "extra" : {
    "severity" : "normal",
    "retries" : [ ],
    "categories" : [ {
      "name" : "Test defects",
      "matchedStatuses" : [ ],
      "flaky" : false
    } ],
    "history" : {
      "statistic" : {
        "failed" : 0,
        "broken" : 7,
        "skipped" : 0,
        "passed" : 1,
        "unknown" : 0,
        "total" : 8
      },
      "items" : [ {
        "uid" : "15478ab373420248",
        "reportUrl" : "http://localhost:8080/job/okmarts_ui_test/38/allure/#testresult/15478ab373420248",
        "status" : "broken",
        "statusDetails" : "selenium.common.exceptions.ElementClickInterceptedException: Message: element click intercepted: Element <a data-v-1f620c15=\"\">...</a> is not clickable at point (1159, 578). Other element would receive the click: <div class=\"ant-modal-body\">...</div>\n  (Session info: chrome=100.0.4896.127)\nStacktrace:\nBacktrace:\n\tOrdinal0 [0x01127413+2389011]\n\tOrdinal0 [0x010B9F61+1941345]\n\tOrdinal0 [0x00FAC658+837208]\n\tOrdinal0 [0x00FDF8AF+1046703]\n\tOrdinal0 [0x00FDD8D6+1038550]\n\tOrdinal0 [0x00FDB5EB+1029611]\n\tOrdinal0 [0x00FDA359+1024857]\n\tOrdinal0 [0x00FCFF93+982931]\n\tOrdinal0 [0x00FF414C+1130828]\n\tOrdinal0 [0x00FCF974+981364]\n\tOrdinal0 [0x00FF4364+1131364]\n\tOrdinal0 [0x01004302+1196802]\n\tOrdinal0 [0x00FF3F66+1130342]\n\tOrdinal0 [0x00FCE546+976198]\n\tOrdinal0 [0x00FCF456+980054]\n\tGetHandleVerifier [0x012D9632+1727522]\n\tGetHandleVerifier [0x0138BA4D+2457661]\n\tGetHandleVerifier [0x011BEB81+569713]\n\tGetHandleVerifier [0x011BDD76+566118]\n\tOrdinal0 [0x010C0B2B+1968939]\n\tOrdinal0 [0x010C5988+1989000]\n\tOrdinal0 [0x010C5A75+1989237]\n\tOrdinal0 [0x010CECB1+2026673]\n\tBaseThreadInitThunk [0x75906739+25]\n\tRtlGetFullPathName_UEx [0x77408E7F+1215]\n\tRtlGetFullPathName_UEx [0x77408E4D+1165]",
        "time" : {
          "start" : 1650869004909,
          "stop" : 1650869157857,
          "duration" : 152948
        }
      }, {
        "uid" : "f55c4ae287d89334",
        "reportUrl" : "http://localhost:8080/job/okmarts_ui_test/37/allure/#testresult/f55c4ae287d89334",
        "status" : "passed",
        "time" : {
          "start" : 1650866538981,
          "stop" : 1650866593378,
          "duration" : 54397
        }
      }, {
        "uid" : "58920335367249aa",
        "reportUrl" : "http://localhost:8080/job/okmarts_ui_test/36/allure/#testresult/58920335367249aa",
        "status" : "broken",
        "statusDetails" : "selenium.common.exceptions.NoSuchElementException: Message: no such element: Unable to locate element: {\"method\":\"xpath\",\"selector\":\"//*[@id=\"app\"]/div/div[1]/div/div[2]/div[3]/div[1]/span/p\"}\n  (Session info: chrome=100.0.4896.127)\nStacktrace:\nBacktrace:\n\tOrdinal0 [0x01127413+2389011]\n\tOrdinal0 [0x010B9F61+1941345]\n\tOrdinal0 [0x00FAC658+837208]\n\tOrdinal0 [0x00FD91DD+1020381]\n\tOrdinal0 [0x00FD949B+1021083]\n\tOrdinal0 [0x01006032+1204274]\n\tOrdinal0 [0x00FF4194+1130900]\n\tOrdinal0 [0x01004302+1196802]\n\tOrdinal0 [0x00FF3F66+1130342]\n\tOrdinal0 [0x00FCE546+976198]\n\tOrdinal0 [0x00FCF456+980054]\n\tGetHandleVerifier [0x012D9632+1727522]\n\tGetHandleVerifier [0x0138BA4D+2457661]\n\tGetHandleVerifier [0x011BEB81+569713]\n\tGetHandleVerifier [0x011BDD76+566118]\n\tOrdinal0 [0x010C0B2B+1968939]\n\tOrdinal0 [0x010C5988+1989000]\n\tOrdinal0 [0x010C5A75+1989237]\n\tOrdinal0 [0x010CECB1+2026673]\n\tBaseThreadInitThunk [0x75906739+25]\n\tRtlGetFullPathName_UEx [0x77408E7F+1215]\n\tRtlGetFullPathName_UEx [0x77408E4D+1165]",
        "time" : {
          "start" : 1650858384996,
          "stop" : 1650858452602,
          "duration" : 67606
        }
      }, {
        "uid" : "aa25c141553e85c1",
        "reportUrl" : "http://localhost:8080/job/okmarts_ui_test/34/allure/#testresult/aa25c141553e85c1",
        "status" : "broken",
        "statusDetails" : "selenium.common.exceptions.NoSuchElementException: Message: no such element: Unable to locate element: {\"method\":\"xpath\",\"selector\":\"//*[@id=\"app\"]/div/div[1]/div/div[2]/div[3]/div[1]/span/p\"}\n  (Session info: chrome=100.0.4896.127)\nStacktrace:\nBacktrace:\n\tOrdinal0 [0x01127413+2389011]\n\tOrdinal0 [0x010B9F61+1941345]\n\tOrdinal0 [0x00FAC658+837208]\n\tOrdinal0 [0x00FD91DD+1020381]\n\tOrdinal0 [0x00FD949B+1021083]\n\tOrdinal0 [0x01006032+1204274]\n\tOrdinal0 [0x00FF4194+1130900]\n\tOrdinal0 [0x01004302+1196802]\n\tOrdinal0 [0x00FF3F66+1130342]\n\tOrdinal0 [0x00FCE546+976198]\n\tOrdinal0 [0x00FCF456+980054]\n\tGetHandleVerifier [0x012D9632+1727522]\n\tGetHandleVerifier [0x0138BA4D+2457661]\n\tGetHandleVerifier [0x011BEB81+569713]\n\tGetHandleVerifier [0x011BDD76+566118]\n\tOrdinal0 [0x010C0B2B+1968939]\n\tOrdinal0 [0x010C5988+1989000]\n\tOrdinal0 [0x010C5A75+1989237]\n\tOrdinal0 [0x010CECB1+2026673]\n\tBaseThreadInitThunk [0x75906739+25]\n\tRtlGetFullPathName_UEx [0x77408E7F+1215]\n\tRtlGetFullPathName_UEx [0x77408E4D+1165]",
        "time" : {
          "start" : 1650854712098,
          "stop" : 1650854856075,
          "duration" : 143977
        }
      }, {
        "uid" : "45f9399d2a4cd750",
        "reportUrl" : "http://localhost:8080/job/okmarts_ui_test/33/allure/#testresult/45f9399d2a4cd750",
        "status" : "broken",
        "statusDetails" : "selenium.common.exceptions.NoSuchElementException: Message: no such element: Unable to locate element: {\"method\":\"xpath\",\"selector\":\"//*[@id=\"app\"]/div/div/div[2]/form/div[2]/div/div/span/div/div[2]/div/div/i\"}\n  (Session info: chrome=100.0.4896.127)\nStacktrace:\nBacktrace:\n\tOrdinal0 [0x01127413+2389011]\n\tOrdinal0 [0x010B9F61+1941345]\n\tOrdinal0 [0x00FAC658+837208]\n\tOrdinal0 [0x00FD91DD+1020381]\n\tOrdinal0 [0x00FD949B+1021083]\n\tOrdinal0 [0x01006032+1204274]\n\tOrdinal0 [0x00FF4194+1130900]\n\tOrdinal0 [0x01004302+1196802]\n\tOrdinal0 [0x00FF3F66+1130342]\n\tOrdinal0 [0x00FCE546+976198]\n\tOrdinal0 [0x00FCF456+980054]\n\tGetHandleVerifier [0x012D9632+1727522]\n\tGetHandleVerifier [0x0138BA4D+2457661]\n\tGetHandleVerifier [0x011BEB81+569713]\n\tGetHandleVerifier [0x011BDD76+566118]\n\tOrdinal0 [0x010C0B2B+1968939]\n\tOrdinal0 [0x010C5988+1989000]\n\tOrdinal0 [0x010C5A75+1989237]\n\tOrdinal0 [0x010CECB1+2026673]\n\tBaseThreadInitThunk [0x75906739+25]\n\tRtlGetFullPathName_UEx [0x77408E7F+1215]\n\tRtlGetFullPathName_UEx [0x77408E4D+1165]",
        "time" : {
          "start" : 1650852579702,
          "stop" : 1650852613120,
          "duration" : 33418
        }
      }, {
        "uid" : "9bcbf3167e308a34",
        "reportUrl" : "http://localhost:8080/job/okmarts_ui_test/32/allure/#testresult/9bcbf3167e308a34",
        "status" : "broken",
        "statusDetails" : "selenium.common.exceptions.NoSuchElementException: Message: no such element: Unable to locate element: {\"method\":\"xpath\",\"selector\":\"//*[@id=\"app\"]/div/div[1]/div/div[2]/div[3]/div[1]/span/p\"}\n  (Session info: chrome=100.0.4896.127)\nStacktrace:\nBacktrace:\n\tOrdinal0 [0x002E7413+2389011]\n\tOrdinal0 [0x00279F61+1941345]\n\tOrdinal0 [0x0016C658+837208]\n\tOrdinal0 [0x001991DD+1020381]\n\tOrdinal0 [0x0019949B+1021083]\n\tOrdinal0 [0x001C6032+1204274]\n\tOrdinal0 [0x001B4194+1130900]\n\tOrdinal0 [0x001C4302+1196802]\n\tOrdinal0 [0x001B3F66+1130342]\n\tOrdinal0 [0x0018E546+976198]\n\tOrdinal0 [0x0018F456+980054]\n\tGetHandleVerifier [0x00499632+1727522]\n\tGetHandleVerifier [0x0054BA4D+2457661]\n\tGetHandleVerifier [0x0037EB81+569713]\n\tGetHandleVerifier [0x0037DD76+566118]\n\tOrdinal0 [0x00280B2B+1968939]\n\tOrdinal0 [0x00285988+1989000]\n\tOrdinal0 [0x00285A75+1989237]\n\tOrdinal0 [0x0028ECB1+2026673]\n\tBaseThreadInitThunk [0x75906739+25]\n\tRtlGetFullPathName_UEx [0x77408E7F+1215]\n\tRtlGetFullPathName_UEx [0x77408E4D+1165]\n\t(No symbol) [0x00000000]",
        "time" : {
          "start" : 1650789473121,
          "stop" : 1650789526033,
          "duration" : 52912
        }
      }, {
        "uid" : "8f9b4b33355e0559",
        "reportUrl" : "http://localhost:8080/job/okmarts_ui_test/31/allure/#testresult/8f9b4b33355e0559",
        "status" : "broken",
        "statusDetails" : "selenium.common.exceptions.NoSuchElementException: Message: no such element: Unable to locate element: {\"method\":\"xpath\",\"selector\":\"//*[@id=\"app\"]/div/div[1]/div[5]/img\"}\n  (Session info: chrome=100.0.4896.127)\nStacktrace:\nBacktrace:\n\tOrdinal0 [0x00477413+2389011]\n\tOrdinal0 [0x00409F61+1941345]\n\tOrdinal0 [0x002FC658+837208]\n\tOrdinal0 [0x003291DD+1020381]\n\tOrdinal0 [0x0032949B+1021083]\n\tOrdinal0 [0x00356032+1204274]\n\tOrdinal0 [0x00344194+1130900]\n\tOrdinal0 [0x00354302+1196802]\n\tOrdinal0 [0x00343F66+1130342]\n\tOrdinal0 [0x0031E546+976198]\n\tOrdinal0 [0x0031F456+980054]\n\tGetHandleVerifier [0x00629632+1727522]\n\tGetHandleVerifier [0x006DBA4D+2457661]\n\tGetHandleVerifier [0x0050EB81+569713]\n\tGetHandleVerifier [0x0050DD76+566118]\n\tOrdinal0 [0x00410B2B+1968939]\n\tOrdinal0 [0x00415988+1989000]\n\tOrdinal0 [0x00415A75+1989237]\n\tOrdinal0 [0x0041ECB1+2026673]\n\tBaseThreadInitThunk [0x75906739+25]\n\tRtlGetFullPathName_UEx [0x77408E7F+1215]\n\tRtlGetFullPathName_UEx [0x77408E4D+1165]",
        "time" : {
          "start" : 1650785802515,
          "stop" : 1650785845830,
          "duration" : 43315
        }
      } ]
    },
    "tags" : [ ]
  },
  "source" : "5d27397020375f93.json",
  "parameterValues" : [ "{'case_no': '33', 'casename': '领取优惠卷回退页面再次领取失败', 'mode': '注册', 'data': 'useraccount=a883774917@163.com\\npassword=a123456', 'assert_way': 'xpath=/html/body/div[1]/div/div[2]/div[2]/div/div[1]/div[1]/div/p', 'result': 'My discount coupon (4)'}" ]
}