{
  "uid" : "62d20fa9cf136475",
  "name" : "输入7位特殊字符密码修改失败",
  "fullName" : "test_main.Test_Main#test_forget_password",
  "historyId" : "ec2ac6601f9d47818f352a31b85b1ee1",
  "time" : {
    "start" : 1651825169647,
    "stop" : 1651825203537,
    "duration" : 33890
  },
  "status" : "broken",
  "statusMessage" : "selenium.common.exceptions.NoSuchElementException: Message: no such element: Unable to locate element: {\"method\":\"css selector\",\"selector\":\"#app > div > div.login-form-wrap > div.login-form.margin-bottom > form > div:nth-child(3) > div > div > span > span:nth-child(2)\"}\n  (Session info: chrome=101.0.4951.54)\nStacktrace:\nBacktrace:\n\tOrdinal0 [0x006D7413+2389011]\n\tOrdinal0 [0x00669F61+1941345]\n\tOrdinal0 [0x0055C658+837208]\n\tOrdinal0 [0x005891DD+1020381]\n\tOrdinal0 [0x0058949B+1021083]\n\tOrdinal0 [0x005B6032+1204274]\n\tOrdinal0 [0x005A4194+1130900]\n\tOrdinal0 [0x005B4302+1196802]\n\tOrdinal0 [0x005A3F66+1130342]\n\tOrdinal0 [0x0057E546+976198]\n\tOrdinal0 [0x0057F456+980054]\n\tGetHandleVerifier [0x00889632+1727522]\n\tGetHandleVerifier [0x0093BA4D+2457661]\n\tGetHandleVerifier [0x0076EB81+569713]\n\tGetHandleVerifier [0x0076DD76+566118]\n\tOrdinal0 [0x00670B2B+1968939]\n\tOrdinal0 [0x00675988+1989000]\n\tOrdinal0 [0x00675A75+1989237]\n\tOrdinal0 [0x0067ECB1+2026673]\n\tBaseThreadInitThunk [0x75906739+25]\n\tRtlGetFullPathName_UEx [0x77408E7F+1215]\n\tRtlGetFullPathName_UEx [0x77408E4D+1165]",
  "statusTrace" : "self = <test_main.Test_Main object at 0x000001C4E1BF1580>\ndriver = <selenium.webdriver.chrome.webdriver.WebDriver (session=\"0acb60f99b608d3f06496c14e23dc941\")>\nParameter = {'assert_way': 'css selector=#app > div > div.login-form-wrap > div.login-form.margin-bottom > form > div:nth-child(3)...2)', 'case_no': '45', 'casename': '输入7位特殊字符密码修改失败', 'data': 'useraccount=a979172251@163.com\\nnewpassword=!!!!!!!', ...}\n\n    @allure.feature('忘记密码')\n    @pytest.mark.parametrize('Parameter', case_infos['forget'], ids=casename_infos['forget'])\n    def test_forget_password(self,driver,Parameter):\n        allure.dynamic.title(Parameter['casename'])\n>       Forget_Password().forget_password(driver,Parameter)\n\ntest_main.py:48: \n_ _ _ _ _ _ _ _ _ _ _ _ _ _ _ _ _ _ _ _ _ _ _ _ _ _ _ _ _ _ _ _ _ _ _ _ _ _ _ _\n..\\mode\\forget_password.py:159: in forget_password\n    text = driver.find_element(by=f\"{assert_way.split('=', 1)[0]}\", value=f\"{assert_way.split('=', 1)[1]}\").text\nD:\\python\\lib\\site-packages\\selenium\\webdriver\\remote\\webdriver.py:1244: in find_element\n    return self.execute(Command.FIND_ELEMENT, {\nD:\\python\\lib\\site-packages\\selenium\\webdriver\\remote\\webdriver.py:424: in execute\n    self.error_handler.check_response(response)\n_ _ _ _ _ _ _ _ _ _ _ _ _ _ _ _ _ _ _ _ _ _ _ _ _ _ _ _ _ _ _ _ _ _ _ _ _ _ _ _\n\nself = <selenium.webdriver.remote.errorhandler.ErrorHandler object at 0x000001C4E11E2160>\nresponse = {'status': 404, 'value': '{\"value\":{\"error\":\"no such element\",\"message\":\"no such element: Unable to locate element: {\\...unk [0x75906739+25]\\\\n\\\\tRtlGetFullPathName_UEx [0x77408E7F+1215]\\\\n\\\\tRtlGetFullPathName_UEx [0x77408E4D+1165]\\\\n\"}}'}\n\n    def check_response(self, response: Dict[str, Any]) -> None:\n        \"\"\"\n        Checks that a JSON response from the WebDriver does not have an error.\n    \n        :Args:\n         - response - The JSON response from the WebDriver server as a dictionary\n           object.\n    \n        :Raises: If the response contains an error message.\n        \"\"\"\n        status = response.get('status', None)\n        if not status or status == ErrorCode.SUCCESS:\n            return\n        value = None\n        message = response.get(\"message\", \"\")\n        screen: str = response.get(\"screen\", \"\")\n        stacktrace = None\n        if isinstance(status, int):\n            value_json = response.get('value', None)\n            if value_json and isinstance(value_json, str):\n                import json\n                try:\n                    value = json.loads(value_json)\n                    if len(value.keys()) == 1:\n                        value = value['value']\n                    status = value.get('error', None)\n                    if not status:\n                        status = value.get(\"status\", ErrorCode.UNKNOWN_ERROR)\n                        message = value.get(\"value\") or value.get(\"message\")\n                        if not isinstance(message, str):\n                            value = message\n                            message = message.get('message')\n                    else:\n                        message = value.get('message', None)\n                except ValueError:\n                    pass\n    \n        exception_class: Type[WebDriverException]\n        if status in ErrorCode.NO_SUCH_ELEMENT:\n            exception_class = NoSuchElementException\n        elif status in ErrorCode.NO_SUCH_FRAME:\n            exception_class = NoSuchFrameException\n        elif status in ErrorCode.NO_SUCH_SHADOW_ROOT:\n            exception_class = NoSuchShadowRootException\n        elif status in ErrorCode.NO_SUCH_WINDOW:\n            exception_class = NoSuchWindowException\n        elif status in ErrorCode.STALE_ELEMENT_REFERENCE:\n            exception_class = StaleElementReferenceException\n        elif status in ErrorCode.ELEMENT_NOT_VISIBLE:\n            exception_class = ElementNotVisibleException\n        elif status in ErrorCode.INVALID_ELEMENT_STATE:\n            exception_class = InvalidElementStateException\n        elif status in ErrorCode.INVALID_SELECTOR \\\n                or status in ErrorCode.INVALID_XPATH_SELECTOR \\\n                or status in ErrorCode.INVALID_XPATH_SELECTOR_RETURN_TYPER:\n            exception_class = InvalidSelectorException\n        elif status in ErrorCode.ELEMENT_IS_NOT_SELECTABLE:\n            exception_class = ElementNotSelectableException\n        elif status in ErrorCode.ELEMENT_NOT_INTERACTABLE:\n            exception_class = ElementNotInteractableException\n        elif status in ErrorCode.INVALID_COOKIE_DOMAIN:\n            exception_class = InvalidCookieDomainException\n        elif status in ErrorCode.UNABLE_TO_SET_COOKIE:\n            exception_class = UnableToSetCookieException\n        elif status in ErrorCode.TIMEOUT:\n            exception_class = TimeoutException\n        elif status in ErrorCode.SCRIPT_TIMEOUT:\n            exception_class = TimeoutException\n        elif status in ErrorCode.UNKNOWN_ERROR:\n            exception_class = WebDriverException\n        elif status in ErrorCode.UNEXPECTED_ALERT_OPEN:\n            exception_class = UnexpectedAlertPresentException\n        elif status in ErrorCode.NO_ALERT_OPEN:\n            exception_class = NoAlertPresentException\n        elif status in ErrorCode.IME_NOT_AVAILABLE:\n            exception_class = ImeNotAvailableException\n        elif status in ErrorCode.IME_ENGINE_ACTIVATION_FAILED:\n            exception_class = ImeActivationFailedException\n        elif status in ErrorCode.MOVE_TARGET_OUT_OF_BOUNDS:\n            exception_class = MoveTargetOutOfBoundsException\n        elif status in ErrorCode.JAVASCRIPT_ERROR:\n            exception_class = JavascriptException\n        elif status in ErrorCode.SESSION_NOT_CREATED:\n            exception_class = SessionNotCreatedException\n        elif status in ErrorCode.INVALID_ARGUMENT:\n            exception_class = InvalidArgumentException\n        elif status in ErrorCode.NO_SUCH_COOKIE:\n            exception_class = NoSuchCookieException\n        elif status in ErrorCode.UNABLE_TO_CAPTURE_SCREEN:\n            exception_class = ScreenshotException\n        elif status in ErrorCode.ELEMENT_CLICK_INTERCEPTED:\n            exception_class = ElementClickInterceptedException\n        elif status in ErrorCode.INSECURE_CERTIFICATE:\n            exception_class = InsecureCertificateException\n        elif status in ErrorCode.INVALID_COORDINATES:\n            exception_class = InvalidCoordinatesException\n        elif status in ErrorCode.INVALID_SESSION_ID:\n            exception_class = InvalidSessionIdException\n        elif status in ErrorCode.UNKNOWN_METHOD:\n            exception_class = UnknownMethodException\n        else:\n            exception_class = WebDriverException\n        if not value:\n            value = response['value']\n        if isinstance(value, str):\n            raise exception_class(value)\n        if message == \"\" and 'message' in value:\n            message = value['message']\n    \n        screen = None  # type: ignore[assignment]\n        if 'screen' in value:\n            screen = value['screen']\n    \n        stacktrace = None\n        st_value = value.get('stackTrace') or value.get('stacktrace')\n        if st_value:\n            if isinstance(st_value, str):\n                stacktrace = st_value.split('\\n')\n            else:\n                stacktrace = []\n                try:\n                    for frame in st_value:\n                        line = self._value_or_default(frame, 'lineNumber', '')\n                        file = self._value_or_default(frame, 'fileName', '<anonymous>')\n                        if line:\n                            file = \"%s:%s\" % (file, line)\n                        meth = self._value_or_default(frame, 'methodName', '<anonymous>')\n                        if 'className' in frame:\n                            meth = \"%s.%s\" % (frame['className'], meth)\n                        msg = \"    at %s (%s)\"\n                        msg = msg % (meth, file)\n                        stacktrace.append(msg)\n                except TypeError:\n                    pass\n        if exception_class == UnexpectedAlertPresentException:\n            alert_text = None\n            if 'data' in value:\n                alert_text = value['data'].get('text')\n            elif 'alert' in value:\n                alert_text = value['alert'].get('text')\n            raise exception_class(message, screen, stacktrace, alert_text)  # type: ignore[call-arg]  # mypy is not smart enough here\n>       raise exception_class(message, screen, stacktrace)\nE       selenium.common.exceptions.NoSuchElementException: Message: no such element: Unable to locate element: {\"method\":\"css selector\",\"selector\":\"#app > div > div.login-form-wrap > div.login-form.margin-bottom > form > div:nth-child(3) > div > div > span > span:nth-child(2)\"}\nE         (Session info: chrome=101.0.4951.54)\nE       Stacktrace:\nE       Backtrace:\nE       \tOrdinal0 [0x006D7413+2389011]\nE       \tOrdinal0 [0x00669F61+1941345]\nE       \tOrdinal0 [0x0055C658+837208]\nE       \tOrdinal0 [0x005891DD+1020381]\nE       \tOrdinal0 [0x0058949B+1021083]\nE       \tOrdinal0 [0x005B6032+1204274]\nE       \tOrdinal0 [0x005A4194+1130900]\nE       \tOrdinal0 [0x005B4302+1196802]\nE       \tOrdinal0 [0x005A3F66+1130342]\nE       \tOrdinal0 [0x0057E546+976198]\nE       \tOrdinal0 [0x0057F456+980054]\nE       \tGetHandleVerifier [0x00889632+1727522]\nE       \tGetHandleVerifier [0x0093BA4D+2457661]\nE       \tGetHandleVerifier [0x0076EB81+569713]\nE       \tGetHandleVerifier [0x0076DD76+566118]\nE       \tOrdinal0 [0x00670B2B+1968939]\nE       \tOrdinal0 [0x00675988+1989000]\nE       \tOrdinal0 [0x00675A75+1989237]\nE       \tOrdinal0 [0x0067ECB1+2026673]\nE       \tBaseThreadInitThunk [0x75906739+25]\nE       \tRtlGetFullPathName_UEx [0x77408E7F+1215]\nE       \tRtlGetFullPathName_UEx [0x77408E4D+1165]\n\nD:\\python\\lib\\site-packages\\selenium\\webdriver\\remote\\errorhandler.py:247: NoSuchElementException",
  "flaky" : false,
  "newFailed" : false,
  "newBroken" : false,
  "newPassed" : false,
  "retriesCount" : 0,
  "retriesStatusChange" : false,
  "beforeStages" : [ {
    "name" : "driver",
    "time" : {
      "start" : 1651823675815,
      "stop" : 1651823677641,
      "duration" : 1826
    },
    "status" : "passed",
    "steps" : [ ],
    "attachments" : [ ],
    "parameters" : [ ],
    "shouldDisplayMessage" : false,
    "attachmentsCount" : 0,
    "stepsCount" : 0,
    "hasContent" : false
  }, {
    "name" : "_Class__pytest_setup_class",
    "time" : {
      "start" : 1651823677642,
      "stop" : 1651823677642,
      "duration" : 0
    },
    "status" : "passed",
    "steps" : [ ],
    "attachments" : [ ],
    "parameters" : [ ],
    "shouldDisplayMessage" : false,
    "attachmentsCount" : 0,
    "stepsCount" : 0,
    "hasContent" : false
  } ],
  "testStage" : {
    "status" : "broken",
    "statusMessage" : "selenium.common.exceptions.NoSuchElementException: Message: no such element: Unable to locate element: {\"method\":\"css selector\",\"selector\":\"#app > div > div.login-form-wrap > div.login-form.margin-bottom > form > div:nth-child(3) > div > div > span > span:nth-child(2)\"}\n  (Session info: chrome=101.0.4951.54)\nStacktrace:\nBacktrace:\n\tOrdinal0 [0x006D7413+2389011]\n\tOrdinal0 [0x00669F61+1941345]\n\tOrdinal0 [0x0055C658+837208]\n\tOrdinal0 [0x005891DD+1020381]\n\tOrdinal0 [0x0058949B+1021083]\n\tOrdinal0 [0x005B6032+1204274]\n\tOrdinal0 [0x005A4194+1130900]\n\tOrdinal0 [0x005B4302+1196802]\n\tOrdinal0 [0x005A3F66+1130342]\n\tOrdinal0 [0x0057E546+976198]\n\tOrdinal0 [0x0057F456+980054]\n\tGetHandleVerifier [0x00889632+1727522]\n\tGetHandleVerifier [0x0093BA4D+2457661]\n\tGetHandleVerifier [0x0076EB81+569713]\n\tGetHandleVerifier [0x0076DD76+566118]\n\tOrdinal0 [0x00670B2B+1968939]\n\tOrdinal0 [0x00675988+1989000]\n\tOrdinal0 [0x00675A75+1989237]\n\tOrdinal0 [0x0067ECB1+2026673]\n\tBaseThreadInitThunk [0x75906739+25]\n\tRtlGetFullPathName_UEx [0x77408E7F+1215]\n\tRtlGetFullPathName_UEx [0x77408E4D+1165]",
    "statusTrace" : "self = <test_main.Test_Main object at 0x000001C4E1BF1580>\ndriver = <selenium.webdriver.chrome.webdriver.WebDriver (session=\"0acb60f99b608d3f06496c14e23dc941\")>\nParameter = {'assert_way': 'css selector=#app > div > div.login-form-wrap > div.login-form.margin-bottom > form > div:nth-child(3)...2)', 'case_no': '45', 'casename': '输入7位特殊字符密码修改失败', 'data': 'useraccount=a979172251@163.com\\nnewpassword=!!!!!!!', ...}\n\n    @allure.feature('忘记密码')\n    @pytest.mark.parametrize('Parameter', case_infos['forget'], ids=casename_infos['forget'])\n    def test_forget_password(self,driver,Parameter):\n        allure.dynamic.title(Parameter['casename'])\n>       Forget_Password().forget_password(driver,Parameter)\n\ntest_main.py:48: \n_ _ _ _ _ _ _ _ _ _ _ _ _ _ _ _ _ _ _ _ _ _ _ _ _ _ _ _ _ _ _ _ _ _ _ _ _ _ _ _\n..\\mode\\forget_password.py:159: in forget_password\n    text = driver.find_element(by=f\"{assert_way.split('=', 1)[0]}\", value=f\"{assert_way.split('=', 1)[1]}\").text\nD:\\python\\lib\\site-packages\\selenium\\webdriver\\remote\\webdriver.py:1244: in find_element\n    return self.execute(Command.FIND_ELEMENT, {\nD:\\python\\lib\\site-packages\\selenium\\webdriver\\remote\\webdriver.py:424: in execute\n    self.error_handler.check_response(response)\n_ _ _ _ _ _ _ _ _ _ _ _ _ _ _ _ _ _ _ _ _ _ _ _ _ _ _ _ _ _ _ _ _ _ _ _ _ _ _ _\n\nself = <selenium.webdriver.remote.errorhandler.ErrorHandler object at 0x000001C4E11E2160>\nresponse = {'status': 404, 'value': '{\"value\":{\"error\":\"no such element\",\"message\":\"no such element: Unable to locate element: {\\...unk [0x75906739+25]\\\\n\\\\tRtlGetFullPathName_UEx [0x77408E7F+1215]\\\\n\\\\tRtlGetFullPathName_UEx [0x77408E4D+1165]\\\\n\"}}'}\n\n    def check_response(self, response: Dict[str, Any]) -> None:\n        \"\"\"\n        Checks that a JSON response from the WebDriver does not have an error.\n    \n        :Args:\n         - response - The JSON response from the WebDriver server as a dictionary\n           object.\n    \n        :Raises: If the response contains an error message.\n        \"\"\"\n        status = response.get('status', None)\n        if not status or status == ErrorCode.SUCCESS:\n            return\n        value = None\n        message = response.get(\"message\", \"\")\n        screen: str = response.get(\"screen\", \"\")\n        stacktrace = None\n        if isinstance(status, int):\n            value_json = response.get('value', None)\n            if value_json and isinstance(value_json, str):\n                import json\n                try:\n                    value = json.loads(value_json)\n                    if len(value.keys()) == 1:\n                        value = value['value']\n                    status = value.get('error', None)\n                    if not status:\n                        status = value.get(\"status\", ErrorCode.UNKNOWN_ERROR)\n                        message = value.get(\"value\") or value.get(\"message\")\n                        if not isinstance(message, str):\n                            value = message\n                            message = message.get('message')\n                    else:\n                        message = value.get('message', None)\n                except ValueError:\n                    pass\n    \n        exception_class: Type[WebDriverException]\n        if status in ErrorCode.NO_SUCH_ELEMENT:\n            exception_class = NoSuchElementException\n        elif status in ErrorCode.NO_SUCH_FRAME:\n            exception_class = NoSuchFrameException\n        elif status in ErrorCode.NO_SUCH_SHADOW_ROOT:\n            exception_class = NoSuchShadowRootException\n        elif status in ErrorCode.NO_SUCH_WINDOW:\n            exception_class = NoSuchWindowException\n        elif status in ErrorCode.STALE_ELEMENT_REFERENCE:\n            exception_class = StaleElementReferenceException\n        elif status in ErrorCode.ELEMENT_NOT_VISIBLE:\n            exception_class = ElementNotVisibleException\n        elif status in ErrorCode.INVALID_ELEMENT_STATE:\n            exception_class = InvalidElementStateException\n        elif status in ErrorCode.INVALID_SELECTOR \\\n                or status in ErrorCode.INVALID_XPATH_SELECTOR \\\n                or status in ErrorCode.INVALID_XPATH_SELECTOR_RETURN_TYPER:\n            exception_class = InvalidSelectorException\n        elif status in ErrorCode.ELEMENT_IS_NOT_SELECTABLE:\n            exception_class = ElementNotSelectableException\n        elif status in ErrorCode.ELEMENT_NOT_INTERACTABLE:\n            exception_class = ElementNotInteractableException\n        elif status in ErrorCode.INVALID_COOKIE_DOMAIN:\n            exception_class = InvalidCookieDomainException\n        elif status in ErrorCode.UNABLE_TO_SET_COOKIE:\n            exception_class = UnableToSetCookieException\n        elif status in ErrorCode.TIMEOUT:\n            exception_class = TimeoutException\n        elif status in ErrorCode.SCRIPT_TIMEOUT:\n            exception_class = TimeoutException\n        elif status in ErrorCode.UNKNOWN_ERROR:\n            exception_class = WebDriverException\n        elif status in ErrorCode.UNEXPECTED_ALERT_OPEN:\n            exception_class = UnexpectedAlertPresentException\n        elif status in ErrorCode.NO_ALERT_OPEN:\n            exception_class = NoAlertPresentException\n        elif status in ErrorCode.IME_NOT_AVAILABLE:\n            exception_class = ImeNotAvailableException\n        elif status in ErrorCode.IME_ENGINE_ACTIVATION_FAILED:\n            exception_class = ImeActivationFailedException\n        elif status in ErrorCode.MOVE_TARGET_OUT_OF_BOUNDS:\n            exception_class = MoveTargetOutOfBoundsException\n        elif status in ErrorCode.JAVASCRIPT_ERROR:\n            exception_class = JavascriptException\n        elif status in ErrorCode.SESSION_NOT_CREATED:\n            exception_class = SessionNotCreatedException\n        elif status in ErrorCode.INVALID_ARGUMENT:\n            exception_class = InvalidArgumentException\n        elif status in ErrorCode.NO_SUCH_COOKIE:\n            exception_class = NoSuchCookieException\n        elif status in ErrorCode.UNABLE_TO_CAPTURE_SCREEN:\n            exception_class = ScreenshotException\n        elif status in ErrorCode.ELEMENT_CLICK_INTERCEPTED:\n            exception_class = ElementClickInterceptedException\n        elif status in ErrorCode.INSECURE_CERTIFICATE:\n            exception_class = InsecureCertificateException\n        elif status in ErrorCode.INVALID_COORDINATES:\n            exception_class = InvalidCoordinatesException\n        elif status in ErrorCode.INVALID_SESSION_ID:\n            exception_class = InvalidSessionIdException\n        elif status in ErrorCode.UNKNOWN_METHOD:\n            exception_class = UnknownMethodException\n        else:\n            exception_class = WebDriverException\n        if not value:\n            value = response['value']\n        if isinstance(value, str):\n            raise exception_class(value)\n        if message == \"\" and 'message' in value:\n            message = value['message']\n    \n        screen = None  # type: ignore[assignment]\n        if 'screen' in value:\n            screen = value['screen']\n    \n        stacktrace = None\n        st_value = value.get('stackTrace') or value.get('stacktrace')\n        if st_value:\n            if isinstance(st_value, str):\n                stacktrace = st_value.split('\\n')\n            else:\n                stacktrace = []\n                try:\n                    for frame in st_value:\n                        line = self._value_or_default(frame, 'lineNumber', '')\n                        file = self._value_or_default(frame, 'fileName', '<anonymous>')\n                        if line:\n                            file = \"%s:%s\" % (file, line)\n                        meth = self._value_or_default(frame, 'methodName', '<anonymous>')\n                        if 'className' in frame:\n                            meth = \"%s.%s\" % (frame['className'], meth)\n                        msg = \"    at %s (%s)\"\n                        msg = msg % (meth, file)\n                        stacktrace.append(msg)\n                except TypeError:\n                    pass\n        if exception_class == UnexpectedAlertPresentException:\n            alert_text = None\n            if 'data' in value:\n                alert_text = value['data'].get('text')\n            elif 'alert' in value:\n                alert_text = value['alert'].get('text')\n            raise exception_class(message, screen, stacktrace, alert_text)  # type: ignore[call-arg]  # mypy is not smart enough here\n>       raise exception_class(message, screen, stacktrace)\nE       selenium.common.exceptions.NoSuchElementException: Message: no such element: Unable to locate element: {\"method\":\"css selector\",\"selector\":\"#app > div > div.login-form-wrap > div.login-form.margin-bottom > form > div:nth-child(3) > div > div > span > span:nth-child(2)\"}\nE         (Session info: chrome=101.0.4951.54)\nE       Stacktrace:\nE       Backtrace:\nE       \tOrdinal0 [0x006D7413+2389011]\nE       \tOrdinal0 [0x00669F61+1941345]\nE       \tOrdinal0 [0x0055C658+837208]\nE       \tOrdinal0 [0x005891DD+1020381]\nE       \tOrdinal0 [0x0058949B+1021083]\nE       \tOrdinal0 [0x005B6032+1204274]\nE       \tOrdinal0 [0x005A4194+1130900]\nE       \tOrdinal0 [0x005B4302+1196802]\nE       \tOrdinal0 [0x005A3F66+1130342]\nE       \tOrdinal0 [0x0057E546+976198]\nE       \tOrdinal0 [0x0057F456+980054]\nE       \tGetHandleVerifier [0x00889632+1727522]\nE       \tGetHandleVerifier [0x0093BA4D+2457661]\nE       \tGetHandleVerifier [0x0076EB81+569713]\nE       \tGetHandleVerifier [0x0076DD76+566118]\nE       \tOrdinal0 [0x00670B2B+1968939]\nE       \tOrdinal0 [0x00675988+1989000]\nE       \tOrdinal0 [0x00675A75+1989237]\nE       \tOrdinal0 [0x0067ECB1+2026673]\nE       \tBaseThreadInitThunk [0x75906739+25]\nE       \tRtlGetFullPathName_UEx [0x77408E7F+1215]\nE       \tRtlGetFullPathName_UEx [0x77408E4D+1165]\n\nD:\\python\\lib\\site-packages\\selenium\\webdriver\\remote\\errorhandler.py:247: NoSuchElementException",
    "steps" : [ {
      "name" : "添加失败截图...",
      "time" : {
        "start" : 1651825203572,
        "stop" : 1651825203690,
        "duration" : 118
      },
      "status" : "passed",
      "steps" : [ ],
      "attachments" : [ {
        "uid" : "332b919d5c33e143",
        "name" : "失败截图",
        "source" : "332b919d5c33e143.png",
        "type" : "image/png",
        "size" : 57779
      } ],
      "parameters" : [ ],
      "shouldDisplayMessage" : false,
      "attachmentsCount" : 1,
      "stepsCount" : 0,
      "hasContent" : true
    } ],
    "attachments" : [ {
      "uid" : "f99bcc338391d1e8",
      "name" : "stdout",
      "source" : "f99bcc338391d1e8.txt",
      "type" : "text/plain",
      "size" : 97
    } ],
    "parameters" : [ ],
    "shouldDisplayMessage" : true,
    "attachmentsCount" : 2,
    "stepsCount" : 1,
    "hasContent" : true
  },
  "afterStages" : [ {
    "name" : "_Class__pytest_setup_class::0",
    "time" : {
      "start" : 1651826430710,
      "stop" : 1651826431131,
      "duration" : 421
    },
    "status" : "passed",
    "steps" : [ ],
    "attachments" : [ ],
    "parameters" : [ ],
    "shouldDisplayMessage" : false,
    "attachmentsCount" : 0,
    "stepsCount" : 0,
    "hasContent" : false
  }, {
    "name" : "driver::0",
    "time" : {
      "start" : 1651826431131,
      "stop" : 1651826431131,
      "duration" : 0
    },
    "status" : "passed",
    "steps" : [ ],
    "attachments" : [ ],
    "parameters" : [ ],
    "shouldDisplayMessage" : false,
    "attachmentsCount" : 0,
    "stepsCount" : 0,
    "hasContent" : false
  } ],
  "labels" : [ {
    "name" : "feature",
    "value" : "忘记密码"
  }, {
    "name" : "suite",
    "value" : "test_main"
  }, {
    "name" : "subSuite",
    "value" : "Test_Main"
  }, {
    "name" : "host",
    "value" : "DESKTOP-NB3FDE0"
  }, {
    "name" : "thread",
    "value" : "22192-MainThread"
  }, {
    "name" : "framework",
    "value" : "pytest"
  }, {
    "name" : "language",
    "value" : "cpython3"
  }, {
    "name" : "package",
    "value" : "test_main"
  }, {
    "name" : "resultFormat",
    "value" : "allure2"
  } ],
  "parameters" : [ {
    "name" : "Parameter",
    "value" : "{'case_no': '45', 'casename': '输入7位特殊字符密码修改失败', 'mode': '忘记密码', 'data': 'useraccount=a979172251@163.com\\nnewpassword=!!!!!!!', 'assert_way': 'css selector=#app > div > div.login-form-wrap > div.login-form.margin-bottom > form > div:nth-child(3) > div > div > span > span:nth-child(2)', 'result': 'Please set the password to a combination of 6 to 16 digits and letters'}"
  } ],
  "links" : [ ],
  "hidden" : false,
  "retry" : false,
  "extra" : {
    "severity" : "normal",
    "retries" : [ ],
    "categories" : [ {
      "name" : "Test defects",
      "matchedStatuses" : [ ],
      "flaky" : false
    } ],
    "history" : {
      "statistic" : {
        "failed" : 2,
        "broken" : 5,
        "skipped" : 0,
        "passed" : 14,
        "unknown" : 0,
        "total" : 21
      },
      "items" : [ {
        "uid" : "d64b5627c7c057f7",
        "reportUrl" : "http://localhost:8080/job/okmarts_ui_test/55/allure/#testresult/d64b5627c7c057f7",
        "status" : "broken",
        "statusDetails" : "selenium.common.exceptions.NoSuchElementException: Message: no such element: Unable to locate element: {\"method\":\"css selector\",\"selector\":\"#app > div > div.login-form-wrap > div.login-form.margin-bottom > form > div:nth-child(3) > div > div > span > span:nth-child(2)\"}\n  (Session info: chrome=101.0.4951.54)\nStacktrace:\nBacktrace:\n\tOrdinal0 [0x006D7413+2389011]\n\tOrdinal0 [0x00669F61+1941345]\n\tOrdinal0 [0x0055C658+837208]\n\tOrdinal0 [0x005891DD+1020381]\n\tOrdinal0 [0x0058949B+1021083]\n\tOrdinal0 [0x005B6032+1204274]\n\tOrdinal0 [0x005A4194+1130900]\n\tOrdinal0 [0x005B4302+1196802]\n\tOrdinal0 [0x005A3F66+1130342]\n\tOrdinal0 [0x0057E546+976198]\n\tOrdinal0 [0x0057F456+980054]\n\tGetHandleVerifier [0x00889632+1727522]\n\tGetHandleVerifier [0x0093BA4D+2457661]\n\tGetHandleVerifier [0x0076EB81+569713]\n\tGetHandleVerifier [0x0076DD76+566118]\n\tOrdinal0 [0x00670B2B+1968939]\n\tOrdinal0 [0x00675988+1989000]\n\tOrdinal0 [0x00675A75+1989237]\n\tOrdinal0 [0x0067ECB1+2026673]\n\tBaseThreadInitThunk [0x75906739+25]\n\tRtlGetFullPathName_UEx [0x77408E7F+1215]\n\tRtlGetFullPathName_UEx [0x77408E4D+1165]",
        "time" : {
          "start" : 1651821789126,
          "stop" : 1651821823585,
          "duration" : 34459
        }
      }, {
        "uid" : "467c9a496f189a40",
        "reportUrl" : "http://localhost:8080/job/okmarts_ui_test/54/allure/#testresult/467c9a496f189a40",
        "status" : "broken",
        "statusDetails" : "selenium.common.exceptions.NoSuchElementException: Message: no such element: Unable to locate element: {\"method\":\"css selector\",\"selector\":\"#app > div > div.login-form-wrap > div.login-form.margin-bottom > form > div:nth-child(3) > div > div > span > span:nth-child(2)\"}\n  (Session info: chrome=101.0.4951.54)\nStacktrace:\nBacktrace:\n\tOrdinal0 [0x006D7413+2389011]\n\tOrdinal0 [0x00669F61+1941345]\n\tOrdinal0 [0x0055C658+837208]\n\tOrdinal0 [0x005891DD+1020381]\n\tOrdinal0 [0x0058949B+1021083]\n\tOrdinal0 [0x005B6032+1204274]\n\tOrdinal0 [0x005A4194+1130900]\n\tOrdinal0 [0x005B4302+1196802]\n\tOrdinal0 [0x005A3F66+1130342]\n\tOrdinal0 [0x0057E546+976198]\n\tOrdinal0 [0x0057F456+980054]\n\tGetHandleVerifier [0x00889632+1727522]\n\tGetHandleVerifier [0x0093BA4D+2457661]\n\tGetHandleVerifier [0x0076EB81+569713]\n\tGetHandleVerifier [0x0076DD76+566118]\n\tOrdinal0 [0x00670B2B+1968939]\n\tOrdinal0 [0x00675988+1989000]\n\tOrdinal0 [0x00675A75+1989237]\n\tOrdinal0 [0x0067ECB1+2026673]\n\tBaseThreadInitThunk [0x75906739+25]\n\tRtlGetFullPathName_UEx [0x77408E7F+1215]\n\tRtlGetFullPathName_UEx [0x77408E4D+1165]",
        "time" : {
          "start" : 1651817690175,
          "stop" : 1651817724455,
          "duration" : 34280
        }
      }, {
        "uid" : "8dbdf2cd082ab324",
        "reportUrl" : "http://localhost:8080/job/okmarts_ui_test/52/allure/#testresult/8dbdf2cd082ab324",
        "status" : "broken",
        "statusDetails" : "selenium.common.exceptions.SessionNotCreatedException: Message: session not created: This version of MSEdgeDriver only supports MSEdge version 99\nCurrent browser version is 101.0.1210.32 with binary path C:\\Program Files (x86)\\Microsoft\\Edge\\Application\\msedge.exe\nStacktrace:\nBacktrace:\n\tMicrosoft::Applications::Events::EventProperties::unpack [0x00007FF639601922+25346]\n\tMicrosoft::Applications::Events::time_ticks_t::time_ticks_t [0x00007FF63953E982+515794]\n\tOrdinal0 [0x00007FF639050BC5+658373]\n\tOrdinal0 [0x00007FF63907B5E0+832992]\n\tOrdinal0 [0x00007FF639076B7E+813950]\n\tOrdinal0 [0x00007FF6390724EE+795886]\n\tOrdinal0 [0x00007FF6390AC366+1033062]\n\tOrdinal0 [0x00007FF6390A6A53+1010259]\n\tOrdinal0 [0x00007FF63907DB47+842567]\n\tOrdinal0 [0x00007FF63907F018+847896]\n\tMicrosoft::Applications::Events::EventProperty::to_string [0x00007FF63920F1C8+827304]\n\tMicrosoft::Applications::Events::EventProperty::EventProperty [0x00007FF6392F9389+34681]\n\tMicrosoft::Applications::Events::EventProperty::EventProperty [0x00007FF6392FC562+47442]\n\tMicrosoft::Applications::Events::EventProperty::to_string [0x00007FF63914C6D6+29878]\n\tMicrosoft::Applications::Events::time_ticks_t::time_ticks_t [0x00007FF639545971+544449]\n\tMicrosoft::Applications::Events::time_ticks_t::time_ticks_t [0x00007FF63954A974+564932]\n\tMicrosoft::Applications::Events::time_ticks_t::time_ticks_t [0x00007FF63954AACD+565277]\n\tMicrosoft::Applications::Events::time_ticks_t::time_ticks_t [0x00007FF6395548BE+605710]\n\tBaseThreadInitThunk [0x00007FFB3F2854E0+16]\n\tRtlUserThreadStart [0x00007FFB4090485B+43]",
        "time" : {
          "start" : 1651810461471,
          "stop" : 1651810482505,
          "duration" : 21034
        }
      }, {
        "uid" : "d261dd9c5292d3bd",
        "reportUrl" : "http://localhost:8080/job/okmarts_ui_test/51/allure/#testresult/d261dd9c5292d3bd",
        "status" : "broken",
        "statusDetails" : "selenium.common.exceptions.SessionNotCreatedException: Message: session not created: This version of MSEdgeDriver only supports MSEdge version 99\nCurrent browser version is 101.0.1210.32 with binary path C:\\Program Files (x86)\\Microsoft\\Edge\\Application\\msedge.exe\nStacktrace:\nBacktrace:\n\tMicrosoft::Applications::Events::EventProperties::unpack [0x00007FF68FE51922+25346]\n\tMicrosoft::Applications::Events::time_ticks_t::time_ticks_t [0x00007FF68FD8E982+515794]\n\tOrdinal0 [0x00007FF68F8A0BC5+658373]\n\tOrdinal0 [0x00007FF68F8CB5E0+832992]\n\tOrdinal0 [0x00007FF68F8C6B7E+813950]\n\tOrdinal0 [0x00007FF68F8C24EE+795886]\n\tOrdinal0 [0x00007FF68F8FC366+1033062]\n\tOrdinal0 [0x00007FF68F8F6A53+1010259]\n\tOrdinal0 [0x00007FF68F8CDB47+842567]\n\tOrdinal0 [0x00007FF68F8CF018+847896]\n\tMicrosoft::Applications::Events::EventProperty::to_string [0x00007FF68FA5F1C8+827304]\n\tMicrosoft::Applications::Events::EventProperty::EventProperty [0x00007FF68FB49389+34681]\n\tMicrosoft::Applications::Events::EventProperty::EventProperty [0x00007FF68FB4C562+47442]\n\tMicrosoft::Applications::Events::EventProperty::to_string [0x00007FF68F99C6D6+29878]\n\tMicrosoft::Applications::Events::time_ticks_t::time_ticks_t [0x00007FF68FD95971+544449]\n\tMicrosoft::Applications::Events::time_ticks_t::time_ticks_t [0x00007FF68FD9A974+564932]\n\tMicrosoft::Applications::Events::time_ticks_t::time_ticks_t [0x00007FF68FD9AACD+565277]\n\tMicrosoft::Applications::Events::time_ticks_t::time_ticks_t [0x00007FF68FDA48BE+605710]\n\tBaseThreadInitThunk [0x00007FFB3F2854E0+16]\n\tRtlUserThreadStart [0x00007FFB4090485B+43]",
        "time" : {
          "start" : 1651738221947,
          "stop" : 1651738242456,
          "duration" : 20509
        }
      }, {
        "uid" : "2d3546416d2d6b2c",
        "reportUrl" : "http://localhost:8080/job/okmarts_ui_test/50/allure/#testresult/2d3546416d2d6b2c",
        "status" : "passed",
        "time" : {
          "start" : 1651219974405,
          "stop" : 1651220016656,
          "duration" : 42251
        }
      }, {
        "uid" : "fff0afa81e472d10",
        "reportUrl" : "http://localhost:8080/job/okmarts_ui_test/49/allure/#testresult/fff0afa81e472d10",
        "status" : "passed",
        "time" : {
          "start" : 1651201225868,
          "stop" : 1651201260999,
          "duration" : 35131
        }
      }, {
        "uid" : "3e57d8533faee14c",
        "reportUrl" : "http://localhost:8080/job/okmarts_ui_test/48/allure/#testresult/3e57d8533faee14c",
        "status" : "passed",
        "time" : {
          "start" : 1651195472823,
          "stop" : 1651195517556,
          "duration" : 44733
        }
      }, {
        "uid" : "406e62ad91ded205",
        "reportUrl" : "http://localhost:8080/job/okmarts_ui_test/47/allure/#testresult/406e62ad91ded205",
        "status" : "passed",
        "time" : {
          "start" : 1651052308846,
          "stop" : 1651052393907,
          "duration" : 85061
        }
      }, {
        "uid" : "466015a048c37ad",
        "reportUrl" : "http://localhost:8080/job/okmarts_ui_test/46/allure/#testresult/466015a048c37ad",
        "status" : "passed",
        "time" : {
          "start" : 1651037562885,
          "stop" : 1651037598484,
          "duration" : 35599
        }
      }, {
        "uid" : "6af6bf88695e6261",
        "reportUrl" : "http://localhost:8080/job/okmarts_ui_test/45/allure/#testresult/6af6bf88695e6261",
        "status" : "passed",
        "time" : {
          "start" : 1651033714337,
          "stop" : 1651033747934,
          "duration" : 33597
        }
      }, {
        "uid" : "35c468a79ab9f00b",
        "reportUrl" : "http://localhost:8080/job/okmarts_ui_test/43/allure/#testresult/35c468a79ab9f00b",
        "status" : "passed",
        "time" : {
          "start" : 1651022664185,
          "stop" : 1651022739205,
          "duration" : 75020
        }
      }, {
        "uid" : "7b576ae0d0c5fb7",
        "reportUrl" : "http://localhost:8080/job/okmarts_ui_test/42/allure/#testresult/7b576ae0d0c5fb7",
        "status" : "passed",
        "time" : {
          "start" : 1650960928920,
          "stop" : 1650960962710,
          "duration" : 33790
        }
      }, {
        "uid" : "5cb8773ebadd5931",
        "reportUrl" : "http://localhost:8080/job/okmarts_ui_test/41/allure/#testresult/5cb8773ebadd5931",
        "status" : "passed",
        "time" : {
          "start" : 1650957623016,
          "stop" : 1650957659423,
          "duration" : 36407
        }
      }, {
        "uid" : "9b134a164f46c70f",
        "reportUrl" : "http://localhost:8080/job/okmarts_ui_test/40/allure/#testresult/9b134a164f46c70f",
        "status" : "passed",
        "time" : {
          "start" : 1650951742313,
          "stop" : 1650951775751,
          "duration" : 33438
        }
      }, {
        "uid" : "5679ac9af8a4978b",
        "reportUrl" : "http://localhost:8080/job/okmarts_ui_test/39/allure/#testresult/5679ac9af8a4978b",
        "status" : "passed",
        "time" : {
          "start" : 1650936015331,
          "stop" : 1650936049722,
          "duration" : 34391
        }
      }, {
        "uid" : "a0aedfee1875c8d2",
        "reportUrl" : "http://localhost:8080/job/okmarts_ui_test/38/allure/#testresult/a0aedfee1875c8d2",
        "status" : "passed",
        "time" : {
          "start" : 1650869613497,
          "stop" : 1650869652030,
          "duration" : 38533
        }
      }, {
        "uid" : "402264da8a878e7a",
        "reportUrl" : "http://localhost:8080/job/okmarts_ui_test/37/allure/#testresult/402264da8a878e7a",
        "status" : "passed",
        "time" : {
          "start" : 1650867031451,
          "stop" : 1650867065523,
          "duration" : 34072
        }
      }, {
        "uid" : "9d45392d82410046",
        "reportUrl" : "http://localhost:8080/job/okmarts_ui_test/36/allure/#testresult/9d45392d82410046",
        "status" : "passed",
        "time" : {
          "start" : 1650858933691,
          "stop" : 1650858969027,
          "duration" : 35336
        }
      }, {
        "uid" : "fdfd9747193fbff8",
        "reportUrl" : "http://localhost:8080/job/okmarts_ui_test/34/allure/#testresult/fdfd9747193fbff8",
        "status" : "failed",
        "statusDetails" : "AssertionError",
        "time" : {
          "start" : 1650855307327,
          "stop" : 1650855346065,
          "duration" : 38738
        }
      }, {
        "uid" : "a4afa52f2a50f898",
        "reportUrl" : "http://localhost:8080/job/okmarts_ui_test/33/allure/#testresult/a4afa52f2a50f898",
        "status" : "failed",
        "statusDetails" : "AssertionError",
        "time" : {
          "start" : 1650853056050,
          "stop" : 1650853089331,
          "duration" : 33281
        }
      } ]
    },
    "tags" : [ ]
  },
  "source" : "62d20fa9cf136475.json",
  "parameterValues" : [ "{'case_no': '45', 'casename': '输入7位特殊字符密码修改失败', 'mode': '忘记密码', 'data': 'useraccount=a979172251@163.com\\nnewpassword=!!!!!!!', 'assert_way': 'css selector=#app > div > div.login-form-wrap > div.login-form.margin-bottom > form > div:nth-child(3) > div > div > span > span:nth-child(2)', 'result': 'Please set the password to a combination of 6 to 16 digits and letters'}" ]
}