{
  "uid" : "855499a04c9b5b74",
  "name" : "密码为大写字母+特殊字符注册失败",
  "fullName" : "test_main.Test_Main#test_regist",
  "historyId" : "82ad053b8050efa9fab87af87310369e",
  "time" : {
    "start" : 1650596912848,
    "stop" : 1650596941410,
    "duration" : 28562
  },
  "status" : "broken",
  "statusMessage" : "selenium.common.exceptions.NoSuchElementException: Message: no such element: Unable to locate element: {\"method\":\"css selector\",\"selector\":\"div[class=\"input-content\"]>input[data-index=\"0\"]\"}\n  (Session info: chrome=100.0.4896.127)\nStacktrace:\nBacktrace:\n\tOrdinal0 [0x00E27413+2389011]\n\tOrdinal0 [0x00DB9F61+1941345]\n\tOrdinal0 [0x00CAC658+837208]\n\tOrdinal0 [0x00CD91DD+1020381]\n\tOrdinal0 [0x00CD949B+1021083]\n\tOrdinal0 [0x00D06032+1204274]\n\tOrdinal0 [0x00CF4194+1130900]\n\tOrdinal0 [0x00D04302+1196802]\n\tOrdinal0 [0x00CF3F66+1130342]\n\tOrdinal0 [0x00CCE546+976198]\n\tOrdinal0 [0x00CCF456+980054]\n\tGetHandleVerifier [0x00FD9632+1727522]\n\tGetHandleVerifier [0x0108BA4D+2457661]\n\tGetHandleVerifier [0x00EBEB81+569713]\n\tGetHandleVerifier [0x00EBDD76+566118]\n\tOrdinal0 [0x00DC0B2B+1968939]\n\tOrdinal0 [0x00DC5988+1989000]\n\tOrdinal0 [0x00DC5A75+1989237]\n\tOrdinal0 [0x00DCECB1+2026673]\n\tBaseThreadInitThunk [0x75906739+25]\n\tRtlGetFullPathName_UEx [0x77408E7F+1215]\n\tRtlGetFullPathName_UEx [0x77408E4D+1165]",
  "statusTrace" : "self = <test_main.Test_Main object at 0x0000025001A46DC0>\nParameter = {'assert_way': 'xpath=/html/body/div[3]/div/div/div/div[2]/div/div/div', 'case_no': '27', 'casename': '密码为大写字母+特殊字符注册失败', 'data': 'useraccount=a883774917@163.com\\npassword=ASDF!@#$', ...}\ndriver = <selenium.webdriver.chrome.webdriver.WebDriver (session=\"6a3adf515ff6da8e7f4ef1f0a3e95bb0\")>\n\n    @allure.feature('注册')\n    @pytest.mark.parametrize('Parameter',case_infos['registe'],ids=casename_infos['registe'])\n    def test_regist(self,Parameter,driver):\n        allure.dynamic.title(Parameter['casename'])  # 测试用例名称\n>       Regist().regist(Parameter,driver)\n\ntest_main.py:37: \n_ _ _ _ _ _ _ _ _ _ _ _ _ _ _ _ _ _ _ _ _ _ _ _ _ _ _ _ _ _ _ _ _ _ _ _ _ _ _ _\n..\\mode\\register.py:107: in regist\n    self.regist_mode1(useraccount, driver, data)\n..\\mode\\register.py:132: in regist_mode1\n    self.input_code(driver, code)\n..\\mode\\register.py:114: in input_code\n    driver.find_element(by='css selector', value='div[class=\"input-content\"]>input[data-index=\"0\"]').send_keys(\nD:\\python\\lib\\site-packages\\selenium\\webdriver\\remote\\webdriver.py:1244: in find_element\n    return self.execute(Command.FIND_ELEMENT, {\nD:\\python\\lib\\site-packages\\selenium\\webdriver\\remote\\webdriver.py:424: in execute\n    self.error_handler.check_response(response)\n_ _ _ _ _ _ _ _ _ _ _ _ _ _ _ _ _ _ _ _ _ _ _ _ _ _ _ _ _ _ _ _ _ _ _ _ _ _ _ _\n\nself = <selenium.webdriver.remote.errorhandler.ErrorHandler object at 0x000002500194C070>\nresponse = {'status': 404, 'value': '{\"value\":{\"error\":\"no such element\",\"message\":\"no such element: Unable to locate element: {\\...unk [0x75906739+25]\\\\n\\\\tRtlGetFullPathName_UEx [0x77408E7F+1215]\\\\n\\\\tRtlGetFullPathName_UEx [0x77408E4D+1165]\\\\n\"}}'}\n\n    def check_response(self, response: Dict[str, Any]) -> None:\n        \"\"\"\n        Checks that a JSON response from the WebDriver does not have an error.\n    \n        :Args:\n         - response - The JSON response from the WebDriver server as a dictionary\n           object.\n    \n        :Raises: If the response contains an error message.\n        \"\"\"\n        status = response.get('status', None)\n        if not status or status == ErrorCode.SUCCESS:\n            return\n        value = None\n        message = response.get(\"message\", \"\")\n        screen: str = response.get(\"screen\", \"\")\n        stacktrace = None\n        if isinstance(status, int):\n            value_json = response.get('value', None)\n            if value_json and isinstance(value_json, str):\n                import json\n                try:\n                    value = json.loads(value_json)\n                    if len(value.keys()) == 1:\n                        value = value['value']\n                    status = value.get('error', None)\n                    if not status:\n                        status = value.get(\"status\", ErrorCode.UNKNOWN_ERROR)\n                        message = value.get(\"value\") or value.get(\"message\")\n                        if not isinstance(message, str):\n                            value = message\n                            message = message.get('message')\n                    else:\n                        message = value.get('message', None)\n                except ValueError:\n                    pass\n    \n        exception_class: Type[WebDriverException]\n        if status in ErrorCode.NO_SUCH_ELEMENT:\n            exception_class = NoSuchElementException\n        elif status in ErrorCode.NO_SUCH_FRAME:\n            exception_class = NoSuchFrameException\n        elif status in ErrorCode.NO_SUCH_SHADOW_ROOT:\n            exception_class = NoSuchShadowRootException\n        elif status in ErrorCode.NO_SUCH_WINDOW:\n            exception_class = NoSuchWindowException\n        elif status in ErrorCode.STALE_ELEMENT_REFERENCE:\n            exception_class = StaleElementReferenceException\n        elif status in ErrorCode.ELEMENT_NOT_VISIBLE:\n            exception_class = ElementNotVisibleException\n        elif status in ErrorCode.INVALID_ELEMENT_STATE:\n            exception_class = InvalidElementStateException\n        elif status in ErrorCode.INVALID_SELECTOR \\\n                or status in ErrorCode.INVALID_XPATH_SELECTOR \\\n                or status in ErrorCode.INVALID_XPATH_SELECTOR_RETURN_TYPER:\n            exception_class = InvalidSelectorException\n        elif status in ErrorCode.ELEMENT_IS_NOT_SELECTABLE:\n            exception_class = ElementNotSelectableException\n        elif status in ErrorCode.ELEMENT_NOT_INTERACTABLE:\n            exception_class = ElementNotInteractableException\n        elif status in ErrorCode.INVALID_COOKIE_DOMAIN:\n            exception_class = InvalidCookieDomainException\n        elif status in ErrorCode.UNABLE_TO_SET_COOKIE:\n            exception_class = UnableToSetCookieException\n        elif status in ErrorCode.TIMEOUT:\n            exception_class = TimeoutException\n        elif status in ErrorCode.SCRIPT_TIMEOUT:\n            exception_class = TimeoutException\n        elif status in ErrorCode.UNKNOWN_ERROR:\n            exception_class = WebDriverException\n        elif status in ErrorCode.UNEXPECTED_ALERT_OPEN:\n            exception_class = UnexpectedAlertPresentException\n        elif status in ErrorCode.NO_ALERT_OPEN:\n            exception_class = NoAlertPresentException\n        elif status in ErrorCode.IME_NOT_AVAILABLE:\n            exception_class = ImeNotAvailableException\n        elif status in ErrorCode.IME_ENGINE_ACTIVATION_FAILED:\n            exception_class = ImeActivationFailedException\n        elif status in ErrorCode.MOVE_TARGET_OUT_OF_BOUNDS:\n            exception_class = MoveTargetOutOfBoundsException\n        elif status in ErrorCode.JAVASCRIPT_ERROR:\n            exception_class = JavascriptException\n        elif status in ErrorCode.SESSION_NOT_CREATED:\n            exception_class = SessionNotCreatedException\n        elif status in ErrorCode.INVALID_ARGUMENT:\n            exception_class = InvalidArgumentException\n        elif status in ErrorCode.NO_SUCH_COOKIE:\n            exception_class = NoSuchCookieException\n        elif status in ErrorCode.UNABLE_TO_CAPTURE_SCREEN:\n            exception_class = ScreenshotException\n        elif status in ErrorCode.ELEMENT_CLICK_INTERCEPTED:\n            exception_class = ElementClickInterceptedException\n        elif status in ErrorCode.INSECURE_CERTIFICATE:\n            exception_class = InsecureCertificateException\n        elif status in ErrorCode.INVALID_COORDINATES:\n            exception_class = InvalidCoordinatesException\n        elif status in ErrorCode.INVALID_SESSION_ID:\n            exception_class = InvalidSessionIdException\n        elif status in ErrorCode.UNKNOWN_METHOD:\n            exception_class = UnknownMethodException\n        else:\n            exception_class = WebDriverException\n        if not value:\n            value = response['value']\n        if isinstance(value, str):\n            raise exception_class(value)\n        if message == \"\" and 'message' in value:\n            message = value['message']\n    \n        screen = None  # type: ignore[assignment]\n        if 'screen' in value:\n            screen = value['screen']\n    \n        stacktrace = None\n        st_value = value.get('stackTrace') or value.get('stacktrace')\n        if st_value:\n            if isinstance(st_value, str):\n                stacktrace = st_value.split('\\n')\n            else:\n                stacktrace = []\n                try:\n                    for frame in st_value:\n                        line = self._value_or_default(frame, 'lineNumber', '')\n                        file = self._value_or_default(frame, 'fileName', '<anonymous>')\n                        if line:\n                            file = \"%s:%s\" % (file, line)\n                        meth = self._value_or_default(frame, 'methodName', '<anonymous>')\n                        if 'className' in frame:\n                            meth = \"%s.%s\" % (frame['className'], meth)\n                        msg = \"    at %s (%s)\"\n                        msg = msg % (meth, file)\n                        stacktrace.append(msg)\n                except TypeError:\n                    pass\n        if exception_class == UnexpectedAlertPresentException:\n            alert_text = None\n            if 'data' in value:\n                alert_text = value['data'].get('text')\n            elif 'alert' in value:\n                alert_text = value['alert'].get('text')\n            raise exception_class(message, screen, stacktrace, alert_text)  # type: ignore[call-arg]  # mypy is not smart enough here\n>       raise exception_class(message, screen, stacktrace)\nE       selenium.common.exceptions.NoSuchElementException: Message: no such element: Unable to locate element: {\"method\":\"css selector\",\"selector\":\"div[class=\"input-content\"]>input[data-index=\"0\"]\"}\nE         (Session info: chrome=100.0.4896.127)\nE       Stacktrace:\nE       Backtrace:\nE       \tOrdinal0 [0x00E27413+2389011]\nE       \tOrdinal0 [0x00DB9F61+1941345]\nE       \tOrdinal0 [0x00CAC658+837208]\nE       \tOrdinal0 [0x00CD91DD+1020381]\nE       \tOrdinal0 [0x00CD949B+1021083]\nE       \tOrdinal0 [0x00D06032+1204274]\nE       \tOrdinal0 [0x00CF4194+1130900]\nE       \tOrdinal0 [0x00D04302+1196802]\nE       \tOrdinal0 [0x00CF3F66+1130342]\nE       \tOrdinal0 [0x00CCE546+976198]\nE       \tOrdinal0 [0x00CCF456+980054]\nE       \tGetHandleVerifier [0x00FD9632+1727522]\nE       \tGetHandleVerifier [0x0108BA4D+2457661]\nE       \tGetHandleVerifier [0x00EBEB81+569713]\nE       \tGetHandleVerifier [0x00EBDD76+566118]\nE       \tOrdinal0 [0x00DC0B2B+1968939]\nE       \tOrdinal0 [0x00DC5988+1989000]\nE       \tOrdinal0 [0x00DC5A75+1989237]\nE       \tOrdinal0 [0x00DCECB1+2026673]\nE       \tBaseThreadInitThunk [0x75906739+25]\nE       \tRtlGetFullPathName_UEx [0x77408E7F+1215]\nE       \tRtlGetFullPathName_UEx [0x77408E4D+1165]\n\nD:\\python\\lib\\site-packages\\selenium\\webdriver\\remote\\errorhandler.py:247: NoSuchElementException",
  "flaky" : false,
  "newFailed" : false,
  "newBroken" : false,
  "newPassed" : false,
  "retriesCount" : 0,
  "retriesStatusChange" : false,
  "beforeStages" : [ {
    "name" : "driver",
    "time" : {
      "start" : 1650596290533,
      "stop" : 1650596292304,
      "duration" : 1771
    },
    "status" : "passed",
    "steps" : [ ],
    "attachments" : [ ],
    "parameters" : [ ],
    "stepsCount" : 0,
    "hasContent" : false,
    "attachmentsCount" : 0,
    "shouldDisplayMessage" : false
  }, {
    "name" : "_Class__pytest_setup_class",
    "time" : {
      "start" : 1650596292304,
      "stop" : 1650596292304,
      "duration" : 0
    },
    "status" : "passed",
    "steps" : [ ],
    "attachments" : [ ],
    "parameters" : [ ],
    "stepsCount" : 0,
    "hasContent" : false,
    "attachmentsCount" : 0,
    "shouldDisplayMessage" : false
  } ],
  "testStage" : {
    "status" : "broken",
    "statusMessage" : "selenium.common.exceptions.NoSuchElementException: Message: no such element: Unable to locate element: {\"method\":\"css selector\",\"selector\":\"div[class=\"input-content\"]>input[data-index=\"0\"]\"}\n  (Session info: chrome=100.0.4896.127)\nStacktrace:\nBacktrace:\n\tOrdinal0 [0x00E27413+2389011]\n\tOrdinal0 [0x00DB9F61+1941345]\n\tOrdinal0 [0x00CAC658+837208]\n\tOrdinal0 [0x00CD91DD+1020381]\n\tOrdinal0 [0x00CD949B+1021083]\n\tOrdinal0 [0x00D06032+1204274]\n\tOrdinal0 [0x00CF4194+1130900]\n\tOrdinal0 [0x00D04302+1196802]\n\tOrdinal0 [0x00CF3F66+1130342]\n\tOrdinal0 [0x00CCE546+976198]\n\tOrdinal0 [0x00CCF456+980054]\n\tGetHandleVerifier [0x00FD9632+1727522]\n\tGetHandleVerifier [0x0108BA4D+2457661]\n\tGetHandleVerifier [0x00EBEB81+569713]\n\tGetHandleVerifier [0x00EBDD76+566118]\n\tOrdinal0 [0x00DC0B2B+1968939]\n\tOrdinal0 [0x00DC5988+1989000]\n\tOrdinal0 [0x00DC5A75+1989237]\n\tOrdinal0 [0x00DCECB1+2026673]\n\tBaseThreadInitThunk [0x75906739+25]\n\tRtlGetFullPathName_UEx [0x77408E7F+1215]\n\tRtlGetFullPathName_UEx [0x77408E4D+1165]",
    "statusTrace" : "self = <test_main.Test_Main object at 0x0000025001A46DC0>\nParameter = {'assert_way': 'xpath=/html/body/div[3]/div/div/div/div[2]/div/div/div', 'case_no': '27', 'casename': '密码为大写字母+特殊字符注册失败', 'data': 'useraccount=a883774917@163.com\\npassword=ASDF!@#$', ...}\ndriver = <selenium.webdriver.chrome.webdriver.WebDriver (session=\"6a3adf515ff6da8e7f4ef1f0a3e95bb0\")>\n\n    @allure.feature('注册')\n    @pytest.mark.parametrize('Parameter',case_infos['registe'],ids=casename_infos['registe'])\n    def test_regist(self,Parameter,driver):\n        allure.dynamic.title(Parameter['casename'])  # 测试用例名称\n>       Regist().regist(Parameter,driver)\n\ntest_main.py:37: \n_ _ _ _ _ _ _ _ _ _ _ _ _ _ _ _ _ _ _ _ _ _ _ _ _ _ _ _ _ _ _ _ _ _ _ _ _ _ _ _\n..\\mode\\register.py:107: in regist\n    self.regist_mode1(useraccount, driver, data)\n..\\mode\\register.py:132: in regist_mode1\n    self.input_code(driver, code)\n..\\mode\\register.py:114: in input_code\n    driver.find_element(by='css selector', value='div[class=\"input-content\"]>input[data-index=\"0\"]').send_keys(\nD:\\python\\lib\\site-packages\\selenium\\webdriver\\remote\\webdriver.py:1244: in find_element\n    return self.execute(Command.FIND_ELEMENT, {\nD:\\python\\lib\\site-packages\\selenium\\webdriver\\remote\\webdriver.py:424: in execute\n    self.error_handler.check_response(response)\n_ _ _ _ _ _ _ _ _ _ _ _ _ _ _ _ _ _ _ _ _ _ _ _ _ _ _ _ _ _ _ _ _ _ _ _ _ _ _ _\n\nself = <selenium.webdriver.remote.errorhandler.ErrorHandler object at 0x000002500194C070>\nresponse = {'status': 404, 'value': '{\"value\":{\"error\":\"no such element\",\"message\":\"no such element: Unable to locate element: {\\...unk [0x75906739+25]\\\\n\\\\tRtlGetFullPathName_UEx [0x77408E7F+1215]\\\\n\\\\tRtlGetFullPathName_UEx [0x77408E4D+1165]\\\\n\"}}'}\n\n    def check_response(self, response: Dict[str, Any]) -> None:\n        \"\"\"\n        Checks that a JSON response from the WebDriver does not have an error.\n    \n        :Args:\n         - response - The JSON response from the WebDriver server as a dictionary\n           object.\n    \n        :Raises: If the response contains an error message.\n        \"\"\"\n        status = response.get('status', None)\n        if not status or status == ErrorCode.SUCCESS:\n            return\n        value = None\n        message = response.get(\"message\", \"\")\n        screen: str = response.get(\"screen\", \"\")\n        stacktrace = None\n        if isinstance(status, int):\n            value_json = response.get('value', None)\n            if value_json and isinstance(value_json, str):\n                import json\n                try:\n                    value = json.loads(value_json)\n                    if len(value.keys()) == 1:\n                        value = value['value']\n                    status = value.get('error', None)\n                    if not status:\n                        status = value.get(\"status\", ErrorCode.UNKNOWN_ERROR)\n                        message = value.get(\"value\") or value.get(\"message\")\n                        if not isinstance(message, str):\n                            value = message\n                            message = message.get('message')\n                    else:\n                        message = value.get('message', None)\n                except ValueError:\n                    pass\n    \n        exception_class: Type[WebDriverException]\n        if status in ErrorCode.NO_SUCH_ELEMENT:\n            exception_class = NoSuchElementException\n        elif status in ErrorCode.NO_SUCH_FRAME:\n            exception_class = NoSuchFrameException\n        elif status in ErrorCode.NO_SUCH_SHADOW_ROOT:\n            exception_class = NoSuchShadowRootException\n        elif status in ErrorCode.NO_SUCH_WINDOW:\n            exception_class = NoSuchWindowException\n        elif status in ErrorCode.STALE_ELEMENT_REFERENCE:\n            exception_class = StaleElementReferenceException\n        elif status in ErrorCode.ELEMENT_NOT_VISIBLE:\n            exception_class = ElementNotVisibleException\n        elif status in ErrorCode.INVALID_ELEMENT_STATE:\n            exception_class = InvalidElementStateException\n        elif status in ErrorCode.INVALID_SELECTOR \\\n                or status in ErrorCode.INVALID_XPATH_SELECTOR \\\n                or status in ErrorCode.INVALID_XPATH_SELECTOR_RETURN_TYPER:\n            exception_class = InvalidSelectorException\n        elif status in ErrorCode.ELEMENT_IS_NOT_SELECTABLE:\n            exception_class = ElementNotSelectableException\n        elif status in ErrorCode.ELEMENT_NOT_INTERACTABLE:\n            exception_class = ElementNotInteractableException\n        elif status in ErrorCode.INVALID_COOKIE_DOMAIN:\n            exception_class = InvalidCookieDomainException\n        elif status in ErrorCode.UNABLE_TO_SET_COOKIE:\n            exception_class = UnableToSetCookieException\n        elif status in ErrorCode.TIMEOUT:\n            exception_class = TimeoutException\n        elif status in ErrorCode.SCRIPT_TIMEOUT:\n            exception_class = TimeoutException\n        elif status in ErrorCode.UNKNOWN_ERROR:\n            exception_class = WebDriverException\n        elif status in ErrorCode.UNEXPECTED_ALERT_OPEN:\n            exception_class = UnexpectedAlertPresentException\n        elif status in ErrorCode.NO_ALERT_OPEN:\n            exception_class = NoAlertPresentException\n        elif status in ErrorCode.IME_NOT_AVAILABLE:\n            exception_class = ImeNotAvailableException\n        elif status in ErrorCode.IME_ENGINE_ACTIVATION_FAILED:\n            exception_class = ImeActivationFailedException\n        elif status in ErrorCode.MOVE_TARGET_OUT_OF_BOUNDS:\n            exception_class = MoveTargetOutOfBoundsException\n        elif status in ErrorCode.JAVASCRIPT_ERROR:\n            exception_class = JavascriptException\n        elif status in ErrorCode.SESSION_NOT_CREATED:\n            exception_class = SessionNotCreatedException\n        elif status in ErrorCode.INVALID_ARGUMENT:\n            exception_class = InvalidArgumentException\n        elif status in ErrorCode.NO_SUCH_COOKIE:\n            exception_class = NoSuchCookieException\n        elif status in ErrorCode.UNABLE_TO_CAPTURE_SCREEN:\n            exception_class = ScreenshotException\n        elif status in ErrorCode.ELEMENT_CLICK_INTERCEPTED:\n            exception_class = ElementClickInterceptedException\n        elif status in ErrorCode.INSECURE_CERTIFICATE:\n            exception_class = InsecureCertificateException\n        elif status in ErrorCode.INVALID_COORDINATES:\n            exception_class = InvalidCoordinatesException\n        elif status in ErrorCode.INVALID_SESSION_ID:\n            exception_class = InvalidSessionIdException\n        elif status in ErrorCode.UNKNOWN_METHOD:\n            exception_class = UnknownMethodException\n        else:\n            exception_class = WebDriverException\n        if not value:\n            value = response['value']\n        if isinstance(value, str):\n            raise exception_class(value)\n        if message == \"\" and 'message' in value:\n            message = value['message']\n    \n        screen = None  # type: ignore[assignment]\n        if 'screen' in value:\n            screen = value['screen']\n    \n        stacktrace = None\n        st_value = value.get('stackTrace') or value.get('stacktrace')\n        if st_value:\n            if isinstance(st_value, str):\n                stacktrace = st_value.split('\\n')\n            else:\n                stacktrace = []\n                try:\n                    for frame in st_value:\n                        line = self._value_or_default(frame, 'lineNumber', '')\n                        file = self._value_or_default(frame, 'fileName', '<anonymous>')\n                        if line:\n                            file = \"%s:%s\" % (file, line)\n                        meth = self._value_or_default(frame, 'methodName', '<anonymous>')\n                        if 'className' in frame:\n                            meth = \"%s.%s\" % (frame['className'], meth)\n                        msg = \"    at %s (%s)\"\n                        msg = msg % (meth, file)\n                        stacktrace.append(msg)\n                except TypeError:\n                    pass\n        if exception_class == UnexpectedAlertPresentException:\n            alert_text = None\n            if 'data' in value:\n                alert_text = value['data'].get('text')\n            elif 'alert' in value:\n                alert_text = value['alert'].get('text')\n            raise exception_class(message, screen, stacktrace, alert_text)  # type: ignore[call-arg]  # mypy is not smart enough here\n>       raise exception_class(message, screen, stacktrace)\nE       selenium.common.exceptions.NoSuchElementException: Message: no such element: Unable to locate element: {\"method\":\"css selector\",\"selector\":\"div[class=\"input-content\"]>input[data-index=\"0\"]\"}\nE         (Session info: chrome=100.0.4896.127)\nE       Stacktrace:\nE       Backtrace:\nE       \tOrdinal0 [0x00E27413+2389011]\nE       \tOrdinal0 [0x00DB9F61+1941345]\nE       \tOrdinal0 [0x00CAC658+837208]\nE       \tOrdinal0 [0x00CD91DD+1020381]\nE       \tOrdinal0 [0x00CD949B+1021083]\nE       \tOrdinal0 [0x00D06032+1204274]\nE       \tOrdinal0 [0x00CF4194+1130900]\nE       \tOrdinal0 [0x00D04302+1196802]\nE       \tOrdinal0 [0x00CF3F66+1130342]\nE       \tOrdinal0 [0x00CCE546+976198]\nE       \tOrdinal0 [0x00CCF456+980054]\nE       \tGetHandleVerifier [0x00FD9632+1727522]\nE       \tGetHandleVerifier [0x0108BA4D+2457661]\nE       \tGetHandleVerifier [0x00EBEB81+569713]\nE       \tGetHandleVerifier [0x00EBDD76+566118]\nE       \tOrdinal0 [0x00DC0B2B+1968939]\nE       \tOrdinal0 [0x00DC5988+1989000]\nE       \tOrdinal0 [0x00DC5A75+1989237]\nE       \tOrdinal0 [0x00DCECB1+2026673]\nE       \tBaseThreadInitThunk [0x75906739+25]\nE       \tRtlGetFullPathName_UEx [0x77408E7F+1215]\nE       \tRtlGetFullPathName_UEx [0x77408E4D+1165]\n\nD:\\python\\lib\\site-packages\\selenium\\webdriver\\remote\\errorhandler.py:247: NoSuchElementException",
    "steps" : [ {
      "name" : "添加失败截图...",
      "time" : {
        "start" : 1650596941446,
        "stop" : 1650596941563,
        "duration" : 117
      },
      "status" : "passed",
      "steps" : [ ],
      "attachments" : [ {
        "uid" : "44ed3da344a20a73",
        "name" : "失败截图",
        "source" : "44ed3da344a20a73.png",
        "type" : "image/png",
        "size" : 53380
      } ],
      "parameters" : [ ],
      "stepsCount" : 0,
      "hasContent" : true,
      "attachmentsCount" : 1,
      "shouldDisplayMessage" : false
    } ],
    "attachments" : [ {
      "uid" : "b9c9e3d86109a80d",
      "name" : "stdout",
      "source" : "b9c9e3d86109a80d.txt",
      "type" : "text/plain",
      "size" : 26
    } ],
    "parameters" : [ ],
    "stepsCount" : 1,
    "hasContent" : true,
    "attachmentsCount" : 2,
    "shouldDisplayMessage" : true
  },
  "afterStages" : [ {
    "name" : "_Class__pytest_setup_class::0",
    "time" : {
      "start" : 1650596984328,
      "stop" : 1650596984328,
      "duration" : 0
    },
    "status" : "passed",
    "steps" : [ ],
    "attachments" : [ ],
    "parameters" : [ ],
    "stepsCount" : 0,
    "hasContent" : false,
    "attachmentsCount" : 0,
    "shouldDisplayMessage" : false
  }, {
    "name" : "driver::0",
    "time" : {
      "start" : 1650596984329,
      "stop" : 1650596984525,
      "duration" : 196
    },
    "status" : "passed",
    "steps" : [ ],
    "attachments" : [ ],
    "parameters" : [ ],
    "stepsCount" : 0,
    "hasContent" : false,
    "attachmentsCount" : 0,
    "shouldDisplayMessage" : false
  } ],
  "labels" : [ {
    "name" : "feature",
    "value" : "注册"
  }, {
    "name" : "suite",
    "value" : "test_main"
  }, {
    "name" : "subSuite",
    "value" : "Test_Main"
  }, {
    "name" : "host",
    "value" : "DESKTOP-NB3FDE0"
  }, {
    "name" : "thread",
    "value" : "5440-MainThread"
  }, {
    "name" : "framework",
    "value" : "pytest"
  }, {
    "name" : "language",
    "value" : "cpython3"
  }, {
    "name" : "package",
    "value" : "test_main"
  }, {
    "name" : "resultFormat",
    "value" : "allure2"
  } ],
  "parameters" : [ {
    "name" : "Parameter",
    "value" : "{'case_no': '27', 'casename': '密码为大写字母+特殊字符注册失败', 'mode': '注册', 'data': 'useraccount=a883774917@163.com\\npassword=ASDF!@#$', 'assert_way': 'xpath=/html/body/div[3]/div/div/div/div[2]/div/div/div', 'result': 'Please set the password to a combination of 6 to 16 digits and letters'}"
  } ],
  "links" : [ ],
  "hidden" : false,
  "retry" : false,
  "extra" : {
    "severity" : "normal",
    "retries" : [ ],
    "categories" : [ {
      "name" : "Test defects",
      "matchedStatuses" : [ ],
      "flaky" : false
    } ],
    "history" : {
      "statistic" : {
        "failed" : 0,
        "broken" : 3,
        "skipped" : 0,
        "passed" : 1,
        "unknown" : 0,
        "total" : 4
      },
      "items" : [ {
        "uid" : "56af44a6db24fe95",
        "reportUrl" : "http://localhost:8080/job/okmarts_ui_test/24/allure/#testresult/56af44a6db24fe95",
        "status" : "broken",
        "statusDetails" : "IndexError: string index out of range",
        "time" : {
          "start" : 1650520460376,
          "stop" : 1650520488816,
          "duration" : 28440
        }
      }, {
        "uid" : "5a76fcbb99fc74be",
        "reportUrl" : "http://localhost:8080/job/okmarts_ui_test/23/allure/#testresult/5a76fcbb99fc74be",
        "status" : "broken",
        "statusDetails" : "selenium.common.exceptions.NoSuchElementException: Message: no such element: Unable to locate element: {\"method\":\"xpath\",\"selector\":\"//*[@id=\"app\"]/div/div/div[2]/form/div[2]/div/div/span/div/div[2]/div/div/i\"}\n  (Session info: chrome=100.0.4896.127)\nStacktrace:\nBacktrace:\n\tOrdinal0 [0x007F7413+2389011]\n\tOrdinal0 [0x00789F61+1941345]\n\tOrdinal0 [0x0067C658+837208]\n\tOrdinal0 [0x006A91DD+1020381]\n\tOrdinal0 [0x006A949B+1021083]\n\tOrdinal0 [0x006D6032+1204274]\n\tOrdinal0 [0x006C4194+1130900]\n\tOrdinal0 [0x006D4302+1196802]\n\tOrdinal0 [0x006C3F66+1130342]\n\tOrdinal0 [0x0069E546+976198]\n\tOrdinal0 [0x0069F456+980054]\n\tGetHandleVerifier [0x009A9632+1727522]\n\tGetHandleVerifier [0x00A5BA4D+2457661]\n\tGetHandleVerifier [0x0088EB81+569713]\n\tGetHandleVerifier [0x0088DD76+566118]\n\tOrdinal0 [0x00790B2B+1968939]\n\tOrdinal0 [0x00795988+1989000]\n\tOrdinal0 [0x00795A75+1989237]\n\tOrdinal0 [0x0079ECB1+2026673]\n\tBaseThreadInitThunk [0x75906739+25]\n\tRtlGetFullPathName_UEx [0x77408E7F+1215]\n\tRtlGetFullPathName_UEx [0x77408E4D+1165]",
        "time" : {
          "start" : 1650519542143,
          "stop" : 1650519578052,
          "duration" : 35909
        }
      }, {
        "uid" : "d5bdc10474a50414",
        "reportUrl" : "http://localhost:8080/job/okmarts_ui_test/22/allure/#testresult/d5bdc10474a50414",
        "status" : "passed",
        "time" : {
          "start" : 1650518131138,
          "stop" : 1650518172968,
          "duration" : 41830
        }
      } ]
    },
    "tags" : [ ]
  },
  "source" : "855499a04c9b5b74.json",
  "parameterValues" : [ "{'case_no': '27', 'casename': '密码为大写字母+特殊字符注册失败', 'mode': '注册', 'data': 'useraccount=a883774917@163.com\\npassword=ASDF!@#$', 'assert_way': 'xpath=/html/body/div[3]/div/div/div/div[2]/div/div/div', 'result': 'Please set the password to a combination of 6 to 16 digits and letters'}" ]
}