{
  "uid" : "8e39c685090a0dde",
  "name" : "输入6位字母+数字密码更改成功",
  "fullName" : "test_main.Test_Main#test_forget_password",
  "historyId" : "3d0974d276d01ef9e62c44adf3a7cba4",
  "time" : {
    "start" : 1651892801731,
    "stop" : 1651892843033,
    "duration" : 41302
  },
  "status" : "broken",
  "statusMessage" : "selenium.common.exceptions.NoSuchElementException: Message: no such element: Unable to locate element: {\"method\":\"css selector\",\"selector\":\"#app > div > div.global-header > div > div.menu-content > div.menu-right.flex > div:nth-child(1)\"}\n  (Session info: chrome=101.0.4951.54)\nStacktrace:\nBacktrace:\n\tOrdinal0 [0x00E17413+2389011]\n\tOrdinal0 [0x00DA9F61+1941345]\n\tOrdinal0 [0x00C9C658+837208]\n\tOrdinal0 [0x00CC91DD+1020381]\n\tOrdinal0 [0x00CC949B+1021083]\n\tOrdinal0 [0x00CF6032+1204274]\n\tOrdinal0 [0x00CE4194+1130900]\n\tOrdinal0 [0x00CF4302+1196802]\n\tOrdinal0 [0x00CE3F66+1130342]\n\tOrdinal0 [0x00CBE546+976198]\n\tOrdinal0 [0x00CBF456+980054]\n\tGetHandleVerifier [0x00FC9632+1727522]\n\tGetHandleVerifier [0x0107BA4D+2457661]\n\tGetHandleVerifier [0x00EAEB81+569713]\n\tGetHandleVerifier [0x00EADD76+566118]\n\tOrdinal0 [0x00DB0B2B+1968939]\n\tOrdinal0 [0x00DB5988+1989000]\n\tOrdinal0 [0x00DB5A75+1989237]\n\tOrdinal0 [0x00DBECB1+2026673]\n\tBaseThreadInitThunk [0x766B6739+25]\n\tRtlGetFullPathName_UEx [0x77C88E7F+1215]\n\tRtlGetFullPathName_UEx [0x77C88E4D+1165]",
  "statusTrace" : "self = <test_main.Test_Main object at 0x000001C25569DE80>\ndriver = <selenium.webdriver.chrome.webdriver.WebDriver (session=\"4a5b8a553cc7fcba54a52f240db06c4c\")>\nParameter = {'assert_way': 'css selector=#app > div > div.global-header > div > div.menu-content > div.menu-right.flex > div:nth-c...n', 'case_no': '46', 'casename': '输入6位字母+数字密码更改成功', 'data': 'useraccount=a979172251@163.com\\nnewpassword=a123456', ...}\n\n    @allure.feature('忘记密码')\n    @pytest.mark.parametrize('Parameter', case_infos['forget'], ids=casename_infos['forget'])\n    def test_forget_password(self,driver,Parameter):\n        allure.dynamic.title(Parameter['casename'])\n>       Forget_Password().forget_password(driver,Parameter)\n\ntest_main.py:48: \n_ _ _ _ _ _ _ _ _ _ _ _ _ _ _ _ _ _ _ _ _ _ _ _ _ _ _ _ _ _ _ _ _ _ _ _ _ _ _ _\n..\\mode\\forget_password.py:110: in forget_password\n    driver.find_element(by='css selector',\nD:\\python\\lib\\site-packages\\selenium\\webdriver\\remote\\webdriver.py:1244: in find_element\n    return self.execute(Command.FIND_ELEMENT, {\nD:\\python\\lib\\site-packages\\selenium\\webdriver\\remote\\webdriver.py:424: in execute\n    self.error_handler.check_response(response)\n_ _ _ _ _ _ _ _ _ _ _ _ _ _ _ _ _ _ _ _ _ _ _ _ _ _ _ _ _ _ _ _ _ _ _ _ _ _ _ _\n\nself = <selenium.webdriver.remote.errorhandler.ErrorHandler object at 0x000001C254BF10D0>\nresponse = {'status': 404, 'value': '{\"value\":{\"error\":\"no such element\",\"message\":\"no such element: Unable to locate element: {\\...unk [0x766B6739+25]\\\\n\\\\tRtlGetFullPathName_UEx [0x77C88E7F+1215]\\\\n\\\\tRtlGetFullPathName_UEx [0x77C88E4D+1165]\\\\n\"}}'}\n\n    def check_response(self, response: Dict[str, Any]) -> None:\n        \"\"\"\n        Checks that a JSON response from the WebDriver does not have an error.\n    \n        :Args:\n         - response - The JSON response from the WebDriver server as a dictionary\n           object.\n    \n        :Raises: If the response contains an error message.\n        \"\"\"\n        status = response.get('status', None)\n        if not status or status == ErrorCode.SUCCESS:\n            return\n        value = None\n        message = response.get(\"message\", \"\")\n        screen: str = response.get(\"screen\", \"\")\n        stacktrace = None\n        if isinstance(status, int):\n            value_json = response.get('value', None)\n            if value_json and isinstance(value_json, str):\n                import json\n                try:\n                    value = json.loads(value_json)\n                    if len(value.keys()) == 1:\n                        value = value['value']\n                    status = value.get('error', None)\n                    if not status:\n                        status = value.get(\"status\", ErrorCode.UNKNOWN_ERROR)\n                        message = value.get(\"value\") or value.get(\"message\")\n                        if not isinstance(message, str):\n                            value = message\n                            message = message.get('message')\n                    else:\n                        message = value.get('message', None)\n                except ValueError:\n                    pass\n    \n        exception_class: Type[WebDriverException]\n        if status in ErrorCode.NO_SUCH_ELEMENT:\n            exception_class = NoSuchElementException\n        elif status in ErrorCode.NO_SUCH_FRAME:\n            exception_class = NoSuchFrameException\n        elif status in ErrorCode.NO_SUCH_SHADOW_ROOT:\n            exception_class = NoSuchShadowRootException\n        elif status in ErrorCode.NO_SUCH_WINDOW:\n            exception_class = NoSuchWindowException\n        elif status in ErrorCode.STALE_ELEMENT_REFERENCE:\n            exception_class = StaleElementReferenceException\n        elif status in ErrorCode.ELEMENT_NOT_VISIBLE:\n            exception_class = ElementNotVisibleException\n        elif status in ErrorCode.INVALID_ELEMENT_STATE:\n            exception_class = InvalidElementStateException\n        elif status in ErrorCode.INVALID_SELECTOR \\\n                or status in ErrorCode.INVALID_XPATH_SELECTOR \\\n                or status in ErrorCode.INVALID_XPATH_SELECTOR_RETURN_TYPER:\n            exception_class = InvalidSelectorException\n        elif status in ErrorCode.ELEMENT_IS_NOT_SELECTABLE:\n            exception_class = ElementNotSelectableException\n        elif status in ErrorCode.ELEMENT_NOT_INTERACTABLE:\n            exception_class = ElementNotInteractableException\n        elif status in ErrorCode.INVALID_COOKIE_DOMAIN:\n            exception_class = InvalidCookieDomainException\n        elif status in ErrorCode.UNABLE_TO_SET_COOKIE:\n            exception_class = UnableToSetCookieException\n        elif status in ErrorCode.TIMEOUT:\n            exception_class = TimeoutException\n        elif status in ErrorCode.SCRIPT_TIMEOUT:\n            exception_class = TimeoutException\n        elif status in ErrorCode.UNKNOWN_ERROR:\n            exception_class = WebDriverException\n        elif status in ErrorCode.UNEXPECTED_ALERT_OPEN:\n            exception_class = UnexpectedAlertPresentException\n        elif status in ErrorCode.NO_ALERT_OPEN:\n            exception_class = NoAlertPresentException\n        elif status in ErrorCode.IME_NOT_AVAILABLE:\n            exception_class = ImeNotAvailableException\n        elif status in ErrorCode.IME_ENGINE_ACTIVATION_FAILED:\n            exception_class = ImeActivationFailedException\n        elif status in ErrorCode.MOVE_TARGET_OUT_OF_BOUNDS:\n            exception_class = MoveTargetOutOfBoundsException\n        elif status in ErrorCode.JAVASCRIPT_ERROR:\n            exception_class = JavascriptException\n        elif status in ErrorCode.SESSION_NOT_CREATED:\n            exception_class = SessionNotCreatedException\n        elif status in ErrorCode.INVALID_ARGUMENT:\n            exception_class = InvalidArgumentException\n        elif status in ErrorCode.NO_SUCH_COOKIE:\n            exception_class = NoSuchCookieException\n        elif status in ErrorCode.UNABLE_TO_CAPTURE_SCREEN:\n            exception_class = ScreenshotException\n        elif status in ErrorCode.ELEMENT_CLICK_INTERCEPTED:\n            exception_class = ElementClickInterceptedException\n        elif status in ErrorCode.INSECURE_CERTIFICATE:\n            exception_class = InsecureCertificateException\n        elif status in ErrorCode.INVALID_COORDINATES:\n            exception_class = InvalidCoordinatesException\n        elif status in ErrorCode.INVALID_SESSION_ID:\n            exception_class = InvalidSessionIdException\n        elif status in ErrorCode.UNKNOWN_METHOD:\n            exception_class = UnknownMethodException\n        else:\n            exception_class = WebDriverException\n        if not value:\n            value = response['value']\n        if isinstance(value, str):\n            raise exception_class(value)\n        if message == \"\" and 'message' in value:\n            message = value['message']\n    \n        screen = None  # type: ignore[assignment]\n        if 'screen' in value:\n            screen = value['screen']\n    \n        stacktrace = None\n        st_value = value.get('stackTrace') or value.get('stacktrace')\n        if st_value:\n            if isinstance(st_value, str):\n                stacktrace = st_value.split('\\n')\n            else:\n                stacktrace = []\n                try:\n                    for frame in st_value:\n                        line = self._value_or_default(frame, 'lineNumber', '')\n                        file = self._value_or_default(frame, 'fileName', '<anonymous>')\n                        if line:\n                            file = \"%s:%s\" % (file, line)\n                        meth = self._value_or_default(frame, 'methodName', '<anonymous>')\n                        if 'className' in frame:\n                            meth = \"%s.%s\" % (frame['className'], meth)\n                        msg = \"    at %s (%s)\"\n                        msg = msg % (meth, file)\n                        stacktrace.append(msg)\n                except TypeError:\n                    pass\n        if exception_class == UnexpectedAlertPresentException:\n            alert_text = None\n            if 'data' in value:\n                alert_text = value['data'].get('text')\n            elif 'alert' in value:\n                alert_text = value['alert'].get('text')\n            raise exception_class(message, screen, stacktrace, alert_text)  # type: ignore[call-arg]  # mypy is not smart enough here\n>       raise exception_class(message, screen, stacktrace)\nE       selenium.common.exceptions.NoSuchElementException: Message: no such element: Unable to locate element: {\"method\":\"css selector\",\"selector\":\"#app > div > div.global-header > div > div.menu-content > div.menu-right.flex > div:nth-child(1)\"}\nE         (Session info: chrome=101.0.4951.54)\nE       Stacktrace:\nE       Backtrace:\nE       \tOrdinal0 [0x00E17413+2389011]\nE       \tOrdinal0 [0x00DA9F61+1941345]\nE       \tOrdinal0 [0x00C9C658+837208]\nE       \tOrdinal0 [0x00CC91DD+1020381]\nE       \tOrdinal0 [0x00CC949B+1021083]\nE       \tOrdinal0 [0x00CF6032+1204274]\nE       \tOrdinal0 [0x00CE4194+1130900]\nE       \tOrdinal0 [0x00CF4302+1196802]\nE       \tOrdinal0 [0x00CE3F66+1130342]\nE       \tOrdinal0 [0x00CBE546+976198]\nE       \tOrdinal0 [0x00CBF456+980054]\nE       \tGetHandleVerifier [0x00FC9632+1727522]\nE       \tGetHandleVerifier [0x0107BA4D+2457661]\nE       \tGetHandleVerifier [0x00EAEB81+569713]\nE       \tGetHandleVerifier [0x00EADD76+566118]\nE       \tOrdinal0 [0x00DB0B2B+1968939]\nE       \tOrdinal0 [0x00DB5988+1989000]\nE       \tOrdinal0 [0x00DB5A75+1989237]\nE       \tOrdinal0 [0x00DBECB1+2026673]\nE       \tBaseThreadInitThunk [0x766B6739+25]\nE       \tRtlGetFullPathName_UEx [0x77C88E7F+1215]\nE       \tRtlGetFullPathName_UEx [0x77C88E4D+1165]\n\nD:\\python\\lib\\site-packages\\selenium\\webdriver\\remote\\errorhandler.py:247: NoSuchElementException",
  "flaky" : false,
  "newFailed" : false,
  "newBroken" : true,
  "newPassed" : false,
  "retriesCount" : 0,
  "retriesStatusChange" : false,
  "beforeStages" : [ {
    "name" : "driver",
    "time" : {
      "start" : 1651891343511,
      "stop" : 1651891345563,
      "duration" : 2052
    },
    "status" : "passed",
    "steps" : [ ],
    "attachments" : [ ],
    "parameters" : [ ],
    "stepsCount" : 0,
    "hasContent" : false,
    "shouldDisplayMessage" : false,
    "attachmentsCount" : 0
  }, {
    "name" : "_Class__pytest_setup_class",
    "time" : {
      "start" : 1651891345563,
      "stop" : 1651891345563,
      "duration" : 0
    },
    "status" : "passed",
    "steps" : [ ],
    "attachments" : [ ],
    "parameters" : [ ],
    "stepsCount" : 0,
    "hasContent" : false,
    "shouldDisplayMessage" : false,
    "attachmentsCount" : 0
  } ],
  "testStage" : {
    "status" : "broken",
    "statusMessage" : "selenium.common.exceptions.NoSuchElementException: Message: no such element: Unable to locate element: {\"method\":\"css selector\",\"selector\":\"#app > div > div.global-header > div > div.menu-content > div.menu-right.flex > div:nth-child(1)\"}\n  (Session info: chrome=101.0.4951.54)\nStacktrace:\nBacktrace:\n\tOrdinal0 [0x00E17413+2389011]\n\tOrdinal0 [0x00DA9F61+1941345]\n\tOrdinal0 [0x00C9C658+837208]\n\tOrdinal0 [0x00CC91DD+1020381]\n\tOrdinal0 [0x00CC949B+1021083]\n\tOrdinal0 [0x00CF6032+1204274]\n\tOrdinal0 [0x00CE4194+1130900]\n\tOrdinal0 [0x00CF4302+1196802]\n\tOrdinal0 [0x00CE3F66+1130342]\n\tOrdinal0 [0x00CBE546+976198]\n\tOrdinal0 [0x00CBF456+980054]\n\tGetHandleVerifier [0x00FC9632+1727522]\n\tGetHandleVerifier [0x0107BA4D+2457661]\n\tGetHandleVerifier [0x00EAEB81+569713]\n\tGetHandleVerifier [0x00EADD76+566118]\n\tOrdinal0 [0x00DB0B2B+1968939]\n\tOrdinal0 [0x00DB5988+1989000]\n\tOrdinal0 [0x00DB5A75+1989237]\n\tOrdinal0 [0x00DBECB1+2026673]\n\tBaseThreadInitThunk [0x766B6739+25]\n\tRtlGetFullPathName_UEx [0x77C88E7F+1215]\n\tRtlGetFullPathName_UEx [0x77C88E4D+1165]",
    "statusTrace" : "self = <test_main.Test_Main object at 0x000001C25569DE80>\ndriver = <selenium.webdriver.chrome.webdriver.WebDriver (session=\"4a5b8a553cc7fcba54a52f240db06c4c\")>\nParameter = {'assert_way': 'css selector=#app > div > div.global-header > div > div.menu-content > div.menu-right.flex > div:nth-c...n', 'case_no': '46', 'casename': '输入6位字母+数字密码更改成功', 'data': 'useraccount=a979172251@163.com\\nnewpassword=a123456', ...}\n\n    @allure.feature('忘记密码')\n    @pytest.mark.parametrize('Parameter', case_infos['forget'], ids=casename_infos['forget'])\n    def test_forget_password(self,driver,Parameter):\n        allure.dynamic.title(Parameter['casename'])\n>       Forget_Password().forget_password(driver,Parameter)\n\ntest_main.py:48: \n_ _ _ _ _ _ _ _ _ _ _ _ _ _ _ _ _ _ _ _ _ _ _ _ _ _ _ _ _ _ _ _ _ _ _ _ _ _ _ _\n..\\mode\\forget_password.py:110: in forget_password\n    driver.find_element(by='css selector',\nD:\\python\\lib\\site-packages\\selenium\\webdriver\\remote\\webdriver.py:1244: in find_element\n    return self.execute(Command.FIND_ELEMENT, {\nD:\\python\\lib\\site-packages\\selenium\\webdriver\\remote\\webdriver.py:424: in execute\n    self.error_handler.check_response(response)\n_ _ _ _ _ _ _ _ _ _ _ _ _ _ _ _ _ _ _ _ _ _ _ _ _ _ _ _ _ _ _ _ _ _ _ _ _ _ _ _\n\nself = <selenium.webdriver.remote.errorhandler.ErrorHandler object at 0x000001C254BF10D0>\nresponse = {'status': 404, 'value': '{\"value\":{\"error\":\"no such element\",\"message\":\"no such element: Unable to locate element: {\\...unk [0x766B6739+25]\\\\n\\\\tRtlGetFullPathName_UEx [0x77C88E7F+1215]\\\\n\\\\tRtlGetFullPathName_UEx [0x77C88E4D+1165]\\\\n\"}}'}\n\n    def check_response(self, response: Dict[str, Any]) -> None:\n        \"\"\"\n        Checks that a JSON response from the WebDriver does not have an error.\n    \n        :Args:\n         - response - The JSON response from the WebDriver server as a dictionary\n           object.\n    \n        :Raises: If the response contains an error message.\n        \"\"\"\n        status = response.get('status', None)\n        if not status or status == ErrorCode.SUCCESS:\n            return\n        value = None\n        message = response.get(\"message\", \"\")\n        screen: str = response.get(\"screen\", \"\")\n        stacktrace = None\n        if isinstance(status, int):\n            value_json = response.get('value', None)\n            if value_json and isinstance(value_json, str):\n                import json\n                try:\n                    value = json.loads(value_json)\n                    if len(value.keys()) == 1:\n                        value = value['value']\n                    status = value.get('error', None)\n                    if not status:\n                        status = value.get(\"status\", ErrorCode.UNKNOWN_ERROR)\n                        message = value.get(\"value\") or value.get(\"message\")\n                        if not isinstance(message, str):\n                            value = message\n                            message = message.get('message')\n                    else:\n                        message = value.get('message', None)\n                except ValueError:\n                    pass\n    \n        exception_class: Type[WebDriverException]\n        if status in ErrorCode.NO_SUCH_ELEMENT:\n            exception_class = NoSuchElementException\n        elif status in ErrorCode.NO_SUCH_FRAME:\n            exception_class = NoSuchFrameException\n        elif status in ErrorCode.NO_SUCH_SHADOW_ROOT:\n            exception_class = NoSuchShadowRootException\n        elif status in ErrorCode.NO_SUCH_WINDOW:\n            exception_class = NoSuchWindowException\n        elif status in ErrorCode.STALE_ELEMENT_REFERENCE:\n            exception_class = StaleElementReferenceException\n        elif status in ErrorCode.ELEMENT_NOT_VISIBLE:\n            exception_class = ElementNotVisibleException\n        elif status in ErrorCode.INVALID_ELEMENT_STATE:\n            exception_class = InvalidElementStateException\n        elif status in ErrorCode.INVALID_SELECTOR \\\n                or status in ErrorCode.INVALID_XPATH_SELECTOR \\\n                or status in ErrorCode.INVALID_XPATH_SELECTOR_RETURN_TYPER:\n            exception_class = InvalidSelectorException\n        elif status in ErrorCode.ELEMENT_IS_NOT_SELECTABLE:\n            exception_class = ElementNotSelectableException\n        elif status in ErrorCode.ELEMENT_NOT_INTERACTABLE:\n            exception_class = ElementNotInteractableException\n        elif status in ErrorCode.INVALID_COOKIE_DOMAIN:\n            exception_class = InvalidCookieDomainException\n        elif status in ErrorCode.UNABLE_TO_SET_COOKIE:\n            exception_class = UnableToSetCookieException\n        elif status in ErrorCode.TIMEOUT:\n            exception_class = TimeoutException\n        elif status in ErrorCode.SCRIPT_TIMEOUT:\n            exception_class = TimeoutException\n        elif status in ErrorCode.UNKNOWN_ERROR:\n            exception_class = WebDriverException\n        elif status in ErrorCode.UNEXPECTED_ALERT_OPEN:\n            exception_class = UnexpectedAlertPresentException\n        elif status in ErrorCode.NO_ALERT_OPEN:\n            exception_class = NoAlertPresentException\n        elif status in ErrorCode.IME_NOT_AVAILABLE:\n            exception_class = ImeNotAvailableException\n        elif status in ErrorCode.IME_ENGINE_ACTIVATION_FAILED:\n            exception_class = ImeActivationFailedException\n        elif status in ErrorCode.MOVE_TARGET_OUT_OF_BOUNDS:\n            exception_class = MoveTargetOutOfBoundsException\n        elif status in ErrorCode.JAVASCRIPT_ERROR:\n            exception_class = JavascriptException\n        elif status in ErrorCode.SESSION_NOT_CREATED:\n            exception_class = SessionNotCreatedException\n        elif status in ErrorCode.INVALID_ARGUMENT:\n            exception_class = InvalidArgumentException\n        elif status in ErrorCode.NO_SUCH_COOKIE:\n            exception_class = NoSuchCookieException\n        elif status in ErrorCode.UNABLE_TO_CAPTURE_SCREEN:\n            exception_class = ScreenshotException\n        elif status in ErrorCode.ELEMENT_CLICK_INTERCEPTED:\n            exception_class = ElementClickInterceptedException\n        elif status in ErrorCode.INSECURE_CERTIFICATE:\n            exception_class = InsecureCertificateException\n        elif status in ErrorCode.INVALID_COORDINATES:\n            exception_class = InvalidCoordinatesException\n        elif status in ErrorCode.INVALID_SESSION_ID:\n            exception_class = InvalidSessionIdException\n        elif status in ErrorCode.UNKNOWN_METHOD:\n            exception_class = UnknownMethodException\n        else:\n            exception_class = WebDriverException\n        if not value:\n            value = response['value']\n        if isinstance(value, str):\n            raise exception_class(value)\n        if message == \"\" and 'message' in value:\n            message = value['message']\n    \n        screen = None  # type: ignore[assignment]\n        if 'screen' in value:\n            screen = value['screen']\n    \n        stacktrace = None\n        st_value = value.get('stackTrace') or value.get('stacktrace')\n        if st_value:\n            if isinstance(st_value, str):\n                stacktrace = st_value.split('\\n')\n            else:\n                stacktrace = []\n                try:\n                    for frame in st_value:\n                        line = self._value_or_default(frame, 'lineNumber', '')\n                        file = self._value_or_default(frame, 'fileName', '<anonymous>')\n                        if line:\n                            file = \"%s:%s\" % (file, line)\n                        meth = self._value_or_default(frame, 'methodName', '<anonymous>')\n                        if 'className' in frame:\n                            meth = \"%s.%s\" % (frame['className'], meth)\n                        msg = \"    at %s (%s)\"\n                        msg = msg % (meth, file)\n                        stacktrace.append(msg)\n                except TypeError:\n                    pass\n        if exception_class == UnexpectedAlertPresentException:\n            alert_text = None\n            if 'data' in value:\n                alert_text = value['data'].get('text')\n            elif 'alert' in value:\n                alert_text = value['alert'].get('text')\n            raise exception_class(message, screen, stacktrace, alert_text)  # type: ignore[call-arg]  # mypy is not smart enough here\n>       raise exception_class(message, screen, stacktrace)\nE       selenium.common.exceptions.NoSuchElementException: Message: no such element: Unable to locate element: {\"method\":\"css selector\",\"selector\":\"#app > div > div.global-header > div > div.menu-content > div.menu-right.flex > div:nth-child(1)\"}\nE         (Session info: chrome=101.0.4951.54)\nE       Stacktrace:\nE       Backtrace:\nE       \tOrdinal0 [0x00E17413+2389011]\nE       \tOrdinal0 [0x00DA9F61+1941345]\nE       \tOrdinal0 [0x00C9C658+837208]\nE       \tOrdinal0 [0x00CC91DD+1020381]\nE       \tOrdinal0 [0x00CC949B+1021083]\nE       \tOrdinal0 [0x00CF6032+1204274]\nE       \tOrdinal0 [0x00CE4194+1130900]\nE       \tOrdinal0 [0x00CF4302+1196802]\nE       \tOrdinal0 [0x00CE3F66+1130342]\nE       \tOrdinal0 [0x00CBE546+976198]\nE       \tOrdinal0 [0x00CBF456+980054]\nE       \tGetHandleVerifier [0x00FC9632+1727522]\nE       \tGetHandleVerifier [0x0107BA4D+2457661]\nE       \tGetHandleVerifier [0x00EAEB81+569713]\nE       \tGetHandleVerifier [0x00EADD76+566118]\nE       \tOrdinal0 [0x00DB0B2B+1968939]\nE       \tOrdinal0 [0x00DB5988+1989000]\nE       \tOrdinal0 [0x00DB5A75+1989237]\nE       \tOrdinal0 [0x00DBECB1+2026673]\nE       \tBaseThreadInitThunk [0x766B6739+25]\nE       \tRtlGetFullPathName_UEx [0x77C88E7F+1215]\nE       \tRtlGetFullPathName_UEx [0x77C88E4D+1165]\n\nD:\\python\\lib\\site-packages\\selenium\\webdriver\\remote\\errorhandler.py:247: NoSuchElementException",
    "steps" : [ {
      "name" : "添加失败截图...",
      "time" : {
        "start" : 1651892843067,
        "stop" : 1651892843321,
        "duration" : 254
      },
      "status" : "passed",
      "steps" : [ ],
      "attachments" : [ {
        "uid" : "2043cad90e59a8a9",
        "name" : "失败截图",
        "source" : "2043cad90e59a8a9.png",
        "type" : "image/png",
        "size" : 57964
      } ],
      "parameters" : [ ],
      "stepsCount" : 0,
      "hasContent" : true,
      "shouldDisplayMessage" : false,
      "attachmentsCount" : 1
    } ],
    "attachments" : [ {
      "uid" : "78d19fa96824af41",
      "name" : "stdout",
      "source" : "78d19fa96824af41.txt",
      "type" : "text/plain",
      "size" : 96
    } ],
    "parameters" : [ ],
    "stepsCount" : 1,
    "hasContent" : true,
    "shouldDisplayMessage" : true,
    "attachmentsCount" : 2
  },
  "afterStages" : [ {
    "name" : "_Class__pytest_setup_class::0",
    "time" : {
      "start" : 1651894034521,
      "stop" : 1651894034991,
      "duration" : 470
    },
    "status" : "passed",
    "steps" : [ ],
    "attachments" : [ ],
    "parameters" : [ ],
    "stepsCount" : 0,
    "hasContent" : false,
    "shouldDisplayMessage" : false,
    "attachmentsCount" : 0
  }, {
    "name" : "driver::0",
    "time" : {
      "start" : 1651894034996,
      "stop" : 1651894034996,
      "duration" : 0
    },
    "status" : "passed",
    "steps" : [ ],
    "attachments" : [ ],
    "parameters" : [ ],
    "stepsCount" : 0,
    "hasContent" : false,
    "shouldDisplayMessage" : false,
    "attachmentsCount" : 0
  } ],
  "labels" : [ {
    "name" : "feature",
    "value" : "忘记密码"
  }, {
    "name" : "suite",
    "value" : "test_main"
  }, {
    "name" : "subSuite",
    "value" : "Test_Main"
  }, {
    "name" : "host",
    "value" : "DESKTOP-NB3FDE0"
  }, {
    "name" : "thread",
    "value" : "3192-MainThread"
  }, {
    "name" : "framework",
    "value" : "pytest"
  }, {
    "name" : "language",
    "value" : "cpython3"
  }, {
    "name" : "package",
    "value" : "test_main"
  }, {
    "name" : "resultFormat",
    "value" : "allure2"
  } ],
  "parameters" : [ {
    "name" : "Parameter",
    "value" : "{'case_no': '46', 'casename': '输入6位字母+数字密码更改成功', 'mode': '忘记密码', 'data': 'useraccount=a979172251@163.com\\nnewpassword=a123456', 'assert_way': 'css selector=#app > div > div.global-header > div > div.menu-content > div.menu-right.flex > div:nth-child(1) > span', 'result': 'Login'}"
  } ],
  "links" : [ ],
  "hidden" : false,
  "retry" : false,
  "extra" : {
    "severity" : "normal",
    "retries" : [ ],
    "categories" : [ {
      "name" : "Test defects",
      "matchedStatuses" : [ ],
      "flaky" : false
    } ],
    "history" : {
      "statistic" : {
        "failed" : 0,
        "broken" : 12,
        "skipped" : 0,
        "passed" : 9,
        "unknown" : 0,
        "total" : 21
      },
      "items" : [ {
        "uid" : "207627e378aa290b",
        "reportUrl" : "http://localhost:8080/job/okmarts_ui_test/56/allure/#testresult/207627e378aa290b",
        "status" : "passed",
        "time" : {
          "start" : 1651825203701,
          "stop" : 1651825252031,
          "duration" : 48330
        }
      }, {
        "uid" : "30e4a0169741d73a",
        "reportUrl" : "http://localhost:8080/job/okmarts_ui_test/55/allure/#testresult/30e4a0169741d73a",
        "status" : "passed",
        "time" : {
          "start" : 1651821823808,
          "stop" : 1651821874075,
          "duration" : 50267
        }
      }, {
        "uid" : "d99c5c5976763ea1",
        "reportUrl" : "http://localhost:8080/job/okmarts_ui_test/54/allure/#testresult/d99c5c5976763ea1",
        "status" : "passed",
        "time" : {
          "start" : 1651817724662,
          "stop" : 1651817768645,
          "duration" : 43983
        }
      }, {
        "uid" : "93c16637a6c4d32c",
        "reportUrl" : "http://localhost:8080/job/okmarts_ui_test/52/allure/#testresult/93c16637a6c4d32c",
        "status" : "broken",
        "statusDetails" : "selenium.common.exceptions.SessionNotCreatedException: Message: session not created: This version of MSEdgeDriver only supports MSEdge version 99\nCurrent browser version is 101.0.1210.32 with binary path C:\\Program Files (x86)\\Microsoft\\Edge\\Application\\msedge.exe\nStacktrace:\nBacktrace:\n\tMicrosoft::Applications::Events::EventProperties::unpack [0x00007FF639601922+25346]\n\tMicrosoft::Applications::Events::time_ticks_t::time_ticks_t [0x00007FF63953E982+515794]\n\tOrdinal0 [0x00007FF639050BC5+658373]\n\tOrdinal0 [0x00007FF63907B5E0+832992]\n\tOrdinal0 [0x00007FF639076B7E+813950]\n\tOrdinal0 [0x00007FF6390724EE+795886]\n\tOrdinal0 [0x00007FF6390AC366+1033062]\n\tOrdinal0 [0x00007FF6390A6A53+1010259]\n\tOrdinal0 [0x00007FF63907DB47+842567]\n\tOrdinal0 [0x00007FF63907F018+847896]\n\tMicrosoft::Applications::Events::EventProperty::to_string [0x00007FF63920F1C8+827304]\n\tMicrosoft::Applications::Events::EventProperty::EventProperty [0x00007FF6392F9389+34681]\n\tMicrosoft::Applications::Events::EventProperty::EventProperty [0x00007FF6392FC562+47442]\n\tMicrosoft::Applications::Events::EventProperty::to_string [0x00007FF63914C6D6+29878]\n\tMicrosoft::Applications::Events::time_ticks_t::time_ticks_t [0x00007FF639545971+544449]\n\tMicrosoft::Applications::Events::time_ticks_t::time_ticks_t [0x00007FF63954A974+564932]\n\tMicrosoft::Applications::Events::time_ticks_t::time_ticks_t [0x00007FF63954AACD+565277]\n\tMicrosoft::Applications::Events::time_ticks_t::time_ticks_t [0x00007FF6395548BE+605710]\n\tBaseThreadInitThunk [0x00007FFB3F2854E0+16]\n\tRtlUserThreadStart [0x00007FFB4090485B+43]",
        "time" : {
          "start" : 1651810482697,
          "stop" : 1651810551548,
          "duration" : 68851
        }
      }, {
        "uid" : "18f2848b5d4ebac8",
        "reportUrl" : "http://localhost:8080/job/okmarts_ui_test/51/allure/#testresult/18f2848b5d4ebac8",
        "status" : "broken",
        "statusDetails" : "selenium.common.exceptions.SessionNotCreatedException: Message: session not created: This version of MSEdgeDriver only supports MSEdge version 99\nCurrent browser version is 101.0.1210.32 with binary path C:\\Program Files (x86)\\Microsoft\\Edge\\Application\\msedge.exe\nStacktrace:\nBacktrace:\n\tMicrosoft::Applications::Events::EventProperties::unpack [0x00007FF68FE51922+25346]\n\tMicrosoft::Applications::Events::time_ticks_t::time_ticks_t [0x00007FF68FD8E982+515794]\n\tOrdinal0 [0x00007FF68F8A0BC5+658373]\n\tOrdinal0 [0x00007FF68F8CB5E0+832992]\n\tOrdinal0 [0x00007FF68F8C6B7E+813950]\n\tOrdinal0 [0x00007FF68F8C24EE+795886]\n\tOrdinal0 [0x00007FF68F8FC366+1033062]\n\tOrdinal0 [0x00007FF68F8F6A53+1010259]\n\tOrdinal0 [0x00007FF68F8CDB47+842567]\n\tOrdinal0 [0x00007FF68F8CF018+847896]\n\tMicrosoft::Applications::Events::EventProperty::to_string [0x00007FF68FA5F1C8+827304]\n\tMicrosoft::Applications::Events::EventProperty::EventProperty [0x00007FF68FB49389+34681]\n\tMicrosoft::Applications::Events::EventProperty::EventProperty [0x00007FF68FB4C562+47442]\n\tMicrosoft::Applications::Events::EventProperty::to_string [0x00007FF68F99C6D6+29878]\n\tMicrosoft::Applications::Events::time_ticks_t::time_ticks_t [0x00007FF68FD95971+544449]\n\tMicrosoft::Applications::Events::time_ticks_t::time_ticks_t [0x00007FF68FD9A974+564932]\n\tMicrosoft::Applications::Events::time_ticks_t::time_ticks_t [0x00007FF68FD9AACD+565277]\n\tMicrosoft::Applications::Events::time_ticks_t::time_ticks_t [0x00007FF68FDA48BE+605710]\n\tBaseThreadInitThunk [0x00007FFB3F2854E0+16]\n\tRtlUserThreadStart [0x00007FFB4090485B+43]",
        "time" : {
          "start" : 1651738242662,
          "stop" : 1651738262764,
          "duration" : 20102
        }
      }, {
        "uid" : "47c04162c75764",
        "reportUrl" : "http://localhost:8080/job/okmarts_ui_test/50/allure/#testresult/47c04162c75764",
        "status" : "broken",
        "statusDetails" : "selenium.common.exceptions.NoSuchElementException: Message: no such element: Unable to locate element: {\"method\":\"css selector\",\"selector\":\"#app > div > div.global-header > div > div.menu-content > div.menu-right.flex > div:nth-child(1)\"}\n  (Session info: MicrosoftEdge=100.0.1185.50)\nStacktrace:\nBacktrace:\n\tMicrosoft::Applications::Events::EventProperties::unpack [0x00007FF6CD461922+25346]\n\tMicrosoft::Applications::Events::time_ticks_t::time_ticks_t [0x00007FF6CD39E982+515794]\n\tOrdinal0 [0x00007FF6CCEB0BC5+658373]\n\tOrdinal0 [0x00007FF6CCEEB992+899474]\n\tOrdinal0 [0x00007FF6CCEEBC68+900200]\n\tOrdinal0 [0x00007FF6CCF1D937+1104183]\n\tOrdinal0 [0x00007FF6CCF06C7F+1010815]\n\tOrdinal0 [0x00007FF6CCF1B034+1093684]\n\tOrdinal0 [0x00007FF6CCF06A53+1010259]\n\tOrdinal0 [0x00007FF6CCEDDB47+842567]\n\tOrdinal0 [0x00007FF6CCEDF018+847896]\n\tMicrosoft::Applications::Events::EventProperty::to_string [0x00007FF6CD06F1C8+827304]\n\tMicrosoft::Applications::Events::EventProperty::EventProperty [0x00007FF6CD159389+34681]\n\tMicrosoft::Applications::Events::EventProperty::EventProperty [0x00007FF6CD15C562+47442]\n\tMicrosoft::Applications::Events::EventProperty::to_string [0x00007FF6CCFAC6D6+29878]\n\tMicrosoft::Applications::Events::time_ticks_t::time_ticks_t [0x00007FF6CD3A5971+544449]\n\tMicrosoft::Applications::Events::time_ticks_t::time_ticks_t [0x00007FF6CD3AA974+564932]\n\tMicrosoft::Applications::Events::time_ticks_t::time_ticks_t [0x00007FF6CD3AAACD+565277]\n\tMicrosoft::Applications::Events::time_ticks_t::time_ticks_t [0x00007FF6CD3B48BE+605710]\n\tBaseThreadInitThunk [0x00007FFB3F2854E0+16]\n\tRtlUserThreadStart [0x00007FFB4090485B+43]",
        "time" : {
          "start" : 1651220016656,
          "stop" : 1651220111720,
          "duration" : 95064
        }
      }, {
        "uid" : "2556ae71a098b52e",
        "reportUrl" : "http://localhost:8080/job/okmarts_ui_test/49/allure/#testresult/2556ae71a098b52e",
        "status" : "passed",
        "time" : {
          "start" : 1651201261003,
          "stop" : 1651201305379,
          "duration" : 44376
        }
      }, {
        "uid" : "8e1639a212f0c3e4",
        "reportUrl" : "http://localhost:8080/job/okmarts_ui_test/48/allure/#testresult/8e1639a212f0c3e4",
        "status" : "passed",
        "time" : {
          "start" : 1651195517559,
          "stop" : 1651195565901,
          "duration" : 48342
        }
      }, {
        "uid" : "490cded261b9c7af",
        "reportUrl" : "http://localhost:8080/job/okmarts_ui_test/47/allure/#testresult/490cded261b9c7af",
        "status" : "passed",
        "time" : {
          "start" : 1651052393911,
          "stop" : 1651052439305,
          "duration" : 45394
        }
      }, {
        "uid" : "2c165605bf1fc290",
        "reportUrl" : "http://localhost:8080/job/okmarts_ui_test/46/allure/#testresult/2c165605bf1fc290",
        "status" : "passed",
        "time" : {
          "start" : 1651037598489,
          "stop" : 1651037643434,
          "duration" : 44945
        }
      }, {
        "uid" : "d7a9940cede76d0d",
        "reportUrl" : "http://localhost:8080/job/okmarts_ui_test/45/allure/#testresult/d7a9940cede76d0d",
        "status" : "passed",
        "time" : {
          "start" : 1651033747944,
          "stop" : 1651033790777,
          "duration" : 42833
        }
      }, {
        "uid" : "1d36afb3da386c80",
        "reportUrl" : "http://localhost:8080/job/okmarts_ui_test/43/allure/#testresult/1d36afb3da386c80",
        "status" : "broken",
        "statusDetails" : "selenium.common.exceptions.TimeoutException: Message: \nStacktrace:\nBacktrace:\n\tOrdinal0 [0x00B27413+2389011]\n\tOrdinal0 [0x00AB9F61+1941345]\n\tOrdinal0 [0x009AC658+837208]\n\tOrdinal0 [0x009D91DD+1020381]\n\tOrdinal0 [0x009D949B+1021083]\n\tOrdinal0 [0x00A06032+1204274]\n\tOrdinal0 [0x009F4194+1130900]\n\tOrdinal0 [0x00A04302+1196802]\n\tOrdinal0 [0x009F3F66+1130342]\n\tOrdinal0 [0x009CE546+976198]\n\tOrdinal0 [0x009CF456+980054]\n\tGetHandleVerifier [0x00CD9632+1727522]\n\tGetHandleVerifier [0x00D8BA4D+2457661]\n\tGetHandleVerifier [0x00BBEB81+569713]\n\tGetHandleVerifier [0x00BBDD76+566118]\n\tOrdinal0 [0x00AC0B2B+1968939]\n\tOrdinal0 [0x00AC5988+1989000]\n\tOrdinal0 [0x00AC5A75+1989237]\n\tOrdinal0 [0x00ACECB1+2026673]\n\tBaseThreadInitThunk [0x75906739+25]\n\tRtlGetFullPathName_UEx [0x77408E7F+1215]\n\tRtlGetFullPathName_UEx [0x77408E4D+1165]",
        "time" : {
          "start" : 1651022739210,
          "stop" : 1651022839610,
          "duration" : 100400
        }
      }, {
        "uid" : "e4c263dc1d4cee37",
        "reportUrl" : "http://localhost:8080/job/okmarts_ui_test/42/allure/#testresult/e4c263dc1d4cee37",
        "status" : "broken",
        "statusDetails" : "selenium.common.exceptions.TimeoutException: Message: \nStacktrace:\nBacktrace:\n\tOrdinal0 [0x005E7413+2389011]\n\tOrdinal0 [0x00579F61+1941345]\n\tOrdinal0 [0x0046C658+837208]\n\tOrdinal0 [0x004991DD+1020381]\n\tOrdinal0 [0x0049949B+1021083]\n\tOrdinal0 [0x004C6032+1204274]\n\tOrdinal0 [0x004B4194+1130900]\n\tOrdinal0 [0x004C4302+1196802]\n\tOrdinal0 [0x004B3F66+1130342]\n\tOrdinal0 [0x0048E546+976198]\n\tOrdinal0 [0x0048F456+980054]\n\tGetHandleVerifier [0x00799632+1727522]\n\tGetHandleVerifier [0x0084BA4D+2457661]\n\tGetHandleVerifier [0x0067EB81+569713]\n\tGetHandleVerifier [0x0067DD76+566118]\n\tOrdinal0 [0x00580B2B+1968939]\n\tOrdinal0 [0x00585988+1989000]\n\tOrdinal0 [0x00585A75+1989237]\n\tOrdinal0 [0x0058ECB1+2026673]\n\tBaseThreadInitThunk [0x75906739+25]\n\tRtlGetFullPathName_UEx [0x77408E7F+1215]\n\tRtlGetFullPathName_UEx [0x77408E4D+1165]",
        "time" : {
          "start" : 1650960962715,
          "stop" : 1650961074792,
          "duration" : 112077
        }
      }, {
        "uid" : "f058433228d7047b",
        "reportUrl" : "http://localhost:8080/job/okmarts_ui_test/41/allure/#testresult/f058433228d7047b",
        "status" : "broken",
        "statusDetails" : "selenium.common.exceptions.TimeoutException: Message: \nStacktrace:\nBacktrace:\n\tOrdinal0 [0x005E7413+2389011]\n\tOrdinal0 [0x00579F61+1941345]\n\tOrdinal0 [0x0046C658+837208]\n\tOrdinal0 [0x004991DD+1020381]\n\tOrdinal0 [0x0049949B+1021083]\n\tOrdinal0 [0x004C6032+1204274]\n\tOrdinal0 [0x004B4194+1130900]\n\tOrdinal0 [0x004C4302+1196802]\n\tOrdinal0 [0x004B3F66+1130342]\n\tOrdinal0 [0x0048E546+976198]\n\tOrdinal0 [0x0048F456+980054]\n\tGetHandleVerifier [0x00799632+1727522]\n\tGetHandleVerifier [0x0084BA4D+2457661]\n\tGetHandleVerifier [0x0067EB81+569713]\n\tGetHandleVerifier [0x0067DD76+566118]\n\tOrdinal0 [0x00580B2B+1968939]\n\tOrdinal0 [0x00585988+1989000]\n\tOrdinal0 [0x00585A75+1989237]\n\tOrdinal0 [0x0058ECB1+2026673]\n\tBaseThreadInitThunk [0x75906739+25]\n\tRtlGetFullPathName_UEx [0x77408E7F+1215]\n\tRtlGetFullPathName_UEx [0x77408E4D+1165]",
        "time" : {
          "start" : 1650957659427,
          "stop" : 1650957772377,
          "duration" : 112950
        }
      }, {
        "uid" : "26483fc11b2f0278",
        "reportUrl" : "http://localhost:8080/job/okmarts_ui_test/40/allure/#testresult/26483fc11b2f0278",
        "status" : "passed",
        "time" : {
          "start" : 1650951775754,
          "stop" : 1650951818650,
          "duration" : 42896
        }
      }, {
        "uid" : "34b7758fe52ba060",
        "reportUrl" : "http://localhost:8080/job/okmarts_ui_test/39/allure/#testresult/34b7758fe52ba060",
        "status" : "broken",
        "statusDetails" : "selenium.common.exceptions.TimeoutException: Message: \nStacktrace:\nBacktrace:\n\tOrdinal0 [0x00F27413+2389011]\n\tOrdinal0 [0x00EB9F61+1941345]\n\tOrdinal0 [0x00DAC658+837208]\n\tOrdinal0 [0x00DD91DD+1020381]\n\tOrdinal0 [0x00DD949B+1021083]\n\tOrdinal0 [0x00E06032+1204274]\n\tOrdinal0 [0x00DF4194+1130900]\n\tOrdinal0 [0x00E04302+1196802]\n\tOrdinal0 [0x00DF3F66+1130342]\n\tOrdinal0 [0x00DCE546+976198]\n\tOrdinal0 [0x00DCF456+980054]\n\tGetHandleVerifier [0x010D9632+1727522]\n\tGetHandleVerifier [0x0118BA4D+2457661]\n\tGetHandleVerifier [0x00FBEB81+569713]\n\tGetHandleVerifier [0x00FBDD76+566118]\n\tOrdinal0 [0x00EC0B2B+1968939]\n\tOrdinal0 [0x00EC5988+1989000]\n\tOrdinal0 [0x00EC5A75+1989237]\n\tOrdinal0 [0x00ECECB1+2026673]\n\tBaseThreadInitThunk [0x75906739+25]\n\tRtlGetFullPathName_UEx [0x77408E7F+1215]\n\tRtlGetFullPathName_UEx [0x77408E4D+1165]",
        "time" : {
          "start" : 1650936049731,
          "stop" : 1650936162172,
          "duration" : 112441
        }
      }, {
        "uid" : "8336f4067f5b2c58",
        "reportUrl" : "http://localhost:8080/job/okmarts_ui_test/38/allure/#testresult/8336f4067f5b2c58",
        "status" : "broken",
        "statusDetails" : "selenium.common.exceptions.TimeoutException: Message: \nStacktrace:\nBacktrace:\n\tOrdinal0 [0x01127413+2389011]\n\tOrdinal0 [0x010B9F61+1941345]\n\tOrdinal0 [0x00FAC658+837208]\n\tOrdinal0 [0x00FD91DD+1020381]\n\tOrdinal0 [0x00FD949B+1021083]\n\tOrdinal0 [0x01006032+1204274]\n\tOrdinal0 [0x00FF4194+1130900]\n\tOrdinal0 [0x01004302+1196802]\n\tOrdinal0 [0x00FF3F66+1130342]\n\tOrdinal0 [0x00FCE546+976198]\n\tOrdinal0 [0x00FCF456+980054]\n\tGetHandleVerifier [0x012D9632+1727522]\n\tGetHandleVerifier [0x0138BA4D+2457661]\n\tGetHandleVerifier [0x011BEB81+569713]\n\tGetHandleVerifier [0x011BDD76+566118]\n\tOrdinal0 [0x010C0B2B+1968939]\n\tOrdinal0 [0x010C5988+1989000]\n\tOrdinal0 [0x010C5A75+1989237]\n\tOrdinal0 [0x010CECB1+2026673]\n\tBaseThreadInitThunk [0x75906739+25]\n\tRtlGetFullPathName_UEx [0x77408E7F+1215]\n\tRtlGetFullPathName_UEx [0x77408E4D+1165]",
        "time" : {
          "start" : 1650869652035,
          "stop" : 1650869765185,
          "duration" : 113150
        }
      }, {
        "uid" : "cb66e4c187ec456f",
        "reportUrl" : "http://localhost:8080/job/okmarts_ui_test/37/allure/#testresult/cb66e4c187ec456f",
        "status" : "broken",
        "statusDetails" : "selenium.common.exceptions.NoSuchElementException: Message: no such element: Unable to locate element: {\"method\":\"xpath\",\"selector\":\"//*[@id=\"app\"]/div/div[1]/div/div[2]/div[3]/div[1]/span\"}\n  (Session info: chrome=100.0.4896.127)\nStacktrace:\nBacktrace:\n\tOrdinal0 [0x01127413+2389011]\n\tOrdinal0 [0x010B9F61+1941345]\n\tOrdinal0 [0x00FAC658+837208]\n\tOrdinal0 [0x00FD91DD+1020381]\n\tOrdinal0 [0x00FD949B+1021083]\n\tOrdinal0 [0x01006032+1204274]\n\tOrdinal0 [0x00FF4194+1130900]\n\tOrdinal0 [0x01004302+1196802]\n\tOrdinal0 [0x00FF3F66+1130342]\n\tOrdinal0 [0x00FCE546+976198]\n\tOrdinal0 [0x00FCF456+980054]\n\tGetHandleVerifier [0x012D9632+1727522]\n\tGetHandleVerifier [0x0138BA4D+2457661]\n\tGetHandleVerifier [0x011BEB81+569713]\n\tGetHandleVerifier [0x011BDD76+566118]\n\tOrdinal0 [0x010C0B2B+1968939]\n\tOrdinal0 [0x010C5988+1989000]\n\tOrdinal0 [0x010C5A75+1989237]\n\tOrdinal0 [0x010CECB1+2026673]\n\tBaseThreadInitThunk [0x75906739+25]\n\tRtlGetFullPathName_UEx [0x77408E7F+1215]\n\tRtlGetFullPathName_UEx [0x77408E4D+1165]",
        "time" : {
          "start" : 1650867065535,
          "stop" : 1650867153046,
          "duration" : 87511
        }
      }, {
        "uid" : "f1c6518acfcbdb7",
        "reportUrl" : "http://localhost:8080/job/okmarts_ui_test/36/allure/#testresult/f1c6518acfcbdb7",
        "status" : "broken",
        "statusDetails" : "selenium.common.exceptions.NoSuchElementException: Message: no such element: Unable to locate element: {\"method\":\"xpath\",\"selector\":\"//*[@id=\"app\"]/div/div[1]/div/div[2]/div[3]/div[1]/span\"}\n  (Session info: chrome=100.0.4896.127)\nStacktrace:\nBacktrace:\n\tOrdinal0 [0x01127413+2389011]\n\tOrdinal0 [0x010B9F61+1941345]\n\tOrdinal0 [0x00FAC658+837208]\n\tOrdinal0 [0x00FD91DD+1020381]\n\tOrdinal0 [0x00FD949B+1021083]\n\tOrdinal0 [0x01006032+1204274]\n\tOrdinal0 [0x00FF4194+1130900]\n\tOrdinal0 [0x01004302+1196802]\n\tOrdinal0 [0x00FF3F66+1130342]\n\tOrdinal0 [0x00FCE546+976198]\n\tOrdinal0 [0x00FCF456+980054]\n\tGetHandleVerifier [0x012D9632+1727522]\n\tGetHandleVerifier [0x0138BA4D+2457661]\n\tGetHandleVerifier [0x011BEB81+569713]\n\tGetHandleVerifier [0x011BDD76+566118]\n\tOrdinal0 [0x010C0B2B+1968939]\n\tOrdinal0 [0x010C5988+1989000]\n\tOrdinal0 [0x010C5A75+1989237]\n\tOrdinal0 [0x010CECB1+2026673]\n\tBaseThreadInitThunk [0x75906739+25]\n\tRtlGetFullPathName_UEx [0x77408E7F+1215]\n\tRtlGetFullPathName_UEx [0x77408E4D+1165]",
        "time" : {
          "start" : 1650858969031,
          "stop" : 1650859058547,
          "duration" : 89516
        }
      }, {
        "uid" : "4f579c62312eda6d",
        "reportUrl" : "http://localhost:8080/job/okmarts_ui_test/34/allure/#testresult/4f579c62312eda6d",
        "status" : "broken",
        "statusDetails" : "selenium.common.exceptions.NoSuchElementException: Message: no such element: Unable to locate element: {\"method\":\"xpath\",\"selector\":\"//*[@id=\"app\"]/div/div[1]/div/div[2]/div[3]/div[1]/span\"}\n  (Session info: chrome=100.0.4896.127)\nStacktrace:\nBacktrace:\n\tOrdinal0 [0x01127413+2389011]\n\tOrdinal0 [0x010B9F61+1941345]\n\tOrdinal0 [0x00FAC658+837208]\n\tOrdinal0 [0x00FD91DD+1020381]\n\tOrdinal0 [0x00FD949B+1021083]\n\tOrdinal0 [0x01006032+1204274]\n\tOrdinal0 [0x00FF4194+1130900]\n\tOrdinal0 [0x01004302+1196802]\n\tOrdinal0 [0x00FF3F66+1130342]\n\tOrdinal0 [0x00FCE546+976198]\n\tOrdinal0 [0x00FCF456+980054]\n\tGetHandleVerifier [0x012D9632+1727522]\n\tGetHandleVerifier [0x0138BA4D+2457661]\n\tGetHandleVerifier [0x011BEB81+569713]\n\tGetHandleVerifier [0x011BDD76+566118]\n\tOrdinal0 [0x010C0B2B+1968939]\n\tOrdinal0 [0x010C5988+1989000]\n\tOrdinal0 [0x010C5A75+1989237]\n\tOrdinal0 [0x010CECB1+2026673]\n\tBaseThreadInitThunk [0x75906739+25]\n\tRtlGetFullPathName_UEx [0x77408E7F+1215]\n\tRtlGetFullPathName_UEx [0x77408E4D+1165]",
        "time" : {
          "start" : 1650855346428,
          "stop" : 1650855434526,
          "duration" : 88098
        }
      } ]
    },
    "tags" : [ ]
  },
  "source" : "8e39c685090a0dde.json",
  "parameterValues" : [ "{'case_no': '46', 'casename': '输入6位字母+数字密码更改成功', 'mode': '忘记密码', 'data': 'useraccount=a979172251@163.com\\nnewpassword=a123456', 'assert_way': 'css selector=#app > div > div.global-header > div > div.menu-content > div.menu-right.flex > div:nth-child(1) > span', 'result': 'Login'}" ]
}