{
  "uid" : "a3c534784675b276",
  "name" : "输入7位英文小写密码修改失败",
  "fullName" : "test_main.Test_Main#test_forget_password",
  "historyId" : "cc5056e2f350ae9c52d434244450b725",
  "time" : {
    "start" : 1651825102055,
    "stop" : 1651825135870,
    "duration" : 33815
  },
  "status" : "broken",
  "statusMessage" : "selenium.common.exceptions.NoSuchElementException: Message: no such element: Unable to locate element: {\"method\":\"css selector\",\"selector\":\"#app > div > div.login-form-wrap > div.login-form.margin-bottom > form > div:nth-child(3) > div > div > span > span:nth-child(2)\"}\n  (Session info: chrome=101.0.4951.54)\nStacktrace:\nBacktrace:\n\tOrdinal0 [0x006D7413+2389011]\n\tOrdinal0 [0x00669F61+1941345]\n\tOrdinal0 [0x0055C658+837208]\n\tOrdinal0 [0x005891DD+1020381]\n\tOrdinal0 [0x0058949B+1021083]\n\tOrdinal0 [0x005B6032+1204274]\n\tOrdinal0 [0x005A4194+1130900]\n\tOrdinal0 [0x005B4302+1196802]\n\tOrdinal0 [0x005A3F66+1130342]\n\tOrdinal0 [0x0057E546+976198]\n\tOrdinal0 [0x0057F456+980054]\n\tGetHandleVerifier [0x00889632+1727522]\n\tGetHandleVerifier [0x0093BA4D+2457661]\n\tGetHandleVerifier [0x0076EB81+569713]\n\tGetHandleVerifier [0x0076DD76+566118]\n\tOrdinal0 [0x00670B2B+1968939]\n\tOrdinal0 [0x00675988+1989000]\n\tOrdinal0 [0x00675A75+1989237]\n\tOrdinal0 [0x0067ECB1+2026673]\n\tBaseThreadInitThunk [0x75906739+25]\n\tRtlGetFullPathName_UEx [0x77408E7F+1215]\n\tRtlGetFullPathName_UEx [0x77408E4D+1165]",
  "statusTrace" : "self = <test_main.Test_Main object at 0x000001C4E1C8BD90>\ndriver = <selenium.webdriver.chrome.webdriver.WebDriver (session=\"0acb60f99b608d3f06496c14e23dc941\")>\nParameter = {'assert_way': 'css selector=#app > div > div.login-form-wrap > div.login-form.margin-bottom > form > div:nth-child(3)...2)', 'case_no': '43', 'casename': '输入7位英文小写密码修改失败', 'data': 'useraccount=a979172251@163.com\\nnewpassword=aaaaaaa', ...}\n\n    @allure.feature('忘记密码')\n    @pytest.mark.parametrize('Parameter', case_infos['forget'], ids=casename_infos['forget'])\n    def test_forget_password(self,driver,Parameter):\n        allure.dynamic.title(Parameter['casename'])\n>       Forget_Password().forget_password(driver,Parameter)\n\ntest_main.py:48: \n_ _ _ _ _ _ _ _ _ _ _ _ _ _ _ _ _ _ _ _ _ _ _ _ _ _ _ _ _ _ _ _ _ _ _ _ _ _ _ _\n..\\mode\\forget_password.py:159: in forget_password\n    text = driver.find_element(by=f\"{assert_way.split('=', 1)[0]}\", value=f\"{assert_way.split('=', 1)[1]}\").text\nD:\\python\\lib\\site-packages\\selenium\\webdriver\\remote\\webdriver.py:1244: in find_element\n    return self.execute(Command.FIND_ELEMENT, {\nD:\\python\\lib\\site-packages\\selenium\\webdriver\\remote\\webdriver.py:424: in execute\n    self.error_handler.check_response(response)\n_ _ _ _ _ _ _ _ _ _ _ _ _ _ _ _ _ _ _ _ _ _ _ _ _ _ _ _ _ _ _ _ _ _ _ _ _ _ _ _\n\nself = <selenium.webdriver.remote.errorhandler.ErrorHandler object at 0x000001C4E11E2160>\nresponse = {'status': 404, 'value': '{\"value\":{\"error\":\"no such element\",\"message\":\"no such element: Unable to locate element: {\\...unk [0x75906739+25]\\\\n\\\\tRtlGetFullPathName_UEx [0x77408E7F+1215]\\\\n\\\\tRtlGetFullPathName_UEx [0x77408E4D+1165]\\\\n\"}}'}\n\n    def check_response(self, response: Dict[str, Any]) -> None:\n        \"\"\"\n        Checks that a JSON response from the WebDriver does not have an error.\n    \n        :Args:\n         - response - The JSON response from the WebDriver server as a dictionary\n           object.\n    \n        :Raises: If the response contains an error message.\n        \"\"\"\n        status = response.get('status', None)\n        if not status or status == ErrorCode.SUCCESS:\n            return\n        value = None\n        message = response.get(\"message\", \"\")\n        screen: str = response.get(\"screen\", \"\")\n        stacktrace = None\n        if isinstance(status, int):\n            value_json = response.get('value', None)\n            if value_json and isinstance(value_json, str):\n                import json\n                try:\n                    value = json.loads(value_json)\n                    if len(value.keys()) == 1:\n                        value = value['value']\n                    status = value.get('error', None)\n                    if not status:\n                        status = value.get(\"status\", ErrorCode.UNKNOWN_ERROR)\n                        message = value.get(\"value\") or value.get(\"message\")\n                        if not isinstance(message, str):\n                            value = message\n                            message = message.get('message')\n                    else:\n                        message = value.get('message', None)\n                except ValueError:\n                    pass\n    \n        exception_class: Type[WebDriverException]\n        if status in ErrorCode.NO_SUCH_ELEMENT:\n            exception_class = NoSuchElementException\n        elif status in ErrorCode.NO_SUCH_FRAME:\n            exception_class = NoSuchFrameException\n        elif status in ErrorCode.NO_SUCH_SHADOW_ROOT:\n            exception_class = NoSuchShadowRootException\n        elif status in ErrorCode.NO_SUCH_WINDOW:\n            exception_class = NoSuchWindowException\n        elif status in ErrorCode.STALE_ELEMENT_REFERENCE:\n            exception_class = StaleElementReferenceException\n        elif status in ErrorCode.ELEMENT_NOT_VISIBLE:\n            exception_class = ElementNotVisibleException\n        elif status in ErrorCode.INVALID_ELEMENT_STATE:\n            exception_class = InvalidElementStateException\n        elif status in ErrorCode.INVALID_SELECTOR \\\n                or status in ErrorCode.INVALID_XPATH_SELECTOR \\\n                or status in ErrorCode.INVALID_XPATH_SELECTOR_RETURN_TYPER:\n            exception_class = InvalidSelectorException\n        elif status in ErrorCode.ELEMENT_IS_NOT_SELECTABLE:\n            exception_class = ElementNotSelectableException\n        elif status in ErrorCode.ELEMENT_NOT_INTERACTABLE:\n            exception_class = ElementNotInteractableException\n        elif status in ErrorCode.INVALID_COOKIE_DOMAIN:\n            exception_class = InvalidCookieDomainException\n        elif status in ErrorCode.UNABLE_TO_SET_COOKIE:\n            exception_class = UnableToSetCookieException\n        elif status in ErrorCode.TIMEOUT:\n            exception_class = TimeoutException\n        elif status in ErrorCode.SCRIPT_TIMEOUT:\n            exception_class = TimeoutException\n        elif status in ErrorCode.UNKNOWN_ERROR:\n            exception_class = WebDriverException\n        elif status in ErrorCode.UNEXPECTED_ALERT_OPEN:\n            exception_class = UnexpectedAlertPresentException\n        elif status in ErrorCode.NO_ALERT_OPEN:\n            exception_class = NoAlertPresentException\n        elif status in ErrorCode.IME_NOT_AVAILABLE:\n            exception_class = ImeNotAvailableException\n        elif status in ErrorCode.IME_ENGINE_ACTIVATION_FAILED:\n            exception_class = ImeActivationFailedException\n        elif status in ErrorCode.MOVE_TARGET_OUT_OF_BOUNDS:\n            exception_class = MoveTargetOutOfBoundsException\n        elif status in ErrorCode.JAVASCRIPT_ERROR:\n            exception_class = JavascriptException\n        elif status in ErrorCode.SESSION_NOT_CREATED:\n            exception_class = SessionNotCreatedException\n        elif status in ErrorCode.INVALID_ARGUMENT:\n            exception_class = InvalidArgumentException\n        elif status in ErrorCode.NO_SUCH_COOKIE:\n            exception_class = NoSuchCookieException\n        elif status in ErrorCode.UNABLE_TO_CAPTURE_SCREEN:\n            exception_class = ScreenshotException\n        elif status in ErrorCode.ELEMENT_CLICK_INTERCEPTED:\n            exception_class = ElementClickInterceptedException\n        elif status in ErrorCode.INSECURE_CERTIFICATE:\n            exception_class = InsecureCertificateException\n        elif status in ErrorCode.INVALID_COORDINATES:\n            exception_class = InvalidCoordinatesException\n        elif status in ErrorCode.INVALID_SESSION_ID:\n            exception_class = InvalidSessionIdException\n        elif status in ErrorCode.UNKNOWN_METHOD:\n            exception_class = UnknownMethodException\n        else:\n            exception_class = WebDriverException\n        if not value:\n            value = response['value']\n        if isinstance(value, str):\n            raise exception_class(value)\n        if message == \"\" and 'message' in value:\n            message = value['message']\n    \n        screen = None  # type: ignore[assignment]\n        if 'screen' in value:\n            screen = value['screen']\n    \n        stacktrace = None\n        st_value = value.get('stackTrace') or value.get('stacktrace')\n        if st_value:\n            if isinstance(st_value, str):\n                stacktrace = st_value.split('\\n')\n            else:\n                stacktrace = []\n                try:\n                    for frame in st_value:\n                        line = self._value_or_default(frame, 'lineNumber', '')\n                        file = self._value_or_default(frame, 'fileName', '<anonymous>')\n                        if line:\n                            file = \"%s:%s\" % (file, line)\n                        meth = self._value_or_default(frame, 'methodName', '<anonymous>')\n                        if 'className' in frame:\n                            meth = \"%s.%s\" % (frame['className'], meth)\n                        msg = \"    at %s (%s)\"\n                        msg = msg % (meth, file)\n                        stacktrace.append(msg)\n                except TypeError:\n                    pass\n        if exception_class == UnexpectedAlertPresentException:\n            alert_text = None\n            if 'data' in value:\n                alert_text = value['data'].get('text')\n            elif 'alert' in value:\n                alert_text = value['alert'].get('text')\n            raise exception_class(message, screen, stacktrace, alert_text)  # type: ignore[call-arg]  # mypy is not smart enough here\n>       raise exception_class(message, screen, stacktrace)\nE       selenium.common.exceptions.NoSuchElementException: Message: no such element: Unable to locate element: {\"method\":\"css selector\",\"selector\":\"#app > div > div.login-form-wrap > div.login-form.margin-bottom > form > div:nth-child(3) > div > div > span > span:nth-child(2)\"}\nE         (Session info: chrome=101.0.4951.54)\nE       Stacktrace:\nE       Backtrace:\nE       \tOrdinal0 [0x006D7413+2389011]\nE       \tOrdinal0 [0x00669F61+1941345]\nE       \tOrdinal0 [0x0055C658+837208]\nE       \tOrdinal0 [0x005891DD+1020381]\nE       \tOrdinal0 [0x0058949B+1021083]\nE       \tOrdinal0 [0x005B6032+1204274]\nE       \tOrdinal0 [0x005A4194+1130900]\nE       \tOrdinal0 [0x005B4302+1196802]\nE       \tOrdinal0 [0x005A3F66+1130342]\nE       \tOrdinal0 [0x0057E546+976198]\nE       \tOrdinal0 [0x0057F456+980054]\nE       \tGetHandleVerifier [0x00889632+1727522]\nE       \tGetHandleVerifier [0x0093BA4D+2457661]\nE       \tGetHandleVerifier [0x0076EB81+569713]\nE       \tGetHandleVerifier [0x0076DD76+566118]\nE       \tOrdinal0 [0x00670B2B+1968939]\nE       \tOrdinal0 [0x00675988+1989000]\nE       \tOrdinal0 [0x00675A75+1989237]\nE       \tOrdinal0 [0x0067ECB1+2026673]\nE       \tBaseThreadInitThunk [0x75906739+25]\nE       \tRtlGetFullPathName_UEx [0x77408E7F+1215]\nE       \tRtlGetFullPathName_UEx [0x77408E4D+1165]\n\nD:\\python\\lib\\site-packages\\selenium\\webdriver\\remote\\errorhandler.py:247: NoSuchElementException",
  "flaky" : false,
  "newFailed" : false,
  "newBroken" : false,
  "newPassed" : false,
  "retriesCount" : 0,
  "retriesStatusChange" : false,
  "beforeStages" : [ {
    "name" : "driver",
    "time" : {
      "start" : 1651823675815,
      "stop" : 1651823677641,
      "duration" : 1826
    },
    "status" : "passed",
    "steps" : [ ],
    "attachments" : [ ],
    "parameters" : [ ],
    "shouldDisplayMessage" : false,
    "attachmentsCount" : 0,
    "stepsCount" : 0,
    "hasContent" : false
  }, {
    "name" : "_Class__pytest_setup_class",
    "time" : {
      "start" : 1651823677642,
      "stop" : 1651823677642,
      "duration" : 0
    },
    "status" : "passed",
    "steps" : [ ],
    "attachments" : [ ],
    "parameters" : [ ],
    "shouldDisplayMessage" : false,
    "attachmentsCount" : 0,
    "stepsCount" : 0,
    "hasContent" : false
  } ],
  "testStage" : {
    "status" : "broken",
    "statusMessage" : "selenium.common.exceptions.NoSuchElementException: Message: no such element: Unable to locate element: {\"method\":\"css selector\",\"selector\":\"#app > div > div.login-form-wrap > div.login-form.margin-bottom > form > div:nth-child(3) > div > div > span > span:nth-child(2)\"}\n  (Session info: chrome=101.0.4951.54)\nStacktrace:\nBacktrace:\n\tOrdinal0 [0x006D7413+2389011]\n\tOrdinal0 [0x00669F61+1941345]\n\tOrdinal0 [0x0055C658+837208]\n\tOrdinal0 [0x005891DD+1020381]\n\tOrdinal0 [0x0058949B+1021083]\n\tOrdinal0 [0x005B6032+1204274]\n\tOrdinal0 [0x005A4194+1130900]\n\tOrdinal0 [0x005B4302+1196802]\n\tOrdinal0 [0x005A3F66+1130342]\n\tOrdinal0 [0x0057E546+976198]\n\tOrdinal0 [0x0057F456+980054]\n\tGetHandleVerifier [0x00889632+1727522]\n\tGetHandleVerifier [0x0093BA4D+2457661]\n\tGetHandleVerifier [0x0076EB81+569713]\n\tGetHandleVerifier [0x0076DD76+566118]\n\tOrdinal0 [0x00670B2B+1968939]\n\tOrdinal0 [0x00675988+1989000]\n\tOrdinal0 [0x00675A75+1989237]\n\tOrdinal0 [0x0067ECB1+2026673]\n\tBaseThreadInitThunk [0x75906739+25]\n\tRtlGetFullPathName_UEx [0x77408E7F+1215]\n\tRtlGetFullPathName_UEx [0x77408E4D+1165]",
    "statusTrace" : "self = <test_main.Test_Main object at 0x000001C4E1C8BD90>\ndriver = <selenium.webdriver.chrome.webdriver.WebDriver (session=\"0acb60f99b608d3f06496c14e23dc941\")>\nParameter = {'assert_way': 'css selector=#app > div > div.login-form-wrap > div.login-form.margin-bottom > form > div:nth-child(3)...2)', 'case_no': '43', 'casename': '输入7位英文小写密码修改失败', 'data': 'useraccount=a979172251@163.com\\nnewpassword=aaaaaaa', ...}\n\n    @allure.feature('忘记密码')\n    @pytest.mark.parametrize('Parameter', case_infos['forget'], ids=casename_infos['forget'])\n    def test_forget_password(self,driver,Parameter):\n        allure.dynamic.title(Parameter['casename'])\n>       Forget_Password().forget_password(driver,Parameter)\n\ntest_main.py:48: \n_ _ _ _ _ _ _ _ _ _ _ _ _ _ _ _ _ _ _ _ _ _ _ _ _ _ _ _ _ _ _ _ _ _ _ _ _ _ _ _\n..\\mode\\forget_password.py:159: in forget_password\n    text = driver.find_element(by=f\"{assert_way.split('=', 1)[0]}\", value=f\"{assert_way.split('=', 1)[1]}\").text\nD:\\python\\lib\\site-packages\\selenium\\webdriver\\remote\\webdriver.py:1244: in find_element\n    return self.execute(Command.FIND_ELEMENT, {\nD:\\python\\lib\\site-packages\\selenium\\webdriver\\remote\\webdriver.py:424: in execute\n    self.error_handler.check_response(response)\n_ _ _ _ _ _ _ _ _ _ _ _ _ _ _ _ _ _ _ _ _ _ _ _ _ _ _ _ _ _ _ _ _ _ _ _ _ _ _ _\n\nself = <selenium.webdriver.remote.errorhandler.ErrorHandler object at 0x000001C4E11E2160>\nresponse = {'status': 404, 'value': '{\"value\":{\"error\":\"no such element\",\"message\":\"no such element: Unable to locate element: {\\...unk [0x75906739+25]\\\\n\\\\tRtlGetFullPathName_UEx [0x77408E7F+1215]\\\\n\\\\tRtlGetFullPathName_UEx [0x77408E4D+1165]\\\\n\"}}'}\n\n    def check_response(self, response: Dict[str, Any]) -> None:\n        \"\"\"\n        Checks that a JSON response from the WebDriver does not have an error.\n    \n        :Args:\n         - response - The JSON response from the WebDriver server as a dictionary\n           object.\n    \n        :Raises: If the response contains an error message.\n        \"\"\"\n        status = response.get('status', None)\n        if not status or status == ErrorCode.SUCCESS:\n            return\n        value = None\n        message = response.get(\"message\", \"\")\n        screen: str = response.get(\"screen\", \"\")\n        stacktrace = None\n        if isinstance(status, int):\n            value_json = response.get('value', None)\n            if value_json and isinstance(value_json, str):\n                import json\n                try:\n                    value = json.loads(value_json)\n                    if len(value.keys()) == 1:\n                        value = value['value']\n                    status = value.get('error', None)\n                    if not status:\n                        status = value.get(\"status\", ErrorCode.UNKNOWN_ERROR)\n                        message = value.get(\"value\") or value.get(\"message\")\n                        if not isinstance(message, str):\n                            value = message\n                            message = message.get('message')\n                    else:\n                        message = value.get('message', None)\n                except ValueError:\n                    pass\n    \n        exception_class: Type[WebDriverException]\n        if status in ErrorCode.NO_SUCH_ELEMENT:\n            exception_class = NoSuchElementException\n        elif status in ErrorCode.NO_SUCH_FRAME:\n            exception_class = NoSuchFrameException\n        elif status in ErrorCode.NO_SUCH_SHADOW_ROOT:\n            exception_class = NoSuchShadowRootException\n        elif status in ErrorCode.NO_SUCH_WINDOW:\n            exception_class = NoSuchWindowException\n        elif status in ErrorCode.STALE_ELEMENT_REFERENCE:\n            exception_class = StaleElementReferenceException\n        elif status in ErrorCode.ELEMENT_NOT_VISIBLE:\n            exception_class = ElementNotVisibleException\n        elif status in ErrorCode.INVALID_ELEMENT_STATE:\n            exception_class = InvalidElementStateException\n        elif status in ErrorCode.INVALID_SELECTOR \\\n                or status in ErrorCode.INVALID_XPATH_SELECTOR \\\n                or status in ErrorCode.INVALID_XPATH_SELECTOR_RETURN_TYPER:\n            exception_class = InvalidSelectorException\n        elif status in ErrorCode.ELEMENT_IS_NOT_SELECTABLE:\n            exception_class = ElementNotSelectableException\n        elif status in ErrorCode.ELEMENT_NOT_INTERACTABLE:\n            exception_class = ElementNotInteractableException\n        elif status in ErrorCode.INVALID_COOKIE_DOMAIN:\n            exception_class = InvalidCookieDomainException\n        elif status in ErrorCode.UNABLE_TO_SET_COOKIE:\n            exception_class = UnableToSetCookieException\n        elif status in ErrorCode.TIMEOUT:\n            exception_class = TimeoutException\n        elif status in ErrorCode.SCRIPT_TIMEOUT:\n            exception_class = TimeoutException\n        elif status in ErrorCode.UNKNOWN_ERROR:\n            exception_class = WebDriverException\n        elif status in ErrorCode.UNEXPECTED_ALERT_OPEN:\n            exception_class = UnexpectedAlertPresentException\n        elif status in ErrorCode.NO_ALERT_OPEN:\n            exception_class = NoAlertPresentException\n        elif status in ErrorCode.IME_NOT_AVAILABLE:\n            exception_class = ImeNotAvailableException\n        elif status in ErrorCode.IME_ENGINE_ACTIVATION_FAILED:\n            exception_class = ImeActivationFailedException\n        elif status in ErrorCode.MOVE_TARGET_OUT_OF_BOUNDS:\n            exception_class = MoveTargetOutOfBoundsException\n        elif status in ErrorCode.JAVASCRIPT_ERROR:\n            exception_class = JavascriptException\n        elif status in ErrorCode.SESSION_NOT_CREATED:\n            exception_class = SessionNotCreatedException\n        elif status in ErrorCode.INVALID_ARGUMENT:\n            exception_class = InvalidArgumentException\n        elif status in ErrorCode.NO_SUCH_COOKIE:\n            exception_class = NoSuchCookieException\n        elif status in ErrorCode.UNABLE_TO_CAPTURE_SCREEN:\n            exception_class = ScreenshotException\n        elif status in ErrorCode.ELEMENT_CLICK_INTERCEPTED:\n            exception_class = ElementClickInterceptedException\n        elif status in ErrorCode.INSECURE_CERTIFICATE:\n            exception_class = InsecureCertificateException\n        elif status in ErrorCode.INVALID_COORDINATES:\n            exception_class = InvalidCoordinatesException\n        elif status in ErrorCode.INVALID_SESSION_ID:\n            exception_class = InvalidSessionIdException\n        elif status in ErrorCode.UNKNOWN_METHOD:\n            exception_class = UnknownMethodException\n        else:\n            exception_class = WebDriverException\n        if not value:\n            value = response['value']\n        if isinstance(value, str):\n            raise exception_class(value)\n        if message == \"\" and 'message' in value:\n            message = value['message']\n    \n        screen = None  # type: ignore[assignment]\n        if 'screen' in value:\n            screen = value['screen']\n    \n        stacktrace = None\n        st_value = value.get('stackTrace') or value.get('stacktrace')\n        if st_value:\n            if isinstance(st_value, str):\n                stacktrace = st_value.split('\\n')\n            else:\n                stacktrace = []\n                try:\n                    for frame in st_value:\n                        line = self._value_or_default(frame, 'lineNumber', '')\n                        file = self._value_or_default(frame, 'fileName', '<anonymous>')\n                        if line:\n                            file = \"%s:%s\" % (file, line)\n                        meth = self._value_or_default(frame, 'methodName', '<anonymous>')\n                        if 'className' in frame:\n                            meth = \"%s.%s\" % (frame['className'], meth)\n                        msg = \"    at %s (%s)\"\n                        msg = msg % (meth, file)\n                        stacktrace.append(msg)\n                except TypeError:\n                    pass\n        if exception_class == UnexpectedAlertPresentException:\n            alert_text = None\n            if 'data' in value:\n                alert_text = value['data'].get('text')\n            elif 'alert' in value:\n                alert_text = value['alert'].get('text')\n            raise exception_class(message, screen, stacktrace, alert_text)  # type: ignore[call-arg]  # mypy is not smart enough here\n>       raise exception_class(message, screen, stacktrace)\nE       selenium.common.exceptions.NoSuchElementException: Message: no such element: Unable to locate element: {\"method\":\"css selector\",\"selector\":\"#app > div > div.login-form-wrap > div.login-form.margin-bottom > form > div:nth-child(3) > div > div > span > span:nth-child(2)\"}\nE         (Session info: chrome=101.0.4951.54)\nE       Stacktrace:\nE       Backtrace:\nE       \tOrdinal0 [0x006D7413+2389011]\nE       \tOrdinal0 [0x00669F61+1941345]\nE       \tOrdinal0 [0x0055C658+837208]\nE       \tOrdinal0 [0x005891DD+1020381]\nE       \tOrdinal0 [0x0058949B+1021083]\nE       \tOrdinal0 [0x005B6032+1204274]\nE       \tOrdinal0 [0x005A4194+1130900]\nE       \tOrdinal0 [0x005B4302+1196802]\nE       \tOrdinal0 [0x005A3F66+1130342]\nE       \tOrdinal0 [0x0057E546+976198]\nE       \tOrdinal0 [0x0057F456+980054]\nE       \tGetHandleVerifier [0x00889632+1727522]\nE       \tGetHandleVerifier [0x0093BA4D+2457661]\nE       \tGetHandleVerifier [0x0076EB81+569713]\nE       \tGetHandleVerifier [0x0076DD76+566118]\nE       \tOrdinal0 [0x00670B2B+1968939]\nE       \tOrdinal0 [0x00675988+1989000]\nE       \tOrdinal0 [0x00675A75+1989237]\nE       \tOrdinal0 [0x0067ECB1+2026673]\nE       \tBaseThreadInitThunk [0x75906739+25]\nE       \tRtlGetFullPathName_UEx [0x77408E7F+1215]\nE       \tRtlGetFullPathName_UEx [0x77408E4D+1165]\n\nD:\\python\\lib\\site-packages\\selenium\\webdriver\\remote\\errorhandler.py:247: NoSuchElementException",
    "steps" : [ {
      "name" : "添加失败截图...",
      "time" : {
        "start" : 1651825135938,
        "stop" : 1651825136082,
        "duration" : 144
      },
      "status" : "passed",
      "steps" : [ ],
      "attachments" : [ {
        "uid" : "518a1a428f63266b",
        "name" : "失败截图",
        "source" : "518a1a428f63266b.png",
        "type" : "image/png",
        "size" : 57900
      } ],
      "parameters" : [ ],
      "shouldDisplayMessage" : false,
      "attachmentsCount" : 1,
      "stepsCount" : 0,
      "hasContent" : true
    } ],
    "attachments" : [ {
      "uid" : "ce1eddb158b5e004",
      "name" : "stdout",
      "source" : "ce1eddb158b5e004.txt",
      "type" : "text/plain",
      "size" : 97
    } ],
    "parameters" : [ ],
    "shouldDisplayMessage" : true,
    "attachmentsCount" : 2,
    "stepsCount" : 1,
    "hasContent" : true
  },
  "afterStages" : [ {
    "name" : "_Class__pytest_setup_class::0",
    "time" : {
      "start" : 1651826430710,
      "stop" : 1651826431131,
      "duration" : 421
    },
    "status" : "passed",
    "steps" : [ ],
    "attachments" : [ ],
    "parameters" : [ ],
    "shouldDisplayMessage" : false,
    "attachmentsCount" : 0,
    "stepsCount" : 0,
    "hasContent" : false
  }, {
    "name" : "driver::0",
    "time" : {
      "start" : 1651826431131,
      "stop" : 1651826431131,
      "duration" : 0
    },
    "status" : "passed",
    "steps" : [ ],
    "attachments" : [ ],
    "parameters" : [ ],
    "shouldDisplayMessage" : false,
    "attachmentsCount" : 0,
    "stepsCount" : 0,
    "hasContent" : false
  } ],
  "labels" : [ {
    "name" : "feature",
    "value" : "忘记密码"
  }, {
    "name" : "suite",
    "value" : "test_main"
  }, {
    "name" : "subSuite",
    "value" : "Test_Main"
  }, {
    "name" : "host",
    "value" : "DESKTOP-NB3FDE0"
  }, {
    "name" : "thread",
    "value" : "22192-MainThread"
  }, {
    "name" : "framework",
    "value" : "pytest"
  }, {
    "name" : "language",
    "value" : "cpython3"
  }, {
    "name" : "package",
    "value" : "test_main"
  }, {
    "name" : "resultFormat",
    "value" : "allure2"
  } ],
  "parameters" : [ {
    "name" : "Parameter",
    "value" : "{'case_no': '43', 'casename': '输入7位英文小写密码修改失败', 'mode': '忘记密码', 'data': 'useraccount=a979172251@163.com\\nnewpassword=aaaaaaa', 'assert_way': 'css selector=#app > div > div.login-form-wrap > div.login-form.margin-bottom > form > div:nth-child(3) > div > div > span > span:nth-child(2)', 'result': 'Please set the password to a combination of 6 to 16 digits and letters'}"
  } ],
  "links" : [ ],
  "hidden" : false,
  "retry" : false,
  "extra" : {
    "severity" : "normal",
    "retries" : [ ],
    "categories" : [ {
      "name" : "Test defects",
      "matchedStatuses" : [ ],
      "flaky" : false
    } ],
    "history" : {
      "statistic" : {
        "failed" : 2,
        "broken" : 5,
        "skipped" : 0,
        "passed" : 14,
        "unknown" : 0,
        "total" : 21
      },
      "items" : [ {
        "uid" : "38f587c589705ac5",
        "reportUrl" : "http://localhost:8080/job/okmarts_ui_test/55/allure/#testresult/38f587c589705ac5",
        "status" : "broken",
        "statusDetails" : "selenium.common.exceptions.NoSuchElementException: Message: no such element: Unable to locate element: {\"method\":\"css selector\",\"selector\":\"#app > div > div.login-form-wrap > div.login-form.margin-bottom > form > div:nth-child(3) > div > div > span > span:nth-child(2)\"}\n  (Session info: chrome=101.0.4951.54)\nStacktrace:\nBacktrace:\n\tOrdinal0 [0x006D7413+2389011]\n\tOrdinal0 [0x00669F61+1941345]\n\tOrdinal0 [0x0055C658+837208]\n\tOrdinal0 [0x005891DD+1020381]\n\tOrdinal0 [0x0058949B+1021083]\n\tOrdinal0 [0x005B6032+1204274]\n\tOrdinal0 [0x005A4194+1130900]\n\tOrdinal0 [0x005B4302+1196802]\n\tOrdinal0 [0x005A3F66+1130342]\n\tOrdinal0 [0x0057E546+976198]\n\tOrdinal0 [0x0057F456+980054]\n\tGetHandleVerifier [0x00889632+1727522]\n\tGetHandleVerifier [0x0093BA4D+2457661]\n\tGetHandleVerifier [0x0076EB81+569713]\n\tGetHandleVerifier [0x0076DD76+566118]\n\tOrdinal0 [0x00670B2B+1968939]\n\tOrdinal0 [0x00675988+1989000]\n\tOrdinal0 [0x00675A75+1989237]\n\tOrdinal0 [0x0067ECB1+2026673]\n\tBaseThreadInitThunk [0x75906739+25]\n\tRtlGetFullPathName_UEx [0x77408E7F+1215]\n\tRtlGetFullPathName_UEx [0x77408E4D+1165]",
        "time" : {
          "start" : 1651821719191,
          "stop" : 1651821753806,
          "duration" : 34615
        }
      }, {
        "uid" : "9cfb5786fcf9dd95",
        "reportUrl" : "http://localhost:8080/job/okmarts_ui_test/54/allure/#testresult/9cfb5786fcf9dd95",
        "status" : "broken",
        "statusDetails" : "selenium.common.exceptions.NoSuchElementException: Message: no such element: Unable to locate element: {\"method\":\"css selector\",\"selector\":\"#app > div > div.login-form-wrap > div.login-form.margin-bottom > form > div:nth-child(3) > div > div > span > span:nth-child(2)\"}\n  (Session info: chrome=101.0.4951.54)\nStacktrace:\nBacktrace:\n\tOrdinal0 [0x006D7413+2389011]\n\tOrdinal0 [0x00669F61+1941345]\n\tOrdinal0 [0x0055C658+837208]\n\tOrdinal0 [0x005891DD+1020381]\n\tOrdinal0 [0x0058949B+1021083]\n\tOrdinal0 [0x005B6032+1204274]\n\tOrdinal0 [0x005A4194+1130900]\n\tOrdinal0 [0x005B4302+1196802]\n\tOrdinal0 [0x005A3F66+1130342]\n\tOrdinal0 [0x0057E546+976198]\n\tOrdinal0 [0x0057F456+980054]\n\tGetHandleVerifier [0x00889632+1727522]\n\tGetHandleVerifier [0x0093BA4D+2457661]\n\tGetHandleVerifier [0x0076EB81+569713]\n\tGetHandleVerifier [0x0076DD76+566118]\n\tOrdinal0 [0x00670B2B+1968939]\n\tOrdinal0 [0x00675988+1989000]\n\tOrdinal0 [0x00675A75+1989237]\n\tOrdinal0 [0x0067ECB1+2026673]\n\tBaseThreadInitThunk [0x75906739+25]\n\tRtlGetFullPathName_UEx [0x77408E7F+1215]\n\tRtlGetFullPathName_UEx [0x77408E4D+1165]",
        "time" : {
          "start" : 1651817572110,
          "stop" : 1651817606553,
          "duration" : 34443
        }
      }, {
        "uid" : "a0cc1f402efbd563",
        "reportUrl" : "http://localhost:8080/job/okmarts_ui_test/52/allure/#testresult/a0cc1f402efbd563",
        "status" : "broken",
        "statusDetails" : "selenium.common.exceptions.SessionNotCreatedException: Message: session not created: This version of MSEdgeDriver only supports MSEdge version 99\nCurrent browser version is 101.0.1210.32 with binary path C:\\Program Files (x86)\\Microsoft\\Edge\\Application\\msedge.exe\nStacktrace:\nBacktrace:\n\tMicrosoft::Applications::Events::EventProperties::unpack [0x00007FF639601922+25346]\n\tMicrosoft::Applications::Events::time_ticks_t::time_ticks_t [0x00007FF63953E982+515794]\n\tOrdinal0 [0x00007FF639050BC5+658373]\n\tOrdinal0 [0x00007FF63907B5E0+832992]\n\tOrdinal0 [0x00007FF639076B7E+813950]\n\tOrdinal0 [0x00007FF6390724EE+795886]\n\tOrdinal0 [0x00007FF6390AC366+1033062]\n\tOrdinal0 [0x00007FF6390A6A53+1010259]\n\tOrdinal0 [0x00007FF63907DB47+842567]\n\tOrdinal0 [0x00007FF63907F018+847896]\n\tMicrosoft::Applications::Events::EventProperty::to_string [0x00007FF63920F1C8+827304]\n\tMicrosoft::Applications::Events::EventProperty::EventProperty [0x00007FF6392F9389+34681]\n\tMicrosoft::Applications::Events::EventProperty::EventProperty [0x00007FF6392FC562+47442]\n\tMicrosoft::Applications::Events::EventProperty::to_string [0x00007FF63914C6D6+29878]\n\tMicrosoft::Applications::Events::time_ticks_t::time_ticks_t [0x00007FF639545971+544449]\n\tMicrosoft::Applications::Events::time_ticks_t::time_ticks_t [0x00007FF63954A974+564932]\n\tMicrosoft::Applications::Events::time_ticks_t::time_ticks_t [0x00007FF63954AACD+565277]\n\tMicrosoft::Applications::Events::time_ticks_t::time_ticks_t [0x00007FF6395548BE+605710]\n\tBaseThreadInitThunk [0x00007FFB3F2854E0+16]\n\tRtlUserThreadStart [0x00007FFB4090485B+43]",
        "time" : {
          "start" : 1651810372265,
          "stop" : 1651810392304,
          "duration" : 20039
        }
      }, {
        "uid" : "6657cfb101c073e0",
        "reportUrl" : "http://localhost:8080/job/okmarts_ui_test/51/allure/#testresult/6657cfb101c073e0",
        "status" : "broken",
        "statusDetails" : "selenium.common.exceptions.SessionNotCreatedException: Message: session not created: This version of MSEdgeDriver only supports MSEdge version 99\nCurrent browser version is 101.0.1210.32 with binary path C:\\Program Files (x86)\\Microsoft\\Edge\\Application\\msedge.exe\nStacktrace:\nBacktrace:\n\tMicrosoft::Applications::Events::EventProperties::unpack [0x00007FF68FE51922+25346]\n\tMicrosoft::Applications::Events::time_ticks_t::time_ticks_t [0x00007FF68FD8E982+515794]\n\tOrdinal0 [0x00007FF68F8A0BC5+658373]\n\tOrdinal0 [0x00007FF68F8CB5E0+832992]\n\tOrdinal0 [0x00007FF68F8C6B7E+813950]\n\tOrdinal0 [0x00007FF68F8C24EE+795886]\n\tOrdinal0 [0x00007FF68F8FC366+1033062]\n\tOrdinal0 [0x00007FF68F8F6A53+1010259]\n\tOrdinal0 [0x00007FF68F8CDB47+842567]\n\tOrdinal0 [0x00007FF68F8CF018+847896]\n\tMicrosoft::Applications::Events::EventProperty::to_string [0x00007FF68FA5F1C8+827304]\n\tMicrosoft::Applications::Events::EventProperty::EventProperty [0x00007FF68FB49389+34681]\n\tMicrosoft::Applications::Events::EventProperty::EventProperty [0x00007FF68FB4C562+47442]\n\tMicrosoft::Applications::Events::EventProperty::to_string [0x00007FF68F99C6D6+29878]\n\tMicrosoft::Applications::Events::time_ticks_t::time_ticks_t [0x00007FF68FD95971+544449]\n\tMicrosoft::Applications::Events::time_ticks_t::time_ticks_t [0x00007FF68FD9A974+564932]\n\tMicrosoft::Applications::Events::time_ticks_t::time_ticks_t [0x00007FF68FD9AACD+565277]\n\tMicrosoft::Applications::Events::time_ticks_t::time_ticks_t [0x00007FF68FDA48BE+605710]\n\tBaseThreadInitThunk [0x00007FFB3F2854E0+16]\n\tRtlUserThreadStart [0x00007FFB4090485B+43]",
        "time" : {
          "start" : 1651738131152,
          "stop" : 1651738200484,
          "duration" : 69332
        }
      }, {
        "uid" : "a6e37e76d10a19b6",
        "reportUrl" : "http://localhost:8080/job/okmarts_ui_test/50/allure/#testresult/a6e37e76d10a19b6",
        "status" : "passed",
        "time" : {
          "start" : 1651219834935,
          "stop" : 1651219930288,
          "duration" : 95353
        }
      }, {
        "uid" : "74fd9ac59c469a55",
        "reportUrl" : "http://localhost:8080/job/okmarts_ui_test/49/allure/#testresult/74fd9ac59c469a55",
        "status" : "passed",
        "time" : {
          "start" : 1651201103199,
          "stop" : 1651201187210,
          "duration" : 84011
        }
      }, {
        "uid" : "a7ec04b2ce164445",
        "reportUrl" : "http://localhost:8080/job/okmarts_ui_test/48/allure/#testresult/a7ec04b2ce164445",
        "status" : "passed",
        "time" : {
          "start" : 1651195373591,
          "stop" : 1651195431262,
          "duration" : 57671
        }
      }, {
        "uid" : "7dabf9dce10b1798",
        "reportUrl" : "http://localhost:8080/job/okmarts_ui_test/47/allure/#testresult/7dabf9dce10b1798",
        "status" : "passed",
        "time" : {
          "start" : 1651052184452,
          "stop" : 1651052273195,
          "duration" : 88743
        }
      }, {
        "uid" : "2f81b09a4421e875",
        "reportUrl" : "http://localhost:8080/job/okmarts_ui_test/46/allure/#testresult/2f81b09a4421e875",
        "status" : "passed",
        "time" : {
          "start" : 1651037491209,
          "stop" : 1651037526693,
          "duration" : 35484
        }
      }, {
        "uid" : "900333409e5bb9b0",
        "reportUrl" : "http://localhost:8080/job/okmarts_ui_test/45/allure/#testresult/900333409e5bb9b0",
        "status" : "passed",
        "time" : {
          "start" : 1651033647331,
          "stop" : 1651033680992,
          "duration" : 33661
        }
      }, {
        "uid" : "310cf9a65344c368",
        "reportUrl" : "http://localhost:8080/job/okmarts_ui_test/43/allure/#testresult/310cf9a65344c368",
        "status" : "passed",
        "time" : {
          "start" : 1651022520355,
          "stop" : 1651022592540,
          "duration" : 72185
        }
      }, {
        "uid" : "822685e361cb3ba0",
        "reportUrl" : "http://localhost:8080/job/okmarts_ui_test/42/allure/#testresult/822685e361cb3ba0",
        "status" : "passed",
        "time" : {
          "start" : 1650960860553,
          "stop" : 1650960894259,
          "duration" : 33706
        }
      }, {
        "uid" : "48d975073d0137e1",
        "reportUrl" : "http://localhost:8080/job/okmarts_ui_test/41/allure/#testresult/48d975073d0137e1",
        "status" : "passed",
        "time" : {
          "start" : 1650957506305,
          "stop" : 1650957539867,
          "duration" : 33562
        }
      }, {
        "uid" : "108ab033733a1679",
        "reportUrl" : "http://localhost:8080/job/okmarts_ui_test/40/allure/#testresult/108ab033733a1679",
        "status" : "passed",
        "time" : {
          "start" : 1650951672676,
          "stop" : 1650951706559,
          "duration" : 33883
        }
      }, {
        "uid" : "9cced0ab97a8206",
        "reportUrl" : "http://localhost:8080/job/okmarts_ui_test/39/allure/#testresult/9cced0ab97a8206",
        "status" : "passed",
        "time" : {
          "start" : 1650935898520,
          "stop" : 1650935932443,
          "duration" : 33923
        }
      }, {
        "uid" : "77c071d1119310f3",
        "reportUrl" : "http://localhost:8080/job/okmarts_ui_test/38/allure/#testresult/77c071d1119310f3",
        "status" : "passed",
        "time" : {
          "start" : 1650869492165,
          "stop" : 1650869528996,
          "duration" : 36831
        }
      }, {
        "uid" : "b6c4eeb25074eea",
        "reportUrl" : "http://localhost:8080/job/okmarts_ui_test/37/allure/#testresult/b6c4eeb25074eea",
        "status" : "passed",
        "time" : {
          "start" : 1650866913868,
          "stop" : 1650866948337,
          "duration" : 34469
        }
      }, {
        "uid" : "5dbcd8bd7c0af3bd",
        "reportUrl" : "http://localhost:8080/job/okmarts_ui_test/36/allure/#testresult/5dbcd8bd7c0af3bd",
        "status" : "passed",
        "time" : {
          "start" : 1650858811662,
          "stop" : 1650858847234,
          "duration" : 35572
        }
      }, {
        "uid" : "d238d84d19cd073b",
        "reportUrl" : "http://localhost:8080/job/okmarts_ui_test/34/allure/#testresult/d238d84d19cd073b",
        "status" : "failed",
        "statusDetails" : "AssertionError",
        "time" : {
          "start" : 1650855188236,
          "stop" : 1650855222543,
          "duration" : 34307
        }
      }, {
        "uid" : "f1ca315b424c40db",
        "reportUrl" : "http://localhost:8080/job/okmarts_ui_test/33/allure/#testresult/f1ca315b424c40db",
        "status" : "failed",
        "statusDetails" : "AssertionError",
        "time" : {
          "start" : 1650852939745,
          "stop" : 1650852973116,
          "duration" : 33371
        }
      } ]
    },
    "tags" : [ ]
  },
  "source" : "a3c534784675b276.json",
  "parameterValues" : [ "{'case_no': '43', 'casename': '输入7位英文小写密码修改失败', 'mode': '忘记密码', 'data': 'useraccount=a979172251@163.com\\nnewpassword=aaaaaaa', 'assert_way': 'css selector=#app > div > div.login-form-wrap > div.login-form.margin-bottom > form > div:nth-child(3) > div > div > span > span:nth-child(2)', 'result': 'Please set the password to a combination of 6 to 16 digits and letters'}" ]
}