{
  "uid" : "be7c80307c239b9e",
  "name" : "test_address[post code不输入修改失败]",
  "fullName" : "test_main.Test_Main#test_address",
  "historyId" : "9963592e344b3a0ae8cd49f1f3926f97",
  "time" : {
    "start" : 1651038231654,
    "stop" : 1651038245811,
    "duration" : 14157
  },
  "status" : "broken",
  "statusMessage" : "selenium.common.exceptions.NoSuchElementException: Message: no such element: Unable to locate element: {\"method\":\"css selector\",\"selector\":\".ant-form-explain\"}\n  (Session info: chrome=100.0.4896.127)\nStacktrace:\nBacktrace:\n\tOrdinal0 [0x00927413+2389011]\n\tOrdinal0 [0x008B9F61+1941345]\n\tOrdinal0 [0x007AC658+837208]\n\tOrdinal0 [0x007D91DD+1020381]\n\tOrdinal0 [0x007D949B+1021083]\n\tOrdinal0 [0x00806032+1204274]\n\tOrdinal0 [0x007F4194+1130900]\n\tOrdinal0 [0x00804302+1196802]\n\tOrdinal0 [0x007F3F66+1130342]\n\tOrdinal0 [0x007CE546+976198]\n\tOrdinal0 [0x007CF456+980054]\n\tGetHandleVerifier [0x00AD9632+1727522]\n\tGetHandleVerifier [0x00B8BA4D+2457661]\n\tGetHandleVerifier [0x009BEB81+569713]\n\tGetHandleVerifier [0x009BDD76+566118]\n\tOrdinal0 [0x008C0B2B+1968939]\n\tOrdinal0 [0x008C5988+1989000]\n\tOrdinal0 [0x008C5A75+1989237]\n\tOrdinal0 [0x008CECB1+2026673]\n\tBaseThreadInitThunk [0x75906739+25]\n\tRtlGetFullPathName_UEx [0x77408E7F+1215]\n\tRtlGetFullPathName_UEx [0x77408E4D+1165]",
  "statusTrace" : "self = <test_main.Test_Main object at 0x000001D9562FAE80>\ndriver = <selenium.webdriver.chrome.webdriver.WebDriver (session=\"b93df9bf9fed55af28b9b9fc5d059e9f\")>\nParameter = {'assert_way': 'class name=ant-form-explain', 'case_no': '', 'casename': 'post code不输入修改失败', 'data': '[{\"fistname\":\"fi...\"2\",\"coordinated_area2\":\"2\",\"coordinated_area3\":\"C2\",\"coordinated_postalCode\":\"\",\"coordinated_addressLine\":\"2\"}]', ...}\n\n    \n    @allure.feature('地址管理')\n    @pytest.mark.parametrize('Parameter', case_infos['address'], ids=casename_infos['address'])\n>   def test_address(self,driver,Parameter):\n\ntest_main.py:60: \n_ _ _ _ _ _ _ _ _ _ _ _ _ _ _ _ _ _ _ _ _ _ _ _ _ _ _ _ _ _ _ _ _ _ _ _ _ _ _ _\n..\\mode\\address.py:90: in address\n    text = driver.find_element(by=f\"{assert_way.split('=', 1)[0]}\",\nD:\\python\\lib\\site-packages\\selenium\\webdriver\\remote\\webdriver.py:1244: in find_element\n    return self.execute(Command.FIND_ELEMENT, {\nD:\\python\\lib\\site-packages\\selenium\\webdriver\\remote\\webdriver.py:424: in execute\n    self.error_handler.check_response(response)\n_ _ _ _ _ _ _ _ _ _ _ _ _ _ _ _ _ _ _ _ _ _ _ _ _ _ _ _ _ _ _ _ _ _ _ _ _ _ _ _\n\nself = <selenium.webdriver.remote.errorhandler.ErrorHandler object at 0x000001D9556F2C70>\nresponse = {'status': 404, 'value': '{\"value\":{\"error\":\"no such element\",\"message\":\"no such element: Unable to locate element: {\\...unk [0x75906739+25]\\\\n\\\\tRtlGetFullPathName_UEx [0x77408E7F+1215]\\\\n\\\\tRtlGetFullPathName_UEx [0x77408E4D+1165]\\\\n\"}}'}\n\n    def check_response(self, response: Dict[str, Any]) -> None:\n        \"\"\"\n        Checks that a JSON response from the WebDriver does not have an error.\n    \n        :Args:\n         - response - The JSON response from the WebDriver server as a dictionary\n           object.\n    \n        :Raises: If the response contains an error message.\n        \"\"\"\n        status = response.get('status', None)\n        if not status or status == ErrorCode.SUCCESS:\n            return\n        value = None\n        message = response.get(\"message\", \"\")\n        screen: str = response.get(\"screen\", \"\")\n        stacktrace = None\n        if isinstance(status, int):\n            value_json = response.get('value', None)\n            if value_json and isinstance(value_json, str):\n                import json\n                try:\n                    value = json.loads(value_json)\n                    if len(value.keys()) == 1:\n                        value = value['value']\n                    status = value.get('error', None)\n                    if not status:\n                        status = value.get(\"status\", ErrorCode.UNKNOWN_ERROR)\n                        message = value.get(\"value\") or value.get(\"message\")\n                        if not isinstance(message, str):\n                            value = message\n                            message = message.get('message')\n                    else:\n                        message = value.get('message', None)\n                except ValueError:\n                    pass\n    \n        exception_class: Type[WebDriverException]\n        if status in ErrorCode.NO_SUCH_ELEMENT:\n            exception_class = NoSuchElementException\n        elif status in ErrorCode.NO_SUCH_FRAME:\n            exception_class = NoSuchFrameException\n        elif status in ErrorCode.NO_SUCH_SHADOW_ROOT:\n            exception_class = NoSuchShadowRootException\n        elif status in ErrorCode.NO_SUCH_WINDOW:\n            exception_class = NoSuchWindowException\n        elif status in ErrorCode.STALE_ELEMENT_REFERENCE:\n            exception_class = StaleElementReferenceException\n        elif status in ErrorCode.ELEMENT_NOT_VISIBLE:\n            exception_class = ElementNotVisibleException\n        elif status in ErrorCode.INVALID_ELEMENT_STATE:\n            exception_class = InvalidElementStateException\n        elif status in ErrorCode.INVALID_SELECTOR \\\n                or status in ErrorCode.INVALID_XPATH_SELECTOR \\\n                or status in ErrorCode.INVALID_XPATH_SELECTOR_RETURN_TYPER:\n            exception_class = InvalidSelectorException\n        elif status in ErrorCode.ELEMENT_IS_NOT_SELECTABLE:\n            exception_class = ElementNotSelectableException\n        elif status in ErrorCode.ELEMENT_NOT_INTERACTABLE:\n            exception_class = ElementNotInteractableException\n        elif status in ErrorCode.INVALID_COOKIE_DOMAIN:\n            exception_class = InvalidCookieDomainException\n        elif status in ErrorCode.UNABLE_TO_SET_COOKIE:\n            exception_class = UnableToSetCookieException\n        elif status in ErrorCode.TIMEOUT:\n            exception_class = TimeoutException\n        elif status in ErrorCode.SCRIPT_TIMEOUT:\n            exception_class = TimeoutException\n        elif status in ErrorCode.UNKNOWN_ERROR:\n            exception_class = WebDriverException\n        elif status in ErrorCode.UNEXPECTED_ALERT_OPEN:\n            exception_class = UnexpectedAlertPresentException\n        elif status in ErrorCode.NO_ALERT_OPEN:\n            exception_class = NoAlertPresentException\n        elif status in ErrorCode.IME_NOT_AVAILABLE:\n            exception_class = ImeNotAvailableException\n        elif status in ErrorCode.IME_ENGINE_ACTIVATION_FAILED:\n            exception_class = ImeActivationFailedException\n        elif status in ErrorCode.MOVE_TARGET_OUT_OF_BOUNDS:\n            exception_class = MoveTargetOutOfBoundsException\n        elif status in ErrorCode.JAVASCRIPT_ERROR:\n            exception_class = JavascriptException\n        elif status in ErrorCode.SESSION_NOT_CREATED:\n            exception_class = SessionNotCreatedException\n        elif status in ErrorCode.INVALID_ARGUMENT:\n            exception_class = InvalidArgumentException\n        elif status in ErrorCode.NO_SUCH_COOKIE:\n            exception_class = NoSuchCookieException\n        elif status in ErrorCode.UNABLE_TO_CAPTURE_SCREEN:\n            exception_class = ScreenshotException\n        elif status in ErrorCode.ELEMENT_CLICK_INTERCEPTED:\n            exception_class = ElementClickInterceptedException\n        elif status in ErrorCode.INSECURE_CERTIFICATE:\n            exception_class = InsecureCertificateException\n        elif status in ErrorCode.INVALID_COORDINATES:\n            exception_class = InvalidCoordinatesException\n        elif status in ErrorCode.INVALID_SESSION_ID:\n            exception_class = InvalidSessionIdException\n        elif status in ErrorCode.UNKNOWN_METHOD:\n            exception_class = UnknownMethodException\n        else:\n            exception_class = WebDriverException\n        if not value:\n            value = response['value']\n        if isinstance(value, str):\n            raise exception_class(value)\n        if message == \"\" and 'message' in value:\n            message = value['message']\n    \n        screen = None  # type: ignore[assignment]\n        if 'screen' in value:\n            screen = value['screen']\n    \n        stacktrace = None\n        st_value = value.get('stackTrace') or value.get('stacktrace')\n        if st_value:\n            if isinstance(st_value, str):\n                stacktrace = st_value.split('\\n')\n            else:\n                stacktrace = []\n                try:\n                    for frame in st_value:\n                        line = self._value_or_default(frame, 'lineNumber', '')\n                        file = self._value_or_default(frame, 'fileName', '<anonymous>')\n                        if line:\n                            file = \"%s:%s\" % (file, line)\n                        meth = self._value_or_default(frame, 'methodName', '<anonymous>')\n                        if 'className' in frame:\n                            meth = \"%s.%s\" % (frame['className'], meth)\n                        msg = \"    at %s (%s)\"\n                        msg = msg % (meth, file)\n                        stacktrace.append(msg)\n                except TypeError:\n                    pass\n        if exception_class == UnexpectedAlertPresentException:\n            alert_text = None\n            if 'data' in value:\n                alert_text = value['data'].get('text')\n            elif 'alert' in value:\n                alert_text = value['alert'].get('text')\n            raise exception_class(message, screen, stacktrace, alert_text)  # type: ignore[call-arg]  # mypy is not smart enough here\n>       raise exception_class(message, screen, stacktrace)\nE       selenium.common.exceptions.NoSuchElementException: Message: no such element: Unable to locate element: {\"method\":\"css selector\",\"selector\":\".ant-form-explain\"}\nE         (Session info: chrome=100.0.4896.127)\nE       Stacktrace:\nE       Backtrace:\nE       \tOrdinal0 [0x00927413+2389011]\nE       \tOrdinal0 [0x008B9F61+1941345]\nE       \tOrdinal0 [0x007AC658+837208]\nE       \tOrdinal0 [0x007D91DD+1020381]\nE       \tOrdinal0 [0x007D949B+1021083]\nE       \tOrdinal0 [0x00806032+1204274]\nE       \tOrdinal0 [0x007F4194+1130900]\nE       \tOrdinal0 [0x00804302+1196802]\nE       \tOrdinal0 [0x007F3F66+1130342]\nE       \tOrdinal0 [0x007CE546+976198]\nE       \tOrdinal0 [0x007CF456+980054]\nE       \tGetHandleVerifier [0x00AD9632+1727522]\nE       \tGetHandleVerifier [0x00B8BA4D+2457661]\nE       \tGetHandleVerifier [0x009BEB81+569713]\nE       \tGetHandleVerifier [0x009BDD76+566118]\nE       \tOrdinal0 [0x008C0B2B+1968939]\nE       \tOrdinal0 [0x008C5988+1989000]\nE       \tOrdinal0 [0x008C5A75+1989237]\nE       \tOrdinal0 [0x008CECB1+2026673]\nE       \tBaseThreadInitThunk [0x75906739+25]\nE       \tRtlGetFullPathName_UEx [0x77408E7F+1215]\nE       \tRtlGetFullPathName_UEx [0x77408E4D+1165]\n\nD:\\python\\lib\\site-packages\\selenium\\webdriver\\remote\\errorhandler.py:247: NoSuchElementException",
  "flaky" : false,
  "newFailed" : false,
  "newBroken" : false,
  "newPassed" : false,
  "retriesCount" : 0,
  "retriesStatusChange" : false,
  "beforeStages" : [ {
    "name" : "driver",
    "time" : {
      "start" : 1651036160659,
      "stop" : 1651036162863,
      "duration" : 2204
    },
    "status" : "passed",
    "steps" : [ ],
    "attachments" : [ ],
    "parameters" : [ ],
    "stepsCount" : 0,
    "hasContent" : false,
    "attachmentsCount" : 0,
    "shouldDisplayMessage" : false
  }, {
    "name" : "_Class__pytest_setup_class",
    "time" : {
      "start" : 1651036162864,
      "stop" : 1651036162864,
      "duration" : 0
    },
    "status" : "passed",
    "steps" : [ ],
    "attachments" : [ ],
    "parameters" : [ ],
    "stepsCount" : 0,
    "hasContent" : false,
    "attachmentsCount" : 0,
    "shouldDisplayMessage" : false
  } ],
  "testStage" : {
    "status" : "broken",
    "statusMessage" : "selenium.common.exceptions.NoSuchElementException: Message: no such element: Unable to locate element: {\"method\":\"css selector\",\"selector\":\".ant-form-explain\"}\n  (Session info: chrome=100.0.4896.127)\nStacktrace:\nBacktrace:\n\tOrdinal0 [0x00927413+2389011]\n\tOrdinal0 [0x008B9F61+1941345]\n\tOrdinal0 [0x007AC658+837208]\n\tOrdinal0 [0x007D91DD+1020381]\n\tOrdinal0 [0x007D949B+1021083]\n\tOrdinal0 [0x00806032+1204274]\n\tOrdinal0 [0x007F4194+1130900]\n\tOrdinal0 [0x00804302+1196802]\n\tOrdinal0 [0x007F3F66+1130342]\n\tOrdinal0 [0x007CE546+976198]\n\tOrdinal0 [0x007CF456+980054]\n\tGetHandleVerifier [0x00AD9632+1727522]\n\tGetHandleVerifier [0x00B8BA4D+2457661]\n\tGetHandleVerifier [0x009BEB81+569713]\n\tGetHandleVerifier [0x009BDD76+566118]\n\tOrdinal0 [0x008C0B2B+1968939]\n\tOrdinal0 [0x008C5988+1989000]\n\tOrdinal0 [0x008C5A75+1989237]\n\tOrdinal0 [0x008CECB1+2026673]\n\tBaseThreadInitThunk [0x75906739+25]\n\tRtlGetFullPathName_UEx [0x77408E7F+1215]\n\tRtlGetFullPathName_UEx [0x77408E4D+1165]",
    "statusTrace" : "self = <test_main.Test_Main object at 0x000001D9562FAE80>\ndriver = <selenium.webdriver.chrome.webdriver.WebDriver (session=\"b93df9bf9fed55af28b9b9fc5d059e9f\")>\nParameter = {'assert_way': 'class name=ant-form-explain', 'case_no': '', 'casename': 'post code不输入修改失败', 'data': '[{\"fistname\":\"fi...\"2\",\"coordinated_area2\":\"2\",\"coordinated_area3\":\"C2\",\"coordinated_postalCode\":\"\",\"coordinated_addressLine\":\"2\"}]', ...}\n\n    \n    @allure.feature('地址管理')\n    @pytest.mark.parametrize('Parameter', case_infos['address'], ids=casename_infos['address'])\n>   def test_address(self,driver,Parameter):\n\ntest_main.py:60: \n_ _ _ _ _ _ _ _ _ _ _ _ _ _ _ _ _ _ _ _ _ _ _ _ _ _ _ _ _ _ _ _ _ _ _ _ _ _ _ _\n..\\mode\\address.py:90: in address\n    text = driver.find_element(by=f\"{assert_way.split('=', 1)[0]}\",\nD:\\python\\lib\\site-packages\\selenium\\webdriver\\remote\\webdriver.py:1244: in find_element\n    return self.execute(Command.FIND_ELEMENT, {\nD:\\python\\lib\\site-packages\\selenium\\webdriver\\remote\\webdriver.py:424: in execute\n    self.error_handler.check_response(response)\n_ _ _ _ _ _ _ _ _ _ _ _ _ _ _ _ _ _ _ _ _ _ _ _ _ _ _ _ _ _ _ _ _ _ _ _ _ _ _ _\n\nself = <selenium.webdriver.remote.errorhandler.ErrorHandler object at 0x000001D9556F2C70>\nresponse = {'status': 404, 'value': '{\"value\":{\"error\":\"no such element\",\"message\":\"no such element: Unable to locate element: {\\...unk [0x75906739+25]\\\\n\\\\tRtlGetFullPathName_UEx [0x77408E7F+1215]\\\\n\\\\tRtlGetFullPathName_UEx [0x77408E4D+1165]\\\\n\"}}'}\n\n    def check_response(self, response: Dict[str, Any]) -> None:\n        \"\"\"\n        Checks that a JSON response from the WebDriver does not have an error.\n    \n        :Args:\n         - response - The JSON response from the WebDriver server as a dictionary\n           object.\n    \n        :Raises: If the response contains an error message.\n        \"\"\"\n        status = response.get('status', None)\n        if not status or status == ErrorCode.SUCCESS:\n            return\n        value = None\n        message = response.get(\"message\", \"\")\n        screen: str = response.get(\"screen\", \"\")\n        stacktrace = None\n        if isinstance(status, int):\n            value_json = response.get('value', None)\n            if value_json and isinstance(value_json, str):\n                import json\n                try:\n                    value = json.loads(value_json)\n                    if len(value.keys()) == 1:\n                        value = value['value']\n                    status = value.get('error', None)\n                    if not status:\n                        status = value.get(\"status\", ErrorCode.UNKNOWN_ERROR)\n                        message = value.get(\"value\") or value.get(\"message\")\n                        if not isinstance(message, str):\n                            value = message\n                            message = message.get('message')\n                    else:\n                        message = value.get('message', None)\n                except ValueError:\n                    pass\n    \n        exception_class: Type[WebDriverException]\n        if status in ErrorCode.NO_SUCH_ELEMENT:\n            exception_class = NoSuchElementException\n        elif status in ErrorCode.NO_SUCH_FRAME:\n            exception_class = NoSuchFrameException\n        elif status in ErrorCode.NO_SUCH_SHADOW_ROOT:\n            exception_class = NoSuchShadowRootException\n        elif status in ErrorCode.NO_SUCH_WINDOW:\n            exception_class = NoSuchWindowException\n        elif status in ErrorCode.STALE_ELEMENT_REFERENCE:\n            exception_class = StaleElementReferenceException\n        elif status in ErrorCode.ELEMENT_NOT_VISIBLE:\n            exception_class = ElementNotVisibleException\n        elif status in ErrorCode.INVALID_ELEMENT_STATE:\n            exception_class = InvalidElementStateException\n        elif status in ErrorCode.INVALID_SELECTOR \\\n                or status in ErrorCode.INVALID_XPATH_SELECTOR \\\n                or status in ErrorCode.INVALID_XPATH_SELECTOR_RETURN_TYPER:\n            exception_class = InvalidSelectorException\n        elif status in ErrorCode.ELEMENT_IS_NOT_SELECTABLE:\n            exception_class = ElementNotSelectableException\n        elif status in ErrorCode.ELEMENT_NOT_INTERACTABLE:\n            exception_class = ElementNotInteractableException\n        elif status in ErrorCode.INVALID_COOKIE_DOMAIN:\n            exception_class = InvalidCookieDomainException\n        elif status in ErrorCode.UNABLE_TO_SET_COOKIE:\n            exception_class = UnableToSetCookieException\n        elif status in ErrorCode.TIMEOUT:\n            exception_class = TimeoutException\n        elif status in ErrorCode.SCRIPT_TIMEOUT:\n            exception_class = TimeoutException\n        elif status in ErrorCode.UNKNOWN_ERROR:\n            exception_class = WebDriverException\n        elif status in ErrorCode.UNEXPECTED_ALERT_OPEN:\n            exception_class = UnexpectedAlertPresentException\n        elif status in ErrorCode.NO_ALERT_OPEN:\n            exception_class = NoAlertPresentException\n        elif status in ErrorCode.IME_NOT_AVAILABLE:\n            exception_class = ImeNotAvailableException\n        elif status in ErrorCode.IME_ENGINE_ACTIVATION_FAILED:\n            exception_class = ImeActivationFailedException\n        elif status in ErrorCode.MOVE_TARGET_OUT_OF_BOUNDS:\n            exception_class = MoveTargetOutOfBoundsException\n        elif status in ErrorCode.JAVASCRIPT_ERROR:\n            exception_class = JavascriptException\n        elif status in ErrorCode.SESSION_NOT_CREATED:\n            exception_class = SessionNotCreatedException\n        elif status in ErrorCode.INVALID_ARGUMENT:\n            exception_class = InvalidArgumentException\n        elif status in ErrorCode.NO_SUCH_COOKIE:\n            exception_class = NoSuchCookieException\n        elif status in ErrorCode.UNABLE_TO_CAPTURE_SCREEN:\n            exception_class = ScreenshotException\n        elif status in ErrorCode.ELEMENT_CLICK_INTERCEPTED:\n            exception_class = ElementClickInterceptedException\n        elif status in ErrorCode.INSECURE_CERTIFICATE:\n            exception_class = InsecureCertificateException\n        elif status in ErrorCode.INVALID_COORDINATES:\n            exception_class = InvalidCoordinatesException\n        elif status in ErrorCode.INVALID_SESSION_ID:\n            exception_class = InvalidSessionIdException\n        elif status in ErrorCode.UNKNOWN_METHOD:\n            exception_class = UnknownMethodException\n        else:\n            exception_class = WebDriverException\n        if not value:\n            value = response['value']\n        if isinstance(value, str):\n            raise exception_class(value)\n        if message == \"\" and 'message' in value:\n            message = value['message']\n    \n        screen = None  # type: ignore[assignment]\n        if 'screen' in value:\n            screen = value['screen']\n    \n        stacktrace = None\n        st_value = value.get('stackTrace') or value.get('stacktrace')\n        if st_value:\n            if isinstance(st_value, str):\n                stacktrace = st_value.split('\\n')\n            else:\n                stacktrace = []\n                try:\n                    for frame in st_value:\n                        line = self._value_or_default(frame, 'lineNumber', '')\n                        file = self._value_or_default(frame, 'fileName', '<anonymous>')\n                        if line:\n                            file = \"%s:%s\" % (file, line)\n                        meth = self._value_or_default(frame, 'methodName', '<anonymous>')\n                        if 'className' in frame:\n                            meth = \"%s.%s\" % (frame['className'], meth)\n                        msg = \"    at %s (%s)\"\n                        msg = msg % (meth, file)\n                        stacktrace.append(msg)\n                except TypeError:\n                    pass\n        if exception_class == UnexpectedAlertPresentException:\n            alert_text = None\n            if 'data' in value:\n                alert_text = value['data'].get('text')\n            elif 'alert' in value:\n                alert_text = value['alert'].get('text')\n            raise exception_class(message, screen, stacktrace, alert_text)  # type: ignore[call-arg]  # mypy is not smart enough here\n>       raise exception_class(message, screen, stacktrace)\nE       selenium.common.exceptions.NoSuchElementException: Message: no such element: Unable to locate element: {\"method\":\"css selector\",\"selector\":\".ant-form-explain\"}\nE         (Session info: chrome=100.0.4896.127)\nE       Stacktrace:\nE       Backtrace:\nE       \tOrdinal0 [0x00927413+2389011]\nE       \tOrdinal0 [0x008B9F61+1941345]\nE       \tOrdinal0 [0x007AC658+837208]\nE       \tOrdinal0 [0x007D91DD+1020381]\nE       \tOrdinal0 [0x007D949B+1021083]\nE       \tOrdinal0 [0x00806032+1204274]\nE       \tOrdinal0 [0x007F4194+1130900]\nE       \tOrdinal0 [0x00804302+1196802]\nE       \tOrdinal0 [0x007F3F66+1130342]\nE       \tOrdinal0 [0x007CE546+976198]\nE       \tOrdinal0 [0x007CF456+980054]\nE       \tGetHandleVerifier [0x00AD9632+1727522]\nE       \tGetHandleVerifier [0x00B8BA4D+2457661]\nE       \tGetHandleVerifier [0x009BEB81+569713]\nE       \tGetHandleVerifier [0x009BDD76+566118]\nE       \tOrdinal0 [0x008C0B2B+1968939]\nE       \tOrdinal0 [0x008C5988+1989000]\nE       \tOrdinal0 [0x008C5A75+1989237]\nE       \tOrdinal0 [0x008CECB1+2026673]\nE       \tBaseThreadInitThunk [0x75906739+25]\nE       \tRtlGetFullPathName_UEx [0x77408E7F+1215]\nE       \tRtlGetFullPathName_UEx [0x77408E4D+1165]\n\nD:\\python\\lib\\site-packages\\selenium\\webdriver\\remote\\errorhandler.py:247: NoSuchElementException",
    "steps" : [ {
      "name" : "添加失败截图...",
      "time" : {
        "start" : 1651038245851,
        "stop" : 1651038245971,
        "duration" : 120
      },
      "status" : "passed",
      "steps" : [ ],
      "attachments" : [ {
        "uid" : "cc4dcabf36f92119",
        "name" : "失败截图",
        "source" : "cc4dcabf36f92119.png",
        "type" : "image/png",
        "size" : 63063
      } ],
      "parameters" : [ ],
      "stepsCount" : 0,
      "hasContent" : true,
      "attachmentsCount" : 1,
      "shouldDisplayMessage" : false
    } ],
    "attachments" : [ {
      "uid" : "ef634df5cc616e3e",
      "name" : "stdout",
      "source" : "ef634df5cc616e3e.txt",
      "type" : "text/plain",
      "size" : 487
    } ],
    "parameters" : [ ],
    "stepsCount" : 1,
    "hasContent" : true,
    "attachmentsCount" : 2,
    "shouldDisplayMessage" : true
  },
  "afterStages" : [ {
    "name" : "_Class__pytest_setup_class::0",
    "time" : {
      "start" : 1651038260064,
      "stop" : 1651038260561,
      "duration" : 497
    },
    "status" : "passed",
    "steps" : [ ],
    "attachments" : [ ],
    "parameters" : [ ],
    "stepsCount" : 0,
    "hasContent" : false,
    "attachmentsCount" : 0,
    "shouldDisplayMessage" : false
  }, {
    "name" : "driver::0",
    "time" : {
      "start" : 1651038260561,
      "stop" : 1651038260561,
      "duration" : 0
    },
    "status" : "passed",
    "steps" : [ ],
    "attachments" : [ ],
    "parameters" : [ ],
    "stepsCount" : 0,
    "hasContent" : false,
    "attachmentsCount" : 0,
    "shouldDisplayMessage" : false
  } ],
  "labels" : [ {
    "name" : "feature",
    "value" : "地址管理"
  }, {
    "name" : "suite",
    "value" : "test_main"
  }, {
    "name" : "subSuite",
    "value" : "Test_Main"
  }, {
    "name" : "host",
    "value" : "DESKTOP-NB3FDE0"
  }, {
    "name" : "thread",
    "value" : "21748-MainThread"
  }, {
    "name" : "framework",
    "value" : "pytest"
  }, {
    "name" : "language",
    "value" : "cpython3"
  }, {
    "name" : "package",
    "value" : "test_main"
  }, {
    "name" : "resultFormat",
    "value" : "allure2"
  } ],
  "parameters" : [ {
    "name" : "Parameter",
    "value" : "{'case_no': '', 'casename': 'post code不输入修改失败', 'mode': '地址管理', 'data': '[{\"fistname\":\"fistname\",\"lastname\":\"lastname\",\"contactnumber\":\"contactnumber\",\"coordinated_area1\":\"coordinated_area1\",\"coordinated_area2\":\"coordinated_area2\",\"coordinated_area3\":\"C2\",\"coordinated_postalCode\":\"coordinated_postalCode\",\"coordinated_addressLine\":\"coordinated_addressLine\"},{\"fistname\":\"2\",\"lastname\":\"2\",\"contactnumber\":\"2\",\"coordinated_area1\":\"2\",\"coordinated_area2\":\"2\",\"coordinated_area3\":\"C2\",\"coordinated_postalCode\":\"\",\"coordinated_addressLine\":\"2\"}]', 'assert_way': 'class name=ant-form-explain', 'result': 'Please input post code!'}"
  } ],
  "links" : [ ],
  "hidden" : false,
  "retry" : false,
  "extra" : {
    "severity" : "normal",
    "retries" : [ ],
    "categories" : [ {
      "name" : "Test defects",
      "matchedStatuses" : [ ],
      "flaky" : false
    } ],
    "history" : {
      "statistic" : {
        "failed" : 0,
        "broken" : 2,
        "skipped" : 0,
        "passed" : 0,
        "unknown" : 0,
        "total" : 2
      },
      "items" : [ {
        "uid" : "8c3c8d328c74f987",
        "reportUrl" : "http://localhost:8080/job/okmarts_ui_test/45/allure/#testresult/8c3c8d328c74f987",
        "status" : "broken",
        "statusDetails" : "TypeError: list indices must be integers or slices, not str",
        "time" : {
          "start" : 1651034307235,
          "stop" : 1651034314232,
          "duration" : 6997
        }
      } ]
    },
    "tags" : [ ]
  },
  "source" : "be7c80307c239b9e.json",
  "parameterValues" : [ "{'case_no': '', 'casename': 'post code不输入修改失败', 'mode': '地址管理', 'data': '[{\"fistname\":\"fistname\",\"lastname\":\"lastname\",\"contactnumber\":\"contactnumber\",\"coordinated_area1\":\"coordinated_area1\",\"coordinated_area2\":\"coordinated_area2\",\"coordinated_area3\":\"C2\",\"coordinated_postalCode\":\"coordinated_postalCode\",\"coordinated_addressLine\":\"coordinated_addressLine\"},{\"fistname\":\"2\",\"lastname\":\"2\",\"contactnumber\":\"2\",\"coordinated_area1\":\"2\",\"coordinated_area2\":\"2\",\"coordinated_area3\":\"C2\",\"coordinated_postalCode\":\"\",\"coordinated_addressLine\":\"2\"}]', 'assert_way': 'class name=ant-form-explain', 'result': 'Please input post code!'}" ]
}