{
  "uid" : "ce7722bccbe2e0e1",
  "name" : "通过筛选器Brand筛选到商品成功",
  "fullName" : "test_main.Test_Main#test_search",
  "historyId" : "dcd0d1c38a88ae4f35c01cd92aed9581",
  "time" : {
    "start" : 1652861907421,
    "stop" : 1652861916325,
    "duration" : 8904
  },
  "status" : "failed",
  "statusMessage" : "AssertionError",
  "statusTrace" : "self = <okmarts_ui_test.mode.search.Search object at 0x0000013C3DF8A730>\ndriver = <selenium.webdriver.chrome.webdriver.WebDriver (session=\"eeaae31250d5c4b4c8480299db4e3e21\")>\ndata = 'search_info=1', mode = 0\n\n    def search_mode3(self,driver,data,mode:int):\n        \"\"\"\n        检测筛选功能品牌、类型使用脚本模块\n        :param driver: 驱动\n        :param data: 数据\n        :param n: n=0 为品牌 n= 1为类型\n        :return:\n        \"\"\"\n        self.input_search(data, driver)\n        text,number = self.mode4(driver,mode)\n        if number == '0':  # 如果数量为0\n            # WebDriverWait(driver,10,0.2).until(lambda x:x.find_element(by='class name', value='tableData-out.nodata.text-black'))\n            try:\n                time.sleep(3)\n>               result = driver.find_element(by='class name', value='tableData-out.nodata.text-black').text\n\n..\\mode\\search.py:303: \n_ _ _ _ _ _ _ _ _ _ _ _ _ _ _ _ _ _ _ _ _ _ _ _ _ _ _ _ _ _ _ _ _ _ _ _ _ _ _ _\n\nself = <selenium.webdriver.chrome.webdriver.WebDriver (session=\"eeaae31250d5c4b4c8480299db4e3e21\")>\nby = 'css selector', value = '.tableData-out.nodata.text-black'\n\n    def find_element(self, by=By.ID, value=None) -> WebElement:\n        \"\"\"\n        Find an element given a By strategy and locator.\n    \n        :Usage:\n            ::\n    \n                element = driver.find_element(By.ID, 'foo')\n    \n        :rtype: WebElement\n        \"\"\"\n        if isinstance(by, RelativeBy):\n            return self.find_elements(by=by, value=value)[0]\n    \n        if by == By.ID:\n            by = By.CSS_SELECTOR\n            value = '[id=\"%s\"]' % value\n        elif by == By.TAG_NAME:\n            by = By.CSS_SELECTOR\n        elif by == By.CLASS_NAME:\n            by = By.CSS_SELECTOR\n            value = \".%s\" % value\n        elif by == By.NAME:\n            by = By.CSS_SELECTOR\n            value = '[name=\"%s\"]' % value\n    \n>       return self.execute(Command.FIND_ELEMENT, {\n            'using': by,\n            'value': value})['value']\n\nD:\\python\\lib\\site-packages\\selenium\\webdriver\\remote\\webdriver.py:1244: \n_ _ _ _ _ _ _ _ _ _ _ _ _ _ _ _ _ _ _ _ _ _ _ _ _ _ _ _ _ _ _ _ _ _ _ _ _ _ _ _\n\nself = <selenium.webdriver.chrome.webdriver.WebDriver (session=\"eeaae31250d5c4b4c8480299db4e3e21\")>\ndriver_command = 'findElement'\nparams = {'using': 'css selector', 'value': '.tableData-out.nodata.text-black'}\n\n    def execute(self, driver_command: str, params: dict = None) -> dict:\n        \"\"\"\n        Sends a command to be executed by a command.CommandExecutor.\n    \n        :Args:\n         - driver_command: The name of the command to execute as a string.\n         - params: A dictionary of named parameters to send with the command.\n    \n        :Returns:\n          The command's JSON response loaded into a dictionary object.\n        \"\"\"\n        if self.session_id:\n            if not params:\n                params = {'sessionId': self.session_id}\n            elif 'sessionId' not in params:\n                params['sessionId'] = self.session_id\n    \n        params = self._wrap_value(params)\n        response = self.command_executor.execute(driver_command, params)\n        if response:\n>           self.error_handler.check_response(response)\n\nD:\\python\\lib\\site-packages\\selenium\\webdriver\\remote\\webdriver.py:424: \n_ _ _ _ _ _ _ _ _ _ _ _ _ _ _ _ _ _ _ _ _ _ _ _ _ _ _ _ _ _ _ _ _ _ _ _ _ _ _ _\n\nself = <selenium.webdriver.remote.errorhandler.ErrorHandler object at 0x0000013C3D399CD0>\nresponse = {'status': 404, 'value': '{\"value\":{\"error\":\"no such element\",\"message\":\"no such element: Unable to locate element: {\\...unk [0x753A6739+25]\\\\n\\\\tRtlGetFullPathName_UEx [0x77058FEF+1215]\\\\n\\\\tRtlGetFullPathName_UEx [0x77058FBD+1165]\\\\n\"}}'}\n\n    def check_response(self, response: Dict[str, Any]) -> None:\n        \"\"\"\n        Checks that a JSON response from the WebDriver does not have an error.\n    \n        :Args:\n         - response - The JSON response from the WebDriver server as a dictionary\n           object.\n    \n        :Raises: If the response contains an error message.\n        \"\"\"\n        status = response.get('status', None)\n        if not status or status == ErrorCode.SUCCESS:\n            return\n        value = None\n        message = response.get(\"message\", \"\")\n        screen: str = response.get(\"screen\", \"\")\n        stacktrace = None\n        if isinstance(status, int):\n            value_json = response.get('value', None)\n            if value_json and isinstance(value_json, str):\n                import json\n                try:\n                    value = json.loads(value_json)\n                    if len(value.keys()) == 1:\n                        value = value['value']\n                    status = value.get('error', None)\n                    if not status:\n                        status = value.get(\"status\", ErrorCode.UNKNOWN_ERROR)\n                        message = value.get(\"value\") or value.get(\"message\")\n                        if not isinstance(message, str):\n                            value = message\n                            message = message.get('message')\n                    else:\n                        message = value.get('message', None)\n                except ValueError:\n                    pass\n    \n        exception_class: Type[WebDriverException]\n        if status in ErrorCode.NO_SUCH_ELEMENT:\n            exception_class = NoSuchElementException\n        elif status in ErrorCode.NO_SUCH_FRAME:\n            exception_class = NoSuchFrameException\n        elif status in ErrorCode.NO_SUCH_SHADOW_ROOT:\n            exception_class = NoSuchShadowRootException\n        elif status in ErrorCode.NO_SUCH_WINDOW:\n            exception_class = NoSuchWindowException\n        elif status in ErrorCode.STALE_ELEMENT_REFERENCE:\n            exception_class = StaleElementReferenceException\n        elif status in ErrorCode.ELEMENT_NOT_VISIBLE:\n            exception_class = ElementNotVisibleException\n        elif status in ErrorCode.INVALID_ELEMENT_STATE:\n            exception_class = InvalidElementStateException\n        elif status in ErrorCode.INVALID_SELECTOR \\\n                or status in ErrorCode.INVALID_XPATH_SELECTOR \\\n                or status in ErrorCode.INVALID_XPATH_SELECTOR_RETURN_TYPER:\n            exception_class = InvalidSelectorException\n        elif status in ErrorCode.ELEMENT_IS_NOT_SELECTABLE:\n            exception_class = ElementNotSelectableException\n        elif status in ErrorCode.ELEMENT_NOT_INTERACTABLE:\n            exception_class = ElementNotInteractableException\n        elif status in ErrorCode.INVALID_COOKIE_DOMAIN:\n            exception_class = InvalidCookieDomainException\n        elif status in ErrorCode.UNABLE_TO_SET_COOKIE:\n            exception_class = UnableToSetCookieException\n        elif status in ErrorCode.TIMEOUT:\n            exception_class = TimeoutException\n        elif status in ErrorCode.SCRIPT_TIMEOUT:\n            exception_class = TimeoutException\n        elif status in ErrorCode.UNKNOWN_ERROR:\n            exception_class = WebDriverException\n        elif status in ErrorCode.UNEXPECTED_ALERT_OPEN:\n            exception_class = UnexpectedAlertPresentException\n        elif status in ErrorCode.NO_ALERT_OPEN:\n            exception_class = NoAlertPresentException\n        elif status in ErrorCode.IME_NOT_AVAILABLE:\n            exception_class = ImeNotAvailableException\n        elif status in ErrorCode.IME_ENGINE_ACTIVATION_FAILED:\n            exception_class = ImeActivationFailedException\n        elif status in ErrorCode.MOVE_TARGET_OUT_OF_BOUNDS:\n            exception_class = MoveTargetOutOfBoundsException\n        elif status in ErrorCode.JAVASCRIPT_ERROR:\n            exception_class = JavascriptException\n        elif status in ErrorCode.SESSION_NOT_CREATED:\n            exception_class = SessionNotCreatedException\n        elif status in ErrorCode.INVALID_ARGUMENT:\n            exception_class = InvalidArgumentException\n        elif status in ErrorCode.NO_SUCH_COOKIE:\n            exception_class = NoSuchCookieException\n        elif status in ErrorCode.UNABLE_TO_CAPTURE_SCREEN:\n            exception_class = ScreenshotException\n        elif status in ErrorCode.ELEMENT_CLICK_INTERCEPTED:\n            exception_class = ElementClickInterceptedException\n        elif status in ErrorCode.INSECURE_CERTIFICATE:\n            exception_class = InsecureCertificateException\n        elif status in ErrorCode.INVALID_COORDINATES:\n            exception_class = InvalidCoordinatesException\n        elif status in ErrorCode.INVALID_SESSION_ID:\n            exception_class = InvalidSessionIdException\n        elif status in ErrorCode.UNKNOWN_METHOD:\n            exception_class = UnknownMethodException\n        else:\n            exception_class = WebDriverException\n        if not value:\n            value = response['value']\n        if isinstance(value, str):\n            raise exception_class(value)\n        if message == \"\" and 'message' in value:\n            message = value['message']\n    \n        screen = None  # type: ignore[assignment]\n        if 'screen' in value:\n            screen = value['screen']\n    \n        stacktrace = None\n        st_value = value.get('stackTrace') or value.get('stacktrace')\n        if st_value:\n            if isinstance(st_value, str):\n                stacktrace = st_value.split('\\n')\n            else:\n                stacktrace = []\n                try:\n                    for frame in st_value:\n                        line = self._value_or_default(frame, 'lineNumber', '')\n                        file = self._value_or_default(frame, 'fileName', '<anonymous>')\n                        if line:\n                            file = \"%s:%s\" % (file, line)\n                        meth = self._value_or_default(frame, 'methodName', '<anonymous>')\n                        if 'className' in frame:\n                            meth = \"%s.%s\" % (frame['className'], meth)\n                        msg = \"    at %s (%s)\"\n                        msg = msg % (meth, file)\n                        stacktrace.append(msg)\n                except TypeError:\n                    pass\n        if exception_class == UnexpectedAlertPresentException:\n            alert_text = None\n            if 'data' in value:\n                alert_text = value['data'].get('text')\n            elif 'alert' in value:\n                alert_text = value['alert'].get('text')\n            raise exception_class(message, screen, stacktrace, alert_text)  # type: ignore[call-arg]  # mypy is not smart enough here\n>       raise exception_class(message, screen, stacktrace)\nE       selenium.common.exceptions.NoSuchElementException: Message: no such element: Unable to locate element: {\"method\":\"css selector\",\"selector\":\".tableData-out.nodata.text-black\"}\nE         (Session info: chrome=101.0.4951.54)\nE       Stacktrace:\nE       Backtrace:\nE       \tOrdinal0 [0x00A27413+2389011]\nE       \tOrdinal0 [0x009B9F61+1941345]\nE       \tOrdinal0 [0x008AC658+837208]\nE       \tOrdinal0 [0x008D91DD+1020381]\nE       \tOrdinal0 [0x008D949B+1021083]\nE       \tOrdinal0 [0x00906032+1204274]\nE       \tOrdinal0 [0x008F4194+1130900]\nE       \tOrdinal0 [0x00904302+1196802]\nE       \tOrdinal0 [0x008F3F66+1130342]\nE       \tOrdinal0 [0x008CE546+976198]\nE       \tOrdinal0 [0x008CF456+980054]\nE       \tGetHandleVerifier [0x00BD9632+1727522]\nE       \tGetHandleVerifier [0x00C8BA4D+2457661]\nE       \tGetHandleVerifier [0x00ABEB81+569713]\nE       \tGetHandleVerifier [0x00ABDD76+566118]\nE       \tOrdinal0 [0x009C0B2B+1968939]\nE       \tOrdinal0 [0x009C5988+1989000]\nE       \tOrdinal0 [0x009C5A75+1989237]\nE       \tOrdinal0 [0x009CECB1+2026673]\nE       \tBaseThreadInitThunk [0x753A6739+25]\nE       \tRtlGetFullPathName_UEx [0x77058FEF+1215]\nE       \tRtlGetFullPathName_UEx [0x77058FBD+1165]\n\nD:\\python\\lib\\site-packages\\selenium\\webdriver\\remote\\errorhandler.py:247: NoSuchElementException\n\nDuring handling of the above exception, another exception occurred:\n\nself = <test_main.Test_Main object at 0x0000013C3DEDFEB0>\ndriver = <selenium.webdriver.chrome.webdriver.WebDriver (session=\"eeaae31250d5c4b4c8480299db4e3e21\")>\nParameter = {'assert_way': '', 'case_no': '154', 'casename': '通过筛选器Brand筛选到商品成功', 'data': 'search_info=1', ...}\n\n    @allure.feature('搜索')\n    @pytest.mark.parametrize('Parameter', case_infos['search'], ids=casename_infos['search'])\n    def test_search(self, driver, Parameter):\n        allure.dynamic.title(Parameter['casename'])\n>       Search().search(driver, Parameter)\n\ntest_main.py:112: \n_ _ _ _ _ _ _ _ _ _ _ _ _ _ _ _ _ _ _ _ _ _ _ _ _ _ _ _ _ _ _ _ _ _ _ _ _ _ _ _\n..\\mode\\search.py:170: in search\n    self.search_mode3(driver,data,mode=int(0))\n_ _ _ _ _ _ _ _ _ _ _ _ _ _ _ _ _ _ _ _ _ _ _ _ _ _ _ _ _ _ _ _ _ _ _ _ _ _ _ _\n\nself = <okmarts_ui_test.mode.search.Search object at 0x0000013C3DF8A730>\ndriver = <selenium.webdriver.chrome.webdriver.WebDriver (session=\"eeaae31250d5c4b4c8480299db4e3e21\")>\ndata = 'search_info=1', mode = 0\n\n    def search_mode3(self,driver,data,mode:int):\n        \"\"\"\n        检测筛选功能品牌、类型使用脚本模块\n        :param driver: 驱动\n        :param data: 数据\n        :param n: n=0 为品牌 n= 1为类型\n        :return:\n        \"\"\"\n        self.input_search(data, driver)\n        text,number = self.mode4(driver,mode)\n        if number == '0':  # 如果数量为0\n            # WebDriverWait(driver,10,0.2).until(lambda x:x.find_element(by='class name', value='tableData-out.nodata.text-black'))\n            try:\n                time.sleep(3)\n                result = driver.find_element(by='class name', value='tableData-out.nodata.text-black').text\n                print(result)\n                assert result == 'The keywords you search are not included yet, try other keywords'\n            except:\n>               assert False\nE               AssertionError\n\n..\\mode\\search.py:307: AssertionError",
  "flaky" : false,
  "newFailed" : true,
  "newBroken" : false,
  "newPassed" : false,
  "retriesCount" : 0,
  "retriesStatusChange" : false,
  "beforeStages" : [ {
    "name" : "_session_faker",
    "time" : {
      "start" : 1652859099152,
      "stop" : 1652859099326,
      "duration" : 174
    },
    "status" : "passed",
    "steps" : [ ],
    "attachments" : [ ],
    "parameters" : [ ],
    "hasContent" : false,
    "stepsCount" : 0,
    "attachmentsCount" : 0,
    "shouldDisplayMessage" : false
  }, {
    "name" : "driver",
    "time" : {
      "start" : 1652859099326,
      "stop" : 1652859100848,
      "duration" : 1522
    },
    "status" : "passed",
    "steps" : [ ],
    "attachments" : [ ],
    "parameters" : [ ],
    "hasContent" : false,
    "stepsCount" : 0,
    "attachmentsCount" : 0,
    "shouldDisplayMessage" : false
  }, {
    "name" : "_Class__pytest_setup_class",
    "time" : {
      "start" : 1652859100848,
      "stop" : 1652859100848,
      "duration" : 0
    },
    "status" : "passed",
    "steps" : [ ],
    "attachments" : [ ],
    "parameters" : [ ],
    "hasContent" : false,
    "stepsCount" : 0,
    "attachmentsCount" : 0,
    "shouldDisplayMessage" : false
  } ],
  "testStage" : {
    "status" : "failed",
    "statusMessage" : "AssertionError",
    "statusTrace" : "self = <okmarts_ui_test.mode.search.Search object at 0x0000013C3DF8A730>\ndriver = <selenium.webdriver.chrome.webdriver.WebDriver (session=\"eeaae31250d5c4b4c8480299db4e3e21\")>\ndata = 'search_info=1', mode = 0\n\n    def search_mode3(self,driver,data,mode:int):\n        \"\"\"\n        检测筛选功能品牌、类型使用脚本模块\n        :param driver: 驱动\n        :param data: 数据\n        :param n: n=0 为品牌 n= 1为类型\n        :return:\n        \"\"\"\n        self.input_search(data, driver)\n        text,number = self.mode4(driver,mode)\n        if number == '0':  # 如果数量为0\n            # WebDriverWait(driver,10,0.2).until(lambda x:x.find_element(by='class name', value='tableData-out.nodata.text-black'))\n            try:\n                time.sleep(3)\n>               result = driver.find_element(by='class name', value='tableData-out.nodata.text-black').text\n\n..\\mode\\search.py:303: \n_ _ _ _ _ _ _ _ _ _ _ _ _ _ _ _ _ _ _ _ _ _ _ _ _ _ _ _ _ _ _ _ _ _ _ _ _ _ _ _\n\nself = <selenium.webdriver.chrome.webdriver.WebDriver (session=\"eeaae31250d5c4b4c8480299db4e3e21\")>\nby = 'css selector', value = '.tableData-out.nodata.text-black'\n\n    def find_element(self, by=By.ID, value=None) -> WebElement:\n        \"\"\"\n        Find an element given a By strategy and locator.\n    \n        :Usage:\n            ::\n    \n                element = driver.find_element(By.ID, 'foo')\n    \n        :rtype: WebElement\n        \"\"\"\n        if isinstance(by, RelativeBy):\n            return self.find_elements(by=by, value=value)[0]\n    \n        if by == By.ID:\n            by = By.CSS_SELECTOR\n            value = '[id=\"%s\"]' % value\n        elif by == By.TAG_NAME:\n            by = By.CSS_SELECTOR\n        elif by == By.CLASS_NAME:\n            by = By.CSS_SELECTOR\n            value = \".%s\" % value\n        elif by == By.NAME:\n            by = By.CSS_SELECTOR\n            value = '[name=\"%s\"]' % value\n    \n>       return self.execute(Command.FIND_ELEMENT, {\n            'using': by,\n            'value': value})['value']\n\nD:\\python\\lib\\site-packages\\selenium\\webdriver\\remote\\webdriver.py:1244: \n_ _ _ _ _ _ _ _ _ _ _ _ _ _ _ _ _ _ _ _ _ _ _ _ _ _ _ _ _ _ _ _ _ _ _ _ _ _ _ _\n\nself = <selenium.webdriver.chrome.webdriver.WebDriver (session=\"eeaae31250d5c4b4c8480299db4e3e21\")>\ndriver_command = 'findElement'\nparams = {'using': 'css selector', 'value': '.tableData-out.nodata.text-black'}\n\n    def execute(self, driver_command: str, params: dict = None) -> dict:\n        \"\"\"\n        Sends a command to be executed by a command.CommandExecutor.\n    \n        :Args:\n         - driver_command: The name of the command to execute as a string.\n         - params: A dictionary of named parameters to send with the command.\n    \n        :Returns:\n          The command's JSON response loaded into a dictionary object.\n        \"\"\"\n        if self.session_id:\n            if not params:\n                params = {'sessionId': self.session_id}\n            elif 'sessionId' not in params:\n                params['sessionId'] = self.session_id\n    \n        params = self._wrap_value(params)\n        response = self.command_executor.execute(driver_command, params)\n        if response:\n>           self.error_handler.check_response(response)\n\nD:\\python\\lib\\site-packages\\selenium\\webdriver\\remote\\webdriver.py:424: \n_ _ _ _ _ _ _ _ _ _ _ _ _ _ _ _ _ _ _ _ _ _ _ _ _ _ _ _ _ _ _ _ _ _ _ _ _ _ _ _\n\nself = <selenium.webdriver.remote.errorhandler.ErrorHandler object at 0x0000013C3D399CD0>\nresponse = {'status': 404, 'value': '{\"value\":{\"error\":\"no such element\",\"message\":\"no such element: Unable to locate element: {\\...unk [0x753A6739+25]\\\\n\\\\tRtlGetFullPathName_UEx [0x77058FEF+1215]\\\\n\\\\tRtlGetFullPathName_UEx [0x77058FBD+1165]\\\\n\"}}'}\n\n    def check_response(self, response: Dict[str, Any]) -> None:\n        \"\"\"\n        Checks that a JSON response from the WebDriver does not have an error.\n    \n        :Args:\n         - response - The JSON response from the WebDriver server as a dictionary\n           object.\n    \n        :Raises: If the response contains an error message.\n        \"\"\"\n        status = response.get('status', None)\n        if not status or status == ErrorCode.SUCCESS:\n            return\n        value = None\n        message = response.get(\"message\", \"\")\n        screen: str = response.get(\"screen\", \"\")\n        stacktrace = None\n        if isinstance(status, int):\n            value_json = response.get('value', None)\n            if value_json and isinstance(value_json, str):\n                import json\n                try:\n                    value = json.loads(value_json)\n                    if len(value.keys()) == 1:\n                        value = value['value']\n                    status = value.get('error', None)\n                    if not status:\n                        status = value.get(\"status\", ErrorCode.UNKNOWN_ERROR)\n                        message = value.get(\"value\") or value.get(\"message\")\n                        if not isinstance(message, str):\n                            value = message\n                            message = message.get('message')\n                    else:\n                        message = value.get('message', None)\n                except ValueError:\n                    pass\n    \n        exception_class: Type[WebDriverException]\n        if status in ErrorCode.NO_SUCH_ELEMENT:\n            exception_class = NoSuchElementException\n        elif status in ErrorCode.NO_SUCH_FRAME:\n            exception_class = NoSuchFrameException\n        elif status in ErrorCode.NO_SUCH_SHADOW_ROOT:\n            exception_class = NoSuchShadowRootException\n        elif status in ErrorCode.NO_SUCH_WINDOW:\n            exception_class = NoSuchWindowException\n        elif status in ErrorCode.STALE_ELEMENT_REFERENCE:\n            exception_class = StaleElementReferenceException\n        elif status in ErrorCode.ELEMENT_NOT_VISIBLE:\n            exception_class = ElementNotVisibleException\n        elif status in ErrorCode.INVALID_ELEMENT_STATE:\n            exception_class = InvalidElementStateException\n        elif status in ErrorCode.INVALID_SELECTOR \\\n                or status in ErrorCode.INVALID_XPATH_SELECTOR \\\n                or status in ErrorCode.INVALID_XPATH_SELECTOR_RETURN_TYPER:\n            exception_class = InvalidSelectorException\n        elif status in ErrorCode.ELEMENT_IS_NOT_SELECTABLE:\n            exception_class = ElementNotSelectableException\n        elif status in ErrorCode.ELEMENT_NOT_INTERACTABLE:\n            exception_class = ElementNotInteractableException\n        elif status in ErrorCode.INVALID_COOKIE_DOMAIN:\n            exception_class = InvalidCookieDomainException\n        elif status in ErrorCode.UNABLE_TO_SET_COOKIE:\n            exception_class = UnableToSetCookieException\n        elif status in ErrorCode.TIMEOUT:\n            exception_class = TimeoutException\n        elif status in ErrorCode.SCRIPT_TIMEOUT:\n            exception_class = TimeoutException\n        elif status in ErrorCode.UNKNOWN_ERROR:\n            exception_class = WebDriverException\n        elif status in ErrorCode.UNEXPECTED_ALERT_OPEN:\n            exception_class = UnexpectedAlertPresentException\n        elif status in ErrorCode.NO_ALERT_OPEN:\n            exception_class = NoAlertPresentException\n        elif status in ErrorCode.IME_NOT_AVAILABLE:\n            exception_class = ImeNotAvailableException\n        elif status in ErrorCode.IME_ENGINE_ACTIVATION_FAILED:\n            exception_class = ImeActivationFailedException\n        elif status in ErrorCode.MOVE_TARGET_OUT_OF_BOUNDS:\n            exception_class = MoveTargetOutOfBoundsException\n        elif status in ErrorCode.JAVASCRIPT_ERROR:\n            exception_class = JavascriptException\n        elif status in ErrorCode.SESSION_NOT_CREATED:\n            exception_class = SessionNotCreatedException\n        elif status in ErrorCode.INVALID_ARGUMENT:\n            exception_class = InvalidArgumentException\n        elif status in ErrorCode.NO_SUCH_COOKIE:\n            exception_class = NoSuchCookieException\n        elif status in ErrorCode.UNABLE_TO_CAPTURE_SCREEN:\n            exception_class = ScreenshotException\n        elif status in ErrorCode.ELEMENT_CLICK_INTERCEPTED:\n            exception_class = ElementClickInterceptedException\n        elif status in ErrorCode.INSECURE_CERTIFICATE:\n            exception_class = InsecureCertificateException\n        elif status in ErrorCode.INVALID_COORDINATES:\n            exception_class = InvalidCoordinatesException\n        elif status in ErrorCode.INVALID_SESSION_ID:\n            exception_class = InvalidSessionIdException\n        elif status in ErrorCode.UNKNOWN_METHOD:\n            exception_class = UnknownMethodException\n        else:\n            exception_class = WebDriverException\n        if not value:\n            value = response['value']\n        if isinstance(value, str):\n            raise exception_class(value)\n        if message == \"\" and 'message' in value:\n            message = value['message']\n    \n        screen = None  # type: ignore[assignment]\n        if 'screen' in value:\n            screen = value['screen']\n    \n        stacktrace = None\n        st_value = value.get('stackTrace') or value.get('stacktrace')\n        if st_value:\n            if isinstance(st_value, str):\n                stacktrace = st_value.split('\\n')\n            else:\n                stacktrace = []\n                try:\n                    for frame in st_value:\n                        line = self._value_or_default(frame, 'lineNumber', '')\n                        file = self._value_or_default(frame, 'fileName', '<anonymous>')\n                        if line:\n                            file = \"%s:%s\" % (file, line)\n                        meth = self._value_or_default(frame, 'methodName', '<anonymous>')\n                        if 'className' in frame:\n                            meth = \"%s.%s\" % (frame['className'], meth)\n                        msg = \"    at %s (%s)\"\n                        msg = msg % (meth, file)\n                        stacktrace.append(msg)\n                except TypeError:\n                    pass\n        if exception_class == UnexpectedAlertPresentException:\n            alert_text = None\n            if 'data' in value:\n                alert_text = value['data'].get('text')\n            elif 'alert' in value:\n                alert_text = value['alert'].get('text')\n            raise exception_class(message, screen, stacktrace, alert_text)  # type: ignore[call-arg]  # mypy is not smart enough here\n>       raise exception_class(message, screen, stacktrace)\nE       selenium.common.exceptions.NoSuchElementException: Message: no such element: Unable to locate element: {\"method\":\"css selector\",\"selector\":\".tableData-out.nodata.text-black\"}\nE         (Session info: chrome=101.0.4951.54)\nE       Stacktrace:\nE       Backtrace:\nE       \tOrdinal0 [0x00A27413+2389011]\nE       \tOrdinal0 [0x009B9F61+1941345]\nE       \tOrdinal0 [0x008AC658+837208]\nE       \tOrdinal0 [0x008D91DD+1020381]\nE       \tOrdinal0 [0x008D949B+1021083]\nE       \tOrdinal0 [0x00906032+1204274]\nE       \tOrdinal0 [0x008F4194+1130900]\nE       \tOrdinal0 [0x00904302+1196802]\nE       \tOrdinal0 [0x008F3F66+1130342]\nE       \tOrdinal0 [0x008CE546+976198]\nE       \tOrdinal0 [0x008CF456+980054]\nE       \tGetHandleVerifier [0x00BD9632+1727522]\nE       \tGetHandleVerifier [0x00C8BA4D+2457661]\nE       \tGetHandleVerifier [0x00ABEB81+569713]\nE       \tGetHandleVerifier [0x00ABDD76+566118]\nE       \tOrdinal0 [0x009C0B2B+1968939]\nE       \tOrdinal0 [0x009C5988+1989000]\nE       \tOrdinal0 [0x009C5A75+1989237]\nE       \tOrdinal0 [0x009CECB1+2026673]\nE       \tBaseThreadInitThunk [0x753A6739+25]\nE       \tRtlGetFullPathName_UEx [0x77058FEF+1215]\nE       \tRtlGetFullPathName_UEx [0x77058FBD+1165]\n\nD:\\python\\lib\\site-packages\\selenium\\webdriver\\remote\\errorhandler.py:247: NoSuchElementException\n\nDuring handling of the above exception, another exception occurred:\n\nself = <test_main.Test_Main object at 0x0000013C3DEDFEB0>\ndriver = <selenium.webdriver.chrome.webdriver.WebDriver (session=\"eeaae31250d5c4b4c8480299db4e3e21\")>\nParameter = {'assert_way': '', 'case_no': '154', 'casename': '通过筛选器Brand筛选到商品成功', 'data': 'search_info=1', ...}\n\n    @allure.feature('搜索')\n    @pytest.mark.parametrize('Parameter', case_infos['search'], ids=casename_infos['search'])\n    def test_search(self, driver, Parameter):\n        allure.dynamic.title(Parameter['casename'])\n>       Search().search(driver, Parameter)\n\ntest_main.py:112: \n_ _ _ _ _ _ _ _ _ _ _ _ _ _ _ _ _ _ _ _ _ _ _ _ _ _ _ _ _ _ _ _ _ _ _ _ _ _ _ _\n..\\mode\\search.py:170: in search\n    self.search_mode3(driver,data,mode=int(0))\n_ _ _ _ _ _ _ _ _ _ _ _ _ _ _ _ _ _ _ _ _ _ _ _ _ _ _ _ _ _ _ _ _ _ _ _ _ _ _ _\n\nself = <okmarts_ui_test.mode.search.Search object at 0x0000013C3DF8A730>\ndriver = <selenium.webdriver.chrome.webdriver.WebDriver (session=\"eeaae31250d5c4b4c8480299db4e3e21\")>\ndata = 'search_info=1', mode = 0\n\n    def search_mode3(self,driver,data,mode:int):\n        \"\"\"\n        检测筛选功能品牌、类型使用脚本模块\n        :param driver: 驱动\n        :param data: 数据\n        :param n: n=0 为品牌 n= 1为类型\n        :return:\n        \"\"\"\n        self.input_search(data, driver)\n        text,number = self.mode4(driver,mode)\n        if number == '0':  # 如果数量为0\n            # WebDriverWait(driver,10,0.2).until(lambda x:x.find_element(by='class name', value='tableData-out.nodata.text-black'))\n            try:\n                time.sleep(3)\n                result = driver.find_element(by='class name', value='tableData-out.nodata.text-black').text\n                print(result)\n                assert result == 'The keywords you search are not included yet, try other keywords'\n            except:\n>               assert False\nE               AssertionError\n\n..\\mode\\search.py:307: AssertionError",
    "steps" : [ {
      "name" : "添加失败截图...",
      "time" : {
        "start" : 1652861916386,
        "stop" : 1652861916530,
        "duration" : 144
      },
      "status" : "passed",
      "steps" : [ ],
      "attachments" : [ {
        "uid" : "ed7c819a3f090311",
        "name" : "失败截图",
        "source" : "ed7c819a3f090311.png",
        "type" : "image/png",
        "size" : 215313
      } ],
      "parameters" : [ ],
      "hasContent" : true,
      "stepsCount" : 0,
      "attachmentsCount" : 1,
      "shouldDisplayMessage" : false
    } ],
    "attachments" : [ {
      "uid" : "8473503d776b8163",
      "name" : "stdout",
      "source" : "8473503d776b8163.txt",
      "type" : "text/plain",
      "size" : 63
    } ],
    "parameters" : [ ],
    "hasContent" : true,
    "stepsCount" : 1,
    "attachmentsCount" : 2,
    "shouldDisplayMessage" : true
  },
  "afterStages" : [ {
    "name" : "_Class__pytest_setup_class::0",
    "time" : {
      "start" : 1652862568814,
      "stop" : 1652862569249,
      "duration" : 435
    },
    "status" : "passed",
    "steps" : [ ],
    "attachments" : [ ],
    "parameters" : [ ],
    "hasContent" : false,
    "stepsCount" : 0,
    "attachmentsCount" : 0,
    "shouldDisplayMessage" : false
  }, {
    "name" : "driver::0",
    "time" : {
      "start" : 1652862569253,
      "stop" : 1652862569253,
      "duration" : 0
    },
    "status" : "passed",
    "steps" : [ ],
    "attachments" : [ ],
    "parameters" : [ ],
    "hasContent" : false,
    "stepsCount" : 0,
    "attachmentsCount" : 0,
    "shouldDisplayMessage" : false
  } ],
  "labels" : [ {
    "name" : "feature",
    "value" : "搜索"
  }, {
    "name" : "suite",
    "value" : "test_main"
  }, {
    "name" : "subSuite",
    "value" : "Test_Main"
  }, {
    "name" : "host",
    "value" : "DESKTOP-NB3FDE0"
  }, {
    "name" : "thread",
    "value" : "23480-MainThread"
  }, {
    "name" : "framework",
    "value" : "pytest"
  }, {
    "name" : "language",
    "value" : "cpython3"
  }, {
    "name" : "package",
    "value" : "test_main"
  }, {
    "name" : "resultFormat",
    "value" : "allure2"
  } ],
  "parameters" : [ {
    "name" : "Parameter",
    "value" : "{'case_no': '154', 'casename': '通过筛选器Brand筛选到商品成功', 'mode': '搜索', 'data': 'search_info=1', 'assert_way': '', 'result': ''}"
  } ],
  "links" : [ ],
  "hidden" : false,
  "retry" : false,
  "extra" : {
    "severity" : "normal",
    "retries" : [ ],
    "categories" : [ {
      "name" : "Product defects",
      "matchedStatuses" : [ ],
      "flaky" : false
    } ],
    "history" : {
      "statistic" : {
        "failed" : 1,
        "broken" : 2,
        "skipped" : 0,
        "passed" : 0,
        "unknown" : 0,
        "total" : 3
      },
      "items" : [ {
        "uid" : "1a70aec12af0351e",
        "reportUrl" : "http://localhost:8080/job/okmarts_ui_test/63/allure/#testresult/1a70aec12af0351e",
        "status" : "broken",
        "statusDetails" : "selenium.common.exceptions.NoSuchElementException: Message: no such element: Unable to locate element: {\"method\":\"xpath\",\"selector\":\"//*[@id=\"app\"]/div/div[1]/div/div[2]/div[2]/span/span/input\"}\n  (Session info: chrome=101.0.4951.54)\nStacktrace:\nBacktrace:\n\tOrdinal0 [0x00A27413+2389011]\n\tOrdinal0 [0x009B9F61+1941345]\n\tOrdinal0 [0x008AC658+837208]\n\tOrdinal0 [0x008D91DD+1020381]\n\tOrdinal0 [0x008D949B+1021083]\n\tOrdinal0 [0x00906032+1204274]\n\tOrdinal0 [0x008F4194+1130900]\n\tOrdinal0 [0x00904302+1196802]\n\tOrdinal0 [0x008F3F66+1130342]\n\tOrdinal0 [0x008CE546+976198]\n\tOrdinal0 [0x008CF456+980054]\n\tGetHandleVerifier [0x00BD9632+1727522]\n\tGetHandleVerifier [0x00C8BA4D+2457661]\n\tGetHandleVerifier [0x00ABEB81+569713]\n\tGetHandleVerifier [0x00ABDD76+566118]\n\tOrdinal0 [0x009C0B2B+1968939]\n\tOrdinal0 [0x009C5988+1989000]\n\tOrdinal0 [0x009C5A75+1989237]\n\tOrdinal0 [0x009CECB1+2026673]\n\tBaseThreadInitThunk [0x753A6739+25]\n\tRtlGetFullPathName_UEx [0x77058FEF+1215]\n\tRtlGetFullPathName_UEx [0x77058FBD+1165]",
        "time" : {
          "start" : 1652838739197,
          "stop" : 1652838741371,
          "duration" : 2174
        }
      }, {
        "uid" : "c2de38273ab40cd4",
        "reportUrl" : "http://localhost:8080/job/okmarts_ui_test/62/allure/#testresult/c2de38273ab40cd4",
        "status" : "broken",
        "statusDetails" : "selenium.common.exceptions.TimeoutException: Message: \nStacktrace:\nBacktrace:\n\tOrdinal0 [0x00DE7413+2389011]\n\tOrdinal0 [0x00D79F61+1941345]\n\tOrdinal0 [0x00C6C658+837208]\n\tOrdinal0 [0x00C991DD+1020381]\n\tOrdinal0 [0x00C9949B+1021083]\n\tOrdinal0 [0x00CC6032+1204274]\n\tOrdinal0 [0x00CB4194+1130900]\n\tOrdinal0 [0x00CC4302+1196802]\n\tOrdinal0 [0x00CB3F66+1130342]\n\tOrdinal0 [0x00C8E546+976198]\n\tOrdinal0 [0x00C8F456+980054]\n\tGetHandleVerifier [0x00F99632+1727522]\n\tGetHandleVerifier [0x0104BA4D+2457661]\n\tGetHandleVerifier [0x00E7EB81+569713]\n\tGetHandleVerifier [0x00E7DD76+566118]\n\tOrdinal0 [0x00D80B2B+1968939]\n\tOrdinal0 [0x00D85988+1989000]\n\tOrdinal0 [0x00D85A75+1989237]\n\tOrdinal0 [0x00D8ECB1+2026673]\n\tBaseThreadInitThunk [0x76486739+25]\n\tRtlGetFullPathName_UEx [0x77928FEF+1215]\n\tRtlGetFullPathName_UEx [0x77928FBD+1165]",
        "time" : {
          "start" : 1652762089774,
          "stop" : 1652762105904,
          "duration" : 16130
        }
      } ]
    },
    "tags" : [ ]
  },
  "source" : "ce7722bccbe2e0e1.json",
  "parameterValues" : [ "{'case_no': '154', 'casename': '通过筛选器Brand筛选到商品成功', 'mode': '搜索', 'data': 'search_info=1', 'assert_way': '', 'result': ''}" ]
}