{
  "uid" : "d6c47cedc9fe026c",
  "name" : "使用信用卡支付成功",
  "fullName" : "test_main.Test_Main#test_pay",
  "historyId" : "7783f09f9cc4e9b26f327a204c31e9c2",
  "time" : {
    "start" : 1652862239252,
    "stop" : 1652862278341,
    "duration" : 39089
  },
  "status" : "broken",
  "statusMessage" : "selenium.common.exceptions.ElementNotInteractableException: Message: element not interactable\n  (Session info: chrome=101.0.4951.54)\nStacktrace:\nBacktrace:\n\tOrdinal0 [0x00A27413+2389011]\n\tOrdinal0 [0x009B9F61+1941345]\n\tOrdinal0 [0x008AC520+836896]\n\tOrdinal0 [0x008DA1F3+1024499]\n\tOrdinal0 [0x008CFF93+982931]\n\tOrdinal0 [0x008F414C+1130828]\n\tOrdinal0 [0x008CF974+981364]\n\tOrdinal0 [0x008F4364+1131364]\n\tOrdinal0 [0x00904302+1196802]\n\tOrdinal0 [0x008F3F66+1130342]\n\tOrdinal0 [0x008CE546+976198]\n\tOrdinal0 [0x008CF456+980054]\n\tGetHandleVerifier [0x00BD9632+1727522]\n\tGetHandleVerifier [0x00C8BA4D+2457661]\n\tGetHandleVerifier [0x00ABEB81+569713]\n\tGetHandleVerifier [0x00ABDD76+566118]\n\tOrdinal0 [0x009C0B2B+1968939]\n\tOrdinal0 [0x009C5988+1989000]\n\tOrdinal0 [0x009C5A75+1989237]\n\tOrdinal0 [0x009CECB1+2026673]\n\tBaseThreadInitThunk [0x753A6739+25]\n\tRtlGetFullPathName_UEx [0x77058FEF+1215]\n\tRtlGetFullPathName_UEx [0x77058FBD+1165]",
  "statusTrace" : "self = <test_main.Test_Main object at 0x0000013C3E15F3D0>\ndriver = <selenium.webdriver.chrome.webdriver.WebDriver (session=\"eeaae31250d5c4b4c8480299db4e3e21\")>\nParameter = {'assert_way': 'class name=text-tit-lg.margin-bottom-xs', 'case_no': '', 'casename': '使用信用卡支付成功', 'data': '', ...}\n\n    @allure.feature('支付')\n    @pytest.mark.parametrize('Parameter', case_infos['pay'], ids=casename_infos['pay'])\n    def test_pay(self, driver, Parameter):\n        allure.dynamic.title(Parameter['casename'])\n>       Pay().pay(driver,Parameter)\n\ntest_main.py:118: \n_ _ _ _ _ _ _ _ _ _ _ _ _ _ _ _ _ _ _ _ _ _ _ _ _ _ _ _ _ _ _ _ _ _ _ _ _ _ _ _\n..\\mode\\pay.py:167: in pay\n    driver.find_element(by='class name',value='atn-btn-orange.ant-btn').click()     #点击提交\nD:\\python\\lib\\site-packages\\selenium\\webdriver\\remote\\webelement.py:81: in click\n    self._execute(Command.CLICK_ELEMENT)\nD:\\python\\lib\\site-packages\\selenium\\webdriver\\remote\\webelement.py:710: in _execute\n    return self._parent.execute(command, params)\nD:\\python\\lib\\site-packages\\selenium\\webdriver\\remote\\webdriver.py:424: in execute\n    self.error_handler.check_response(response)\n_ _ _ _ _ _ _ _ _ _ _ _ _ _ _ _ _ _ _ _ _ _ _ _ _ _ _ _ _ _ _ _ _ _ _ _ _ _ _ _\n\nself = <selenium.webdriver.remote.errorhandler.ErrorHandler object at 0x0000013C3D399CD0>\nresponse = {'status': 400, 'value': '{\"value\":{\"error\":\"element not interactable\",\"message\":\"element not interactable\\\\n  (Sessio...unk [0x753A6739+25]\\\\n\\\\tRtlGetFullPathName_UEx [0x77058FEF+1215]\\\\n\\\\tRtlGetFullPathName_UEx [0x77058FBD+1165]\\\\n\"}}'}\n\n    def check_response(self, response: Dict[str, Any]) -> None:\n        \"\"\"\n        Checks that a JSON response from the WebDriver does not have an error.\n    \n        :Args:\n         - response - The JSON response from the WebDriver server as a dictionary\n           object.\n    \n        :Raises: If the response contains an error message.\n        \"\"\"\n        status = response.get('status', None)\n        if not status or status == ErrorCode.SUCCESS:\n            return\n        value = None\n        message = response.get(\"message\", \"\")\n        screen: str = response.get(\"screen\", \"\")\n        stacktrace = None\n        if isinstance(status, int):\n            value_json = response.get('value', None)\n            if value_json and isinstance(value_json, str):\n                import json\n                try:\n                    value = json.loads(value_json)\n                    if len(value.keys()) == 1:\n                        value = value['value']\n                    status = value.get('error', None)\n                    if not status:\n                        status = value.get(\"status\", ErrorCode.UNKNOWN_ERROR)\n                        message = value.get(\"value\") or value.get(\"message\")\n                        if not isinstance(message, str):\n                            value = message\n                            message = message.get('message')\n                    else:\n                        message = value.get('message', None)\n                except ValueError:\n                    pass\n    \n        exception_class: Type[WebDriverException]\n        if status in ErrorCode.NO_SUCH_ELEMENT:\n            exception_class = NoSuchElementException\n        elif status in ErrorCode.NO_SUCH_FRAME:\n            exception_class = NoSuchFrameException\n        elif status in ErrorCode.NO_SUCH_SHADOW_ROOT:\n            exception_class = NoSuchShadowRootException\n        elif status in ErrorCode.NO_SUCH_WINDOW:\n            exception_class = NoSuchWindowException\n        elif status in ErrorCode.STALE_ELEMENT_REFERENCE:\n            exception_class = StaleElementReferenceException\n        elif status in ErrorCode.ELEMENT_NOT_VISIBLE:\n            exception_class = ElementNotVisibleException\n        elif status in ErrorCode.INVALID_ELEMENT_STATE:\n            exception_class = InvalidElementStateException\n        elif status in ErrorCode.INVALID_SELECTOR \\\n                or status in ErrorCode.INVALID_XPATH_SELECTOR \\\n                or status in ErrorCode.INVALID_XPATH_SELECTOR_RETURN_TYPER:\n            exception_class = InvalidSelectorException\n        elif status in ErrorCode.ELEMENT_IS_NOT_SELECTABLE:\n            exception_class = ElementNotSelectableException\n        elif status in ErrorCode.ELEMENT_NOT_INTERACTABLE:\n            exception_class = ElementNotInteractableException\n        elif status in ErrorCode.INVALID_COOKIE_DOMAIN:\n            exception_class = InvalidCookieDomainException\n        elif status in ErrorCode.UNABLE_TO_SET_COOKIE:\n            exception_class = UnableToSetCookieException\n        elif status in ErrorCode.TIMEOUT:\n            exception_class = TimeoutException\n        elif status in ErrorCode.SCRIPT_TIMEOUT:\n            exception_class = TimeoutException\n        elif status in ErrorCode.UNKNOWN_ERROR:\n            exception_class = WebDriverException\n        elif status in ErrorCode.UNEXPECTED_ALERT_OPEN:\n            exception_class = UnexpectedAlertPresentException\n        elif status in ErrorCode.NO_ALERT_OPEN:\n            exception_class = NoAlertPresentException\n        elif status in ErrorCode.IME_NOT_AVAILABLE:\n            exception_class = ImeNotAvailableException\n        elif status in ErrorCode.IME_ENGINE_ACTIVATION_FAILED:\n            exception_class = ImeActivationFailedException\n        elif status in ErrorCode.MOVE_TARGET_OUT_OF_BOUNDS:\n            exception_class = MoveTargetOutOfBoundsException\n        elif status in ErrorCode.JAVASCRIPT_ERROR:\n            exception_class = JavascriptException\n        elif status in ErrorCode.SESSION_NOT_CREATED:\n            exception_class = SessionNotCreatedException\n        elif status in ErrorCode.INVALID_ARGUMENT:\n            exception_class = InvalidArgumentException\n        elif status in ErrorCode.NO_SUCH_COOKIE:\n            exception_class = NoSuchCookieException\n        elif status in ErrorCode.UNABLE_TO_CAPTURE_SCREEN:\n            exception_class = ScreenshotException\n        elif status in ErrorCode.ELEMENT_CLICK_INTERCEPTED:\n            exception_class = ElementClickInterceptedException\n        elif status in ErrorCode.INSECURE_CERTIFICATE:\n            exception_class = InsecureCertificateException\n        elif status in ErrorCode.INVALID_COORDINATES:\n            exception_class = InvalidCoordinatesException\n        elif status in ErrorCode.INVALID_SESSION_ID:\n            exception_class = InvalidSessionIdException\n        elif status in ErrorCode.UNKNOWN_METHOD:\n            exception_class = UnknownMethodException\n        else:\n            exception_class = WebDriverException\n        if not value:\n            value = response['value']\n        if isinstance(value, str):\n            raise exception_class(value)\n        if message == \"\" and 'message' in value:\n            message = value['message']\n    \n        screen = None  # type: ignore[assignment]\n        if 'screen' in value:\n            screen = value['screen']\n    \n        stacktrace = None\n        st_value = value.get('stackTrace') or value.get('stacktrace')\n        if st_value:\n            if isinstance(st_value, str):\n                stacktrace = st_value.split('\\n')\n            else:\n                stacktrace = []\n                try:\n                    for frame in st_value:\n                        line = self._value_or_default(frame, 'lineNumber', '')\n                        file = self._value_or_default(frame, 'fileName', '<anonymous>')\n                        if line:\n                            file = \"%s:%s\" % (file, line)\n                        meth = self._value_or_default(frame, 'methodName', '<anonymous>')\n                        if 'className' in frame:\n                            meth = \"%s.%s\" % (frame['className'], meth)\n                        msg = \"    at %s (%s)\"\n                        msg = msg % (meth, file)\n                        stacktrace.append(msg)\n                except TypeError:\n                    pass\n        if exception_class == UnexpectedAlertPresentException:\n            alert_text = None\n            if 'data' in value:\n                alert_text = value['data'].get('text')\n            elif 'alert' in value:\n                alert_text = value['alert'].get('text')\n            raise exception_class(message, screen, stacktrace, alert_text)  # type: ignore[call-arg]  # mypy is not smart enough here\n>       raise exception_class(message, screen, stacktrace)\nE       selenium.common.exceptions.ElementNotInteractableException: Message: element not interactable\nE         (Session info: chrome=101.0.4951.54)\nE       Stacktrace:\nE       Backtrace:\nE       \tOrdinal0 [0x00A27413+2389011]\nE       \tOrdinal0 [0x009B9F61+1941345]\nE       \tOrdinal0 [0x008AC520+836896]\nE       \tOrdinal0 [0x008DA1F3+1024499]\nE       \tOrdinal0 [0x008CFF93+982931]\nE       \tOrdinal0 [0x008F414C+1130828]\nE       \tOrdinal0 [0x008CF974+981364]\nE       \tOrdinal0 [0x008F4364+1131364]\nE       \tOrdinal0 [0x00904302+1196802]\nE       \tOrdinal0 [0x008F3F66+1130342]\nE       \tOrdinal0 [0x008CE546+976198]\nE       \tOrdinal0 [0x008CF456+980054]\nE       \tGetHandleVerifier [0x00BD9632+1727522]\nE       \tGetHandleVerifier [0x00C8BA4D+2457661]\nE       \tGetHandleVerifier [0x00ABEB81+569713]\nE       \tGetHandleVerifier [0x00ABDD76+566118]\nE       \tOrdinal0 [0x009C0B2B+1968939]\nE       \tOrdinal0 [0x009C5988+1989000]\nE       \tOrdinal0 [0x009C5A75+1989237]\nE       \tOrdinal0 [0x009CECB1+2026673]\nE       \tBaseThreadInitThunk [0x753A6739+25]\nE       \tRtlGetFullPathName_UEx [0x77058FEF+1215]\nE       \tRtlGetFullPathName_UEx [0x77058FBD+1165]\n\nD:\\python\\lib\\site-packages\\selenium\\webdriver\\remote\\errorhandler.py:247: ElementNotInteractableException",
  "flaky" : false,
  "newFailed" : false,
  "newBroken" : false,
  "newPassed" : false,
  "retriesCount" : 0,
  "retriesStatusChange" : false,
  "beforeStages" : [ {
    "name" : "_session_faker",
    "time" : {
      "start" : 1652859099152,
      "stop" : 1652859099326,
      "duration" : 174
    },
    "status" : "passed",
    "steps" : [ ],
    "attachments" : [ ],
    "parameters" : [ ],
    "hasContent" : false,
    "stepsCount" : 0,
    "attachmentsCount" : 0,
    "shouldDisplayMessage" : false
  }, {
    "name" : "driver",
    "time" : {
      "start" : 1652859099326,
      "stop" : 1652859100848,
      "duration" : 1522
    },
    "status" : "passed",
    "steps" : [ ],
    "attachments" : [ ],
    "parameters" : [ ],
    "hasContent" : false,
    "stepsCount" : 0,
    "attachmentsCount" : 0,
    "shouldDisplayMessage" : false
  }, {
    "name" : "_Class__pytest_setup_class",
    "time" : {
      "start" : 1652859100848,
      "stop" : 1652859100848,
      "duration" : 0
    },
    "status" : "passed",
    "steps" : [ ],
    "attachments" : [ ],
    "parameters" : [ ],
    "hasContent" : false,
    "stepsCount" : 0,
    "attachmentsCount" : 0,
    "shouldDisplayMessage" : false
  } ],
  "testStage" : {
    "status" : "broken",
    "statusMessage" : "selenium.common.exceptions.ElementNotInteractableException: Message: element not interactable\n  (Session info: chrome=101.0.4951.54)\nStacktrace:\nBacktrace:\n\tOrdinal0 [0x00A27413+2389011]\n\tOrdinal0 [0x009B9F61+1941345]\n\tOrdinal0 [0x008AC520+836896]\n\tOrdinal0 [0x008DA1F3+1024499]\n\tOrdinal0 [0x008CFF93+982931]\n\tOrdinal0 [0x008F414C+1130828]\n\tOrdinal0 [0x008CF974+981364]\n\tOrdinal0 [0x008F4364+1131364]\n\tOrdinal0 [0x00904302+1196802]\n\tOrdinal0 [0x008F3F66+1130342]\n\tOrdinal0 [0x008CE546+976198]\n\tOrdinal0 [0x008CF456+980054]\n\tGetHandleVerifier [0x00BD9632+1727522]\n\tGetHandleVerifier [0x00C8BA4D+2457661]\n\tGetHandleVerifier [0x00ABEB81+569713]\n\tGetHandleVerifier [0x00ABDD76+566118]\n\tOrdinal0 [0x009C0B2B+1968939]\n\tOrdinal0 [0x009C5988+1989000]\n\tOrdinal0 [0x009C5A75+1989237]\n\tOrdinal0 [0x009CECB1+2026673]\n\tBaseThreadInitThunk [0x753A6739+25]\n\tRtlGetFullPathName_UEx [0x77058FEF+1215]\n\tRtlGetFullPathName_UEx [0x77058FBD+1165]",
    "statusTrace" : "self = <test_main.Test_Main object at 0x0000013C3E15F3D0>\ndriver = <selenium.webdriver.chrome.webdriver.WebDriver (session=\"eeaae31250d5c4b4c8480299db4e3e21\")>\nParameter = {'assert_way': 'class name=text-tit-lg.margin-bottom-xs', 'case_no': '', 'casename': '使用信用卡支付成功', 'data': '', ...}\n\n    @allure.feature('支付')\n    @pytest.mark.parametrize('Parameter', case_infos['pay'], ids=casename_infos['pay'])\n    def test_pay(self, driver, Parameter):\n        allure.dynamic.title(Parameter['casename'])\n>       Pay().pay(driver,Parameter)\n\ntest_main.py:118: \n_ _ _ _ _ _ _ _ _ _ _ _ _ _ _ _ _ _ _ _ _ _ _ _ _ _ _ _ _ _ _ _ _ _ _ _ _ _ _ _\n..\\mode\\pay.py:167: in pay\n    driver.find_element(by='class name',value='atn-btn-orange.ant-btn').click()     #点击提交\nD:\\python\\lib\\site-packages\\selenium\\webdriver\\remote\\webelement.py:81: in click\n    self._execute(Command.CLICK_ELEMENT)\nD:\\python\\lib\\site-packages\\selenium\\webdriver\\remote\\webelement.py:710: in _execute\n    return self._parent.execute(command, params)\nD:\\python\\lib\\site-packages\\selenium\\webdriver\\remote\\webdriver.py:424: in execute\n    self.error_handler.check_response(response)\n_ _ _ _ _ _ _ _ _ _ _ _ _ _ _ _ _ _ _ _ _ _ _ _ _ _ _ _ _ _ _ _ _ _ _ _ _ _ _ _\n\nself = <selenium.webdriver.remote.errorhandler.ErrorHandler object at 0x0000013C3D399CD0>\nresponse = {'status': 400, 'value': '{\"value\":{\"error\":\"element not interactable\",\"message\":\"element not interactable\\\\n  (Sessio...unk [0x753A6739+25]\\\\n\\\\tRtlGetFullPathName_UEx [0x77058FEF+1215]\\\\n\\\\tRtlGetFullPathName_UEx [0x77058FBD+1165]\\\\n\"}}'}\n\n    def check_response(self, response: Dict[str, Any]) -> None:\n        \"\"\"\n        Checks that a JSON response from the WebDriver does not have an error.\n    \n        :Args:\n         - response - The JSON response from the WebDriver server as a dictionary\n           object.\n    \n        :Raises: If the response contains an error message.\n        \"\"\"\n        status = response.get('status', None)\n        if not status or status == ErrorCode.SUCCESS:\n            return\n        value = None\n        message = response.get(\"message\", \"\")\n        screen: str = response.get(\"screen\", \"\")\n        stacktrace = None\n        if isinstance(status, int):\n            value_json = response.get('value', None)\n            if value_json and isinstance(value_json, str):\n                import json\n                try:\n                    value = json.loads(value_json)\n                    if len(value.keys()) == 1:\n                        value = value['value']\n                    status = value.get('error', None)\n                    if not status:\n                        status = value.get(\"status\", ErrorCode.UNKNOWN_ERROR)\n                        message = value.get(\"value\") or value.get(\"message\")\n                        if not isinstance(message, str):\n                            value = message\n                            message = message.get('message')\n                    else:\n                        message = value.get('message', None)\n                except ValueError:\n                    pass\n    \n        exception_class: Type[WebDriverException]\n        if status in ErrorCode.NO_SUCH_ELEMENT:\n            exception_class = NoSuchElementException\n        elif status in ErrorCode.NO_SUCH_FRAME:\n            exception_class = NoSuchFrameException\n        elif status in ErrorCode.NO_SUCH_SHADOW_ROOT:\n            exception_class = NoSuchShadowRootException\n        elif status in ErrorCode.NO_SUCH_WINDOW:\n            exception_class = NoSuchWindowException\n        elif status in ErrorCode.STALE_ELEMENT_REFERENCE:\n            exception_class = StaleElementReferenceException\n        elif status in ErrorCode.ELEMENT_NOT_VISIBLE:\n            exception_class = ElementNotVisibleException\n        elif status in ErrorCode.INVALID_ELEMENT_STATE:\n            exception_class = InvalidElementStateException\n        elif status in ErrorCode.INVALID_SELECTOR \\\n                or status in ErrorCode.INVALID_XPATH_SELECTOR \\\n                or status in ErrorCode.INVALID_XPATH_SELECTOR_RETURN_TYPER:\n            exception_class = InvalidSelectorException\n        elif status in ErrorCode.ELEMENT_IS_NOT_SELECTABLE:\n            exception_class = ElementNotSelectableException\n        elif status in ErrorCode.ELEMENT_NOT_INTERACTABLE:\n            exception_class = ElementNotInteractableException\n        elif status in ErrorCode.INVALID_COOKIE_DOMAIN:\n            exception_class = InvalidCookieDomainException\n        elif status in ErrorCode.UNABLE_TO_SET_COOKIE:\n            exception_class = UnableToSetCookieException\n        elif status in ErrorCode.TIMEOUT:\n            exception_class = TimeoutException\n        elif status in ErrorCode.SCRIPT_TIMEOUT:\n            exception_class = TimeoutException\n        elif status in ErrorCode.UNKNOWN_ERROR:\n            exception_class = WebDriverException\n        elif status in ErrorCode.UNEXPECTED_ALERT_OPEN:\n            exception_class = UnexpectedAlertPresentException\n        elif status in ErrorCode.NO_ALERT_OPEN:\n            exception_class = NoAlertPresentException\n        elif status in ErrorCode.IME_NOT_AVAILABLE:\n            exception_class = ImeNotAvailableException\n        elif status in ErrorCode.IME_ENGINE_ACTIVATION_FAILED:\n            exception_class = ImeActivationFailedException\n        elif status in ErrorCode.MOVE_TARGET_OUT_OF_BOUNDS:\n            exception_class = MoveTargetOutOfBoundsException\n        elif status in ErrorCode.JAVASCRIPT_ERROR:\n            exception_class = JavascriptException\n        elif status in ErrorCode.SESSION_NOT_CREATED:\n            exception_class = SessionNotCreatedException\n        elif status in ErrorCode.INVALID_ARGUMENT:\n            exception_class = InvalidArgumentException\n        elif status in ErrorCode.NO_SUCH_COOKIE:\n            exception_class = NoSuchCookieException\n        elif status in ErrorCode.UNABLE_TO_CAPTURE_SCREEN:\n            exception_class = ScreenshotException\n        elif status in ErrorCode.ELEMENT_CLICK_INTERCEPTED:\n            exception_class = ElementClickInterceptedException\n        elif status in ErrorCode.INSECURE_CERTIFICATE:\n            exception_class = InsecureCertificateException\n        elif status in ErrorCode.INVALID_COORDINATES:\n            exception_class = InvalidCoordinatesException\n        elif status in ErrorCode.INVALID_SESSION_ID:\n            exception_class = InvalidSessionIdException\n        elif status in ErrorCode.UNKNOWN_METHOD:\n            exception_class = UnknownMethodException\n        else:\n            exception_class = WebDriverException\n        if not value:\n            value = response['value']\n        if isinstance(value, str):\n            raise exception_class(value)\n        if message == \"\" and 'message' in value:\n            message = value['message']\n    \n        screen = None  # type: ignore[assignment]\n        if 'screen' in value:\n            screen = value['screen']\n    \n        stacktrace = None\n        st_value = value.get('stackTrace') or value.get('stacktrace')\n        if st_value:\n            if isinstance(st_value, str):\n                stacktrace = st_value.split('\\n')\n            else:\n                stacktrace = []\n                try:\n                    for frame in st_value:\n                        line = self._value_or_default(frame, 'lineNumber', '')\n                        file = self._value_or_default(frame, 'fileName', '<anonymous>')\n                        if line:\n                            file = \"%s:%s\" % (file, line)\n                        meth = self._value_or_default(frame, 'methodName', '<anonymous>')\n                        if 'className' in frame:\n                            meth = \"%s.%s\" % (frame['className'], meth)\n                        msg = \"    at %s (%s)\"\n                        msg = msg % (meth, file)\n                        stacktrace.append(msg)\n                except TypeError:\n                    pass\n        if exception_class == UnexpectedAlertPresentException:\n            alert_text = None\n            if 'data' in value:\n                alert_text = value['data'].get('text')\n            elif 'alert' in value:\n                alert_text = value['alert'].get('text')\n            raise exception_class(message, screen, stacktrace, alert_text)  # type: ignore[call-arg]  # mypy is not smart enough here\n>       raise exception_class(message, screen, stacktrace)\nE       selenium.common.exceptions.ElementNotInteractableException: Message: element not interactable\nE         (Session info: chrome=101.0.4951.54)\nE       Stacktrace:\nE       Backtrace:\nE       \tOrdinal0 [0x00A27413+2389011]\nE       \tOrdinal0 [0x009B9F61+1941345]\nE       \tOrdinal0 [0x008AC520+836896]\nE       \tOrdinal0 [0x008DA1F3+1024499]\nE       \tOrdinal0 [0x008CFF93+982931]\nE       \tOrdinal0 [0x008F414C+1130828]\nE       \tOrdinal0 [0x008CF974+981364]\nE       \tOrdinal0 [0x008F4364+1131364]\nE       \tOrdinal0 [0x00904302+1196802]\nE       \tOrdinal0 [0x008F3F66+1130342]\nE       \tOrdinal0 [0x008CE546+976198]\nE       \tOrdinal0 [0x008CF456+980054]\nE       \tGetHandleVerifier [0x00BD9632+1727522]\nE       \tGetHandleVerifier [0x00C8BA4D+2457661]\nE       \tGetHandleVerifier [0x00ABEB81+569713]\nE       \tGetHandleVerifier [0x00ABDD76+566118]\nE       \tOrdinal0 [0x009C0B2B+1968939]\nE       \tOrdinal0 [0x009C5988+1989000]\nE       \tOrdinal0 [0x009C5A75+1989237]\nE       \tOrdinal0 [0x009CECB1+2026673]\nE       \tBaseThreadInitThunk [0x753A6739+25]\nE       \tRtlGetFullPathName_UEx [0x77058FEF+1215]\nE       \tRtlGetFullPathName_UEx [0x77058FBD+1165]\n\nD:\\python\\lib\\site-packages\\selenium\\webdriver\\remote\\errorhandler.py:247: ElementNotInteractableException",
    "steps" : [ {
      "name" : "添加失败截图...",
      "time" : {
        "start" : 1652862278380,
        "stop" : 1652862278514,
        "duration" : 134
      },
      "status" : "passed",
      "steps" : [ ],
      "attachments" : [ {
        "uid" : "a820a37959aedb42",
        "name" : "失败截图",
        "source" : "a820a37959aedb42.png",
        "type" : "image/png",
        "size" : 103680
      } ],
      "parameters" : [ ],
      "hasContent" : true,
      "stepsCount" : 0,
      "attachmentsCount" : 1,
      "shouldDisplayMessage" : false
    } ],
    "attachments" : [ {
      "uid" : "b2553bb30b756bf1",
      "name" : "stdout",
      "source" : "b2553bb30b756bf1.txt",
      "type" : "text/plain",
      "size" : 16
    } ],
    "parameters" : [ ],
    "hasContent" : true,
    "stepsCount" : 1,
    "attachmentsCount" : 2,
    "shouldDisplayMessage" : true
  },
  "afterStages" : [ {
    "name" : "_Class__pytest_setup_class::0",
    "time" : {
      "start" : 1652862568814,
      "stop" : 1652862569249,
      "duration" : 435
    },
    "status" : "passed",
    "steps" : [ ],
    "attachments" : [ ],
    "parameters" : [ ],
    "hasContent" : false,
    "stepsCount" : 0,
    "attachmentsCount" : 0,
    "shouldDisplayMessage" : false
  }, {
    "name" : "driver::0",
    "time" : {
      "start" : 1652862569253,
      "stop" : 1652862569253,
      "duration" : 0
    },
    "status" : "passed",
    "steps" : [ ],
    "attachments" : [ ],
    "parameters" : [ ],
    "hasContent" : false,
    "stepsCount" : 0,
    "attachmentsCount" : 0,
    "shouldDisplayMessage" : false
  } ],
  "labels" : [ {
    "name" : "feature",
    "value" : "支付"
  }, {
    "name" : "suite",
    "value" : "test_main"
  }, {
    "name" : "subSuite",
    "value" : "Test_Main"
  }, {
    "name" : "host",
    "value" : "DESKTOP-NB3FDE0"
  }, {
    "name" : "thread",
    "value" : "23480-MainThread"
  }, {
    "name" : "framework",
    "value" : "pytest"
  }, {
    "name" : "language",
    "value" : "cpython3"
  }, {
    "name" : "package",
    "value" : "test_main"
  }, {
    "name" : "resultFormat",
    "value" : "allure2"
  } ],
  "parameters" : [ {
    "name" : "Parameter",
    "value" : "{'case_no': '', 'casename': '使用信用卡支付成功', 'mode': '支付', 'data': '', 'assert_way': 'class name=text-tit-lg.margin-bottom-xs', 'result': 'Payment successful'}"
  } ],
  "links" : [ ],
  "hidden" : false,
  "retry" : false,
  "extra" : {
    "severity" : "normal",
    "retries" : [ ],
    "categories" : [ {
      "name" : "Test defects",
      "matchedStatuses" : [ ],
      "flaky" : false
    } ],
    "history" : {
      "statistic" : {
        "failed" : 0,
        "broken" : 3,
        "skipped" : 0,
        "passed" : 0,
        "unknown" : 0,
        "total" : 3
      },
      "items" : [ {
        "uid" : "ea9cf750d3e766a2",
        "reportUrl" : "http://localhost:8080/job/okmarts_ui_test/63/allure/#testresult/ea9cf750d3e766a2",
        "status" : "broken",
        "statusDetails" : "selenium.common.exceptions.NoSuchElementException: Message: no such element: Unable to locate element: {\"method\":\"css selector\",\"selector\":\"[id=\"email\"]\"}\n  (Session info: chrome=101.0.4951.54)\nStacktrace:\nBacktrace:\n\tOrdinal0 [0x00A27413+2389011]\n\tOrdinal0 [0x009B9F61+1941345]\n\tOrdinal0 [0x008AC658+837208]\n\tOrdinal0 [0x008D91DD+1020381]\n\tOrdinal0 [0x008D949B+1021083]\n\tOrdinal0 [0x00906032+1204274]\n\tOrdinal0 [0x008F4194+1130900]\n\tOrdinal0 [0x00904302+1196802]\n\tOrdinal0 [0x008F3F66+1130342]\n\tOrdinal0 [0x008CE546+976198]\n\tOrdinal0 [0x008CF456+980054]\n\tGetHandleVerifier [0x00BD9632+1727522]\n\tGetHandleVerifier [0x00C8BA4D+2457661]\n\tGetHandleVerifier [0x00ABEB81+569713]\n\tGetHandleVerifier [0x00ABDD76+566118]\n\tOrdinal0 [0x009C0B2B+1968939]\n\tOrdinal0 [0x009C5988+1989000]\n\tOrdinal0 [0x009C5A75+1989237]\n\tOrdinal0 [0x009CECB1+2026673]\n\tBaseThreadInitThunk [0x753A6739+25]\n\tRtlGetFullPathName_UEx [0x77058FEF+1215]\n\tRtlGetFullPathName_UEx [0x77058FBD+1165]",
        "time" : {
          "start" : 1652839185632,
          "stop" : 1652839210225,
          "duration" : 24593
        }
      }, {
        "uid" : "1f5b8c627c8c5b8c",
        "reportUrl" : "http://localhost:8080/job/okmarts_ui_test/62/allure/#testresult/1f5b8c627c8c5b8c",
        "status" : "broken",
        "statusDetails" : "selenium.common.exceptions.NoSuchElementException: Message: no such element: Unable to locate element: {\"method\":\"css selector\",\"selector\":\"[id=\"email\"]\"}\n  (Session info: chrome=101.0.4951.54)\nStacktrace:\nBacktrace:\n\tOrdinal0 [0x00DE7413+2389011]\n\tOrdinal0 [0x00D79F61+1941345]\n\tOrdinal0 [0x00C6C658+837208]\n\tOrdinal0 [0x00C991DD+1020381]\n\tOrdinal0 [0x00C9949B+1021083]\n\tOrdinal0 [0x00CC6032+1204274]\n\tOrdinal0 [0x00CB4194+1130900]\n\tOrdinal0 [0x00CC4302+1196802]\n\tOrdinal0 [0x00CB3F66+1130342]\n\tOrdinal0 [0x00C8E546+976198]\n\tOrdinal0 [0x00C8F456+980054]\n\tGetHandleVerifier [0x00F99632+1727522]\n\tGetHandleVerifier [0x0104BA4D+2457661]\n\tGetHandleVerifier [0x00E7EB81+569713]\n\tGetHandleVerifier [0x00E7DD76+566118]\n\tOrdinal0 [0x00D80B2B+1968939]\n\tOrdinal0 [0x00D85988+1989000]\n\tOrdinal0 [0x00D85A75+1989237]\n\tOrdinal0 [0x00D8ECB1+2026673]\n\tBaseThreadInitThunk [0x76486739+25]\n\tRtlGetFullPathName_UEx [0x77928FEF+1215]\n\tRtlGetFullPathName_UEx [0x77928FBD+1165]",
        "time" : {
          "start" : 1652762393046,
          "stop" : 1652762418110,
          "duration" : 25064
        }
      } ]
    },
    "tags" : [ ]
  },
  "source" : "d6c47cedc9fe026c.json",
  "parameterValues" : [ "{'case_no': '', 'casename': '使用信用卡支付成功', 'mode': '支付', 'data': '', 'assert_way': 'class name=text-tit-lg.margin-bottom-xs', 'result': 'Payment successful'}" ]
}