{
  "uid" : "d7c218c7153ee459",
  "name" : "密码为空注册失败",
  "fullName" : "test_main.Test_Main#test_regist",
  "historyId" : "97ca9bfa96e7ac87aa77e457e21acee4",
  "time" : {
    "start" : 1650520012031,
    "stop" : 1650520040540,
    "duration" : 28509
  },
  "status" : "broken",
  "statusMessage" : "IndexError: string index out of range",
  "statusTrace" : "self = <test_main.Test_Main object at 0x000001C669379CA0>\nParameter = {'assert_way': 'xpath=/html/body/div[3]/div/div/div/div[2]/div/div/div', 'case_no': '15', 'casename': '密码为空注册失败', 'data': 'useraccount=a883774917@163.com\\npassword=', ...}\ndriver = <selenium.webdriver.chrome.webdriver.WebDriver (session=\"7919d4ddc9f352fb78ac4e0214aa5e99\")>\n\n    @allure.feature('注册')\n    @pytest.mark.parametrize('Parameter',case_infos['registe'],ids=casename_infos['registe'])\n    def test_regist(self,Parameter,driver):\n        allure.dynamic.title(Parameter['casename'])  # 测试用例名称\n>       Regist().regist(Parameter,driver)\n\ntest_main.py:39: \n_ _ _ _ _ _ _ _ _ _ _ _ _ _ _ _ _ _ _ _ _ _ _ _ _ _ _ _ _ _ _ _ _ _ _ _ _ _ _ _\n..\\mode\\register.py:107: in regist\n    self.regist_mode1(useraccount, driver, data)\n..\\mode\\register.py:132: in regist_mode1\n    self.input_code(driver, code)\n_ _ _ _ _ _ _ _ _ _ _ _ _ _ _ _ _ _ _ _ _ _ _ _ _ _ _ _ _ _ _ _ _ _ _ _ _ _ _ _\n\nself = <okmarts_ui_test.mode.register.Regist object at 0x000001C6692612B0>\ndriver = <selenium.webdriver.chrome.webdriver.WebDriver (session=\"7919d4ddc9f352fb78ac4e0214aa5e99\")>\ncode = ['5870', '10']\n\n    def input_code(self, driver, code):\n        driver.find_element(by='css selector', value='div[class=\"input-content\"]>input[data-index=\"0\"]').send_keys(\n            code[0][0])  # 验证码第1个\n        driver.find_element(by='css selector', value='div[class=\"input-content\"]>input[data-index=\"1\"]').send_keys(\n            code[0][1])  # 验证码第2个\n        driver.find_element(by='css selector', value='div[class=\"input-content\"]>input[data-index=\"2\"]').send_keys(\n            code[0][2])  # 验证码第3个\n        driver.find_element(by='css selector', value='div[class=\"input-content\"]>input[data-index=\"3\"]').send_keys(\n            code[0][3])  # 验证码第4个\n        driver.find_element(by='css selector', value='div[class=\"input-content\"]>input[data-index=\"4\"]').send_keys(\n>           code[0][4])  # 验证码第5个\nE       IndexError: string index out of range\n\n..\\mode\\register.py:123: IndexError",
  "flaky" : false,
  "newFailed" : false,
  "newBroken" : false,
  "newPassed" : false,
  "retriesCount" : 0,
  "retriesStatusChange" : false,
  "beforeStages" : [ {
    "name" : "driver",
    "time" : {
      "start" : 1650519838348,
      "stop" : 1650519840342,
      "duration" : 1994
    },
    "status" : "passed",
    "steps" : [ ],
    "attachments" : [ ],
    "parameters" : [ ],
    "hasContent" : false,
    "stepsCount" : 0,
    "attachmentsCount" : 0,
    "shouldDisplayMessage" : false
  }, {
    "name" : "_Class__pytest_setup_class",
    "time" : {
      "start" : 1650519840343,
      "stop" : 1650519840343,
      "duration" : 0
    },
    "status" : "passed",
    "steps" : [ ],
    "attachments" : [ ],
    "parameters" : [ ],
    "hasContent" : false,
    "stepsCount" : 0,
    "attachmentsCount" : 0,
    "shouldDisplayMessage" : false
  } ],
  "testStage" : {
    "status" : "broken",
    "statusMessage" : "IndexError: string index out of range",
    "statusTrace" : "self = <test_main.Test_Main object at 0x000001C669379CA0>\nParameter = {'assert_way': 'xpath=/html/body/div[3]/div/div/div/div[2]/div/div/div', 'case_no': '15', 'casename': '密码为空注册失败', 'data': 'useraccount=a883774917@163.com\\npassword=', ...}\ndriver = <selenium.webdriver.chrome.webdriver.WebDriver (session=\"7919d4ddc9f352fb78ac4e0214aa5e99\")>\n\n    @allure.feature('注册')\n    @pytest.mark.parametrize('Parameter',case_infos['registe'],ids=casename_infos['registe'])\n    def test_regist(self,Parameter,driver):\n        allure.dynamic.title(Parameter['casename'])  # 测试用例名称\n>       Regist().regist(Parameter,driver)\n\ntest_main.py:39: \n_ _ _ _ _ _ _ _ _ _ _ _ _ _ _ _ _ _ _ _ _ _ _ _ _ _ _ _ _ _ _ _ _ _ _ _ _ _ _ _\n..\\mode\\register.py:107: in regist\n    self.regist_mode1(useraccount, driver, data)\n..\\mode\\register.py:132: in regist_mode1\n    self.input_code(driver, code)\n_ _ _ _ _ _ _ _ _ _ _ _ _ _ _ _ _ _ _ _ _ _ _ _ _ _ _ _ _ _ _ _ _ _ _ _ _ _ _ _\n\nself = <okmarts_ui_test.mode.register.Regist object at 0x000001C6692612B0>\ndriver = <selenium.webdriver.chrome.webdriver.WebDriver (session=\"7919d4ddc9f352fb78ac4e0214aa5e99\")>\ncode = ['5870', '10']\n\n    def input_code(self, driver, code):\n        driver.find_element(by='css selector', value='div[class=\"input-content\"]>input[data-index=\"0\"]').send_keys(\n            code[0][0])  # 验证码第1个\n        driver.find_element(by='css selector', value='div[class=\"input-content\"]>input[data-index=\"1\"]').send_keys(\n            code[0][1])  # 验证码第2个\n        driver.find_element(by='css selector', value='div[class=\"input-content\"]>input[data-index=\"2\"]').send_keys(\n            code[0][2])  # 验证码第3个\n        driver.find_element(by='css selector', value='div[class=\"input-content\"]>input[data-index=\"3\"]').send_keys(\n            code[0][3])  # 验证码第4个\n        driver.find_element(by='css selector', value='div[class=\"input-content\"]>input[data-index=\"4\"]').send_keys(\n>           code[0][4])  # 验证码第5个\nE       IndexError: string index out of range\n\n..\\mode\\register.py:123: IndexError",
    "steps" : [ {
      "name" : "添加失败截图...",
      "time" : {
        "start" : 1650520040556,
        "stop" : 1650520040690,
        "duration" : 134
      },
      "status" : "passed",
      "steps" : [ ],
      "attachments" : [ {
        "uid" : "e69518d3f721d70d",
        "name" : "失败截图",
        "source" : "e69518d3f721d70d.png",
        "type" : "image/png",
        "size" : 48595
      } ],
      "parameters" : [ ],
      "hasContent" : true,
      "stepsCount" : 0,
      "attachmentsCount" : 1,
      "shouldDisplayMessage" : false
    } ],
    "attachments" : [ {
      "uid" : "60c72e1bf78803bf",
      "name" : "stdout",
      "source" : "60c72e1bf78803bf.txt",
      "type" : "text/plain",
      "size" : 24
    } ],
    "parameters" : [ ],
    "hasContent" : true,
    "stepsCount" : 1,
    "attachmentsCount" : 2,
    "shouldDisplayMessage" : true
  },
  "afterStages" : [ {
    "name" : "_Class__pytest_setup_class::0",
    "time" : {
      "start" : 1650520752838,
      "stop" : 1650520752838,
      "duration" : 0
    },
    "status" : "passed",
    "steps" : [ ],
    "attachments" : [ ],
    "parameters" : [ ],
    "hasContent" : false,
    "stepsCount" : 0,
    "attachmentsCount" : 0,
    "shouldDisplayMessage" : false
  }, {
    "name" : "driver::0",
    "time" : {
      "start" : 1650520752840,
      "stop" : 1650520753060,
      "duration" : 220
    },
    "status" : "passed",
    "steps" : [ ],
    "attachments" : [ ],
    "parameters" : [ ],
    "hasContent" : false,
    "stepsCount" : 0,
    "attachmentsCount" : 0,
    "shouldDisplayMessage" : false
  } ],
  "labels" : [ {
    "name" : "feature",
    "value" : "注册"
  }, {
    "name" : "suite",
    "value" : "test_main"
  }, {
    "name" : "subSuite",
    "value" : "Test_Main"
  }, {
    "name" : "host",
    "value" : "DESKTOP-NB3FDE0"
  }, {
    "name" : "thread",
    "value" : "17060-MainThread"
  }, {
    "name" : "framework",
    "value" : "pytest"
  }, {
    "name" : "language",
    "value" : "cpython3"
  }, {
    "name" : "package",
    "value" : "test_main"
  }, {
    "name" : "resultFormat",
    "value" : "allure2"
  } ],
  "parameters" : [ {
    "name" : "Parameter",
    "value" : "{'case_no': '15', 'casename': '密码为空注册失败', 'mode': '注册', 'data': 'useraccount=a883774917@163.com\\npassword=', 'assert_way': 'xpath=/html/body/div[3]/div/div/div/div[2]/div/div/div', 'result': 'Please set the password to a combination of 6 to 16 digits and letters'}"
  } ],
  "links" : [ ],
  "hidden" : false,
  "retry" : false,
  "extra" : {
    "severity" : "normal",
    "retries" : [ ],
    "categories" : [ {
      "name" : "Test defects",
      "matchedStatuses" : [ ],
      "flaky" : false
    } ],
    "history" : {
      "statistic" : {
        "failed" : 0,
        "broken" : 5,
        "skipped" : 0,
        "passed" : 5,
        "unknown" : 0,
        "total" : 10
      },
      "items" : [ {
        "uid" : "c2811fb933633652",
        "reportUrl" : "http://localhost:8080/job/okmarts_ui_test/23/allure/#testresult/c2811fb933633652",
        "status" : "broken",
        "statusDetails" : "selenium.common.exceptions.NoSuchElementException: Message: no such element: Unable to locate element: {\"method\":\"css selector\",\"selector\":\"[id=\"_mail_component_147_147\"]\"}\n  (Session info: MicrosoftEdge=100.0.1185.44)\nStacktrace:\nBacktrace:\n\tMicrosoft::Applications::Events::EventProperties::unpack [0x00007FF724221922+25346]\n\tMicrosoft::Applications::Events::time_ticks_t::time_ticks_t [0x00007FF72415E982+515794]\n\tOrdinal0 [0x00007FF723C70BC5+658373]\n\tOrdinal0 [0x00007FF723CAB992+899474]\n\tOrdinal0 [0x00007FF723CABC68+900200]\n\tOrdinal0 [0x00007FF723CDD937+1104183]\n\tOrdinal0 [0x00007FF723CC6C7F+1010815]\n\tOrdinal0 [0x00007FF723CDB034+1093684]\n\tOrdinal0 [0x00007FF723CC6A53+1010259]\n\tOrdinal0 [0x00007FF723C9DB47+842567]\n\tOrdinal0 [0x00007FF723C9F018+847896]\n\tMicrosoft::Applications::Events::EventProperty::to_string [0x00007FF723E2F1C8+827304]\n\tMicrosoft::Applications::Events::EventProperty::EventProperty [0x00007FF723F19389+34681]\n\tMicrosoft::Applications::Events::EventProperty::EventProperty [0x00007FF723F1C562+47442]\n\tMicrosoft::Applications::Events::EventProperty::to_string [0x00007FF723D6C6D6+29878]\n\tMicrosoft::Applications::Events::time_ticks_t::time_ticks_t [0x00007FF724165971+544449]\n\tMicrosoft::Applications::Events::time_ticks_t::time_ticks_t [0x00007FF72416A974+564932]\n\tMicrosoft::Applications::Events::time_ticks_t::time_ticks_t [0x00007FF72416AACD+565277]\n\tMicrosoft::Applications::Events::time_ticks_t::time_ticks_t [0x00007FF7241748BE+605710]\n\tBaseThreadInitThunk [0x00007FFB3F2854E0+16]\n\tRtlUserThreadStart [0x00007FFB4090485B+43]",
        "time" : {
          "start" : 1650519091538,
          "stop" : 1650519114938,
          "duration" : 23400
        }
      }, {
        "uid" : "32c7cbeb90572d1c",
        "reportUrl" : "http://localhost:8080/job/okmarts_ui_test/22/allure/#testresult/32c7cbeb90572d1c",
        "status" : "passed",
        "time" : {
          "start" : 1650517659952,
          "stop" : 1650517701758,
          "duration" : 41806
        }
      }, {
        "uid" : "e65c7c237bdbe991",
        "reportUrl" : "http://localhost:8080/job/okmarts_ui_test/21/allure/#testresult/e65c7c237bdbe991",
        "status" : "broken",
        "statusDetails" : "selenium.common.exceptions.NoSuchElementException: Message: no such element: Unable to locate element: {\"method\":\"css selector\",\"selector\":\"[id=\"_mail_component_147_147\"]\"}\n  (Session info: MicrosoftEdge=100.0.1185.44)\nStacktrace:\nBacktrace:\n\tMicrosoft::Applications::Events::EventProperties::unpack [0x00007FF724221922+25346]\n\tMicrosoft::Applications::Events::time_ticks_t::time_ticks_t [0x00007FF72415E982+515794]\n\tOrdinal0 [0x00007FF723C70BC5+658373]\n\tOrdinal0 [0x00007FF723CAB992+899474]\n\tOrdinal0 [0x00007FF723CABC68+900200]\n\tOrdinal0 [0x00007FF723CDD937+1104183]\n\tOrdinal0 [0x00007FF723CC6C7F+1010815]\n\tOrdinal0 [0x00007FF723CDB034+1093684]\n\tOrdinal0 [0x00007FF723CC6A53+1010259]\n\tOrdinal0 [0x00007FF723C9DB47+842567]\n\tOrdinal0 [0x00007FF723C9F018+847896]\n\tMicrosoft::Applications::Events::EventProperty::to_string [0x00007FF723E2F1C8+827304]\n\tMicrosoft::Applications::Events::EventProperty::EventProperty [0x00007FF723F19389+34681]\n\tMicrosoft::Applications::Events::EventProperty::EventProperty [0x00007FF723F1C562+47442]\n\tMicrosoft::Applications::Events::EventProperty::to_string [0x00007FF723D6C6D6+29878]\n\tMicrosoft::Applications::Events::time_ticks_t::time_ticks_t [0x00007FF724165971+544449]\n\tMicrosoft::Applications::Events::time_ticks_t::time_ticks_t [0x00007FF72416A974+564932]\n\tMicrosoft::Applications::Events::time_ticks_t::time_ticks_t [0x00007FF72416AACD+565277]\n\tMicrosoft::Applications::Events::time_ticks_t::time_ticks_t [0x00007FF7241748BE+605710]\n\tBaseThreadInitThunk [0x00007FFB3F2854E0+16]\n\tRtlUserThreadStart [0x00007FFB4090485B+43]",
        "time" : {
          "start" : 1650511132552,
          "stop" : 1650511156674,
          "duration" : 24122
        }
      }, {
        "uid" : "b4c92af751bee5f7",
        "reportUrl" : "http://localhost:8080/job/okmarts_ui_test/20/allure/#testresult/b4c92af751bee5f7",
        "status" : "broken",
        "statusDetails" : "selenium.common.exceptions.NoSuchElementException: Message: no such element: Unable to locate element: {\"method\":\"xpath\",\"selector\":\"//*[@id=\"app\"]/div/div/div[2]/form/div[2]/div/div/span/div/div[2]/div/div/i\"}\n  (Session info: chrome=100.0.4896.127)\nStacktrace:\nBacktrace:\n\tOrdinal0 [0x01117413+2389011]\n\tOrdinal0 [0x010A9F61+1941345]\n\tOrdinal0 [0x00F9C658+837208]\n\tOrdinal0 [0x00FC91DD+1020381]\n\tOrdinal0 [0x00FC949B+1021083]\n\tOrdinal0 [0x00FF6032+1204274]\n\tOrdinal0 [0x00FE4194+1130900]\n\tOrdinal0 [0x00FF4302+1196802]\n\tOrdinal0 [0x00FE3F66+1130342]\n\tOrdinal0 [0x00FBE546+976198]\n\tOrdinal0 [0x00FBF456+980054]\n\tGetHandleVerifier [0x012C9632+1727522]\n\tGetHandleVerifier [0x0137BA4D+2457661]\n\tGetHandleVerifier [0x011AEB81+569713]\n\tGetHandleVerifier [0x011ADD76+566118]\n\tOrdinal0 [0x010B0B2B+1968939]\n\tOrdinal0 [0x010B5988+1989000]\n\tOrdinal0 [0x010B5A75+1989237]\n\tOrdinal0 [0x010BECB1+2026673]\n\tBaseThreadInitThunk [0x75906739+25]\n\tRtlGetFullPathName_UEx [0x77408E7F+1215]\n\tRtlGetFullPathName_UEx [0x77408E4D+1165]",
        "time" : {
          "start" : 1650506852178,
          "stop" : 1650506880262,
          "duration" : 28084
        }
      }, {
        "uid" : "4cc16ca864b0ab7",
        "reportUrl" : "http://localhost:8080/job/okmarts_ui_test/19/allure/#testresult/4cc16ca864b0ab7",
        "status" : "passed",
        "time" : {
          "start" : 1650506427998,
          "stop" : 1650506463531,
          "duration" : 35533
        }
      }, {
        "uid" : "560ff240e992b739",
        "reportUrl" : "http://localhost:8080/job/okmarts_ui_test/18/allure/#testresult/560ff240e992b739",
        "status" : "passed",
        "time" : {
          "start" : 1650449393881,
          "stop" : 1650449436309,
          "duration" : 42428
        }
      }, {
        "uid" : "f22c0ff93a80133c",
        "reportUrl" : "http://localhost:8080/job/okmarts_ui_test/17/allure/#testresult/f22c0ff93a80133c",
        "status" : "passed",
        "time" : {
          "start" : 1650448904389,
          "stop" : 1650448945972,
          "duration" : 41583
        }
      }, {
        "uid" : "4fbf7ae0371f1a5e",
        "reportUrl" : "http://localhost:8080/job/okmarts_ui_test/16/allure/#testresult/4fbf7ae0371f1a5e",
        "status" : "broken",
        "statusDetails" : "selenium.common.exceptions.NoSuchElementException: Message: no such element: Unable to locate element: {\"method\":\"css selector\",\"selector\":\"[id=\"_mail_component_147_147\"]\"}\n  (Session info: MicrosoftEdge=100.0.1185.44)\nStacktrace:\nBacktrace:\n\tMicrosoft::Applications::Events::EventProperties::unpack [0x00007FF7F5AD1922+25346]\n\tMicrosoft::Applications::Events::time_ticks_t::time_ticks_t [0x00007FF7F5A0E982+515794]\n\tOrdinal0 [0x00007FF7F5520BC5+658373]\n\tOrdinal0 [0x00007FF7F555B992+899474]\n\tOrdinal0 [0x00007FF7F555BC68+900200]\n\tOrdinal0 [0x00007FF7F558D937+1104183]\n\tOrdinal0 [0x00007FF7F5576C7F+1010815]\n\tOrdinal0 [0x00007FF7F558B034+1093684]\n\tOrdinal0 [0x00007FF7F5576A53+1010259]\n\tOrdinal0 [0x00007FF7F554DB47+842567]\n\tOrdinal0 [0x00007FF7F554F018+847896]\n\tMicrosoft::Applications::Events::EventProperty::to_string [0x00007FF7F56DF1C8+827304]\n\tMicrosoft::Applications::Events::EventProperty::EventProperty [0x00007FF7F57C9389+34681]\n\tMicrosoft::Applications::Events::EventProperty::EventProperty [0x00007FF7F57CC562+47442]\n\tMicrosoft::Applications::Events::EventProperty::to_string [0x00007FF7F561C6D6+29878]\n\tMicrosoft::Applications::Events::time_ticks_t::time_ticks_t [0x00007FF7F5A15971+544449]\n\tMicrosoft::Applications::Events::time_ticks_t::time_ticks_t [0x00007FF7F5A1A974+564932]\n\tMicrosoft::Applications::Events::time_ticks_t::time_ticks_t [0x00007FF7F5A1AACD+565277]\n\tMicrosoft::Applications::Events::time_ticks_t::time_ticks_t [0x00007FF7F5A248BE+605710]\n\tBaseThreadInitThunk [0x00007FF86A5054E0+16]\n\tRtlUserThreadStart [0x00007FF86BFC485B+43]",
        "time" : {
          "start" : 1650448684625,
          "stop" : 1650448705936,
          "duration" : 21311
        }
      }, {
        "uid" : "c7fbdfa562f01244",
        "reportUrl" : "http://localhost:8080/job/okmarts_ui_test/15/allure/#testresult/c7fbdfa562f01244",
        "status" : "passed",
        "time" : {
          "start" : 1650447857402,
          "stop" : 1650447890880,
          "duration" : 33478
        }
      } ]
    },
    "tags" : [ ]
  },
  "source" : "d7c218c7153ee459.json",
  "parameterValues" : [ "{'case_no': '15', 'casename': '密码为空注册失败', 'mode': '注册', 'data': 'useraccount=a883774917@163.com\\npassword=', 'assert_way': 'xpath=/html/body/div[3]/div/div/div/div[2]/div/div/div', 'result': 'Please set the password to a combination of 6 to 16 digits and letters'}" ]
}