{
  "uid" : "dba3d0458955300",
  "name" : "使用过期验证码验证失败",
  "fullName" : "test_main.Test_Main#test_regist",
  "historyId" : "bd466ecba8567bea303211a5e7e4c51e",
  "time" : {
    "start" : 1651737531698,
    "stop" : 1651737539005,
    "duration" : 7307
  },
  "status" : "broken",
  "statusMessage" : "selenium.common.exceptions.SessionNotCreatedException: Message: session not created: This version of MSEdgeDriver only supports MSEdge version 99\nCurrent browser version is 101.0.1210.32 with binary path C:\\Program Files (x86)\\Microsoft\\Edge\\Application\\msedge.exe\nStacktrace:\nBacktrace:\n\tMicrosoft::Applications::Events::EventProperties::unpack [0x00007FF68FE51922+25346]\n\tMicrosoft::Applications::Events::time_ticks_t::time_ticks_t [0x00007FF68FD8E982+515794]\n\tOrdinal0 [0x00007FF68F8A0BC5+658373]\n\tOrdinal0 [0x00007FF68F8CB5E0+832992]\n\tOrdinal0 [0x00007FF68F8C6B7E+813950]\n\tOrdinal0 [0x00007FF68F8C24EE+795886]\n\tOrdinal0 [0x00007FF68F8FC366+1033062]\n\tOrdinal0 [0x00007FF68F8F6A53+1010259]\n\tOrdinal0 [0x00007FF68F8CDB47+842567]\n\tOrdinal0 [0x00007FF68F8CF018+847896]\n\tMicrosoft::Applications::Events::EventProperty::to_string [0x00007FF68FA5F1C8+827304]\n\tMicrosoft::Applications::Events::EventProperty::EventProperty [0x00007FF68FB49389+34681]\n\tMicrosoft::Applications::Events::EventProperty::EventProperty [0x00007FF68FB4C562+47442]\n\tMicrosoft::Applications::Events::EventProperty::to_string [0x00007FF68F99C6D6+29878]\n\tMicrosoft::Applications::Events::time_ticks_t::time_ticks_t [0x00007FF68FD95971+544449]\n\tMicrosoft::Applications::Events::time_ticks_t::time_ticks_t [0x00007FF68FD9A974+564932]\n\tMicrosoft::Applications::Events::time_ticks_t::time_ticks_t [0x00007FF68FD9AACD+565277]\n\tMicrosoft::Applications::Events::time_ticks_t::time_ticks_t [0x00007FF68FDA48BE+605710]\n\tBaseThreadInitThunk [0x00007FFB3F2854E0+16]\n\tRtlUserThreadStart [0x00007FFB4090485B+43]",
  "statusTrace" : "self = <test_main.Test_Main object at 0x0000019A425C3520>\nParameter = {'assert_way': 'xpath=/html/body/div[3]/span/div/div/div/span', 'case_no': '12', 'casename': '使用过期验证码验证失败', 'data': 'useraccount=a883774917@163.com', ...}\ndriver = <selenium.webdriver.chrome.webdriver.WebDriver (session=\"393be1dc5d8969509f153a9f15ae2e9e\")>\n\n    @allure.feature('注册')\n    @pytest.mark.parametrize('Parameter', case_infos['registe'], ids=casename_infos['registe'])\n    def test_regist(self, Parameter, driver):\n        allure.dynamic.title(Parameter['casename'])  # 测试用例名称\n>       Regist().regist(Parameter, driver)\n\ntest_main.py:39: \n_ _ _ _ _ _ _ _ _ _ _ _ _ _ _ _ _ _ _ _ _ _ _ _ _ _ _ _ _ _ _ _ _ _ _ _ _ _ _ _\n..\\mode\\register.py:60: in regist\n    code = Get_Code().wangyi(username=useraccount, password='Qwe3541118', name='hydraulic', no=2)  # 获取验证码\n..\\mode\\get_code.py:57: in __init__\n    self.dr = webdriver.Edge()  # 打开另一个浏览器\nD:\\python\\lib\\site-packages\\selenium\\webdriver\\edge\\webdriver.py:62: in __init__\n    super(WebDriver, self).__init__(DesiredCapabilities.EDGE['browserName'], \"ms\",\nD:\\python\\lib\\site-packages\\selenium\\webdriver\\chromium\\webdriver.py:93: in __init__\n    RemoteWebDriver.__init__(\nD:\\python\\lib\\site-packages\\selenium\\webdriver\\remote\\webdriver.py:268: in __init__\n    self.start_session(capabilities, browser_profile)\nD:\\python\\lib\\site-packages\\selenium\\webdriver\\remote\\webdriver.py:359: in start_session\n    response = self.execute(Command.NEW_SESSION, parameters)\nD:\\python\\lib\\site-packages\\selenium\\webdriver\\remote\\webdriver.py:424: in execute\n    self.error_handler.check_response(response)\n_ _ _ _ _ _ _ _ _ _ _ _ _ _ _ _ _ _ _ _ _ _ _ _ _ _ _ _ _ _ _ _ _ _ _ _ _ _ _ _\n\nself = <selenium.webdriver.remote.errorhandler.ErrorHandler object at 0x0000019A425B7C70>\nresponse = {'status': 500, 'value': '{\"value\":{\"error\":\"session not created\",\"message\":\"session not created: This version of MSEd...DA48BE+605710]\\\\n\\\\tBaseThreadInitThunk [0x00007FFB3F2854E0+16]\\\\n\\\\tRtlUserThreadStart [0x00007FFB4090485B+43]\\\\n\"}}'}\n\n    def check_response(self, response: Dict[str, Any]) -> None:\n        \"\"\"\n        Checks that a JSON response from the WebDriver does not have an error.\n    \n        :Args:\n         - response - The JSON response from the WebDriver server as a dictionary\n           object.\n    \n        :Raises: If the response contains an error message.\n        \"\"\"\n        status = response.get('status', None)\n        if not status or status == ErrorCode.SUCCESS:\n            return\n        value = None\n        message = response.get(\"message\", \"\")\n        screen: str = response.get(\"screen\", \"\")\n        stacktrace = None\n        if isinstance(status, int):\n            value_json = response.get('value', None)\n            if value_json and isinstance(value_json, str):\n                import json\n                try:\n                    value = json.loads(value_json)\n                    if len(value.keys()) == 1:\n                        value = value['value']\n                    status = value.get('error', None)\n                    if not status:\n                        status = value.get(\"status\", ErrorCode.UNKNOWN_ERROR)\n                        message = value.get(\"value\") or value.get(\"message\")\n                        if not isinstance(message, str):\n                            value = message\n                            message = message.get('message')\n                    else:\n                        message = value.get('message', None)\n                except ValueError:\n                    pass\n    \n        exception_class: Type[WebDriverException]\n        if status in ErrorCode.NO_SUCH_ELEMENT:\n            exception_class = NoSuchElementException\n        elif status in ErrorCode.NO_SUCH_FRAME:\n            exception_class = NoSuchFrameException\n        elif status in ErrorCode.NO_SUCH_SHADOW_ROOT:\n            exception_class = NoSuchShadowRootException\n        elif status in ErrorCode.NO_SUCH_WINDOW:\n            exception_class = NoSuchWindowException\n        elif status in ErrorCode.STALE_ELEMENT_REFERENCE:\n            exception_class = StaleElementReferenceException\n        elif status in ErrorCode.ELEMENT_NOT_VISIBLE:\n            exception_class = ElementNotVisibleException\n        elif status in ErrorCode.INVALID_ELEMENT_STATE:\n            exception_class = InvalidElementStateException\n        elif status in ErrorCode.INVALID_SELECTOR \\\n                or status in ErrorCode.INVALID_XPATH_SELECTOR \\\n                or status in ErrorCode.INVALID_XPATH_SELECTOR_RETURN_TYPER:\n            exception_class = InvalidSelectorException\n        elif status in ErrorCode.ELEMENT_IS_NOT_SELECTABLE:\n            exception_class = ElementNotSelectableException\n        elif status in ErrorCode.ELEMENT_NOT_INTERACTABLE:\n            exception_class = ElementNotInteractableException\n        elif status in ErrorCode.INVALID_COOKIE_DOMAIN:\n            exception_class = InvalidCookieDomainException\n        elif status in ErrorCode.UNABLE_TO_SET_COOKIE:\n            exception_class = UnableToSetCookieException\n        elif status in ErrorCode.TIMEOUT:\n            exception_class = TimeoutException\n        elif status in ErrorCode.SCRIPT_TIMEOUT:\n            exception_class = TimeoutException\n        elif status in ErrorCode.UNKNOWN_ERROR:\n            exception_class = WebDriverException\n        elif status in ErrorCode.UNEXPECTED_ALERT_OPEN:\n            exception_class = UnexpectedAlertPresentException\n        elif status in ErrorCode.NO_ALERT_OPEN:\n            exception_class = NoAlertPresentException\n        elif status in ErrorCode.IME_NOT_AVAILABLE:\n            exception_class = ImeNotAvailableException\n        elif status in ErrorCode.IME_ENGINE_ACTIVATION_FAILED:\n            exception_class = ImeActivationFailedException\n        elif status in ErrorCode.MOVE_TARGET_OUT_OF_BOUNDS:\n            exception_class = MoveTargetOutOfBoundsException\n        elif status in ErrorCode.JAVASCRIPT_ERROR:\n            exception_class = JavascriptException\n        elif status in ErrorCode.SESSION_NOT_CREATED:\n            exception_class = SessionNotCreatedException\n        elif status in ErrorCode.INVALID_ARGUMENT:\n            exception_class = InvalidArgumentException\n        elif status in ErrorCode.NO_SUCH_COOKIE:\n            exception_class = NoSuchCookieException\n        elif status in ErrorCode.UNABLE_TO_CAPTURE_SCREEN:\n            exception_class = ScreenshotException\n        elif status in ErrorCode.ELEMENT_CLICK_INTERCEPTED:\n            exception_class = ElementClickInterceptedException\n        elif status in ErrorCode.INSECURE_CERTIFICATE:\n            exception_class = InsecureCertificateException\n        elif status in ErrorCode.INVALID_COORDINATES:\n            exception_class = InvalidCoordinatesException\n        elif status in ErrorCode.INVALID_SESSION_ID:\n            exception_class = InvalidSessionIdException\n        elif status in ErrorCode.UNKNOWN_METHOD:\n            exception_class = UnknownMethodException\n        else:\n            exception_class = WebDriverException\n        if not value:\n            value = response['value']\n        if isinstance(value, str):\n            raise exception_class(value)\n        if message == \"\" and 'message' in value:\n            message = value['message']\n    \n        screen = None  # type: ignore[assignment]\n        if 'screen' in value:\n            screen = value['screen']\n    \n        stacktrace = None\n        st_value = value.get('stackTrace') or value.get('stacktrace')\n        if st_value:\n            if isinstance(st_value, str):\n                stacktrace = st_value.split('\\n')\n            else:\n                stacktrace = []\n                try:\n                    for frame in st_value:\n                        line = self._value_or_default(frame, 'lineNumber', '')\n                        file = self._value_or_default(frame, 'fileName', '<anonymous>')\n                        if line:\n                            file = \"%s:%s\" % (file, line)\n                        meth = self._value_or_default(frame, 'methodName', '<anonymous>')\n                        if 'className' in frame:\n                            meth = \"%s.%s\" % (frame['className'], meth)\n                        msg = \"    at %s (%s)\"\n                        msg = msg % (meth, file)\n                        stacktrace.append(msg)\n                except TypeError:\n                    pass\n        if exception_class == UnexpectedAlertPresentException:\n            alert_text = None\n            if 'data' in value:\n                alert_text = value['data'].get('text')\n            elif 'alert' in value:\n                alert_text = value['alert'].get('text')\n            raise exception_class(message, screen, stacktrace, alert_text)  # type: ignore[call-arg]  # mypy is not smart enough here\n>       raise exception_class(message, screen, stacktrace)\nE       selenium.common.exceptions.SessionNotCreatedException: Message: session not created: This version of MSEdgeDriver only supports MSEdge version 99\nE       Current browser version is 101.0.1210.32 with binary path C:\\Program Files (x86)\\Microsoft\\Edge\\Application\\msedge.exe\nE       Stacktrace:\nE       Backtrace:\nE       \tMicrosoft::Applications::Events::EventProperties::unpack [0x00007FF68FE51922+25346]\nE       \tMicrosoft::Applications::Events::time_ticks_t::time_ticks_t [0x00007FF68FD8E982+515794]\nE       \tOrdinal0 [0x00007FF68F8A0BC5+658373]\nE       \tOrdinal0 [0x00007FF68F8CB5E0+832992]\nE       \tOrdinal0 [0x00007FF68F8C6B7E+813950]\nE       \tOrdinal0 [0x00007FF68F8C24EE+795886]\nE       \tOrdinal0 [0x00007FF68F8FC366+1033062]\nE       \tOrdinal0 [0x00007FF68F8F6A53+1010259]\nE       \tOrdinal0 [0x00007FF68F8CDB47+842567]\nE       \tOrdinal0 [0x00007FF68F8CF018+847896]\nE       \tMicrosoft::Applications::Events::EventProperty::to_string [0x00007FF68FA5F1C8+827304]\nE       \tMicrosoft::Applications::Events::EventProperty::EventProperty [0x00007FF68FB49389+34681]\nE       \tMicrosoft::Applications::Events::EventProperty::EventProperty [0x00007FF68FB4C562+47442]\nE       \tMicrosoft::Applications::Events::EventProperty::to_string [0x00007FF68F99C6D6+29878]\nE       \tMicrosoft::Applications::Events::time_ticks_t::time_ticks_t [0x00007FF68FD95971+544449]\nE       \tMicrosoft::Applications::Events::time_ticks_t::time_ticks_t [0x00007FF68FD9A974+564932]\nE       \tMicrosoft::Applications::Events::time_ticks_t::time_ticks_t [0x00007FF68FD9AACD+565277]\nE       \tMicrosoft::Applications::Events::time_ticks_t::time_ticks_t [0x00007FF68FDA48BE+605710]\nE       \tBaseThreadInitThunk [0x00007FFB3F2854E0+16]\nE       \tRtlUserThreadStart [0x00007FFB4090485B+43]\n\nD:\\python\\lib\\site-packages\\selenium\\webdriver\\remote\\errorhandler.py:247: SessionNotCreatedException",
  "flaky" : false,
  "newFailed" : false,
  "newBroken" : true,
  "newPassed" : false,
  "retriesCount" : 0,
  "retriesStatusChange" : false,
  "beforeStages" : [ {
    "name" : "driver",
    "time" : {
      "start" : 1651737471434,
      "stop" : 1651737473198,
      "duration" : 1764
    },
    "status" : "passed",
    "steps" : [ ],
    "attachments" : [ ],
    "parameters" : [ ],
    "attachmentsCount" : 0,
    "shouldDisplayMessage" : false,
    "stepsCount" : 0,
    "hasContent" : false
  }, {
    "name" : "_Class__pytest_setup_class",
    "time" : {
      "start" : 1651737473198,
      "stop" : 1651737473199,
      "duration" : 1
    },
    "status" : "passed",
    "steps" : [ ],
    "attachments" : [ ],
    "parameters" : [ ],
    "attachmentsCount" : 0,
    "shouldDisplayMessage" : false,
    "stepsCount" : 0,
    "hasContent" : false
  } ],
  "testStage" : {
    "status" : "broken",
    "statusMessage" : "selenium.common.exceptions.SessionNotCreatedException: Message: session not created: This version of MSEdgeDriver only supports MSEdge version 99\nCurrent browser version is 101.0.1210.32 with binary path C:\\Program Files (x86)\\Microsoft\\Edge\\Application\\msedge.exe\nStacktrace:\nBacktrace:\n\tMicrosoft::Applications::Events::EventProperties::unpack [0x00007FF68FE51922+25346]\n\tMicrosoft::Applications::Events::time_ticks_t::time_ticks_t [0x00007FF68FD8E982+515794]\n\tOrdinal0 [0x00007FF68F8A0BC5+658373]\n\tOrdinal0 [0x00007FF68F8CB5E0+832992]\n\tOrdinal0 [0x00007FF68F8C6B7E+813950]\n\tOrdinal0 [0x00007FF68F8C24EE+795886]\n\tOrdinal0 [0x00007FF68F8FC366+1033062]\n\tOrdinal0 [0x00007FF68F8F6A53+1010259]\n\tOrdinal0 [0x00007FF68F8CDB47+842567]\n\tOrdinal0 [0x00007FF68F8CF018+847896]\n\tMicrosoft::Applications::Events::EventProperty::to_string [0x00007FF68FA5F1C8+827304]\n\tMicrosoft::Applications::Events::EventProperty::EventProperty [0x00007FF68FB49389+34681]\n\tMicrosoft::Applications::Events::EventProperty::EventProperty [0x00007FF68FB4C562+47442]\n\tMicrosoft::Applications::Events::EventProperty::to_string [0x00007FF68F99C6D6+29878]\n\tMicrosoft::Applications::Events::time_ticks_t::time_ticks_t [0x00007FF68FD95971+544449]\n\tMicrosoft::Applications::Events::time_ticks_t::time_ticks_t [0x00007FF68FD9A974+564932]\n\tMicrosoft::Applications::Events::time_ticks_t::time_ticks_t [0x00007FF68FD9AACD+565277]\n\tMicrosoft::Applications::Events::time_ticks_t::time_ticks_t [0x00007FF68FDA48BE+605710]\n\tBaseThreadInitThunk [0x00007FFB3F2854E0+16]\n\tRtlUserThreadStart [0x00007FFB4090485B+43]",
    "statusTrace" : "self = <test_main.Test_Main object at 0x0000019A425C3520>\nParameter = {'assert_way': 'xpath=/html/body/div[3]/span/div/div/div/span', 'case_no': '12', 'casename': '使用过期验证码验证失败', 'data': 'useraccount=a883774917@163.com', ...}\ndriver = <selenium.webdriver.chrome.webdriver.WebDriver (session=\"393be1dc5d8969509f153a9f15ae2e9e\")>\n\n    @allure.feature('注册')\n    @pytest.mark.parametrize('Parameter', case_infos['registe'], ids=casename_infos['registe'])\n    def test_regist(self, Parameter, driver):\n        allure.dynamic.title(Parameter['casename'])  # 测试用例名称\n>       Regist().regist(Parameter, driver)\n\ntest_main.py:39: \n_ _ _ _ _ _ _ _ _ _ _ _ _ _ _ _ _ _ _ _ _ _ _ _ _ _ _ _ _ _ _ _ _ _ _ _ _ _ _ _\n..\\mode\\register.py:60: in regist\n    code = Get_Code().wangyi(username=useraccount, password='Qwe3541118', name='hydraulic', no=2)  # 获取验证码\n..\\mode\\get_code.py:57: in __init__\n    self.dr = webdriver.Edge()  # 打开另一个浏览器\nD:\\python\\lib\\site-packages\\selenium\\webdriver\\edge\\webdriver.py:62: in __init__\n    super(WebDriver, self).__init__(DesiredCapabilities.EDGE['browserName'], \"ms\",\nD:\\python\\lib\\site-packages\\selenium\\webdriver\\chromium\\webdriver.py:93: in __init__\n    RemoteWebDriver.__init__(\nD:\\python\\lib\\site-packages\\selenium\\webdriver\\remote\\webdriver.py:268: in __init__\n    self.start_session(capabilities, browser_profile)\nD:\\python\\lib\\site-packages\\selenium\\webdriver\\remote\\webdriver.py:359: in start_session\n    response = self.execute(Command.NEW_SESSION, parameters)\nD:\\python\\lib\\site-packages\\selenium\\webdriver\\remote\\webdriver.py:424: in execute\n    self.error_handler.check_response(response)\n_ _ _ _ _ _ _ _ _ _ _ _ _ _ _ _ _ _ _ _ _ _ _ _ _ _ _ _ _ _ _ _ _ _ _ _ _ _ _ _\n\nself = <selenium.webdriver.remote.errorhandler.ErrorHandler object at 0x0000019A425B7C70>\nresponse = {'status': 500, 'value': '{\"value\":{\"error\":\"session not created\",\"message\":\"session not created: This version of MSEd...DA48BE+605710]\\\\n\\\\tBaseThreadInitThunk [0x00007FFB3F2854E0+16]\\\\n\\\\tRtlUserThreadStart [0x00007FFB4090485B+43]\\\\n\"}}'}\n\n    def check_response(self, response: Dict[str, Any]) -> None:\n        \"\"\"\n        Checks that a JSON response from the WebDriver does not have an error.\n    \n        :Args:\n         - response - The JSON response from the WebDriver server as a dictionary\n           object.\n    \n        :Raises: If the response contains an error message.\n        \"\"\"\n        status = response.get('status', None)\n        if not status or status == ErrorCode.SUCCESS:\n            return\n        value = None\n        message = response.get(\"message\", \"\")\n        screen: str = response.get(\"screen\", \"\")\n        stacktrace = None\n        if isinstance(status, int):\n            value_json = response.get('value', None)\n            if value_json and isinstance(value_json, str):\n                import json\n                try:\n                    value = json.loads(value_json)\n                    if len(value.keys()) == 1:\n                        value = value['value']\n                    status = value.get('error', None)\n                    if not status:\n                        status = value.get(\"status\", ErrorCode.UNKNOWN_ERROR)\n                        message = value.get(\"value\") or value.get(\"message\")\n                        if not isinstance(message, str):\n                            value = message\n                            message = message.get('message')\n                    else:\n                        message = value.get('message', None)\n                except ValueError:\n                    pass\n    \n        exception_class: Type[WebDriverException]\n        if status in ErrorCode.NO_SUCH_ELEMENT:\n            exception_class = NoSuchElementException\n        elif status in ErrorCode.NO_SUCH_FRAME:\n            exception_class = NoSuchFrameException\n        elif status in ErrorCode.NO_SUCH_SHADOW_ROOT:\n            exception_class = NoSuchShadowRootException\n        elif status in ErrorCode.NO_SUCH_WINDOW:\n            exception_class = NoSuchWindowException\n        elif status in ErrorCode.STALE_ELEMENT_REFERENCE:\n            exception_class = StaleElementReferenceException\n        elif status in ErrorCode.ELEMENT_NOT_VISIBLE:\n            exception_class = ElementNotVisibleException\n        elif status in ErrorCode.INVALID_ELEMENT_STATE:\n            exception_class = InvalidElementStateException\n        elif status in ErrorCode.INVALID_SELECTOR \\\n                or status in ErrorCode.INVALID_XPATH_SELECTOR \\\n                or status in ErrorCode.INVALID_XPATH_SELECTOR_RETURN_TYPER:\n            exception_class = InvalidSelectorException\n        elif status in ErrorCode.ELEMENT_IS_NOT_SELECTABLE:\n            exception_class = ElementNotSelectableException\n        elif status in ErrorCode.ELEMENT_NOT_INTERACTABLE:\n            exception_class = ElementNotInteractableException\n        elif status in ErrorCode.INVALID_COOKIE_DOMAIN:\n            exception_class = InvalidCookieDomainException\n        elif status in ErrorCode.UNABLE_TO_SET_COOKIE:\n            exception_class = UnableToSetCookieException\n        elif status in ErrorCode.TIMEOUT:\n            exception_class = TimeoutException\n        elif status in ErrorCode.SCRIPT_TIMEOUT:\n            exception_class = TimeoutException\n        elif status in ErrorCode.UNKNOWN_ERROR:\n            exception_class = WebDriverException\n        elif status in ErrorCode.UNEXPECTED_ALERT_OPEN:\n            exception_class = UnexpectedAlertPresentException\n        elif status in ErrorCode.NO_ALERT_OPEN:\n            exception_class = NoAlertPresentException\n        elif status in ErrorCode.IME_NOT_AVAILABLE:\n            exception_class = ImeNotAvailableException\n        elif status in ErrorCode.IME_ENGINE_ACTIVATION_FAILED:\n            exception_class = ImeActivationFailedException\n        elif status in ErrorCode.MOVE_TARGET_OUT_OF_BOUNDS:\n            exception_class = MoveTargetOutOfBoundsException\n        elif status in ErrorCode.JAVASCRIPT_ERROR:\n            exception_class = JavascriptException\n        elif status in ErrorCode.SESSION_NOT_CREATED:\n            exception_class = SessionNotCreatedException\n        elif status in ErrorCode.INVALID_ARGUMENT:\n            exception_class = InvalidArgumentException\n        elif status in ErrorCode.NO_SUCH_COOKIE:\n            exception_class = NoSuchCookieException\n        elif status in ErrorCode.UNABLE_TO_CAPTURE_SCREEN:\n            exception_class = ScreenshotException\n        elif status in ErrorCode.ELEMENT_CLICK_INTERCEPTED:\n            exception_class = ElementClickInterceptedException\n        elif status in ErrorCode.INSECURE_CERTIFICATE:\n            exception_class = InsecureCertificateException\n        elif status in ErrorCode.INVALID_COORDINATES:\n            exception_class = InvalidCoordinatesException\n        elif status in ErrorCode.INVALID_SESSION_ID:\n            exception_class = InvalidSessionIdException\n        elif status in ErrorCode.UNKNOWN_METHOD:\n            exception_class = UnknownMethodException\n        else:\n            exception_class = WebDriverException\n        if not value:\n            value = response['value']\n        if isinstance(value, str):\n            raise exception_class(value)\n        if message == \"\" and 'message' in value:\n            message = value['message']\n    \n        screen = None  # type: ignore[assignment]\n        if 'screen' in value:\n            screen = value['screen']\n    \n        stacktrace = None\n        st_value = value.get('stackTrace') or value.get('stacktrace')\n        if st_value:\n            if isinstance(st_value, str):\n                stacktrace = st_value.split('\\n')\n            else:\n                stacktrace = []\n                try:\n                    for frame in st_value:\n                        line = self._value_or_default(frame, 'lineNumber', '')\n                        file = self._value_or_default(frame, 'fileName', '<anonymous>')\n                        if line:\n                            file = \"%s:%s\" % (file, line)\n                        meth = self._value_or_default(frame, 'methodName', '<anonymous>')\n                        if 'className' in frame:\n                            meth = \"%s.%s\" % (frame['className'], meth)\n                        msg = \"    at %s (%s)\"\n                        msg = msg % (meth, file)\n                        stacktrace.append(msg)\n                except TypeError:\n                    pass\n        if exception_class == UnexpectedAlertPresentException:\n            alert_text = None\n            if 'data' in value:\n                alert_text = value['data'].get('text')\n            elif 'alert' in value:\n                alert_text = value['alert'].get('text')\n            raise exception_class(message, screen, stacktrace, alert_text)  # type: ignore[call-arg]  # mypy is not smart enough here\n>       raise exception_class(message, screen, stacktrace)\nE       selenium.common.exceptions.SessionNotCreatedException: Message: session not created: This version of MSEdgeDriver only supports MSEdge version 99\nE       Current browser version is 101.0.1210.32 with binary path C:\\Program Files (x86)\\Microsoft\\Edge\\Application\\msedge.exe\nE       Stacktrace:\nE       Backtrace:\nE       \tMicrosoft::Applications::Events::EventProperties::unpack [0x00007FF68FE51922+25346]\nE       \tMicrosoft::Applications::Events::time_ticks_t::time_ticks_t [0x00007FF68FD8E982+515794]\nE       \tOrdinal0 [0x00007FF68F8A0BC5+658373]\nE       \tOrdinal0 [0x00007FF68F8CB5E0+832992]\nE       \tOrdinal0 [0x00007FF68F8C6B7E+813950]\nE       \tOrdinal0 [0x00007FF68F8C24EE+795886]\nE       \tOrdinal0 [0x00007FF68F8FC366+1033062]\nE       \tOrdinal0 [0x00007FF68F8F6A53+1010259]\nE       \tOrdinal0 [0x00007FF68F8CDB47+842567]\nE       \tOrdinal0 [0x00007FF68F8CF018+847896]\nE       \tMicrosoft::Applications::Events::EventProperty::to_string [0x00007FF68FA5F1C8+827304]\nE       \tMicrosoft::Applications::Events::EventProperty::EventProperty [0x00007FF68FB49389+34681]\nE       \tMicrosoft::Applications::Events::EventProperty::EventProperty [0x00007FF68FB4C562+47442]\nE       \tMicrosoft::Applications::Events::EventProperty::to_string [0x00007FF68F99C6D6+29878]\nE       \tMicrosoft::Applications::Events::time_ticks_t::time_ticks_t [0x00007FF68FD95971+544449]\nE       \tMicrosoft::Applications::Events::time_ticks_t::time_ticks_t [0x00007FF68FD9A974+564932]\nE       \tMicrosoft::Applications::Events::time_ticks_t::time_ticks_t [0x00007FF68FD9AACD+565277]\nE       \tMicrosoft::Applications::Events::time_ticks_t::time_ticks_t [0x00007FF68FDA48BE+605710]\nE       \tBaseThreadInitThunk [0x00007FFB3F2854E0+16]\nE       \tRtlUserThreadStart [0x00007FFB4090485B+43]\n\nD:\\python\\lib\\site-packages\\selenium\\webdriver\\remote\\errorhandler.py:247: SessionNotCreatedException",
    "steps" : [ {
      "name" : "添加失败截图...",
      "time" : {
        "start" : 1651737539317,
        "stop" : 1651737539460,
        "duration" : 143
      },
      "status" : "passed",
      "steps" : [ ],
      "attachments" : [ {
        "uid" : "d2a25bc4c7987365",
        "name" : "失败截图",
        "source" : "d2a25bc4c7987365.png",
        "type" : "image/png",
        "size" : 46401
      } ],
      "parameters" : [ ],
      "attachmentsCount" : 1,
      "shouldDisplayMessage" : false,
      "stepsCount" : 0,
      "hasContent" : true
    } ],
    "attachments" : [ {
      "uid" : "5f479e1e99ea3a00",
      "name" : "stdout",
      "source" : "5f479e1e99ea3a00.txt",
      "type" : "text/plain",
      "size" : 19
    } ],
    "parameters" : [ ],
    "attachmentsCount" : 2,
    "shouldDisplayMessage" : true,
    "stepsCount" : 1,
    "hasContent" : true
  },
  "afterStages" : [ {
    "name" : "_Class__pytest_setup_class::0",
    "time" : {
      "start" : 1651739721148,
      "stop" : 1651739721616,
      "duration" : 468
    },
    "status" : "passed",
    "steps" : [ ],
    "attachments" : [ ],
    "parameters" : [ ],
    "attachmentsCount" : 0,
    "shouldDisplayMessage" : false,
    "stepsCount" : 0,
    "hasContent" : false
  }, {
    "name" : "driver::0",
    "time" : {
      "start" : 1651739721619,
      "stop" : 1651739721619,
      "duration" : 0
    },
    "status" : "passed",
    "steps" : [ ],
    "attachments" : [ ],
    "parameters" : [ ],
    "attachmentsCount" : 0,
    "shouldDisplayMessage" : false,
    "stepsCount" : 0,
    "hasContent" : false
  } ],
  "labels" : [ {
    "name" : "feature",
    "value" : "注册"
  }, {
    "name" : "suite",
    "value" : "test_main"
  }, {
    "name" : "subSuite",
    "value" : "Test_Main"
  }, {
    "name" : "host",
    "value" : "DESKTOP-NB3FDE0"
  }, {
    "name" : "thread",
    "value" : "23944-MainThread"
  }, {
    "name" : "framework",
    "value" : "pytest"
  }, {
    "name" : "language",
    "value" : "cpython3"
  }, {
    "name" : "package",
    "value" : "test_main"
  }, {
    "name" : "resultFormat",
    "value" : "allure2"
  } ],
  "parameters" : [ {
    "name" : "Parameter",
    "value" : "{'case_no': '12', 'casename': '使用过期验证码验证失败', 'mode': '注册', 'data': 'useraccount=a883774917@163.com', 'assert_way': 'xpath=/html/body/div[3]/span/div/div/div/span', 'result': 'Verification code error！'}"
  } ],
  "links" : [ ],
  "hidden" : false,
  "retry" : false,
  "extra" : {
    "severity" : "normal",
    "retries" : [ ],
    "categories" : [ {
      "name" : "Test defects",
      "matchedStatuses" : [ ],
      "flaky" : false
    } ],
    "history" : {
      "statistic" : {
        "failed" : 0,
        "broken" : 10,
        "skipped" : 0,
        "passed" : 28,
        "unknown" : 0,
        "total" : 38
      },
      "items" : [ {
        "uid" : "c8d01f1396038f1",
        "reportUrl" : "http://localhost:8080/job/okmarts_ui_test/50/allure/#testresult/c8d01f1396038f1",
        "status" : "passed",
        "time" : {
          "start" : 1651218574042,
          "stop" : 1651218597521,
          "duration" : 23479
        }
      }, {
        "uid" : "561cafd52cd59e6a",
        "reportUrl" : "http://localhost:8080/job/okmarts_ui_test/49/allure/#testresult/561cafd52cd59e6a",
        "status" : "passed",
        "time" : {
          "start" : 1651199919725,
          "stop" : 1651199942556,
          "duration" : 22831
        }
      }, {
        "uid" : "65c359d7c5449701",
        "reportUrl" : "http://localhost:8080/job/okmarts_ui_test/48/allure/#testresult/65c359d7c5449701",
        "status" : "passed",
        "time" : {
          "start" : 1651194001240,
          "stop" : 1651194024299,
          "duration" : 23059
        }
      }, {
        "uid" : "156fd73969912e78",
        "reportUrl" : "http://localhost:8080/job/okmarts_ui_test/47/allure/#testresult/156fd73969912e78",
        "status" : "passed",
        "time" : {
          "start" : 1651050994061,
          "stop" : 1651051016881,
          "duration" : 22820
        }
      }, {
        "uid" : "c10a0614f50b8b21",
        "reportUrl" : "http://localhost:8080/job/okmarts_ui_test/46/allure/#testresult/c10a0614f50b8b21",
        "status" : "passed",
        "time" : {
          "start" : 1651036265367,
          "stop" : 1651036291061,
          "duration" : 25694
        }
      }, {
        "uid" : "9921571a4a7f59f9",
        "reportUrl" : "http://localhost:8080/job/okmarts_ui_test/45/allure/#testresult/9921571a4a7f59f9",
        "status" : "passed",
        "time" : {
          "start" : 1651032462213,
          "stop" : 1651032483813,
          "duration" : 21600
        }
      }, {
        "uid" : "b6cbb9f946d6b3b6",
        "reportUrl" : "http://localhost:8080/job/okmarts_ui_test/43/allure/#testresult/b6cbb9f946d6b3b6",
        "status" : "passed",
        "time" : {
          "start" : 1651021228722,
          "stop" : 1651021250143,
          "duration" : 21421
        }
      }, {
        "uid" : "bca12f0825772973",
        "reportUrl" : "http://localhost:8080/job/okmarts_ui_test/42/allure/#testresult/bca12f0825772973",
        "status" : "passed",
        "time" : {
          "start" : 1650959613067,
          "stop" : 1650959635559,
          "duration" : 22492
        }
      }, {
        "uid" : "34da9390a5e809ed",
        "reportUrl" : "http://localhost:8080/job/okmarts_ui_test/41/allure/#testresult/34da9390a5e809ed",
        "status" : "passed",
        "time" : {
          "start" : 1650956229166,
          "stop" : 1650956253509,
          "duration" : 24343
        }
      }, {
        "uid" : "7d3eb43598097de2",
        "reportUrl" : "http://localhost:8080/job/okmarts_ui_test/40/allure/#testresult/7d3eb43598097de2",
        "status" : "passed",
        "time" : {
          "start" : 1650950475800,
          "stop" : 1650950499372,
          "duration" : 23572
        }
      }, {
        "uid" : "fa42c89e991d2214",
        "reportUrl" : "http://localhost:8080/job/okmarts_ui_test/39/allure/#testresult/fa42c89e991d2214",
        "status" : "passed",
        "time" : {
          "start" : 1650934693797,
          "stop" : 1650934716347,
          "duration" : 22550
        }
      }, {
        "uid" : "651ae8d68b08800b",
        "reportUrl" : "http://localhost:8080/job/okmarts_ui_test/38/allure/#testresult/651ae8d68b08800b",
        "status" : "passed",
        "time" : {
          "start" : 1650868027492,
          "stop" : 1650868050185,
          "duration" : 22693
        }
      }, {
        "uid" : "1ec12d393e5b29cc",
        "reportUrl" : "http://localhost:8080/job/okmarts_ui_test/37/allure/#testresult/1ec12d393e5b29cc",
        "status" : "passed",
        "time" : {
          "start" : 1650865554974,
          "stop" : 1650865576955,
          "duration" : 21981
        }
      }, {
        "uid" : "6c34f69fbf68f12c",
        "reportUrl" : "http://localhost:8080/job/okmarts_ui_test/36/allure/#testresult/6c34f69fbf68f12c",
        "status" : "passed",
        "time" : {
          "start" : 1650857296620,
          "stop" : 1650857321655,
          "duration" : 25035
        }
      }, {
        "uid" : "99166e662877e565",
        "reportUrl" : "http://localhost:8080/job/okmarts_ui_test/34/allure/#testresult/99166e662877e565",
        "status" : "passed",
        "time" : {
          "start" : 1650853553144,
          "stop" : 1650853574505,
          "duration" : 21361
        }
      }, {
        "uid" : "3241022d3f393291",
        "reportUrl" : "http://localhost:8080/job/okmarts_ui_test/33/allure/#testresult/3241022d3f393291",
        "status" : "passed",
        "time" : {
          "start" : 1650851604106,
          "stop" : 1650851624581,
          "duration" : 20475
        }
      }, {
        "uid" : "d1155e64e2fc2ac2",
        "reportUrl" : "http://localhost:8080/job/okmarts_ui_test/32/allure/#testresult/d1155e64e2fc2ac2",
        "status" : "passed",
        "time" : {
          "start" : 1650788569000,
          "stop" : 1650788593534,
          "duration" : 24534
        }
      }, {
        "uid" : "8e93459fd8cc0b7b",
        "reportUrl" : "http://localhost:8080/job/okmarts_ui_test/31/allure/#testresult/8e93459fd8cc0b7b",
        "status" : "passed",
        "time" : {
          "start" : 1650784883108,
          "stop" : 1650784904313,
          "duration" : 21205
        }
      }, {
        "uid" : "aaf28a7ef3d821b1",
        "reportUrl" : "http://localhost:8080/job/okmarts_ui_test/30/allure/#testresult/aaf28a7ef3d821b1",
        "status" : "broken",
        "statusDetails" : "selenium.common.exceptions.NoSuchElementException: Message: no such element: Unable to locate element: {\"method\":\"xpath\",\"selector\":\"/html/body/div[3]/span/div/div/div/span\"}\n  (Session info: chrome=100.0.4896.127)\nStacktrace:\nBacktrace:\n\tOrdinal0 [0x00E27413+2389011]\n\tOrdinal0 [0x00DB9F61+1941345]\n\tOrdinal0 [0x00CAC658+837208]\n\tOrdinal0 [0x00CD91DD+1020381]\n\tOrdinal0 [0x00CD949B+1021083]\n\tOrdinal0 [0x00D06032+1204274]\n\tOrdinal0 [0x00CF4194+1130900]\n\tOrdinal0 [0x00D04302+1196802]\n\tOrdinal0 [0x00CF3F66+1130342]\n\tOrdinal0 [0x00CCE546+976198]\n\tOrdinal0 [0x00CCF456+980054]\n\tGetHandleVerifier [0x00FD9632+1727522]\n\tGetHandleVerifier [0x0108BA4D+2457661]\n\tGetHandleVerifier [0x00EBEB81+569713]\n\tGetHandleVerifier [0x00EBDD76+566118]\n\tOrdinal0 [0x00DC0B2B+1968939]\n\tOrdinal0 [0x00DC5988+1989000]\n\tOrdinal0 [0x00DC5A75+1989237]\n\tOrdinal0 [0x00DCECB1+2026673]\n\tBaseThreadInitThunk [0x75906739+25]\n\tRtlGetFullPathName_UEx [0x77408E7F+1215]\n\tRtlGetFullPathName_UEx [0x77408E4D+1165]",
        "time" : {
          "start" : 1650603665249,
          "stop" : 1650603685922,
          "duration" : 20673
        }
      }, {
        "uid" : "7013abe68d190f3e",
        "reportUrl" : "http://localhost:8080/job/okmarts_ui_test/29/allure/#testresult/7013abe68d190f3e",
        "status" : "passed",
        "time" : {
          "start" : 1650598615918,
          "stop" : 1650598636070,
          "duration" : 20152
        }
      } ]
    },
    "tags" : [ ]
  },
  "source" : "dba3d0458955300.json",
  "parameterValues" : [ "{'case_no': '12', 'casename': '使用过期验证码验证失败', 'mode': '注册', 'data': 'useraccount=a883774917@163.com', 'assert_way': 'xpath=/html/body/div[3]/span/div/div/div/span', 'result': 'Verification code error！'}" ]
}